#
# There is insufficient memory for the Java Runtime Environment to continue.
# Native memory allocation (malloc) failed to allocate 1396496 bytes. Error detail: Chunk::new
# Possible reasons:
#   The system is out of physical RAM or swap space
#   This process is running with CompressedOops enabled, and the Java Heap may be blocking the growth of the native heap
# Possible solutions:
#   Reduce memory load on the system
#   Increase physical memory or swap space
#   Check if swap backing store is full
#   Decrease Java heap size (-Xmx/-Xms)
#   Decrease number of Java threads
#   Decrease Java thread stack sizes (-Xss)
#   Set larger code cache with -XX:ReservedCodeCacheSize=
#   JVM is running with Unscaled Compressed Oops mode in which the Java heap is
#     placed in the first 4GB address space. The Java Heap base address is the
#     maximum limit for the native heap growth. Please use -XX:HeapBaseMinAddress
#     to set the Java Heap base and to place the Java Heap above 4GB virtual address.
# This output file may be truncated or incomplete.
#
#  Out of Memory Error (arena.cpp:191), pid=6612, tid=7492
#
# JRE version: OpenJDK Runtime Environment (17.0.11) (build 17.0.11+0--11852314)
# Java VM: OpenJDK 64-Bit Server VM (17.0.11+0--11852314, mixed mode, tiered, compressed oops, compressed class ptrs, g1 gc, windows-amd64)
# No core dump will be written. Minidumps are not enabled by default on client versions of Windows
#

---------------  S U M M A R Y ------------

Command Line: --add-opens=java.base/java.util=ALL-UNNAMED --add-opens=java.base/java.lang=ALL-UNNAMED --add-opens=java.base/java.lang.invoke=ALL-UNNAMED --add-opens=java.prefs/java.util.prefs=ALL-UNNAMED --add-opens=java.base/java.nio.charset=ALL-UNNAMED --add-opens=java.base/java.net=ALL-UNNAMED --add-opens=java.base/java.util.concurrent.atomic=ALL-UNNAMED -Xmx2048m -Dfile.encoding=UTF-8 -Duser.country=US -Duser.language=en -Duser.variant -javaagent:C:\Users\PMLS\.gradle\wrapper\dists\gradle-8.7-bin\bhs2wmbdwecv87pi65oeuq5iu\gradle-8.7\lib\agents\gradle-instrumentation-agent-8.7.jar org.gradle.launcher.daemon.bootstrap.GradleDaemon 8.7

Host: 12th Gen Intel(R) Core(TM) i5-1235U, 12 cores, 7G,  Windows 10 , 64 bit Build 19041 (10.0.19041.4842)
Time: Sun Sep 29 15:49:55 2024 Pakistan Standard Time elapsed time: 6.544116 seconds (0d 0h 0m 6s)

---------------  T H R E A D  ---------------

Current thread (0x000001b83d9172a0):  JavaThread "C2 CompilerThread0" daemon [_thread_in_native, id=7492, stack(0x000000695a500000,0x000000695a600000)]


Current CompileTask:
C2:   6544 4571       4       groovy.lang.MetaClassImpl$1MOPIter::methodNameAction (325 bytes)

Stack: [0x000000695a500000,0x000000695a600000]
Native frames: (J=compiled Java code, j=interpreted, Vv=VM code, C=native code)
V  [jvm.dll+0x687bb9]
V  [jvm.dll+0x84142a]
V  [jvm.dll+0x8430ae]
V  [jvm.dll+0x843713]
V  [jvm.dll+0x24a35f]
V  [jvm.dll+0xac544]
V  [jvm.dll+0xacb8c]
V  [jvm.dll+0x369be2]
V  [jvm.dll+0x33416a]
V  [jvm.dll+0x33360a]
V  [jvm.dll+0x21bed1]
V  [jvm.dll+0x21b311]
V  [jvm.dll+0x1a63ed]
V  [jvm.dll+0x22b1ee]
V  [jvm.dll+0x229375]
V  [jvm.dll+0x7f5647]
V  [jvm.dll+0x7efa4a]
V  [jvm.dll+0x686a35]
C  [ucrtbase.dll+0x21bb2]
C  [KERNEL32.DLL+0x17374]
C  [ntdll.dll+0x4cc91]


---------------  P R O C E S S  ---------------

Threads class SMR info:
_java_thread_list=0x000001b8425b86b0, length=56, elements={
0x000001b8234cbf60, 0x000001b83d8f3620, 0x000001b83d8f43b0, 0x000001b83d7ae4d0,
0x000001b83d914ef0, 0x000001b83d9157c0, 0x000001b83d9166a0, 0x000001b83d9172a0,
0x000001b83d917bb0, 0x000001b83d91a8d0, 0x000001b83d721560, 0x000001b83db54970,
0x000001b84403a2b0, 0x000001b843c74bf0, 0x000001b842cf84c0, 0x000001b84362bea0,
0x000001b843ff7990, 0x000001b8434b8c50, 0x000001b843d7c8e0, 0x000001b843d5c430,
0x000001b8431d08a0, 0x000001b84238bd30, 0x000001b84238cc60, 0x000001b84238c240,
0x000001b84238d170, 0x000001b84238d680, 0x000001b84238e0a0, 0x000001b84238efd0,
0x000001b84238f4e0, 0x000001b8445c91d0, 0x000001b8445ca100, 0x000001b8445cb540,
0x000001b8445c7d90, 0x000001b8445c7880, 0x000001b8445c9bf0, 0x000001b8445c96e0,
0x000001b8445ca610, 0x000001b8445cab20, 0x000001b8445cb030, 0x000001b8445c82a0,
0x000001b8445c5a20, 0x000001b8445c8cc0, 0x000001b8445c87b0, 0x000001b8445c7370,
0x000001b8445cbf60, 0x000001b8445cc980, 0x000001b8445c5510, 0x000001b8445c6440,
0x000001b8445c6950, 0x000001b8445c6e60, 0x000001b842c5a120, 0x000001b842c5bf80,
0x000001b842c5ab40, 0x000001b842c5b560, 0x000001b842c5fc40, 0x000001b844c755a0
}

Java Threads: ( => current thread )
  0x000001b8234cbf60 JavaThread "main" [_thread_blocked, id=11776, stack(0x0000006959800000,0x0000006959900000)]
  0x000001b83d8f3620 JavaThread "Reference Handler" daemon [_thread_blocked, id=7732, stack(0x0000006959f00000,0x000000695a000000)]
  0x000001b83d8f43b0 JavaThread "Finalizer" daemon [_thread_blocked, id=5432, stack(0x000000695a000000,0x000000695a100000)]
  0x000001b83d7ae4d0 JavaThread "Signal Dispatcher" daemon [_thread_blocked, id=7192, stack(0x000000695a100000,0x000000695a200000)]
  0x000001b83d914ef0 JavaThread "Attach Listener" daemon [_thread_blocked, id=7020, stack(0x000000695a200000,0x000000695a300000)]
  0x000001b83d9157c0 JavaThread "Service Thread" daemon [_thread_blocked, id=8872, stack(0x000000695a300000,0x000000695a400000)]
  0x000001b83d9166a0 JavaThread "Monitor Deflation Thread" daemon [_thread_blocked, id=8032, stack(0x000000695a400000,0x000000695a500000)]
=>0x000001b83d9172a0 JavaThread "C2 CompilerThread0" daemon [_thread_in_native, id=7492, stack(0x000000695a500000,0x000000695a600000)]
  0x000001b83d917bb0 JavaThread "C1 CompilerThread0" daemon [_thread_blocked, id=10628, stack(0x000000695a600000,0x000000695a700000)]
  0x000001b83d91a8d0 JavaThread "Sweeper thread" daemon [_thread_blocked, id=13628, stack(0x000000695a700000,0x000000695a800000)]
  0x000001b83d721560 JavaThread "Common-Cleaner" daemon [_thread_blocked, id=516, stack(0x000000695a800000,0x000000695a900000)]
  0x000001b83db54970 JavaThread "Notification Thread" daemon [_thread_blocked, id=9244, stack(0x000000695a900000,0x000000695aa00000)]
  0x000001b84403a2b0 JavaThread "Daemon health stats" [_thread_blocked, id=1928, stack(0x000000695b100000,0x000000695b200000)]
  0x000001b843c74bf0 JavaThread "Incoming local TCP Connector on port 57533" [_thread_in_native, id=11108, stack(0x000000695b200000,0x000000695b300000)]
  0x000001b842cf84c0 JavaThread "Daemon periodic checks" [_thread_blocked, id=8996, stack(0x000000695b300000,0x000000695b400000)]
  0x000001b84362bea0 JavaThread "Daemon" [_thread_blocked, id=13164, stack(0x000000695b400000,0x000000695b500000)]
  0x000001b843ff7990 JavaThread "Handler for socket connection from /127.0.0.1:57533 to /127.0.0.1:57534" [_thread_in_native, id=4972, stack(0x000000695b500000,0x000000695b600000)]
  0x000001b8434b8c50 JavaThread "Cancel handler" [_thread_blocked, id=8304, stack(0x000000695b600000,0x000000695b700000)]
  0x000001b843d7c8e0 JavaThread "Daemon worker" [_thread_in_vm, id=14020, stack(0x000000695b700000,0x000000695b800000)]
  0x000001b843d5c430 JavaThread "Asynchronous log dispatcher for DefaultDaemonConnection: socket connection from /127.0.0.1:57533 to /127.0.0.1:57534" [_thread_blocked, id=8988, stack(0x000000695b800000,0x000000695b900000)]
  0x000001b8431d08a0 JavaThread "Stdin handler" [_thread_blocked, id=8080, stack(0x000000695b900000,0x000000695ba00000)]
  0x000001b84238bd30 JavaThread "Daemon client event forwarder" [_thread_blocked, id=2096, stack(0x000000695ba00000,0x000000695bb00000)]
  0x000001b84238cc60 JavaThread "Cache worker for journal cache (C:\Users\PMLS\.gradle\caches\journal-1)" [_thread_blocked, id=11424, stack(0x000000695c100000,0x000000695c200000)]
  0x000001b84238c240 JavaThread "File lock request listener" [_thread_in_native, id=1764, stack(0x000000695c200000,0x000000695c300000)]
  0x000001b84238d170 JavaThread "Cache worker for file hash cache (C:\Users\PMLS\.gradle\caches\8.7\fileHashes)" [_thread_blocked, id=12232, stack(0x000000695c300000,0x000000695c400000)]
  0x000001b84238d680 JavaThread "File lock release action executor" [_thread_blocked, id=11252, stack(0x000000695c400000,0x000000695c500000)]
  0x000001b84238e0a0 JavaThread "Cache worker for file hash cache (C:\Users\PMLS\AndroidStudioProjects\TOODOOLISTAPP2\.gradle\8.7\fileHashes)" [_thread_blocked, id=7280, stack(0x000000695c500000,0x000000695c600000)]
  0x000001b84238efd0 JavaThread "File watcher server" daemon [_thread_in_native, id=280, stack(0x000000695c600000,0x000000695c700000)]
  0x000001b84238f4e0 JavaThread "File watcher consumer" daemon [_thread_blocked, id=12904, stack(0x000000695c700000,0x000000695c800000)]
  0x000001b8445c91d0 JavaThread "jar transforms" [_thread_blocked, id=12084, stack(0x000000695c800000,0x000000695c900000)]
  0x000001b8445ca100 JavaThread "jar transforms Thread 2" [_thread_blocked, id=7000, stack(0x000000695c900000,0x000000695ca00000)]
  0x000001b8445cb540 JavaThread "jar transforms Thread 3" [_thread_blocked, id=7304, stack(0x000000695ca00000,0x000000695cb00000)]
  0x000001b8445c7d90 JavaThread "jar transforms Thread 4" [_thread_blocked, id=8412, stack(0x000000695cb00000,0x000000695cc00000)]
  0x000001b8445c7880 JavaThread "jar transforms Thread 5" [_thread_blocked, id=8672, stack(0x000000695cc00000,0x000000695cd00000)]
  0x000001b8445c9bf0 JavaThread "jar transforms Thread 6" [_thread_blocked, id=1976, stack(0x000000695cd00000,0x000000695ce00000)]
  0x000001b8445c96e0 JavaThread "jar transforms Thread 7" [_thread_blocked, id=11128, stack(0x000000695ce00000,0x000000695cf00000)]
  0x000001b8445ca610 JavaThread "jar transforms Thread 8" [_thread_blocked, id=10212, stack(0x000000695cf00000,0x000000695d000000)]
  0x000001b8445cab20 JavaThread "jar transforms Thread 9" [_thread_blocked, id=2256, stack(0x000000695d000000,0x000000695d100000)]
  0x000001b8445cb030 JavaThread "jar transforms Thread 10" [_thread_blocked, id=5828, stack(0x000000695d100000,0x000000695d200000)]
  0x000001b8445c82a0 JavaThread "jar transforms Thread 11" [_thread_blocked, id=8616, stack(0x000000695d200000,0x000000695d300000)]
  0x000001b8445c5a20 JavaThread "jar transforms Thread 12" [_thread_blocked, id=14312, stack(0x000000695d300000,0x000000695d400000)]
  0x000001b8445c8cc0 JavaThread "Cache worker for checksums cache (C:\Users\PMLS\AndroidStudioProjects\TOODOOLISTAPP2\.gradle\8.7\checksums)" [_thread_blocked, id=7712, stack(0x000000695ab00000,0x000000695ac00000)]
  0x000001b8445c87b0 JavaThread "Cache worker for cache directory md-supplier (C:\Users\PMLS\.gradle\caches\8.7\md-supplier)" [_thread_blocked, id=8352, stack(0x000000695d500000,0x000000695d600000)]
  0x000001b8445c7370 JavaThread "Cache worker for cache directory md-rule (C:\Users\PMLS\.gradle\caches\8.7\md-rule)" [_thread_blocked, id=3580, stack(0x000000695d600000,0x000000695d700000)]
  0x000001b8445cbf60 JavaThread "Cache worker for file content cache (C:\Users\PMLS\.gradle\caches\8.7\fileContent)" [_thread_blocked, id=14164, stack(0x000000695d700000,0x000000695d800000)]
  0x000001b8445cc980 JavaThread "Unconstrained build operations" [_thread_blocked, id=12248, stack(0x000000695d900000,0x000000695da00000)]
  0x000001b8445c5510 JavaThread "Unconstrained build operations Thread 2" [_thread_blocked, id=13776, stack(0x000000695da00000,0x000000695db00000)]
  0x000001b8445c6440 JavaThread "Unconstrained build operations Thread 3" [_thread_blocked, id=10060, stack(0x000000695db00000,0x000000695dc00000)]
  0x000001b8445c6950 JavaThread "Unconstrained build operations Thread 4" [_thread_blocked, id=14128, stack(0x000000695dc00000,0x000000695dd00000)]
  0x000001b8445c6e60 JavaThread "Unconstrained build operations Thread 5" [_thread_blocked, id=6952, stack(0x000000695dd00000,0x000000695de00000)]
  0x000001b842c5a120 JavaThread "Unconstrained build operations Thread 6" [_thread_blocked, id=2128, stack(0x000000695de00000,0x000000695df00000)]
  0x000001b842c5bf80 JavaThread "Unconstrained build operations Thread 7" [_thread_blocked, id=13084, stack(0x000000695df00000,0x000000695e000000)]
  0x000001b842c5ab40 JavaThread "Unconstrained build operations Thread 8" [_thread_blocked, id=14216, stack(0x000000695e000000,0x000000695e100000)]
  0x000001b842c5b560 JavaThread "Unconstrained build operations Thread 9" [_thread_blocked, id=10556, stack(0x000000695e100000,0x000000695e200000)]
  0x000001b842c5fc40 JavaThread "Unconstrained build operations Thread 10" [_thread_blocked, id=2744, stack(0x000000695e200000,0x000000695e300000)]
  0x000001b844c755a0 JavaThread "C2 CompilerThread1" daemon [_thread_in_native, id=14160, stack(0x000000695d800000,0x000000695d900000)]

Other Threads:
  0x000001b83d795e20 VMThread "VM Thread" [stack: 0x0000006959e00000,0x0000006959f00000] [id=1892]
  0x000001b8234cce30 WatcherThread [stack: 0x000000695aa00000,0x000000695ab00000] [id=436]
  0x000001b82352b560 GCTaskThread "GC Thread#0" [stack: 0x0000006959900000,0x0000006959a00000] [id=1584]
  0x000001b843631410 GCTaskThread "GC Thread#1" [stack: 0x000000695ad00000,0x000000695ae00000] [id=12332]
  0x000001b842edaa10 GCTaskThread "GC Thread#2" [stack: 0x000000695ae00000,0x000000695af00000] [id=2800]
  0x000001b842edacd0 GCTaskThread "GC Thread#3" [stack: 0x000000695af00000,0x000000695b000000] [id=7384]
  0x000001b8421357e0 GCTaskThread "GC Thread#4" [stack: 0x000000695b000000,0x000000695b100000] [id=2784]
  0x000001b8447273a0 GCTaskThread "GC Thread#5" [stack: 0x000000695ac00000,0x000000695ad00000] [id=12528]
  0x000001b842e928d0 GCTaskThread "GC Thread#6" [stack: 0x000000695bb00000,0x000000695bc00000] [id=13612]
  0x000001b844975860 GCTaskThread "GC Thread#7" [stack: 0x000000695bc00000,0x000000695bd00000] [id=9320]
  0x000001b84219a3b0 GCTaskThread "GC Thread#8" [stack: 0x000000695bd00000,0x000000695be00000] [id=7592]
  0x000001b84220e5c0 GCTaskThread "GC Thread#9" [stack: 0x000000695be00000,0x000000695bf00000] [id=11048]
  0x000001b82353c3c0 ConcurrentGCThread "G1 Main Marker" [stack: 0x0000006959a00000,0x0000006959b00000] [id=11312]
  0x000001b82353ccf0 ConcurrentGCThread "G1 Conc#0" [stack: 0x0000006959b00000,0x0000006959c00000] [id=9884]
  0x000001b84220b9b0 ConcurrentGCThread "G1 Conc#1" [stack: 0x000000695bf00000,0x000000695c000000] [id=7504]
  0x000001b84220e880 ConcurrentGCThread "G1 Conc#2" [stack: 0x000000695c000000,0x000000695c100000] [id=4788]
  0x000001b82358ce70 ConcurrentGCThread "G1 Refine#0" [stack: 0x0000006959c00000,0x0000006959d00000] [id=9444]
  0x000001b8445d2940 ConcurrentGCThread "G1 Refine#1" [stack: 0x000000695d400000,0x000000695d500000] [id=3064]
  0x000001b82358d7b0 ConcurrentGCThread "G1 Service" [stack: 0x0000006959d00000,0x0000006959e00000] [id=1432]

Threads with active compile tasks:
C2 CompilerThread0     6568 4571       4       groovy.lang.MetaClassImpl$1MOPIter::methodNameAction (325 bytes)
C1 CompilerThread0     6568 4625       3       org.gradle.internal.service.DefaultServiceRegistry$CompositeServiceProvider::getAll (43 bytes)
C2 CompilerThread1     6568 4603       4       org.codehaus.groovy.runtime.metaclass.MetaMethodIndex::addMethodToList (128 bytes)

VM state: not at safepoint (normal execution)

VM Mutex/Monitor currently owned by a thread: None

Heap address: 0x0000000080000000, size: 2048 MB, Compressed Oops mode: 32-bit

CDS archive(s) not mapped
Compressed class space mapped at: 0x0000000100000000-0x0000000140000000, reserved size: 1073741824
Narrow klass base: 0x0000000000000000, Narrow klass shift: 3, Narrow klass range: 0x140000000

GC Precious Log:
 CPUs: 12 total, 12 available
 Memory: 7916M
 Large Page Support: Disabled
 NUMA Support: Disabled
 Compressed Oops: Enabled (32-bit)
 Heap Region Size: 1M
 Heap Min Capacity: 8M
 Heap Initial Capacity: 124M
 Heap Max Capacity: 2G
 Pre-touch: Disabled
 Parallel Workers: 10
 Concurrent Workers: 3
 Concurrent Refinement Workers: 10
 Periodic GC: Disabled

Heap:
 garbage-first heap   total 141312K, used 71638K [0x0000000080000000, 0x0000000100000000)
  region size 1024K, 6 young (6144K), 2 survivors (2048K)
 Metaspace       used 52289K, committed 52800K, reserved 1114112K
  class space    used 6985K, committed 7232K, reserved 1048576K

Heap Regions: E=young(eden), S=young(survivor), O=old, HS=humongous(starts), HC=humongous(continues), CS=collection set, F=free, OA=open archive, CA=closed archive, TAMS=top-at-mark-start (previous, next)
|   0|0x0000000080000000, 0x0000000080100000, 0x0000000080100000|100%|HS|  |TAMS 0x0000000080100000, 0x0000000080000000| Complete 
|   1|0x0000000080100000, 0x0000000080200000, 0x0000000080200000|100%|HC|  |TAMS 0x0000000080200000, 0x0000000080100000| Complete 
|   2|0x0000000080200000, 0x0000000080300000, 0x0000000080300000|100%|HC|  |TAMS 0x0000000080300000, 0x0000000080200000| Complete 
|   3|0x0000000080300000, 0x0000000080400000, 0x0000000080400000|100%|HC|  |TAMS 0x0000000080400000, 0x0000000080300000| Complete 
|   4|0x0000000080400000, 0x0000000080500000, 0x0000000080500000|100%| O|  |TAMS 0x0000000080500000, 0x0000000080400000| Untracked 
|   5|0x0000000080500000, 0x0000000080600000, 0x0000000080600000|100%| O|  |TAMS 0x0000000080600000, 0x0000000080500000| Untracked 
|   6|0x0000000080600000, 0x0000000080700000, 0x0000000080700000|100%| O|  |TAMS 0x0000000080700000, 0x0000000080600000| Untracked 
|   7|0x0000000080700000, 0x0000000080800000, 0x0000000080800000|100%| O|  |TAMS 0x0000000080800000, 0x0000000080700000| Untracked 
|   8|0x0000000080800000, 0x0000000080900000, 0x0000000080900000|100%| O|  |TAMS 0x0000000080900000, 0x0000000080800000| Untracked 
|   9|0x0000000080900000, 0x0000000080a00000, 0x0000000080a00000|100%| O|  |TAMS 0x0000000080a00000, 0x0000000080900000| Untracked 
|  10|0x0000000080a00000, 0x0000000080a6e000, 0x0000000080b00000| 42%| O|  |TAMS 0x0000000080a6e000, 0x0000000080a00000| Complete 
|  11|0x0000000080b00000, 0x0000000080c00000, 0x0000000080c00000|100%| O|  |TAMS 0x0000000080c00000, 0x0000000080b00000| Untracked 
|  12|0x0000000080c00000, 0x0000000080d00000, 0x0000000080d00000|100%| O|  |TAMS 0x0000000080d00000, 0x0000000080c00000| Untracked 
|  13|0x0000000080d00000, 0x0000000080e00000, 0x0000000080e00000|100%| O|  |TAMS 0x0000000080e00000, 0x0000000080d00000| Untracked 
|  14|0x0000000080e00000, 0x0000000080f00000, 0x0000000080f00000|100%| O|  |TAMS 0x0000000080f00000, 0x0000000080e00000| Untracked 
|  15|0x0000000080f00000, 0x0000000081000000, 0x0000000081000000|100%| O|  |TAMS 0x0000000081000000, 0x0000000080f00000| Untracked 
|  16|0x0000000081000000, 0x0000000081100000, 0x0000000081100000|100%| O|  |TAMS 0x0000000081100000, 0x0000000081000000| Untracked 
|  17|0x0000000081100000, 0x0000000081200000, 0x0000000081200000|100%| O|  |TAMS 0x0000000081200000, 0x0000000081100000| Untracked 
|  18|0x0000000081200000, 0x0000000081300000, 0x0000000081300000|100%| O|  |TAMS 0x0000000081300000, 0x0000000081200000| Untracked 
|  19|0x0000000081300000, 0x0000000081400000, 0x0000000081400000|100%| O|  |TAMS 0x0000000081400000, 0x0000000081300000| Untracked 
|  20|0x0000000081400000, 0x0000000081500000, 0x0000000081500000|100%|HS|  |TAMS 0x0000000081500000, 0x0000000081400000| Complete 
|  21|0x0000000081500000, 0x0000000081600000, 0x0000000081600000|100%|HC|  |TAMS 0x0000000081600000, 0x0000000081500000| Complete 
|  22|0x0000000081600000, 0x0000000081700000, 0x0000000081700000|100%|HC|  |TAMS 0x0000000081700000, 0x0000000081600000| Complete 
|  23|0x0000000081700000, 0x0000000081800000, 0x0000000081800000|100%|HC|  |TAMS 0x0000000081800000, 0x0000000081700000| Complete 
|  24|0x0000000081800000, 0x0000000081900000, 0x0000000081900000|100%|HC|  |TAMS 0x0000000081900000, 0x0000000081800000| Complete 
|  25|0x0000000081900000, 0x0000000081a00000, 0x0000000081a00000|100%|HS|  |TAMS 0x0000000081a00000, 0x0000000081900000| Complete 
|  26|0x0000000081a00000, 0x0000000081b00000, 0x0000000081b00000|100%|HC|  |TAMS 0x0000000081b00000, 0x0000000081a00000| Complete 
|  27|0x0000000081b00000, 0x0000000081c00000, 0x0000000081c00000|100%|HC|  |TAMS 0x0000000081c00000, 0x0000000081b00000| Complete 
|  28|0x0000000081c00000, 0x0000000081d00000, 0x0000000081d00000|100%|HS|  |TAMS 0x0000000081d00000, 0x0000000081c00000| Complete 
|  29|0x0000000081d00000, 0x0000000081e00000, 0x0000000081e00000|100%|HC|  |TAMS 0x0000000081e00000, 0x0000000081d00000| Complete 
|  30|0x0000000081e00000, 0x0000000081f00000, 0x0000000081f00000|100%|HC|  |TAMS 0x0000000081f00000, 0x0000000081e00000| Complete 
|  31|0x0000000081f00000, 0x0000000082000000, 0x0000000082000000|100%| O|  |TAMS 0x0000000082000000, 0x0000000081f00000| Untracked 
|  32|0x0000000082000000, 0x0000000082100000, 0x0000000082100000|100%| O|  |TAMS 0x0000000082100000, 0x0000000082000000| Untracked 
|  33|0x0000000082100000, 0x0000000082200000, 0x0000000082200000|100%| O|  |TAMS 0x0000000082200000, 0x0000000082100000| Untracked 
|  34|0x0000000082200000, 0x0000000082300000, 0x0000000082300000|100%|HS|  |TAMS 0x0000000082300000, 0x0000000082200000| Complete 
|  35|0x0000000082300000, 0x0000000082400000, 0x0000000082400000|100%| O|  |TAMS 0x0000000082400000, 0x0000000082300000| Untracked 
|  36|0x0000000082400000, 0x0000000082500000, 0x0000000082500000|100%| O|  |TAMS 0x0000000082500000, 0x0000000082400000| Untracked 
|  37|0x0000000082500000, 0x0000000082600000, 0x0000000082600000|100%| O|  |TAMS 0x0000000082600000, 0x0000000082500000| Untracked 
|  38|0x0000000082600000, 0x0000000082700000, 0x0000000082700000|100%| O|  |TAMS 0x0000000082700000, 0x0000000082600000| Untracked 
|  39|0x0000000082700000, 0x0000000082800000, 0x0000000082800000|100%| O|  |TAMS 0x0000000082800000, 0x0000000082700000| Untracked 
|  40|0x0000000082800000, 0x0000000082900000, 0x0000000082900000|100%| O|  |TAMS 0x0000000082900000, 0x0000000082800000| Untracked 
|  41|0x0000000082900000, 0x0000000082a00000, 0x0000000082a00000|100%| O|  |TAMS 0x0000000082a00000, 0x0000000082900000| Untracked 
|  42|0x0000000082a00000, 0x0000000082b00000, 0x0000000082b00000|100%| O|  |TAMS 0x0000000082a45000, 0x0000000082a00000| Untracked 
|  43|0x0000000082b00000, 0x0000000082c00000, 0x0000000082c00000|100%| O|  |TAMS 0x0000000082b00000, 0x0000000082b00000| Untracked 
|  44|0x0000000082c00000, 0x0000000082d00000, 0x0000000082d00000|100%| O|  |TAMS 0x0000000082d00000, 0x0000000082c00000| Untracked 
|  45|0x0000000082d00000, 0x0000000082e00000, 0x0000000082e00000|100%| O|  |TAMS 0x0000000082e00000, 0x0000000082d00000| Untracked 
|  46|0x0000000082e00000, 0x0000000082f00000, 0x0000000082f00000|100%| O|  |TAMS 0x0000000082f00000, 0x0000000082e00000| Untracked 
|  47|0x0000000082f00000, 0x0000000083000000, 0x0000000083000000|100%| O|  |TAMS 0x0000000083000000, 0x0000000082f00000| Untracked 
|  48|0x0000000083000000, 0x0000000083100000, 0x0000000083100000|100%| O|  |TAMS 0x0000000083100000, 0x0000000083000000| Untracked 
|  49|0x0000000083100000, 0x0000000083200000, 0x0000000083200000|100%|HS|  |TAMS 0x0000000083200000, 0x0000000083100000| Complete 
|  50|0x0000000083200000, 0x0000000083300000, 0x0000000083300000|100%|HC|  |TAMS 0x0000000083300000, 0x0000000083200000| Complete 
|  51|0x0000000083300000, 0x0000000083400000, 0x0000000083400000|100%|HC|  |TAMS 0x0000000083400000, 0x0000000083300000| Complete 
|  52|0x0000000083400000, 0x0000000083500000, 0x0000000083500000|100%|HS|  |TAMS 0x0000000083500000, 0x0000000083400000| Complete 
|  53|0x0000000083500000, 0x0000000083600000, 0x0000000083600000|100%|HC|  |TAMS 0x0000000083600000, 0x0000000083500000| Complete 
|  54|0x0000000083600000, 0x0000000083700000, 0x0000000083700000|100%|HC|  |TAMS 0x0000000083700000, 0x0000000083600000| Complete 
|  55|0x0000000083700000, 0x0000000083800000, 0x0000000083800000|100%|HC|  |TAMS 0x0000000083800000, 0x0000000083700000| Complete 
|  56|0x0000000083800000, 0x0000000083900000, 0x0000000083900000|100%|HC|  |TAMS 0x0000000083900000, 0x0000000083800000| Complete 
|  57|0x0000000083900000, 0x0000000083a00000, 0x0000000083a00000|100%| O|  |TAMS 0x0000000083900000, 0x0000000083900000| Untracked 
|  58|0x0000000083a00000, 0x0000000083b00000, 0x0000000083b00000|100%| O|  |TAMS 0x0000000083a00000, 0x0000000083a00000| Untracked 
|  59|0x0000000083b00000, 0x0000000083c00000, 0x0000000083c00000|100%| O|  |TAMS 0x0000000083b00000, 0x0000000083b00000| Untracked 
|  60|0x0000000083c00000, 0x0000000083d00000, 0x0000000083d00000|100%|HS|  |TAMS 0x0000000083c00000, 0x0000000083c00000| Complete 
|  61|0x0000000083d00000, 0x0000000083e00000, 0x0000000083e00000|100%|HC|  |TAMS 0x0000000083d00000, 0x0000000083d00000| Complete 
|  62|0x0000000083e00000, 0x0000000083f00000, 0x0000000083f00000|100%|HC|  |TAMS 0x0000000083e00000, 0x0000000083e00000| Complete 
|  63|0x0000000083f00000, 0x0000000084000000, 0x0000000084000000|100%|HC|  |TAMS 0x0000000083f00000, 0x0000000083f00000| Complete 
|  64|0x0000000084000000, 0x0000000084100000, 0x0000000084100000|100%|HC|  |TAMS 0x0000000084000000, 0x0000000084000000| Complete 
|  65|0x0000000084100000, 0x0000000084100000, 0x0000000084200000|  0%| F|  |TAMS 0x0000000084100000, 0x0000000084100000| Untracked 
|  66|0x0000000084200000, 0x0000000084200000, 0x0000000084300000|  0%| F|  |TAMS 0x0000000084200000, 0x0000000084200000| Untracked 
|  67|0x0000000084300000, 0x0000000084400000, 0x0000000084400000|100%| O|  |TAMS 0x0000000084300000, 0x0000000084300000| Untracked 
|  68|0x0000000084400000, 0x00000000844f1a00, 0x0000000084500000| 94%| O|  |TAMS 0x0000000084400000, 0x0000000084400000| Untracked 
|  69|0x0000000084500000, 0x0000000084500000, 0x0000000084600000|  0%| F|  |TAMS 0x0000000084500000, 0x0000000084500000| Untracked 
|  70|0x0000000084600000, 0x0000000084600000, 0x0000000084700000|  0%| F|  |TAMS 0x0000000084600000, 0x0000000084600000| Untracked 
|  71|0x0000000084700000, 0x0000000084700000, 0x0000000084800000|  0%| F|  |TAMS 0x0000000084700000, 0x0000000084700000| Untracked 
|  72|0x0000000084800000, 0x0000000084800000, 0x0000000084900000|  0%| F|  |TAMS 0x0000000084800000, 0x0000000084800000| Untracked 
|  73|0x0000000084900000, 0x0000000084900000, 0x0000000084a00000|  0%| F|  |TAMS 0x0000000084900000, 0x0000000084900000| Untracked 
|  74|0x0000000084a00000, 0x0000000084a00000, 0x0000000084b00000|  0%| F|  |TAMS 0x0000000084a00000, 0x0000000084a00000| Untracked 
|  75|0x0000000084b00000, 0x0000000084b00000, 0x0000000084c00000|  0%| F|  |TAMS 0x0000000084b00000, 0x0000000084b00000| Untracked 
|  76|0x0000000084c00000, 0x0000000084c00000, 0x0000000084d00000|  0%| F|  |TAMS 0x0000000084c00000, 0x0000000084c00000| Untracked 
|  77|0x0000000084d00000, 0x0000000084d00000, 0x0000000084e00000|  0%| F|  |TAMS 0x0000000084d00000, 0x0000000084d00000| Untracked 
|  78|0x0000000084e00000, 0x0000000084e00000, 0x0000000084f00000|  0%| F|  |TAMS 0x0000000084e00000, 0x0000000084e00000| Untracked 
|  79|0x0000000084f00000, 0x0000000084f00000, 0x0000000085000000|  0%| F|  |TAMS 0x0000000084f00000, 0x0000000084f00000| Untracked 
|  80|0x0000000085000000, 0x0000000085000000, 0x0000000085100000|  0%| F|  |TAMS 0x0000000085000000, 0x0000000085000000| Untracked 
|  81|0x0000000085100000, 0x0000000085100000, 0x0000000085200000|  0%| F|  |TAMS 0x0000000085100000, 0x0000000085100000| Untracked 
|  82|0x0000000085200000, 0x0000000085200000, 0x0000000085300000|  0%| F|  |TAMS 0x0000000085200000, 0x0000000085200000| Untracked 
|  83|0x0000000085300000, 0x0000000085300000, 0x0000000085400000|  0%| F|  |TAMS 0x0000000085300000, 0x0000000085300000| Untracked 
|  84|0x0000000085400000, 0x0000000085400000, 0x0000000085500000|  0%| F|  |TAMS 0x0000000085400000, 0x0000000085400000| Untracked 
|  85|0x0000000085500000, 0x0000000085500000, 0x0000000085600000|  0%| F|  |TAMS 0x0000000085500000, 0x0000000085500000| Untracked 
|  86|0x0000000085600000, 0x0000000085600000, 0x0000000085700000|  0%| F|  |TAMS 0x0000000085600000, 0x0000000085600000| Untracked 
|  87|0x0000000085700000, 0x0000000085700000, 0x0000000085800000|  0%| F|  |TAMS 0x0000000085700000, 0x0000000085700000| Untracked 
|  88|0x0000000085800000, 0x0000000085800000, 0x0000000085900000|  0%| F|  |TAMS 0x0000000085800000, 0x0000000085800000| Untracked 
|  89|0x0000000085900000, 0x0000000085900000, 0x0000000085a00000|  0%| F|  |TAMS 0x0000000085900000, 0x0000000085900000| Untracked 
|  90|0x0000000085a00000, 0x0000000085a00000, 0x0000000085b00000|  0%| F|  |TAMS 0x0000000085a00000, 0x0000000085a00000| Untracked 
|  91|0x0000000085b00000, 0x0000000085b00000, 0x0000000085c00000|  0%| F|  |TAMS 0x0000000085b00000, 0x0000000085b00000| Untracked 
|  92|0x0000000085c00000, 0x0000000085c00000, 0x0000000085d00000|  0%| F|  |TAMS 0x0000000085c00000, 0x0000000085c00000| Untracked 
|  93|0x0000000085d00000, 0x0000000085d00000, 0x0000000085e00000|  0%| F|  |TAMS 0x0000000085d00000, 0x0000000085d00000| Untracked 
|  94|0x0000000085e00000, 0x0000000085e00000, 0x0000000085f00000|  0%| F|  |TAMS 0x0000000085e00000, 0x0000000085e00000| Untracked 
|  95|0x0000000085f00000, 0x0000000085f00000, 0x0000000086000000|  0%| F|  |TAMS 0x0000000085f00000, 0x0000000085f00000| Untracked 
|  96|0x0000000086000000, 0x0000000086000000, 0x0000000086100000|  0%| F|  |TAMS 0x0000000086000000, 0x0000000086000000| Untracked 
|  97|0x0000000086100000, 0x0000000086100000, 0x0000000086200000|  0%| F|  |TAMS 0x0000000086100000, 0x0000000086100000| Untracked 
|  98|0x0000000086200000, 0x0000000086200000, 0x0000000086300000|  0%| F|  |TAMS 0x0000000086200000, 0x0000000086200000| Untracked 
|  99|0x0000000086300000, 0x0000000086300000, 0x0000000086400000|  0%| F|  |TAMS 0x0000000086300000, 0x0000000086300000| Untracked 
| 100|0x0000000086400000, 0x0000000086400000, 0x0000000086500000|  0%| F|  |TAMS 0x0000000086400000, 0x0000000086400000| Untracked 
| 101|0x0000000086500000, 0x0000000086596178, 0x0000000086600000| 58%| S|CS|TAMS 0x0000000086500000, 0x0000000086500000| Complete 
| 102|0x0000000086600000, 0x0000000086700000, 0x0000000086700000|100%| S|CS|TAMS 0x0000000086600000, 0x0000000086600000| Complete 
| 103|0x0000000086700000, 0x0000000086700000, 0x0000000086800000|  0%| F|  |TAMS 0x0000000086700000, 0x0000000086700000| Untracked 
| 104|0x0000000086800000, 0x0000000086800000, 0x0000000086900000|  0%| F|  |TAMS 0x0000000086800000, 0x0000000086800000| Untracked 
| 105|0x0000000086900000, 0x0000000086900000, 0x0000000086a00000|  0%| F|  |TAMS 0x0000000086900000, 0x0000000086900000| Untracked 
| 106|0x0000000086a00000, 0x0000000086a00000, 0x0000000086b00000|  0%| F|  |TAMS 0x0000000086a00000, 0x0000000086a00000| Untracked 
| 107|0x0000000086b00000, 0x0000000086b00000, 0x0000000086c00000|  0%| F|  |TAMS 0x0000000086b00000, 0x0000000086b00000| Untracked 
| 108|0x0000000086c00000, 0x0000000086c00000, 0x0000000086d00000|  0%| F|  |TAMS 0x0000000086c00000, 0x0000000086c00000| Untracked 
| 109|0x0000000086d00000, 0x0000000086d00000, 0x0000000086e00000|  0%| F|  |TAMS 0x0000000086d00000, 0x0000000086d00000| Untracked 
| 110|0x0000000086e00000, 0x0000000086e00000, 0x0000000086f00000|  0%| F|  |TAMS 0x0000000086e00000, 0x0000000086e00000| Untracked 
| 111|0x0000000086f00000, 0x0000000086f00000, 0x0000000087000000|  0%| F|  |TAMS 0x0000000086f00000, 0x0000000086f00000| Untracked 
| 112|0x0000000087000000, 0x0000000087000000, 0x0000000087100000|  0%| F|  |TAMS 0x0000000087000000, 0x0000000087000000| Untracked 
| 113|0x0000000087100000, 0x0000000087100000, 0x0000000087200000|  0%| F|  |TAMS 0x0000000087100000, 0x0000000087100000| Untracked 
| 114|0x0000000087200000, 0x0000000087200000, 0x0000000087300000|  0%| F|  |TAMS 0x0000000087200000, 0x0000000087200000| Untracked 
| 115|0x0000000087300000, 0x0000000087300000, 0x0000000087400000|  0%| F|  |TAMS 0x0000000087300000, 0x0000000087300000| Untracked 
| 116|0x0000000087400000, 0x0000000087400000, 0x0000000087500000|  0%| F|  |TAMS 0x0000000087400000, 0x0000000087400000| Untracked 
| 117|0x0000000087500000, 0x0000000087500000, 0x0000000087600000|  0%| F|  |TAMS 0x0000000087500000, 0x0000000087500000| Untracked 
| 118|0x0000000087600000, 0x0000000087600000, 0x0000000087700000|  0%| F|  |TAMS 0x0000000087600000, 0x0000000087600000| Untracked 
| 119|0x0000000087700000, 0x0000000087700000, 0x0000000087800000|  0%| F|  |TAMS 0x0000000087700000, 0x0000000087700000| Untracked 
| 120|0x0000000087800000, 0x0000000087800000, 0x0000000087900000|  0%| F|  |TAMS 0x0000000087800000, 0x0000000087800000| Untracked 
| 121|0x0000000087900000, 0x0000000087900000, 0x0000000087a00000|  0%| F|  |TAMS 0x0000000087900000, 0x0000000087900000| Untracked 
| 122|0x0000000087a00000, 0x0000000087a00000, 0x0000000087b00000|  0%| F|  |TAMS 0x0000000087a00000, 0x0000000087a00000| Untracked 
| 123|0x0000000087b00000, 0x0000000087b00000, 0x0000000087c00000|  0%| F|  |TAMS 0x0000000087b00000, 0x0000000087b00000| Untracked 
| 124|0x0000000087c00000, 0x0000000087c00000, 0x0000000087d00000|  0%| F|  |TAMS 0x0000000087c00000, 0x0000000087c00000| Untracked 
| 125|0x0000000087d00000, 0x0000000087d00000, 0x0000000087e00000|  0%| F|  |TAMS 0x0000000087d00000, 0x0000000087d00000| Untracked 
| 126|0x0000000087e00000, 0x0000000087e00000, 0x0000000087f00000|  0%| F|  |TAMS 0x0000000087e00000, 0x0000000087e00000| Untracked 
| 127|0x0000000087f00000, 0x0000000087f00000, 0x0000000088000000|  0%| F|  |TAMS 0x0000000087f00000, 0x0000000087f00000| Untracked 
| 128|0x0000000088000000, 0x0000000088000000, 0x0000000088100000|  0%| F|  |TAMS 0x0000000088000000, 0x0000000088000000| Untracked 
| 129|0x0000000088100000, 0x0000000088100000, 0x0000000088200000|  0%| F|  |TAMS 0x0000000088100000, 0x0000000088100000| Untracked 
| 130|0x0000000088200000, 0x0000000088200000, 0x0000000088300000|  0%| F|  |TAMS 0x0000000088200000, 0x0000000088200000| Untracked 
| 131|0x0000000088300000, 0x0000000088300000, 0x0000000088400000|  0%| F|  |TAMS 0x0000000088300000, 0x0000000088300000| Untracked 
| 132|0x0000000088400000, 0x0000000088400000, 0x0000000088500000|  0%| F|  |TAMS 0x0000000088400000, 0x0000000088400000| Untracked 
| 133|0x0000000088500000, 0x0000000088500000, 0x0000000088600000|  0%| F|  |TAMS 0x0000000088500000, 0x0000000088500000| Untracked 
| 134|0x0000000088600000, 0x000000008862e4c0, 0x0000000088700000| 18%| E|  |TAMS 0x0000000088600000, 0x0000000088600000| Complete 
| 135|0x0000000088700000, 0x0000000088800000, 0x0000000088800000|100%| E|  |TAMS 0x0000000088700000, 0x0000000088700000| Complete 
| 136|0x0000000088800000, 0x0000000088900000, 0x0000000088900000|100%| E|CS|TAMS 0x0000000088800000, 0x0000000088800000| Complete 
| 137|0x0000000088900000, 0x0000000088a00000, 0x0000000088a00000|100%| E|CS|TAMS 0x0000000088900000, 0x0000000088900000| Complete 

Card table byte_map: [0x000001b836300000,0x000001b836700000] _byte_map_base: 0x000001b835f00000

Marking Bits (Prev, Next): (CMBitMap*) 0x000001b82352ba90, (CMBitMap*) 0x000001b82352bad0
 Prev Bits: [0x000001b836b00000, 0x000001b838b00000)
 Next Bits: [0x000001b838b00000, 0x000001b83ab00000)

Polling page: 0x000001b822c90000

Metaspace:

Usage:
  Non-class:     44.24 MB used.
      Class:      6.82 MB used.
       Both:     51.06 MB used.

Virtual space:
  Non-class space:       64.00 MB reserved,      44.50 MB ( 70%) committed,  1 nodes.
      Class space:        1.00 GB reserved,       7.06 MB ( <1%) committed,  1 nodes.
             Both:        1.06 GB reserved,      51.56 MB (  5%) committed. 

Chunk freelists:
   Non-Class:  3.45 MB
       Class:  8.93 MB
        Both:  12.38 MB

MaxMetaspaceSize: unlimited
CompressedClassSpaceSize: 1.00 GB
Initial GC threshold: 21.00 MB
Current GC threshold: 82.75 MB
CDS: off
MetaspaceReclaimPolicy: balanced
 - commit_granule_bytes: 65536.
 - commit_granule_words: 8192.
 - virtual_space_node_default_size: 8388608.
 - enlarge_chunks_in_place: 1.
 - new_chunks_are_fully_committed: 0.
 - uncommit_free_chunks: 1.
 - use_allocation_guard: 0.
 - handle_deallocations: 1.


Internal statistics:

num_allocs_failed_limit: 3.
num_arena_births: 510.
num_arena_deaths: 0.
num_vsnodes_births: 2.
num_vsnodes_deaths: 0.
num_space_committed: 825.
num_space_uncommitted: 0.
num_chunks_returned_to_freelist: 3.
num_chunks_taken_from_freelist: 2252.
num_chunk_merges: 3.
num_chunk_splits: 1430.
num_chunks_enlarged: 943.
num_inconsistent_stats: 0.

CodeHeap 'non-profiled nmethods': size=120000Kb used=3021Kb max_used=3021Kb free=116978Kb
 bounds [0x000001b82e480000, 0x000001b82e780000, 0x000001b8359b0000]
CodeHeap 'profiled nmethods': size=120000Kb used=9583Kb max_used=9583Kb free=110416Kb
 bounds [0x000001b8269b0000, 0x000001b827310000, 0x000001b82dee0000]
CodeHeap 'non-nmethods': size=5760Kb used=2304Kb max_used=2346Kb free=3455Kb
 bounds [0x000001b82dee0000, 0x000001b82e150000, 0x000001b82e480000]
 total_blobs=5439 nmethods=4621 adapters=730
 compilation: enabled
              stopped_count=0, restarted_count=0
 full_count=0

Compilation events (20 events):
Event: 6.524 Thread 0x000001b83d917bb0 nmethod 4600 0x000001b8272fa790 code [0x000001b8272fa920, 0x000001b8272faa28]
Event: 6.524 Thread 0x000001b83d917bb0 4601       3       org.codehaus.groovy.reflection.CachedClass$4::initValue (5 bytes)
Event: 6.524 Thread 0x000001b83d917bb0 nmethod 4601 0x000001b8272fab10 code [0x000001b8272facc0, 0x000001b8272fae08]
Event: 6.524 Thread 0x000001b83d917bb0 4602       3       org.codehaus.groovy.reflection.CachedClass$4::initValue (63 bytes)
Event: 6.525 Thread 0x000001b83d917bb0 nmethod 4602 0x000001b8272fae90 code [0x000001b8272fb0e0, 0x000001b8272fba48]
Event: 6.531 Thread 0x000001b83d917bb0 4604       3       org.codehaus.groovy.reflection.CachedClass$3::initValue (205 bytes)
Event: 6.534 Thread 0x000001b83d917bb0 nmethod 4604 0x000001b8272fbd90 code [0x000001b8272fc180, 0x000001b8272fdeb8]
Event: 6.535 Thread 0x000001b83d917bb0 4607       3       jdk.internal.reflect.ClassFileAssembler::emitInt (46 bytes)
Event: 6.535 Thread 0x000001b844c755a0 4603       4       org.codehaus.groovy.runtime.metaclass.MetaMethodIndex::addMethodToList (128 bytes)
Event: 6.535 Thread 0x000001b83d917bb0 nmethod 4607 0x000001b8272feb10 code [0x000001b8272fed20, 0x000001b8272ff218]
Event: 6.535 Thread 0x000001b83d917bb0 4606       3       jdk.internal.reflect.ClassFileAssembler::opc_new (16 bytes)
Event: 6.536 Thread 0x000001b83d917bb0 nmethod 4606 0x000001b8272ff490 code [0x000001b8272ff6a0, 0x000001b8272ffbe8]
Event: 6.536 Thread 0x000001b83d917bb0 4605       1       jdk.internal.reflect.ClassFileAssembler::setMaxLocals (6 bytes)
Event: 6.536 Thread 0x000001b83d917bb0 nmethod 4605 0x000001b82e772f90 code [0x000001b82e773120, 0x000001b82e7731f8]
Event: 6.537 Thread 0x000001b83d917bb0 4608       3       org.codehaus.groovy.reflection.CachedClass::getNewMetaMethods (166 bytes)
Event: 6.540 Thread 0x000001b83d917bb0 nmethod 4608 0x000001b8272ffe90 code [0x000001b827300200, 0x000001b8273018c8]
Event: 6.540 Thread 0x000001b83d917bb0 4609       3       org.codehaus.groovy.runtime.metaclass.MetaMethodIndex::resize (103 bytes)
Event: 6.540 Thread 0x000001b83d917bb0 nmethod 4609 0x000001b827302090 code [0x000001b827302260, 0x000001b827302818]
Event: 6.541 Thread 0x000001b83d917bb0 4610       3       jdk.internal.reflect.ByteVectorImpl::resize (44 bytes)
Event: 6.541 Thread 0x000001b83d917bb0 nmethod 4610 0x000001b827302a10 code [0x000001b827302bc0, 0x000001b827302ea8]

GC Heap History (20 events):
Event: 3.951 GC heap before
{Heap before GC invocations=6 (full 0):
 garbage-first heap   total 71680K, used 49285K [0x0000000080000000, 0x0000000100000000)
  region size 1024K, 21 young (21504K), 4 survivors (4096K)
 Metaspace       used 32085K, committed 32448K, reserved 1114112K
  class space    used 4349K, committed 4480K, reserved 1048576K
}
Event: 3.956 GC heap after
{Heap after GC invocations=7 (full 0):
 garbage-first heap   total 71680K, used 37831K [0x0000000080000000, 0x0000000100000000)
  region size 1024K, 4 young (4096K), 4 survivors (4096K)
 Metaspace       used 32085K, committed 32448K, reserved 1114112K
  class space    used 4349K, committed 4480K, reserved 1048576K
}
Event: 4.370 GC heap before
{Heap before GC invocations=8 (full 0):
 garbage-first heap   total 71680K, used 54215K [0x0000000080000000, 0x0000000100000000)
  region size 1024K, 20 young (20480K), 4 survivors (4096K)
 Metaspace       used 34260K, committed 34624K, reserved 1114112K
  class space    used 4692K, committed 4864K, reserved 1048576K
}
Event: 4.374 GC heap after
{Heap after GC invocations=9 (full 0):
 garbage-first heap   total 71680K, used 40304K [0x0000000080000000, 0x0000000100000000)
  region size 1024K, 1 young (1024K), 1 survivors (1024K)
 Metaspace       used 34260K, committed 34624K, reserved 1114112K
  class space    used 4692K, committed 4864K, reserved 1048576K
}
Event: 4.581 GC heap before
{Heap before GC invocations=9 (full 0):
 garbage-first heap   total 71680K, used 55664K [0x0000000080000000, 0x0000000100000000)
  region size 1024K, 16 young (16384K), 1 survivors (1024K)
 Metaspace       used 36058K, committed 36416K, reserved 1114112K
  class space    used 4985K, committed 5120K, reserved 1048576K
}
Event: 4.584 GC heap after
{Heap after GC invocations=10 (full 0):
 garbage-first heap   total 71680K, used 40991K [0x0000000080000000, 0x0000000100000000)
  region size 1024K, 2 young (2048K), 2 survivors (2048K)
 Metaspace       used 36058K, committed 36416K, reserved 1114112K
  class space    used 4985K, committed 5120K, reserved 1048576K
}
Event: 4.798 GC heap before
{Heap before GC invocations=11 (full 0):
 garbage-first heap   total 71680K, used 57375K [0x0000000080000000, 0x0000000100000000)
  region size 1024K, 18 young (18432K), 2 survivors (2048K)
 Metaspace       used 38483K, committed 38912K, reserved 1114112K
  class space    used 5374K, committed 5568K, reserved 1048576K
}
Event: 4.801 GC heap after
{Heap after GC invocations=12 (full 0):
 garbage-first heap   total 100352K, used 41848K [0x0000000080000000, 0x0000000100000000)
  region size 1024K, 3 young (3072K), 3 survivors (3072K)
 Metaspace       used 38483K, committed 38912K, reserved 1114112K
  class space    used 5374K, committed 5568K, reserved 1048576K
}
Event: 5.343 GC heap before
{Heap before GC invocations=12 (full 0):
 garbage-first heap   total 100352K, used 77688K [0x0000000080000000, 0x0000000100000000)
  region size 1024K, 39 young (39936K), 3 survivors (3072K)
 Metaspace       used 44552K, committed 44992K, reserved 1114112K
  class space    used 6033K, committed 6208K, reserved 1048576K
}
Event: 5.348 GC heap after
{Heap after GC invocations=13 (full 0):
 garbage-first heap   total 100352K, used 45968K [0x0000000080000000, 0x0000000100000000)
  region size 1024K, 5 young (5120K), 5 survivors (5120K)
 Metaspace       used 44552K, committed 44992K, reserved 1114112K
  class space    used 6033K, committed 6208K, reserved 1048576K
}
Event: 5.478 GC heap before
{Heap before GC invocations=13 (full 0):
 garbage-first heap   total 100352K, used 62352K [0x0000000080000000, 0x0000000100000000)
  region size 1024K, 20 young (20480K), 5 survivors (5120K)
 Metaspace       used 45055K, committed 45440K, reserved 1114112K
  class space    used 6082K, committed 6272K, reserved 1048576K
}
Event: 5.483 GC heap after
{Heap after GC invocations=14 (full 0):
 garbage-first heap   total 100352K, used 50079K [0x0000000080000000, 0x0000000100000000)
  region size 1024K, 2 young (2048K), 2 survivors (2048K)
 Metaspace       used 45055K, committed 45440K, reserved 1114112K
  class space    used 6082K, committed 6272K, reserved 1048576K
}
Event: 5.848 GC heap before
{Heap before GC invocations=15 (full 0):
 garbage-first heap   total 100352K, used 80799K [0x0000000080000000, 0x0000000100000000)
  region size 1024K, 30 young (30720K), 2 survivors (2048K)
 Metaspace       used 48973K, committed 49408K, reserved 1114112K
  class space    used 6599K, committed 6784K, reserved 1048576K
}
Event: 5.851 GC heap after
{Heap after GC invocations=16 (full 0):
 garbage-first heap   total 100352K, used 49762K [0x0000000080000000, 0x0000000100000000)
  region size 1024K, 4 young (4096K), 4 survivors (4096K)
 Metaspace       used 48973K, committed 49408K, reserved 1114112K
  class space    used 6599K, committed 6784K, reserved 1048576K
}
Event: 6.059 GC heap before
{Heap before GC invocations=16 (full 0):
 garbage-first heap   total 100352K, used 63074K [0x0000000080000000, 0x0000000100000000)
  region size 1024K, 18 young (18432K), 4 survivors (4096K)
 Metaspace       used 50074K, committed 50496K, reserved 1114112K
  class space    used 6789K, committed 6976K, reserved 1048576K
}
Event: 6.063 GC heap after
{Heap after GC invocations=17 (full 0):
 garbage-first heap   total 100352K, used 52226K [0x0000000080000000, 0x0000000100000000)
  region size 1024K, 5 young (5120K), 5 survivors (5120K)
 Metaspace       used 50074K, committed 50496K, reserved 1114112K
  class space    used 6789K, committed 6976K, reserved 1048576K
}
Event: 6.248 GC heap before
{Heap before GC invocations=18 (full 0):
 garbage-first heap   total 100352K, used 65538K [0x0000000080000000, 0x0000000100000000)
  region size 1024K, 12 young (12288K), 5 survivors (5120K)
 Metaspace       used 50333K, committed 50816K, reserved 1114112K
  class space    used 6837K, committed 7040K, reserved 1048576K
}
Event: 6.252 GC heap after
{Heap after GC invocations=19 (full 0):
 garbage-first heap   total 100352K, used 62783K [0x0000000080000000, 0x0000000100000000)
  region size 1024K, 3 young (3072K), 3 survivors (3072K)
 Metaspace       used 50333K, committed 50816K, reserved 1114112K
  class space    used 6837K, committed 7040K, reserved 1048576K
}
Event: 6.499 GC heap before
{Heap before GC invocations=20 (full 0):
 garbage-first heap   total 117760K, used 81215K [0x0000000080000000, 0x0000000100000000)
  region size 1024K, 15 young (15360K), 3 survivors (3072K)
 Metaspace       used 52075K, committed 52544K, reserved 1114112K
  class space    used 6956K, committed 7168K, reserved 1048576K
}
Event: 6.503 GC heap after
{Heap after GC invocations=21 (full 0):
 garbage-first heap   total 141312K, used 69590K [0x0000000080000000, 0x0000000100000000)
  region size 1024K, 2 young (2048K), 2 survivors (2048K)
 Metaspace       used 52075K, committed 52544K, reserved 1114112K
  class space    used 6956K, committed 7168K, reserved 1048576K
}

Dll operation events (3 events):
Event: 0.019 Loaded shared library C:\Program Files\Android\Android Studio\jbr\bin\java.dll
Event: 0.530 Loaded shared library C:\Program Files\Android\Android Studio\jbr\bin\zip.dll
Event: 0.862 Loaded shared library C:\Program Files\Android\Android Studio\jbr\bin\verify.dll

Deoptimization events (20 events):
Event: 6.165 Thread 0x000001b843d7c8e0 Uncommon trap: trap_request=0xffffff45 fr.pc=0x000001b82e68d44c relative=0x00000000000000ac
Event: 6.165 Thread 0x000001b843d7c8e0 Uncommon trap: reason=unstable_if action=reinterpret pc=0x000001b82e68d44c method=org.gradle.internal.agents.DefaultClassFileTransformer.transform(Ljava/lang/ClassLoader;Ljava/lang/String;Ljava/lang/Class;Ljava/security/ProtectionDomain;[B)[B @ 4 c2
Event: 6.165 Thread 0x000001b843d7c8e0 DEOPT PACKING pc=0x000001b82e68d44c sp=0x000000695b7f5e60
Event: 6.165 Thread 0x000001b843d7c8e0 DEOPT UNPACKING pc=0x000001b82df369a3 sp=0x000000695b7f5d78 mode 2
Event: 6.190 Thread 0x000001b843d7c8e0 Uncommon trap: trap_request=0xffffff45 fr.pc=0x000001b82e6d320c relative=0x000000000000206c
Event: 6.190 Thread 0x000001b843d7c8e0 Uncommon trap: reason=unstable_if action=reinterpret pc=0x000001b82e6d320c method=java.lang.ClassLoader.checkCerts(Ljava/lang/String;Ljava/security/CodeSource;)V @ 30 c2
Event: 6.190 Thread 0x000001b843d7c8e0 DEOPT PACKING pc=0x000001b82e6d320c sp=0x000000695b7f7d80
Event: 6.190 Thread 0x000001b843d7c8e0 DEOPT UNPACKING pc=0x000001b82df369a3 sp=0x000000695b7f7ca0 mode 2
Event: 6.191 Thread 0x000001b843d7c8e0 Uncommon trap: trap_request=0xffffff45 fr.pc=0x000001b82e6cbc18 relative=0x00000000000013d8
Event: 6.191 Thread 0x000001b843d7c8e0 Uncommon trap: reason=unstable_if action=reinterpret pc=0x000001b82e6cbc18 method=java.lang.ClassLoader.postDefineClass(Ljava/lang/Class;Ljava/security/ProtectionDomain;)V @ 17 c2
Event: 6.191 Thread 0x000001b843d7c8e0 DEOPT PACKING pc=0x000001b82e6cbc18 sp=0x000000695b7f7d10
Event: 6.191 Thread 0x000001b843d7c8e0 DEOPT UNPACKING pc=0x000001b82df369a3 sp=0x000000695b7f7d18 mode 2
Event: 6.228 Thread 0x000001b843d7c8e0 Uncommon trap: trap_request=0xffffff76 fr.pc=0x000001b82e68d8c0 relative=0x00000000000001a0
Event: 6.228 Thread 0x000001b843d7c8e0 Uncommon trap: reason=predicate action=maybe_recompile pc=0x000001b82e68d8c0 method=sun.instrument.TransformerManager.transform(Ljava/lang/Module;Ljava/lang/ClassLoader;Ljava/lang/String;Ljava/lang/Class;Ljava/security/ProtectionDomain;[B)[B @ 21 c2
Event: 6.228 Thread 0x000001b843d7c8e0 DEOPT PACKING pc=0x000001b82e68d8c0 sp=0x000000695b7f6130
Event: 6.228 Thread 0x000001b843d7c8e0 DEOPT UNPACKING pc=0x000001b82df369a3 sp=0x000000695b7f60d8 mode 2
Event: 6.370 Thread 0x000001b843d7c8e0 Uncommon trap: trap_request=0xffffffcc fr.pc=0x000001b82e6fc688 relative=0x0000000000004d28
Event: 6.370 Thread 0x000001b843d7c8e0 Uncommon trap: reason=intrinsic_or_type_checked_inlining action=make_not_entrant pc=0x000001b82e6fc688 method=java.util.ArrayList$SubList.toArray([Ljava/lang/Object;)[Ljava/lang/Object; @ 58 c2
Event: 6.370 Thread 0x000001b843d7c8e0 DEOPT PACKING pc=0x000001b82e6fc688 sp=0x000000695b7f6a80
Event: 6.370 Thread 0x000001b843d7c8e0 DEOPT UNPACKING pc=0x000001b82df369a3 sp=0x000000695b7f69f8 mode 2

Classes unloaded (0 events):
No events

Classes redefined (0 events):
No events

Internal exceptions (20 events):
Event: 6.222 Thread 0x000001b843d7c8e0 Exception <a 'java/lang/ClassNotFoundException'{0x0000000085c7b700}: org/gradle/internal/extensibility/DefaultConventionBeanInfo> (0x0000000085c7b700) 
thrown [s\src\hotspot\share\classfile\systemDictionary.cpp, line 256]
Event: 6.223 Thread 0x000001b843d7c8e0 Exception <a 'java/lang/ClassNotFoundException'{0x0000000085c90e78}: org/gradle/internal/extensibility/DefaultConventionCustomizer> (0x0000000085c90e78) 
thrown [s\src\hotspot\share\classfile\systemDictionary.cpp, line 256]
Event: 6.243 Thread 0x000001b843d7c8e0 Exception <a 'java/lang/ClassNotFoundException'{0x0000000085b3d000}: com/intellij/gradle/toolingExtension/impl/modelBuilder/ExtraModelBuilderBeanInfo> (0x0000000085b3d000) 
thrown [s\src\hotspot\share\classfile\systemDictionary.cpp, line 256]
Event: 6.244 Thread 0x000001b843d7c8e0 Exception <a 'java/lang/ClassNotFoundException'{0x0000000085b485a8}: com/intellij/gradle/toolingExtension/impl/modelBuilder/ExtraModelBuilderCustomizer> (0x0000000085b485a8) 
thrown [s\src\hotspot\share\classfile\systemDictionary.cpp, line 256]
Event: 6.390 Thread 0x000001b843d7c8e0 Exception <a 'java/lang/ClassNotFoundException'{0x0000000086a6cc08}: com/intellij/gradle/toolingExtension/util/GradleVersionUtilBeanInfo> (0x0000000086a6cc08) 
thrown [s\src\hotspot\share\classfile\systemDictionary.cpp, line 256]
Event: 6.390 Thread 0x000001b843d7c8e0 Exception <a 'java/lang/ClassNotFoundException'{0x0000000086a79608}: com/intellij/gradle/toolingExtension/util/GradleVersionUtilCustomizer> (0x0000000086a79608) 
thrown [s\src\hotspot\share\classfile\systemDictionary.cpp, line 256]
Event: 6.399 Thread 0x000001b843d7c8e0 Exception <a 'java/lang/ClassNotFoundException'{0x0000000086adcc10}: org/jetbrains/plugins/gradle/tooling/builder/WarModelBuilderImplBeanInfo> (0x0000000086adcc10) 
thrown [s\src\hotspot\share\classfile\systemDictionary.cpp, line 256]
Event: 6.399 Thread 0x000001b843d7c8e0 Exception <a 'java/lang/ClassNotFoundException'{0x0000000086ae93a8}: org/jetbrains/plugins/gradle/tooling/AbstractModelBuilderServiceBeanInfo> (0x0000000086ae93a8) 
thrown [s\src\hotspot\share\classfile\systemDictionary.cpp, line 256]
Event: 6.400 Thread 0x000001b843d7c8e0 Exception <a 'java/lang/ClassNotFoundException'{0x0000000086af6048}: org/jetbrains/plugins/gradle/tooling/AbstractModelBuilderServiceCustomizer> (0x0000000086af6048) 
thrown [s\src\hotspot\share\classfile\systemDictionary.cpp, line 256]
Event: 6.401 Thread 0x000001b843d7c8e0 Exception <a 'java/lang/ClassNotFoundException'{0x00000000869057d0}: org/jetbrains/plugins/gradle/tooling/builder/WarModelBuilderImplCustomizer> (0x00000000869057d0) 
thrown [s\src\hotspot\share\classfile\systemDictionary.cpp, line 256]
Event: 6.433 Thread 0x000001b843d7c8e0 Exception <a 'java/lang/ClassNotFoundException'{0x00000000869d5018}: org/jetbrains/plugins/gradle/tooling/builder/EarModelBuilderImplBeanInfo> (0x00000000869d5018) 
thrown [s\src\hotspot\share\classfile\systemDictionary.cpp, line 256]
Event: 6.433 Thread 0x000001b843d7c8e0 Exception <a 'java/lang/ClassNotFoundException'{0x00000000869e1530}: org/jetbrains/plugins/gradle/tooling/builder/EarModelBuilderImplCustomizer> (0x00000000869e1530) 
thrown [s\src\hotspot\share\classfile\systemDictionary.cpp, line 256]
Event: 6.460 Thread 0x000001b843d7c8e0 Exception <a 'java/lang/ClassNotFoundException'{0x00000000868b81e8}: org/jetbrains/plugins/gradle/tooling/builder/ExternalTestsModelBuilderImplBeanInfo> (0x00000000868b81e8) 
thrown [s\src\hotspot\share\classfile\systemDictionary.cpp, line 256]
Event: 6.461 Thread 0x000001b843d7c8e0 Exception <a 'java/lang/ClassNotFoundException'{0x00000000868c47a0}: org/jetbrains/plugins/gradle/tooling/builder/ExternalTestsModelBuilderImplCustomizer> (0x00000000868c47a0) 
thrown [s\src\hotspot\share\classfile\systemDictionary.cpp, line 256]
Event: 6.525 Thread 0x000001b843d7c8e0 Exception <a 'java/lang/ClassNotFoundException'{0x0000000088827810}: org/jetbrains/plugins/gradle/tooling/builder/ProjectExtensionsDataBuilderImplBeanInfo> (0x0000000088827810) 
thrown [s\src\hotspot\share\classfile\systemDictionary.cpp, line 256]
Event: 6.526 Thread 0x000001b843d7c8e0 Exception <a 'java/lang/ClassNotFoundException'{0x0000000088834060}: org/jetbrains/plugins/gradle/tooling/builder/ProjectExtensionsDataBuilderImplCustomizer> (0x0000000088834060) 
thrown [s\src\hotspot\share\classfile\systemDictionary.cpp, line 256]
Event: 6.532 Thread 0x000001b843d7c8e0 Exception <a 'java/lang/ClassNotFoundException'{0x0000000088874b18}: org/jetbrains/plugins/gradle/tooling/builder/IntelliJSettingsBuilderBeanInfo> (0x0000000088874b18) 
thrown [s\src\hotspot\share\classfile\systemDictionary.cpp, line 256]
Event: 6.533 Thread 0x000001b843d7c8e0 Exception <a 'java/lang/ClassNotFoundException'{0x00000000888812d0}: org/jetbrains/plugins/gradle/tooling/builder/IntelliJSettingsBuilderCustomizer> (0x00000000888812d0) 
thrown [s\src\hotspot\share\classfile\systemDictionary.cpp, line 256]
Event: 6.539 Thread 0x000001b843d7c8e0 Exception <a 'java/lang/ClassNotFoundException'{0x00000000888b7698}: org/jetbrains/plugins/gradle/tooling/builder/IntelliJProjectSettingsBuilderBeanInfo> (0x00000000888b7698) 
thrown [s\src\hotspot\share\classfile\systemDictionary.cpp, line 256]
Event: 6.540 Thread 0x000001b843d7c8e0 Exception <a 'java/lang/ClassNotFoundException'{0x00000000888c3ea8}: org/jetbrains/plugins/gradle/tooling/builder/IntelliJProjectSettingsBuilderCustomizer> (0x00000000888c3ea8) 
thrown [s\src\hotspot\share\classfile\systemDictionary.cpp, line 256]

VM Operations (20 events):
Event: 5.848 Executing VM operation: G1CollectForAllocation
Event: 5.851 Executing VM operation: G1CollectForAllocation done
Event: 5.890 Executing VM operation: HandshakeAllThreads
Event: 5.891 Executing VM operation: HandshakeAllThreads done
Event: 6.059 Executing VM operation: G1TryInitiateConcMark
Event: 6.063 Executing VM operation: G1TryInitiateConcMark done
Event: 6.080 Executing VM operation: G1PauseRemark
Event: 6.083 Executing VM operation: G1PauseRemark done
Event: 6.092 Executing VM operation: G1PauseCleanup
Event: 6.092 Executing VM operation: G1PauseCleanup done
Event: 6.204 Executing VM operation: HandshakeAllThreads
Event: 6.205 Executing VM operation: HandshakeAllThreads done
Event: 6.248 Executing VM operation: G1TryInitiateConcMark
Event: 6.252 Executing VM operation: G1TryInitiateConcMark done
Event: 6.274 Executing VM operation: G1PauseRemark
Event: 6.277 Executing VM operation: G1PauseRemark done
Event: 6.292 Executing VM operation: G1PauseCleanup
Event: 6.292 Executing VM operation: G1PauseCleanup done
Event: 6.499 Executing VM operation: G1CollectForAllocation
Event: 6.503 Executing VM operation: G1CollectForAllocation done

Events (20 events):
Event: 6.009 Thread 0x000001b842c5b560 Thread added: 0x000001b842c5b560
Event: 6.010 Thread 0x000001b842c5fc40 Thread added: 0x000001b842c5fc40
Event: 6.127 loading class sun/misc/SharedSecrets
Event: 6.127 loading class sun/misc/SharedSecrets done
Event: 6.172 Thread 0x000001b84670fa00 Thread exited: 0x000001b84670fa00
Event: 6.176 loading class java/lang/ClassBeanInfo
Event: 6.176 loading class java/lang/ClassBeanInfo done
Event: 6.176 loading class java/lang/ClassBeanInfo
Event: 6.176 loading class java/lang/ClassBeanInfo done
Event: 6.176 loading class java/lang/ClassCustomizer
Event: 6.176 loading class java/lang/ClassCustomizer done
Event: 6.177 loading class java/lang/ClassCustomizer
Event: 6.177 loading class java/lang/ClassCustomizer done
Event: 6.178 loading class sun/reflect/generics/tree/BooleanSignature
Event: 6.178 loading class sun/reflect/generics/tree/BooleanSignature done
Event: 6.179 loading class sun/reflect/generics/reflectiveObjects/GenericArrayTypeImpl
Event: 6.179 loading class sun/reflect/generics/reflectiveObjects/GenericArrayTypeImpl done
Event: 6.184 loading class jdk/internal/vm/annotation/ForceInline
Event: 6.184 loading class jdk/internal/vm/annotation/ForceInline done
Event: 6.535 Thread 0x000001b844c755a0 Thread added: 0x000001b844c755a0


Dynamic libraries:
0x00007ff731db0000 - 0x00007ff731dba000 	C:\Program Files\Android\Android Studio\jbr\bin\java.exe
0x00007ffca76f0000 - 0x00007ffca78e8000 	C:\WINDOWS\SYSTEM32\ntdll.dll
0x00007ffca7490000 - 0x00007ffca7551000 	C:\WINDOWS\System32\KERNEL32.DLL
0x00007ffca4f30000 - 0x00007ffca522d000 	C:\WINDOWS\System32\KERNELBASE.dll
0x00007ffca55f0000 - 0x00007ffca56f0000 	C:\WINDOWS\System32\ucrtbase.dll
0x00007ffc7f8a0000 - 0x00007ffc7f8bb000 	C:\Program Files\Android\Android Studio\jbr\bin\VCRUNTIME140.dll
0x00007ffc886a0000 - 0x00007ffc886b7000 	C:\Program Files\Android\Android Studio\jbr\bin\jli.dll
0x00007ffca7270000 - 0x00007ffca740d000 	C:\WINDOWS\System32\USER32.dll
0x00007ffca53f0000 - 0x00007ffca5412000 	C:\WINDOWS\System32\win32u.dll
0x00007ffca5ae0000 - 0x00007ffca5b0b000 	C:\WINDOWS\System32\GDI32.dll
0x00007ffca52d0000 - 0x00007ffca53e7000 	C:\WINDOWS\System32\gdi32full.dll
0x00007ffca5230000 - 0x00007ffca52cd000 	C:\WINDOWS\System32\msvcp_win.dll
0x00007ffc83940000 - 0x00007ffc83bda000 	C:\WINDOWS\WinSxS\amd64_microsoft.windows.common-controls_6595b64144ccf1df_6.0.19041.4355_none_60b8b9eb71f62e16\COMCTL32.dll
0x00007ffca5bd0000 - 0x00007ffca5c6e000 	C:\WINDOWS\System32\msvcrt.dll
0x00007ffca7020000 - 0x00007ffca704f000 	C:\WINDOWS\System32\IMM32.DLL
0x00007ffc9c270000 - 0x00007ffc9c27c000 	C:\Program Files\Android\Android Studio\jbr\bin\vcruntime140_1.dll
0x00007ffc6fff0000 - 0x00007ffc7007d000 	C:\Program Files\Android\Android Studio\jbr\bin\msvcp140.dll
0x00007ffc3d890000 - 0x00007ffc3e513000 	C:\Program Files\Android\Android Studio\jbr\bin\server\jvm.dll
0x00007ffca6d70000 - 0x00007ffca6e20000 	C:\WINDOWS\System32\ADVAPI32.dll
0x00007ffca7560000 - 0x00007ffca7600000 	C:\WINDOWS\System32\sechost.dll
0x00007ffca6ef0000 - 0x00007ffca7013000 	C:\WINDOWS\System32\RPCRT4.dll
0x00007ffca56f0000 - 0x00007ffca5717000 	C:\WINDOWS\System32\bcrypt.dll
0x00007ffca4910000 - 0x00007ffca495b000 	C:\WINDOWS\SYSTEM32\POWRPROF.dll
0x00007ffc9f6d0000 - 0x00007ffc9f6d9000 	C:\WINDOWS\SYSTEM32\WSOCK32.dll
0x00007ffca7410000 - 0x00007ffca747b000 	C:\WINDOWS\System32\WS2_32.dll
0x00007ffc97f20000 - 0x00007ffc97f47000 	C:\WINDOWS\SYSTEM32\WINMM.dll
0x00007ffc92490000 - 0x00007ffc9249a000 	C:\WINDOWS\SYSTEM32\VERSION.dll
0x00007ffca4800000 - 0x00007ffca4812000 	C:\WINDOWS\SYSTEM32\UMPDC.dll
0x00007ffca35c0000 - 0x00007ffca35d2000 	C:\WINDOWS\SYSTEM32\kernel.appcore.dll
0x00007ffc9d7b0000 - 0x00007ffc9d7ba000 	C:\Program Files\Android\Android Studio\jbr\bin\jimage.dll
0x00007ffca29c0000 - 0x00007ffca2ba4000 	C:\WINDOWS\SYSTEM32\DBGHELP.DLL
0x00007ffc86a60000 - 0x00007ffc86a94000 	C:\WINDOWS\SYSTEM32\dbgcore.DLL
0x00007ffca4da0000 - 0x00007ffca4e22000 	C:\WINDOWS\System32\bcryptPrimitives.dll
0x00007ffc886c0000 - 0x00007ffc886ce000 	C:\Program Files\Android\Android Studio\jbr\bin\instrument.dll
0x00007ffc83d10000 - 0x00007ffc83d35000 	C:\Program Files\Android\Android Studio\jbr\bin\java.dll
0x00007ffc82030000 - 0x00007ffc82048000 	C:\Program Files\Android\Android Studio\jbr\bin\zip.dll
0x00007ffca5e20000 - 0x00007ffca658f000 	C:\WINDOWS\System32\SHELL32.dll
0x00007ffca2e00000 - 0x00007ffca35a3000 	C:\WINDOWS\SYSTEM32\windows.storage.dll
0x00007ffca5780000 - 0x00007ffca5ad3000 	C:\WINDOWS\System32\combase.dll
0x00007ffca4760000 - 0x00007ffca478e000 	C:\WINDOWS\SYSTEM32\Wldp.dll
0x00007ffca7070000 - 0x00007ffca713d000 	C:\WINDOWS\System32\OLEAUT32.dll
0x00007ffca7600000 - 0x00007ffca76ad000 	C:\WINDOWS\System32\SHCORE.dll
0x00007ffca6e90000 - 0x00007ffca6ee5000 	C:\WINDOWS\System32\shlwapi.dll
0x00007ffca4cd0000 - 0x00007ffca4cf4000 	C:\WINDOWS\SYSTEM32\profapi.dll
0x00007ffc82010000 - 0x00007ffc82029000 	C:\Program Files\Android\Android Studio\jbr\bin\net.dll
0x00007ffc9e700000 - 0x00007ffc9e80d000 	C:\WINDOWS\SYSTEM32\WINHTTP.dll
0x00007ffca44c0000 - 0x00007ffca452a000 	C:\WINDOWS\system32\mswsock.dll
0x00007ffc809e0000 - 0x00007ffc809f6000 	C:\Program Files\Android\Android Studio\jbr\bin\nio.dll
0x00007ffc897d0000 - 0x00007ffc897e0000 	C:\Program Files\Android\Android Studio\jbr\bin\verify.dll
0x00007ffc899a0000 - 0x00007ffc899c7000 	C:\Users\PMLS\.gradle\native\c067742578af261105cb4f569cf0c3c89f3d7b1fecec35dd04571415982c5e48\windows-amd64\native-platform.dll
0x00007ffc6e730000 - 0x00007ffc6e874000 	C:\Users\PMLS\.gradle\native\38dada09dfb8b06ba9b0570ebf7e218e3eb74d4ef43ca46872605cf95ebc2f47\windows-amd64\native-platform-file-events.dll
0x00007ffc89940000 - 0x00007ffc89949000 	C:\Program Files\Android\Android Studio\jbr\bin\management.dll
0x00007ffc89930000 - 0x00007ffc8993b000 	C:\Program Files\Android\Android Studio\jbr\bin\management_ext.dll
0x00007ffca7480000 - 0x00007ffca7488000 	C:\WINDOWS\System32\PSAPI.DLL
0x00007ffca46c0000 - 0x00007ffca46d8000 	C:\WINDOWS\SYSTEM32\CRYPTSP.dll
0x00007ffca3d80000 - 0x00007ffca3db4000 	C:\WINDOWS\system32\rsaenh.dll
0x00007ffca4c90000 - 0x00007ffca4cbe000 	C:\WINDOWS\SYSTEM32\USERENV.dll
0x00007ffca46b0000 - 0x00007ffca46bc000 	C:\WINDOWS\SYSTEM32\CRYPTBASE.dll
0x00007ffca41a0000 - 0x00007ffca41db000 	C:\WINDOWS\SYSTEM32\IPHLPAPI.DLL
0x00007ffca6e80000 - 0x00007ffca6e88000 	C:\WINDOWS\System32\NSI.dll
0x00007ffc9b160000 - 0x00007ffc9b177000 	C:\WINDOWS\SYSTEM32\dhcpcsvc6.DLL
0x00007ffc9b210000 - 0x00007ffc9b22d000 	C:\WINDOWS\SYSTEM32\dhcpcsvc.DLL
0x00007ffca41e0000 - 0x00007ffca42aa000 	C:\WINDOWS\SYSTEM32\DNSAPI.dll
0x00007ffc9c810000 - 0x00007ffc9c819000 	C:\Program Files\Android\Android Studio\jbr\bin\extnet.dll
0x00007ffc77390000 - 0x00007ffc77397000 	C:\WINDOWS\system32\wshunix.dll

dbghelp: loaded successfully - version: 4.0.5 - missing functions: none
symbol engine: initialized successfully - sym options: 0x614 - pdb path: .;C:\Program Files\Android\Android Studio\jbr\bin;C:\WINDOWS\SYSTEM32;C:\WINDOWS\WinSxS\amd64_microsoft.windows.common-controls_6595b64144ccf1df_6.0.19041.4355_none_60b8b9eb71f62e16;C:\Program Files\Android\Android Studio\jbr\bin\server;C:\Users\PMLS\.gradle\native\c067742578af261105cb4f569cf0c3c89f3d7b1fecec35dd04571415982c5e48\windows-amd64;C:\Users\PMLS\.gradle\native\38dada09dfb8b06ba9b0570ebf7e218e3eb74d4ef43ca46872605cf95ebc2f47\windows-amd64

VM Arguments:
jvm_args: --add-opens=java.base/java.util=ALL-UNNAMED --add-opens=java.base/java.lang=ALL-UNNAMED --add-opens=java.base/java.lang.invoke=ALL-UNNAMED --add-opens=java.prefs/java.util.prefs=ALL-UNNAMED --add-opens=java.base/java.nio.charset=ALL-UNNAMED --add-opens=java.base/java.net=ALL-UNNAMED --add-opens=java.base/java.util.concurrent.atomic=ALL-UNNAMED -Xmx2048m -Dfile.encoding=UTF-8 -Duser.country=US -Duser.language=en -Duser.variant -javaagent:C:\Users\PMLS\.gradle\wrapper\dists\gradle-8.7-bin\bhs2wmbdwecv87pi65oeuq5iu\gradle-8.7\lib\agents\gradle-instrumentation-agent-8.7.jar 
java_command: org.gradle.launcher.daemon.bootstrap.GradleDaemon 8.7
java_class_path (initial): C:\Users\PMLS\.gradle\wrapper\dists\gradle-8.7-bin\bhs2wmbdwecv87pi65oeuq5iu\gradle-8.7\lib\gradle-launcher-8.7.jar
Launcher Type: SUN_STANDARD

[Global flags]
     intx CICompilerCount                          = 4                                         {product} {ergonomic}
     uint ConcGCThreads                            = 3                                         {product} {ergonomic}
     uint G1ConcRefinementThreads                  = 10                                        {product} {ergonomic}
   size_t G1HeapRegionSize                         = 1048576                                   {product} {ergonomic}
    uintx GCDrainStackTargetSize                   = 64                                        {product} {ergonomic}
   size_t InitialHeapSize                          = 130023424                                 {product} {ergonomic}
   size_t MarkStackSize                            = 4194304                                   {product} {ergonomic}
   size_t MaxHeapSize                              = 2147483648                                {product} {command line}
   size_t MaxNewSize                               = 1287651328                                {product} {ergonomic}
   size_t MinHeapDeltaBytes                        = 1048576                                   {product} {ergonomic}
   size_t MinHeapSize                              = 8388608                                   {product} {ergonomic}
    uintx NonNMethodCodeHeapSize                   = 5839372                                {pd product} {ergonomic}
    uintx NonProfiledCodeHeapSize                  = 122909434                              {pd product} {ergonomic}
    uintx ProfiledCodeHeapSize                     = 122909434                              {pd product} {ergonomic}
    uintx ReservedCodeCacheSize                    = 251658240                              {pd product} {ergonomic}
     bool SegmentedCodeCache                       = true                                      {product} {ergonomic}
   size_t SoftMaxHeapSize                          = 2147483648                             {manageable} {ergonomic}
     bool UseCompressedClassPointers               = true                           {product lp64_product} {ergonomic}
     bool UseCompressedOops                        = true                           {product lp64_product} {ergonomic}
     bool UseG1GC                                  = true                                      {product} {ergonomic}
     bool UseLargePagesIndividualAllocation        = false                                  {pd product} {ergonomic}

Logging:
Log output configuration:
 #0: stdout all=warning uptime,level,tags
 #1: stderr all=off uptime,level,tags

Environment Variables:
PATH=C:\Program Files\Common Files\Oracle\Java\javapath;C:\WINDOWS\system32;C:\WINDOWS;C:\WINDOWS\System32\Wbem;C:\WINDOWS\System32\WindowsPowerShell\v1.0\;C:\WINDOWS\System32\OpenSSH\;C:\Users\PMLS\AppData\Local\Microsoft\WindowsApps;C:\Users\PMLS\AppData\Local\Programs\Microsoft VS Code\bin
USERNAME=PMYLS
OS=Windows_NT
PROCESSOR_IDENTIFIER=Intel64 Family 6 Model 154 Stepping 4, GenuineIntel
TMP=C:\Users\PMLS\AppData\Local\Temp
TEMP=C:\Users\PMLS\AppData\Local\Temp



Periodic native trim disabled

JNI global refs:
JNI global refs: 29, weak refs: 2

JNI global refs memory usage: 843, weak refs: 841

Process memory usage:
Resident Set Size: 282404K (3% of 8106488K total physical memory with 482424K free physical memory)

OOME stack traces (most recent first):
Classloader memory used:
Loader org.gradle.internal.classloader.VisitableURLClassLoader                         : 3118K
Loader bootstrap                                                                       : 2365K
Loader org.gradle.initialization.MixInLegacyTypesClassLoader                           : 767K
Loader org.gradle.internal.classloader.VisitableURLClassLoader                         : 81141B
Loader org.gradle.internal.classloader.VisitableURLClassLoader$InstrumentingVisitableURLClassLoader: 75339B
Loader jdk.internal.loader.ClassLoaders$PlatformClassLoader                            : 64969B
Loader jdk.internal.loader.ClassLoaders$AppClassLoader                                 : 28714B
Loader jdk.internal.reflect.DelegatingClassLoader                                      : 27564B
Loader org.gradle.groovy.scripts.internal.DefaultScriptCompilationHandler$ScriptClassLoader: 10876B
Loader org.codehaus.groovy.runtime.callsite.CallSiteClassLoader                        : 6077B

Classes loaded by more than one classloader:
Class org.gradle.api.GradleException                                                  : loaded 3 times (x 80B)
Class org.gradle.util.GradleVersion                                                   : loaded 2 times (x 81B)
Class org.jetbrains.plugins.gradle.model.MavenRepositoryModel                         : loaded 2 times (x 68B)
Class org.gradle.internal.classpath.ClassPath                                         : loaded 2 times (x 68B)
Class org.gradle.api.internal.classpath.DefaultModuleRegistry                         : loaded 2 times (x 84B)
Class org.gradle.internal.exceptions.NonGradleCauseExceptionsHolder                   : loaded 2 times (x 68B)
Class org.gradle.api.Action                                                           : loaded 2 times (x 68B)
Class ijInit1_a6eqhmp0i9ztyx1sql8o9y4z0                                               : loaded 2 times (x 177B)
Class org.gradle.api.internal.DefaultClassPathProvider                                : loaded 2 times (x 74B)
Class org.gradle.internal.installation.GradleInstallation$1                           : loaded 2 times (x 73B)
Class org.gradle.internal.exceptions.DefaultMultiCauseException                       : loaded 2 times (x 93B)
Class org.gradle.internal.time.MonotonicClock                                         : loaded 2 times (x 75B)
Class org.gradle.internal.classloader.FilteringClassLoader                            : loaded 2 times (x 103B)
Class org.gradle.internal.classpath.DefaultClassPath$ImmutableUniqueList$Builder      : loaded 2 times (x 73B)
Class org.gradle.internal.classloader.ClassLoaderVisitor                              : loaded 2 times (x 74B)
Class org.gradle.internal.time.DefaultCountdownTimer                                  : loaded 2 times (x 86B)
Class org.gradle.internal.service.DefaultServiceLocator                               : loaded 2 times (x 81B)
Class org.gradle.internal.service.UnknownServiceException                             : loaded 2 times (x 81B)
Class org.gradle.internal.classloader.DefaultClassLoaderFactory                       : loaded 2 times (x 80B)
Class org.gradle.internal.classloader.VisitableURLClassLoader$Spec                    : loaded 2 times (x 72B)
Class org.gradle.tooling.model.ProjectModel                                           : loaded 2 times (x 68B)
Class org.gradle.internal.installation.GradleInstallation                             : loaded 2 times (x 73B)
Class org.gradle.api.internal.classpath.ModuleRegistry                                : loaded 2 times (x 68B)
Class sync_studio_tooling7_1ab5uy7h5byc33f107p0oztfg$_run_closure1                    : loaded 2 times (x 137B)
Class org.jetbrains.plugins.gradle.model.RepositoriesModel                            : loaded 2 times (x 68B)
Class org.gradle.api.internal.ClassPathProvider                                       : loaded 2 times (x 68B)
Class org.gradle.internal.classloader.ClasspathUtil$1                                 : loaded 2 times (x 74B)
Class org.gradle.internal.classloader.ClassLoaderFactory                              : loaded 2 times (x 68B)
Class sync_studio_tooling7_1ab5uy7h5byc33f107p0oztfg                                  : loaded 2 times (x 177B)
Class org.gradle.api.internal.classpath.ManifestUtil                                  : loaded 2 times (x 69B)
Class org.gradle.api.specs.Spec                                                       : loaded 2 times (x 68B)
Class org.gradle.internal.IoActions                                                   : loaded 2 times (x 69B)
Class org.gradle.api.internal.classpath.EffectiveClassPath                            : loaded 2 times (x 88B)
Class org.gradle.internal.exceptions.ResolutionProvider                               : loaded 2 times (x 68B)
Class org.gradle.internal.installation.CurrentGradleInstallation                      : loaded 2 times (x 71B)
Class org.gradle.internal.agents.InstrumentingClassLoader                             : loaded 2 times (x 68B)
Class org.gradle.internal.installation.CurrentGradleInstallationLocator               : loaded 2 times (x 69B)
Class org.gradle.api.internal.classpath.Module                                        : loaded 2 times (x 68B)
Class org.gradle.internal.service.CachingServiceLocator                               : loaded 2 times (x 80B)
Class org.gradle.internal.time.Timer                                                  : loaded 2 times (x 68B)
Class org.gradle.internal.classpath.DefaultClassPath                                  : loaded 2 times (x 88B)
Class org.gradle.internal.time.Time                                                   : loaded 2 times (x 69B)
Class org.gradle.internal.time.TimeSource$1                                           : loaded 2 times (x 75B)
Class org.gradle.internal.classloader.SystemClassLoaderSpec                           : loaded 2 times (x 69B)
Class kotlin.Function                                                                 : loaded 2 times (x 68B)
Class org.gradle.api.UncheckedIOException                                             : loaded 2 times (x 80B)
Class org.gradle.internal.time.CountdownTimer                                         : loaded 2 times (x 68B)
Class org.gradle.internal.time.Clock                                                  : loaded 2 times (x 68B)
Class org.gradle.internal.classloader.ClasspathUtil                                   : loaded 2 times (x 69B)
Class org.gradle.api.internal.DefaultClassPathRegistry                                : loaded 2 times (x 74B)
Class org.gradle.api.internal.classpath.DefaultModuleRegistry$DefaultModule           : loaded 2 times (x 84B)
Class org.gradle.internal.time.TimeSource                                             : loaded 2 times (x 68B)
Class org.gradle.api.internal.classpath.UnknownModuleException                        : loaded 2 times (x 80B)
Class org.gradle.internal.service.ServiceLookupException                              : loaded 2 times (x 80B)
Class org.gradle.cache.GlobalCache                                                    : loaded 2 times (x 68B)
Class [Lorg.gradle.api.internal.ClassPathProvider;                                    : loaded 2 times (x 67B)
Class org.gradle.internal.operations.MultipleBuildOperationFailures                   : loaded 2 times (x 93B)
Class org.gradle.util.internal.GUtil                                                  : loaded 2 times (x 69B)
Class org.gradle.internal.classloader.ClassLoaderSpec                                 : loaded 2 times (x 69B)
Class org.gradle.internal.classloader.VisitableURLClassLoader                         : loaded 2 times (x 115B)
Class org.gradle.internal.Cast                                                        : loaded 2 times (x 69B)
Class org.gradle.api.internal.ClassPathRegistry                                       : loaded 2 times (x 68B)
Class org.gradle.internal.classloader.VisitableURLClassLoader$InstrumentingVisitableURLClassLoader: loaded 2 times (x 121B)
Class org.gradle.internal.classloader.ClassLoaderHierarchy                            : loaded 2 times (x 68B)
Class org.gradle.internal.exceptions.MultiCauseException                              : loaded 2 times (x 68B)
Class org.gradle.internal.InternalTransformer                                         : loaded 2 times (x 68B)
Class org.gradle.internal.service.ServiceLocator                                      : loaded 2 times (x 68B)
Class org.gradle.internal.classpath.DefaultClassPath$ImmutableUniqueList              : loaded 2 times (x 159B)
Class org.gradle.internal.time.DefaultTimer                                           : loaded 2 times (x 78B)
Class org.gradle.internal.classpath.TransformedClassPath                              : loaded 2 times (x 94B)


---------------  S Y S T E M  ---------------

OS:
 Windows 10 , 64 bit Build 19041 (10.0.19041.4842)
OS uptime: 0 days 15:10 hours

CPU: total 12 (initial active 12) (12 cores per cpu, 1 threads per core) family 6 model 154 stepping 4 microcode 0x424, cx8, cmov, fxsr, mmx, 3dnowpref, sse, sse2, sse3, ssse3, sse4.1, sse4.2, popcnt, lzcnt, tsc, tscinvbit, avx, avx2, aes, erms, clmul, bmi1, bmi2, adx, sha, fma, vzeroupper, clflush, clflushopt, clwb
Processor Information for processor 0
  Max Mhz: 1300, Current Mhz: 1300, Mhz Limit: 1300
Processor Information for processor 1
  Max Mhz: 1300, Current Mhz: 1300, Mhz Limit: 1300
Processor Information for processor 2
  Max Mhz: 1300, Current Mhz: 1300, Mhz Limit: 1300
Processor Information for processor 3
  Max Mhz: 1300, Current Mhz: 1300, Mhz Limit: 1300
Processor Information for processor 4
  Max Mhz: 900, Current Mhz: 900, Mhz Limit: 900
Processor Information for processor 5
  Max Mhz: 900, Current Mhz: 900, Mhz Limit: 900
Processor Information for processor 6
  Max Mhz: 900, Current Mhz: 900, Mhz Limit: 900
Processor Information for processor 7
  Max Mhz: 900, Current Mhz: 900, Mhz Limit: 900
Processor Information for processor 8
  Max Mhz: 900, Current Mhz: 900, Mhz Limit: 900
Processor Information for processor 9
  Max Mhz: 900, Current Mhz: 900, Mhz Limit: 900
Processor Information for processor 10
  Max Mhz: 900, Current Mhz: 900, Mhz Limit: 900
Processor Information for processor 11
  Max Mhz: 900, Current Mhz: 900, Mhz Limit: 900

Memory: 4k page, system-wide physical 7916M (468M free)
TotalPageFile size 12012M (AvailPageFile size 4M)
current process WorkingSet (physical memory assigned to process): 276M, peak: 276M
current process commit charge ("private bytes"): 340M, peak: 342M

vm_info: OpenJDK 64-Bit Server VM (17.0.11+0--11852314) for windows-amd64 JRE (17.0.11+0--11852314), built on May 16 2024 21:29:20 by "androidbuild" with MS VC++ 16.10 / 16.11 (VS2019)

END.
