#
# There is insufficient memory for the Java Runtime Environment to continue.
# Native memory allocation (malloc) failed to allocate 1927696 bytes. Error detail: Chunk::new
# Possible reasons:
#   The system is out of physical RAM or swap space
#   This process is running with CompressedOops enabled, and the Java Heap may be blocking the growth of the native heap
# Possible solutions:
#   Reduce memory load on the system
#   Increase physical memory or swap space
#   Check if swap backing store is full
#   Decrease Java heap size (-Xmx/-Xms)
#   Decrease number of Java threads
#   Decrease Java thread stack sizes (-Xss)
#   Set larger code cache with -XX:ReservedCodeCacheSize=
#   JVM is running with Unscaled Compressed Oops mode in which the Java heap is
#     placed in the first 4GB address space. The Java Heap base address is the
#     maximum limit for the native heap growth. Please use -XX:HeapBaseMinAddress
#     to set the Java Heap base and to place the Java Heap above 4GB virtual address.
# This output file may be truncated or incomplete.
#
#  Out of Memory Error (arena.cpp:191), pid=10684, tid=12652
#
# JRE version: OpenJDK Runtime Environment (17.0.11) (build 17.0.11+0--11852314)
# Java VM: OpenJDK 64-Bit Server VM (17.0.11+0--11852314, mixed mode, tiered, compressed oops, compressed class ptrs, g1 gc, windows-amd64)
# No core dump will be written. Minidumps are not enabled by default on client versions of Windows
#

---------------  S U M M A R Y ------------

Command Line: --add-opens=java.base/java.util=ALL-UNNAMED --add-opens=java.base/java.lang=ALL-UNNAMED --add-opens=java.base/java.lang.invoke=ALL-UNNAMED --add-opens=java.prefs/java.util.prefs=ALL-UNNAMED --add-opens=java.base/java.nio.charset=ALL-UNNAMED --add-opens=java.base/java.net=ALL-UNNAMED --add-opens=java.base/java.util.concurrent.atomic=ALL-UNNAMED -Xmx2048m -Dfile.encoding=UTF-8 -Duser.country=US -Duser.language=en -Duser.variant -javaagent:C:\Users\PMLS\.gradle\wrapper\dists\gradle-8.7-bin\bhs2wmbdwecv87pi65oeuq5iu\gradle-8.7\lib\agents\gradle-instrumentation-agent-8.7.jar org.gradle.launcher.daemon.bootstrap.GradleDaemon 8.7

Host: 12th Gen Intel(R) Core(TM) i5-1235U, 12 cores, 7G,  Windows 10 , 64 bit Build 19041 (10.0.19041.4842)
Time: Thu Oct  3 01:51:47 2024 Pakistan Standard Time elapsed time: 2.275776 seconds (0d 0h 0m 2s)

---------------  T H R E A D  ---------------

Current thread (0x000002d8543f8360):  JavaThread "C2 CompilerThread2" daemon [_thread_in_native, id=12652, stack(0x000000f974700000,0x000000f974800000)]


Current CompileTask:
C2:   2275 2663       4       java.lang.invoke.MethodType::makeImpl (109 bytes)

Stack: [0x000000f974700000,0x000000f974800000]
Native frames: (J=compiled Java code, j=interpreted, Vv=VM code, C=native code)
V  [jvm.dll+0x687bb9]
V  [jvm.dll+0x84142a]
V  [jvm.dll+0x8430ae]
V  [jvm.dll+0x843713]
V  [jvm.dll+0x24a35f]
V  [jvm.dll+0xac544]
V  [jvm.dll+0xacb8c]
V  [jvm.dll+0x369be2]
V  [jvm.dll+0x33416a]
V  [jvm.dll+0x33360a]
V  [jvm.dll+0x21bed1]
V  [jvm.dll+0x21b311]
V  [jvm.dll+0x1a63ed]
V  [jvm.dll+0x22b1ee]
V  [jvm.dll+0x229375]
V  [jvm.dll+0x7f5647]
V  [jvm.dll+0x7efa4a]
V  [jvm.dll+0x686a35]
C  [ucrtbase.dll+0x21bb2]
C  [KERNEL32.DLL+0x17374]
C  [ntdll.dll+0x4cc91]


---------------  P R O C E S S  ---------------

Threads class SMR info:
_java_thread_list=0x000002d8592f4590, length=42, elements={
0x000002d8339fe160, 0x000002d84fc8cb70, 0x000002d84fc8d900, 0x000002d84fca6f10,
0x000002d854036400, 0x000002d854036cd0, 0x000002d8540375a0, 0x000002d8540381a0,
0x000002d85403aac0, 0x000002d85403b3d0, 0x000002d8540893e0, 0x000002d8542228d0,
0x000002d854444fb0, 0x000002d8543f8360, 0x000002d855caf930, 0x000002d85558d7f0,
0x000002d855894ae0, 0x000002d8562ed2c0, 0x000002d8565a2020, 0x000002d8561c0030,
0x000002d85687f5b0, 0x000002d8561c28a0, 0x000002d8561c5120, 0x000002d8561c4700,
0x000002d8561c5630, 0x000002d8561c4c10, 0x000002d8561c2db0, 0x000002d8561c32c0,
0x000002d8561c5b40, 0x000002d8561c37d0, 0x000002d8561c6050, 0x000002d8561c41f0,
0x000002d8573a1e70, 0x000002d8573a7990, 0x000002d8573a6a60, 0x000002d8573a3cd0,
0x000002d8573a6f70, 0x000002d8573a1960, 0x000002d8573a7480, 0x000002d8573a2da0,
0x000002d8573a41e0, 0x000002d8573a46f0
}

Java Threads: ( => current thread )
  0x000002d8339fe160 JavaThread "main" [_thread_blocked, id=13772, stack(0x000000f973300000,0x000000f973400000)]
  0x000002d84fc8cb70 JavaThread "Reference Handler" daemon [_thread_blocked, id=14688, stack(0x000000f973a00000,0x000000f973b00000)]
  0x000002d84fc8d900 JavaThread "Finalizer" daemon [_thread_blocked, id=14936, stack(0x000000f973b00000,0x000000f973c00000)]
  0x000002d84fca6f10 JavaThread "Signal Dispatcher" daemon [_thread_blocked, id=9028, stack(0x000000f973c00000,0x000000f973d00000)]
  0x000002d854036400 JavaThread "Attach Listener" daemon [_thread_blocked, id=13032, stack(0x000000f973d00000,0x000000f973e00000)]
  0x000002d854036cd0 JavaThread "Service Thread" daemon [_thread_blocked, id=15148, stack(0x000000f973e00000,0x000000f973f00000)]
  0x000002d8540375a0 JavaThread "Monitor Deflation Thread" daemon [_thread_blocked, id=7324, stack(0x000000f973f00000,0x000000f974000000)]
  0x000002d8540381a0 JavaThread "C2 CompilerThread0" daemon [_thread_in_native, id=13656, stack(0x000000f974000000,0x000000f974100000)]
  0x000002d85403aac0 JavaThread "C1 CompilerThread0" daemon [_thread_in_native, id=1532, stack(0x000000f974100000,0x000000f974200000)]
  0x000002d85403b3d0 JavaThread "Sweeper thread" daemon [_thread_blocked, id=11496, stack(0x000000f974200000,0x000000f974300000)]
  0x000002d8540893e0 JavaThread "Common-Cleaner" daemon [_thread_blocked, id=12720, stack(0x000000f974300000,0x000000f974400000)]
  0x000002d8542228d0 JavaThread "Notification Thread" daemon [_thread_blocked, id=8064, stack(0x000000f974400000,0x000000f974500000)]
  0x000002d854444fb0 JavaThread "C2 CompilerThread1" daemon [_thread_blocked, id=10808, stack(0x000000f974600000,0x000000f974700000)]
=>0x000002d8543f8360 JavaThread "C2 CompilerThread2" daemon [_thread_in_native, id=12652, stack(0x000000f974700000,0x000000f974800000)]
  0x000002d855caf930 JavaThread "Daemon health stats" [_thread_blocked, id=15856, stack(0x000000f974c00000,0x000000f974d00000)]
  0x000002d85558d7f0 JavaThread "Incoming local TCP Connector on port 56023" [_thread_in_native, id=13720, stack(0x000000f974d00000,0x000000f974e00000)]
  0x000002d855894ae0 JavaThread "Daemon periodic checks" [_thread_blocked, id=7404, stack(0x000000f974e00000,0x000000f974f00000)]
  0x000002d8562ed2c0 JavaThread "Daemon" [_thread_blocked, id=5128, stack(0x000000f974f00000,0x000000f975000000)]
  0x000002d8565a2020 JavaThread "Handler for socket connection from /127.0.0.1:56023 to /127.0.0.1:56024" [_thread_in_native, id=5612, stack(0x000000f975000000,0x000000f975100000)]
  0x000002d8561c0030 JavaThread "Cancel handler" [_thread_blocked, id=4696, stack(0x000000f975100000,0x000000f975200000)]
  0x000002d85687f5b0 JavaThread "Daemon worker" [_thread_in_vm, id=14024, stack(0x000000f975200000,0x000000f975300000)]
  0x000002d8561c28a0 JavaThread "Asynchronous log dispatcher for DefaultDaemonConnection: socket connection from /127.0.0.1:56023 to /127.0.0.1:56024" [_thread_blocked, id=12112, stack(0x000000f975300000,0x000000f975400000)]
  0x000002d8561c5120 JavaThread "Stdin handler" [_thread_blocked, id=7632, stack(0x000000f975400000,0x000000f975500000)]
  0x000002d8561c4700 JavaThread "Daemon client event forwarder" [_thread_blocked, id=10272, stack(0x000000f975500000,0x000000f975600000)]
  0x000002d8561c5630 JavaThread "Cache worker for journal cache (C:\Users\PMLS\.gradle\caches\journal-1)" [_thread_blocked, id=5168, stack(0x000000f975d00000,0x000000f975e00000)]
  0x000002d8561c4c10 JavaThread "File lock request listener" [_thread_in_native, id=11176, stack(0x000000f975e00000,0x000000f975f00000)]
  0x000002d8561c2db0 JavaThread "Cache worker for file hash cache (C:\Users\PMLS\.gradle\caches\8.7\fileHashes)" [_thread_blocked, id=1796, stack(0x000000f975f00000,0x000000f976000000)]
  0x000002d8561c32c0 JavaThread "Cache worker for file hash cache (C:\Users\PMLS\AndroidStudioProjects\TOODOOLISTAPP2\.gradle\8.7\fileHashes)" [_thread_blocked, id=11960, stack(0x000000f976000000,0x000000f976100000)]
  0x000002d8561c5b40 JavaThread "File watcher server" daemon [_thread_in_native, id=6972, stack(0x000000f976100000,0x000000f976200000)]
  0x000002d8561c37d0 JavaThread "File watcher consumer" daemon [_thread_blocked, id=12036, stack(0x000000f976200000,0x000000f976300000)]
  0x000002d8561c6050 JavaThread "jar transforms" [_thread_blocked, id=14964, stack(0x000000f976300000,0x000000f976400000)]
  0x000002d8561c41f0 JavaThread "jar transforms Thread 2" [_thread_blocked, id=10952, stack(0x000000f976400000,0x000000f976500000)]
  0x000002d8573a1e70 JavaThread "jar transforms Thread 3" [_thread_blocked, id=13080, stack(0x000000f976500000,0x000000f976600000)]
  0x000002d8573a7990 JavaThread "jar transforms Thread 4" [_thread_blocked, id=10308, stack(0x000000f976600000,0x000000f976700000)]
  0x000002d8573a6a60 JavaThread "jar transforms Thread 5" [_thread_blocked, id=4588, stack(0x000000f976700000,0x000000f976800000)]
  0x000002d8573a3cd0 JavaThread "jar transforms Thread 6" [_thread_blocked, id=15348, stack(0x000000f976800000,0x000000f976900000)]
  0x000002d8573a6f70 JavaThread "jar transforms Thread 7" [_thread_blocked, id=15532, stack(0x000000f976900000,0x000000f976a00000)]
  0x000002d8573a1960 JavaThread "jar transforms Thread 8" [_thread_blocked, id=8160, stack(0x000000f976a00000,0x000000f976b00000)]
  0x000002d8573a7480 JavaThread "jar transforms Thread 9" [_thread_blocked, id=7824, stack(0x000000f976b00000,0x000000f976c00000)]
  0x000002d8573a2da0 JavaThread "jar transforms Thread 10" [_thread_blocked, id=6392, stack(0x000000f976c00000,0x000000f976d00000)]
  0x000002d8573a41e0 JavaThread "jar transforms Thread 11" [_thread_blocked, id=10520, stack(0x000000f976d00000,0x000000f976e00000)]
  0x000002d8573a46f0 JavaThread "jar transforms Thread 12" [_thread_blocked, id=6512, stack(0x000000f976e00000,0x000000f976f00000)]

Other Threads:
  0x000002d84fcbe5c0 VMThread "VM Thread" [stack: 0x000000f973900000,0x000000f973a00000] [id=15264]
  0x000002d8339ff030 WatcherThread [stack: 0x000000f974500000,0x000000f974600000] [id=4536]
  0x000002d833a5b820 GCTaskThread "GC Thread#0" [stack: 0x000000f973400000,0x000000f973500000] [id=9096]
  0x000002d854ec48f0 GCTaskThread "GC Thread#1" [stack: 0x000000f974800000,0x000000f974900000] [id=8996]
  0x000002d854539270 GCTaskThread "GC Thread#2" [stack: 0x000000f974900000,0x000000f974a00000] [id=6860]
  0x000002d8551c8bb0 GCTaskThread "GC Thread#3" [stack: 0x000000f974a00000,0x000000f974b00000] [id=10060]
  0x000002d854c8fbc0 GCTaskThread "GC Thread#4" [stack: 0x000000f974b00000,0x000000f974c00000] [id=9604]
  0x000002d856244470 GCTaskThread "GC Thread#5" [stack: 0x000000f975600000,0x000000f975700000] [id=3380]
  0x000002d856b143c0 GCTaskThread "GC Thread#6" [stack: 0x000000f975700000,0x000000f975800000] [id=12728]
  0x000002d85611c4c0 GCTaskThread "GC Thread#7" [stack: 0x000000f975800000,0x000000f975900000] [id=14492]
  0x000002d855371330 GCTaskThread "GC Thread#8" [stack: 0x000000f975900000,0x000000f975a00000] [id=2440]
  0x000002d855d16f60 GCTaskThread "GC Thread#9" [stack: 0x000000f975a00000,0x000000f975b00000] [id=11216]
  0x000002d833a6c680 ConcurrentGCThread "G1 Main Marker" [stack: 0x000000f973500000,0x000000f973600000] [id=9992]
  0x000002d833a6cfb0 ConcurrentGCThread "G1 Conc#0" [stack: 0x000000f973600000,0x000000f973700000] [id=6784]
  0x000002d8561c6860 ConcurrentGCThread "G1 Conc#1" [stack: 0x000000f975b00000,0x000000f975c00000] [id=15804]
  0x000002d8555d9460 ConcurrentGCThread "G1 Conc#2" [stack: 0x000000f975c00000,0x000000f975d00000] [id=10880]
  0x000002d84fb030e0 ConcurrentGCThread "G1 Refine#0" [stack: 0x000000f973700000,0x000000f973800000] [id=16216]
  0x000002d84fb03a20 ConcurrentGCThread "G1 Service" [stack: 0x000000f973800000,0x000000f973900000] [id=15620]

Threads with active compile tasks:
C2 CompilerThread0     2297 2737       4       java.util.zip.ZipFile$Source::initCEN (591 bytes)
C1 CompilerThread0     2297 2768       3       sun.net.www.protocol.file.Handler::hostsEqual (65 bytes)
C2 CompilerThread2     2297 2663       4       java.lang.invoke.MethodType::makeImpl (109 bytes)

VM state: not at safepoint (normal execution)

VM Mutex/Monitor currently owned by a thread:  ([mutex/lock_event])
[0x000002d8339f9dd0] CodeCache_lock - owner thread: 0x000002d85403aac0
[0x000002d8339fcb90] Compile_lock - owner thread: 0x000002d85403aac0
[0x000002d8339fd520] MethodCompileQueue_lock - owner thread: 0x000002d85403aac0

Heap address: 0x0000000080000000, size: 2048 MB, Compressed Oops mode: 32-bit

CDS archive(s) not mapped
Compressed class space mapped at: 0x0000000100000000-0x0000000140000000, reserved size: 1073741824
Narrow klass base: 0x0000000000000000, Narrow klass shift: 3, Narrow klass range: 0x140000000

GC Precious Log:
 CPUs: 12 total, 12 available
 Memory: 7916M
 Large Page Support: Disabled
 NUMA Support: Disabled
 Compressed Oops: Enabled (32-bit)
 Heap Region Size: 1M
 Heap Min Capacity: 8M
 Heap Initial Capacity: 124M
 Heap Max Capacity: 2G
 Pre-touch: Disabled
 Parallel Workers: 10
 Concurrent Workers: 3
 Concurrent Refinement Workers: 10
 Periodic GC: Disabled

Heap:
 garbage-first heap   total 86016K, used 43754K [0x0000000080000000, 0x0000000100000000)
  region size 1024K, 18 young (18432K), 4 survivors (4096K)
 Metaspace       used 31950K, committed 32320K, reserved 1114112K
  class space    used 4321K, committed 4480K, reserved 1048576K

Heap Regions: E=young(eden), S=young(survivor), O=old, HS=humongous(starts), HC=humongous(continues), CS=collection set, F=free, OA=open archive, CA=closed archive, TAMS=top-at-mark-start (previous, next)
|   0|0x0000000080000000, 0x0000000080100000, 0x0000000080100000|100%|HS|  |TAMS 0x0000000080100000, 0x0000000080000000| Complete 
|   1|0x0000000080100000, 0x0000000080200000, 0x0000000080200000|100%|HC|  |TAMS 0x0000000080200000, 0x0000000080100000| Complete 
|   2|0x0000000080200000, 0x0000000080300000, 0x0000000080300000|100%|HC|  |TAMS 0x0000000080300000, 0x0000000080200000| Complete 
|   3|0x0000000080300000, 0x0000000080400000, 0x0000000080400000|100%|HC|  |TAMS 0x0000000080400000, 0x0000000080300000| Complete 
|   4|0x0000000080400000, 0x0000000080500000, 0x0000000080500000|100%| O|  |TAMS 0x0000000080500000, 0x0000000080400000| Untracked 
|   5|0x0000000080500000, 0x0000000080600000, 0x0000000080600000|100%| O|  |TAMS 0x0000000080600000, 0x0000000080500000| Untracked 
|   6|0x0000000080600000, 0x0000000080700000, 0x0000000080700000|100%| O|  |TAMS 0x0000000080700000, 0x0000000080600000| Untracked 
|   7|0x0000000080700000, 0x0000000080800000, 0x0000000080800000|100%| O|  |TAMS 0x0000000080800000, 0x0000000080700000| Untracked 
|   8|0x0000000080800000, 0x0000000080900000, 0x0000000080900000|100%| O|  |TAMS 0x0000000080900000, 0x0000000080800000| Untracked 
|   9|0x0000000080900000, 0x0000000080a00000, 0x0000000080a00000|100%| O|  |TAMS 0x0000000080a00000, 0x0000000080900000| Untracked 
|  10|0x0000000080a00000, 0x0000000080aafa00, 0x0000000080b00000| 68%| O|  |TAMS 0x0000000080aafa00, 0x0000000080a00000| Untracked 
|  11|0x0000000080b00000, 0x0000000080c00000, 0x0000000080c00000|100%| O|  |TAMS 0x0000000080b00000, 0x0000000080b00000| Untracked 
|  12|0x0000000080c00000, 0x0000000080d00000, 0x0000000080d00000|100%| O|  |TAMS 0x0000000080c00000, 0x0000000080c00000| Untracked 
|  13|0x0000000080d00000, 0x0000000080e00000, 0x0000000080e00000|100%| O|  |TAMS 0x0000000080d00000, 0x0000000080d00000| Untracked 
|  14|0x0000000080e00000, 0x0000000080f00000, 0x0000000080f00000|100%| O|  |TAMS 0x0000000080e00000, 0x0000000080e00000| Untracked 
|  15|0x0000000080f00000, 0x0000000081000000, 0x0000000081000000|100%| O|  |TAMS 0x0000000080f00000, 0x0000000080f00000| Untracked 
|  16|0x0000000081000000, 0x0000000081100000, 0x0000000081100000|100%| O|  |TAMS 0x0000000081000000, 0x0000000081000000| Untracked 
|  17|0x0000000081100000, 0x0000000081200000, 0x0000000081200000|100%| O|  |TAMS 0x0000000081100000, 0x0000000081100000| Untracked 
|  18|0x0000000081200000, 0x0000000081300000, 0x0000000081300000|100%| O|  |TAMS 0x0000000081200000, 0x0000000081200000| Untracked 
|  19|0x0000000081300000, 0x0000000081393c00, 0x0000000081400000| 57%| O|  |TAMS 0x0000000081300000, 0x0000000081300000| Untracked 
|  20|0x0000000081400000, 0x0000000081500000, 0x0000000081500000|100%|HS|  |TAMS 0x0000000081400000, 0x0000000081400000| Complete 
|  21|0x0000000081500000, 0x0000000081600000, 0x0000000081600000|100%|HC|  |TAMS 0x0000000081500000, 0x0000000081500000| Complete 
|  22|0x0000000081600000, 0x0000000081700000, 0x0000000081700000|100%|HC|  |TAMS 0x0000000081600000, 0x0000000081600000| Complete 
|  23|0x0000000081700000, 0x0000000081800000, 0x0000000081800000|100%|HC|  |TAMS 0x0000000081700000, 0x0000000081700000| Complete 
|  24|0x0000000081800000, 0x0000000081900000, 0x0000000081900000|100%|HC|  |TAMS 0x0000000081800000, 0x0000000081800000| Complete 
|  25|0x0000000081900000, 0x0000000081a00000, 0x0000000081a00000|100%|HS|  |TAMS 0x0000000081900000, 0x0000000081900000| Complete 
|  26|0x0000000081a00000, 0x0000000081b00000, 0x0000000081b00000|100%|HC|  |TAMS 0x0000000081a00000, 0x0000000081a00000| Complete 
|  27|0x0000000081b00000, 0x0000000081c00000, 0x0000000081c00000|100%|HC|  |TAMS 0x0000000081b00000, 0x0000000081b00000| Complete 
|  28|0x0000000081c00000, 0x0000000081c00000, 0x0000000081d00000|  0%| F|  |TAMS 0x0000000081c00000, 0x0000000081c00000| Untracked 
|  29|0x0000000081d00000, 0x0000000081d00000, 0x0000000081e00000|  0%| F|  |TAMS 0x0000000081d00000, 0x0000000081d00000| Untracked 
|  30|0x0000000081e00000, 0x0000000081e00000, 0x0000000081f00000|  0%| F|  |TAMS 0x0000000081e00000, 0x0000000081e00000| Untracked 
|  31|0x0000000081f00000, 0x0000000081f00000, 0x0000000082000000|  0%| F|  |TAMS 0x0000000081f00000, 0x0000000081f00000| Untracked 
|  32|0x0000000082000000, 0x0000000082000000, 0x0000000082100000|  0%| F|  |TAMS 0x0000000082000000, 0x0000000082000000| Untracked 
|  33|0x0000000082100000, 0x0000000082100000, 0x0000000082200000|  0%| F|  |TAMS 0x0000000082100000, 0x0000000082100000| Untracked 
|  34|0x0000000082200000, 0x0000000082200000, 0x0000000082300000|  0%| F|  |TAMS 0x0000000082200000, 0x0000000082200000| Untracked 
|  35|0x0000000082300000, 0x0000000082300000, 0x0000000082400000|  0%| F|  |TAMS 0x0000000082300000, 0x0000000082300000| Untracked 
|  36|0x0000000082400000, 0x0000000082400000, 0x0000000082500000|  0%| F|  |TAMS 0x0000000082400000, 0x0000000082400000| Untracked 
|  37|0x0000000082500000, 0x0000000082500000, 0x0000000082600000|  0%| F|  |TAMS 0x0000000082500000, 0x0000000082500000| Untracked 
|  38|0x0000000082600000, 0x00000000826774e0, 0x0000000082700000| 46%| S|CS|TAMS 0x0000000082600000, 0x0000000082600000| Complete 
|  39|0x0000000082700000, 0x0000000082800000, 0x0000000082800000|100%| S|CS|TAMS 0x0000000082700000, 0x0000000082700000| Complete 
|  40|0x0000000082800000, 0x0000000082900000, 0x0000000082900000|100%| S|CS|TAMS 0x0000000082800000, 0x0000000082800000| Complete 
|  41|0x0000000082900000, 0x0000000082a00000, 0x0000000082a00000|100%| S|CS|TAMS 0x0000000082900000, 0x0000000082900000| Complete 
|  42|0x0000000082a00000, 0x0000000082a00000, 0x0000000082b00000|  0%| F|  |TAMS 0x0000000082a00000, 0x0000000082a00000| Untracked 
|  43|0x0000000082b00000, 0x0000000082b00000, 0x0000000082c00000|  0%| F|  |TAMS 0x0000000082b00000, 0x0000000082b00000| Untracked 
|  44|0x0000000082c00000, 0x0000000082c00000, 0x0000000082d00000|  0%| F|  |TAMS 0x0000000082c00000, 0x0000000082c00000| Untracked 
|  45|0x0000000082d00000, 0x0000000082d00000, 0x0000000082e00000|  0%| F|  |TAMS 0x0000000082d00000, 0x0000000082d00000| Untracked 
|  46|0x0000000082e00000, 0x0000000082e00000, 0x0000000082f00000|  0%| F|  |TAMS 0x0000000082e00000, 0x0000000082e00000| Untracked 
|  47|0x0000000082f00000, 0x0000000082f00000, 0x0000000083000000|  0%| F|  |TAMS 0x0000000082f00000, 0x0000000082f00000| Untracked 
|  48|0x0000000083000000, 0x0000000083000000, 0x0000000083100000|  0%| F|  |TAMS 0x0000000083000000, 0x0000000083000000| Untracked 
|  49|0x0000000083100000, 0x0000000083100000, 0x0000000083200000|  0%| F|  |TAMS 0x0000000083100000, 0x0000000083100000| Untracked 
|  50|0x0000000083200000, 0x0000000083200000, 0x0000000083300000|  0%| F|  |TAMS 0x0000000083200000, 0x0000000083200000| Untracked 
|  51|0x0000000083300000, 0x0000000083300000, 0x0000000083400000|  0%| F|  |TAMS 0x0000000083300000, 0x0000000083300000| Untracked 
|  52|0x0000000083400000, 0x0000000083400000, 0x0000000083500000|  0%| F|  |TAMS 0x0000000083400000, 0x0000000083400000| Untracked 
|  53|0x0000000083500000, 0x0000000083500000, 0x0000000083600000|  0%| F|  |TAMS 0x0000000083500000, 0x0000000083500000| Untracked 
|  54|0x0000000083600000, 0x0000000083600000, 0x0000000083700000|  0%| F|  |TAMS 0x0000000083600000, 0x0000000083600000| Untracked 
|  55|0x0000000083700000, 0x0000000083700000, 0x0000000083800000|  0%| F|  |TAMS 0x0000000083700000, 0x0000000083700000| Untracked 
|  56|0x0000000083800000, 0x0000000083800000, 0x0000000083900000|  0%| F|  |TAMS 0x0000000083800000, 0x0000000083800000| Untracked 
|  57|0x0000000083900000, 0x0000000083900000, 0x0000000083a00000|  0%| F|  |TAMS 0x0000000083900000, 0x0000000083900000| Untracked 
|  58|0x0000000083a00000, 0x0000000083a00000, 0x0000000083b00000|  0%| F|  |TAMS 0x0000000083a00000, 0x0000000083a00000| Untracked 
|  59|0x0000000083b00000, 0x0000000083b00000, 0x0000000083c00000|  0%| F|  |TAMS 0x0000000083b00000, 0x0000000083b00000| Untracked 
|  60|0x0000000083c00000, 0x0000000083c00000, 0x0000000083d00000|  0%| F|  |TAMS 0x0000000083c00000, 0x0000000083c00000| Untracked 
|  61|0x0000000083d00000, 0x0000000083d00000, 0x0000000083e00000|  0%| F|  |TAMS 0x0000000083d00000, 0x0000000083d00000| Untracked 
|  62|0x0000000083e00000, 0x0000000083e00000, 0x0000000083f00000|  0%| F|  |TAMS 0x0000000083e00000, 0x0000000083e00000| Untracked 
|  63|0x0000000083f00000, 0x0000000083f00000, 0x0000000084000000|  0%| F|  |TAMS 0x0000000083f00000, 0x0000000083f00000| Untracked 
|  64|0x0000000084000000, 0x0000000084000000, 0x0000000084100000|  0%| F|  |TAMS 0x0000000084000000, 0x0000000084000000| Untracked 
|  65|0x0000000084100000, 0x0000000084100000, 0x0000000084200000|  0%| F|  |TAMS 0x0000000084100000, 0x0000000084100000| Untracked 
|  66|0x0000000084200000, 0x0000000084200000, 0x0000000084300000|  0%| F|  |TAMS 0x0000000084200000, 0x0000000084200000| Untracked 
|  67|0x0000000084300000, 0x0000000084300000, 0x0000000084400000|  0%| F|  |TAMS 0x0000000084300000, 0x0000000084300000| Untracked 
|  68|0x0000000084400000, 0x0000000084400000, 0x0000000084500000|  0%| F|  |TAMS 0x0000000084400000, 0x0000000084400000| Untracked 
|  69|0x0000000084500000, 0x0000000084500000, 0x0000000084600000|  0%| F|  |TAMS 0x0000000084500000, 0x0000000084500000| Untracked 
|  70|0x0000000084600000, 0x0000000084680650, 0x0000000084700000| 50%| E|  |TAMS 0x0000000084600000, 0x0000000084600000| Complete 
|  71|0x0000000084700000, 0x0000000084800000, 0x0000000084800000|100%| E|CS|TAMS 0x0000000084700000, 0x0000000084700000| Complete 
|  72|0x0000000084800000, 0x0000000084900000, 0x0000000084900000|100%| E|CS|TAMS 0x0000000084800000, 0x0000000084800000| Complete 
|  73|0x0000000084900000, 0x0000000084a00000, 0x0000000084a00000|100%| E|  |TAMS 0x0000000084900000, 0x0000000084900000| Complete 
|  74|0x0000000084a00000, 0x0000000084b00000, 0x0000000084b00000|100%| E|CS|TAMS 0x0000000084a00000, 0x0000000084a00000| Complete 
|  75|0x0000000084b00000, 0x0000000084c00000, 0x0000000084c00000|100%| E|CS|TAMS 0x0000000084b00000, 0x0000000084b00000| Complete 
|  76|0x0000000084c00000, 0x0000000084d00000, 0x0000000084d00000|100%| E|CS|TAMS 0x0000000084c00000, 0x0000000084c00000| Complete 
|  77|0x0000000084d00000, 0x0000000084e00000, 0x0000000084e00000|100%| E|CS|TAMS 0x0000000084d00000, 0x0000000084d00000| Complete 
|  78|0x0000000084e00000, 0x0000000084f00000, 0x0000000084f00000|100%| E|CS|TAMS 0x0000000084e00000, 0x0000000084e00000| Complete 
|  79|0x0000000084f00000, 0x0000000085000000, 0x0000000085000000|100%| E|CS|TAMS 0x0000000084f00000, 0x0000000084f00000| Complete 
|  80|0x0000000085000000, 0x0000000085100000, 0x0000000085100000|100%| E|CS|TAMS 0x0000000085000000, 0x0000000085000000| Complete 
|  81|0x0000000085100000, 0x0000000085200000, 0x0000000085200000|100%| E|CS|TAMS 0x0000000085100000, 0x0000000085100000| Complete 
|  82|0x0000000085200000, 0x0000000085300000, 0x0000000085300000|100%| E|CS|TAMS 0x0000000085200000, 0x0000000085200000| Complete 
| 123|0x0000000087b00000, 0x0000000087c00000, 0x0000000087c00000|100%| E|CS|TAMS 0x0000000087b00000, 0x0000000087b00000| Complete 

Card table byte_map: [0x000002d848780000,0x000002d848b80000] _byte_map_base: 0x000002d848380000

Marking Bits (Prev, Next): (CMBitMap*) 0x000002d833a5bd90, (CMBitMap*) 0x000002d833a5bd50
 Prev Bits: [0x000002d84af80000, 0x000002d84cf80000)
 Next Bits: [0x000002d848f80000, 0x000002d84af80000)

Polling page: 0x000002d8337c0000

Metaspace:

Usage:
  Non-class:     26.98 MB used.
      Class:      4.22 MB used.
       Both:     31.21 MB used.

Virtual space:
  Non-class space:       64.00 MB reserved,      27.19 MB ( 42%) committed,  1 nodes.
      Class space:        1.00 GB reserved,       4.38 MB ( <1%) committed,  1 nodes.
             Both:        1.06 GB reserved,      31.56 MB (  3%) committed. 

Chunk freelists:
   Non-Class:  4.22 MB
       Class:  11.53 MB
        Both:  15.76 MB

MaxMetaspaceSize: unlimited
CompressedClassSpaceSize: 1.00 GB
Initial GC threshold: 21.00 MB
Current GC threshold: 35.25 MB
CDS: off
MetaspaceReclaimPolicy: balanced
 - commit_granule_bytes: 65536.
 - commit_granule_words: 8192.
 - virtual_space_node_default_size: 8388608.
 - enlarge_chunks_in_place: 1.
 - new_chunks_are_fully_committed: 0.
 - uncommit_free_chunks: 1.
 - use_allocation_guard: 0.
 - handle_deallocations: 1.


Internal statistics:

num_allocs_failed_limit: 3.
num_arena_births: 304.
num_arena_deaths: 0.
num_vsnodes_births: 2.
num_vsnodes_deaths: 0.
num_space_committed: 505.
num_space_uncommitted: 0.
num_chunks_returned_to_freelist: 3.
num_chunks_taken_from_freelist: 1177.
num_chunk_merges: 0.
num_chunk_splits: 746.
num_chunks_enlarged: 516.
num_inconsistent_stats: 0.

CodeHeap 'non-profiled nmethods': size=120000Kb used=1626Kb max_used=1626Kb free=118373Kb
 bounds [0x000002d8401c0000, 0x000002d840430000, 0x000002d8476f0000]
CodeHeap 'profiled nmethods': size=120000Kb used=5449Kb max_used=5449Kb free=114550Kb
 bounds [0x000002d8386f0000, 0x000002d838c50000, 0x000002d83fc20000]
CodeHeap 'non-nmethods': size=5760Kb used=1236Kb max_used=1276Kb free=4523Kb
 bounds [0x000002d83fc20000, 0x000002d83fe90000, 0x000002d8401c0000]
 total_blobs=3312 nmethods=2766 adapters=458
 compilation: enabled
              stopped_count=0, restarted_count=0
 full_count=0

Compilation events (20 events):
Event: 2.246 Thread 0x000002d85403aac0 2724       3       sun.nio.fs.WindowsPath::isEmpty (8 bytes)
Event: 2.246 Thread 0x000002d85403aac0 nmethod 2724 0x000002d838c29e90 code [0x000002d838c2a040, 0x000002d838c2a218]
Event: 2.247 Thread 0x000002d8540381a0 nmethod 2722 0x000002d84034ef90 code [0x000002d84034f100, 0x000002d84034f298]
Event: 2.248 Thread 0x000002d85403aac0 2725       3       jdk.internal.reflect.ClassFileAssembler::emitConstantPoolNameAndType (28 bytes)
Event: 2.249 Thread 0x000002d85403aac0 nmethod 2725 0x000002d838c2a310 code [0x000002d838c2a540, 0x000002d838c2abc8]
Event: 2.249 Thread 0x000002d85403aac0 2726       3       jdk.internal.reflect.ClassFileAssembler::incStack (11 bytes)
Event: 2.249 Thread 0x000002d85403aac0 nmethod 2726 0x000002d838c2af90 code [0x000002d838c2b120, 0x000002d838c2b2d8]
Event: 2.249 Thread 0x000002d85403aac0 2727       3       java.io.ObjectStreamField::getTypeCode (9 bytes)
Event: 2.250 Thread 0x000002d85403aac0 nmethod 2727 0x000002d838c2b390 code [0x000002d838c2b5a0, 0x000002d838c2bb48]
Event: 2.250 Thread 0x000002d85403aac0 2728       3       sun.security.provider.ByteArrayAccess::b2iBig64 (231 bytes)
Event: 2.253 Thread 0x000002d85403aac0 nmethod 2728 0x000002d838c2be10 code [0x000002d838c2c8e0, 0x000002d838c32f38]
Event: 2.253 Thread 0x000002d85403aac0 2729       3       java.net.URLStreamHandler::sameFile (136 bytes)
Event: 2.253 Thread 0x000002d85403aac0 nmethod 2729 0x000002d838c34c90 code [0x000002d838c34ec0, 0x000002d838c35768]
Event: 2.254 Thread 0x000002d85403aac0 2730       3       jdk.internal.reflect.ClassFileAssembler::getLength (11 bytes)
Event: 2.254 Thread 0x000002d85403aac0 nmethod 2730 0x000002d838c35990 code [0x000002d838c35b40, 0x000002d838c35cf8]
Event: 2.256 Thread 0x000002d85403aac0 2731       3       jdk.internal.reflect.ReflectionFactory::copyField (11 bytes)
Event: 2.256 Thread 0x000002d85403aac0 nmethod 2731 0x000002d838c35e10 code [0x000002d838c35fc0, 0x000002d838c361a8]
Event: 2.256 Thread 0x000002d85403aac0 2732       3       java.lang.reflect.ReflectAccess::copyField (5 bytes)
Event: 2.257 Thread 0x000002d85403aac0 nmethod 2732 0x000002d838c36310 code [0x000002d838c364c0, 0x000002d838c36608]
Event: 2.273 Thread 0x000002d854444fb0 nmethod 2723% 0x000002d84034f390 code [0x000002d84034f660, 0x000002d8403514b0]

GC Heap History (10 events):
Event: 0.402 GC heap before
{Heap before GC invocations=0 (full 0):
 garbage-first heap   total 126976K, used 26624K [0x0000000080000000, 0x0000000100000000)
  region size 1024K, 23 young (23552K), 0 survivors (0K)
 Metaspace       used 10406K, committed 10560K, reserved 1114112K
  class space    used 1080K, committed 1152K, reserved 1048576K
}
Event: 0.406 GC heap after
{Heap after GC invocations=1 (full 0):
 garbage-first heap   total 126976K, used 10720K [0x0000000080000000, 0x0000000100000000)
  region size 1024K, 3 young (3072K), 3 survivors (3072K)
 Metaspace       used 10406K, committed 10560K, reserved 1114112K
  class space    used 1080K, committed 1152K, reserved 1048576K
}
Event: 0.628 GC heap before
{Heap before GC invocations=1 (full 0):
 garbage-first heap   total 126976K, used 39392K [0x0000000080000000, 0x0000000100000000)
  region size 1024K, 31 young (31744K), 3 survivors (3072K)
 Metaspace       used 11388K, committed 11584K, reserved 1114112K
  class space    used 1196K, committed 1280K, reserved 1048576K
}
Event: 0.631 GC heap after
{Heap after GC invocations=2 (full 0):
 garbage-first heap   total 126976K, used 11844K [0x0000000080000000, 0x0000000100000000)
  region size 1024K, 1 young (1024K), 1 survivors (1024K)
 Metaspace       used 11388K, committed 11584K, reserved 1114112K
  class space    used 1196K, committed 1280K, reserved 1048576K
}
Event: 1.254 GC heap before
{Heap before GC invocations=2 (full 0):
 garbage-first heap   total 126976K, used 62020K [0x0000000080000000, 0x0000000100000000)
  region size 1024K, 50 young (51200K), 1 survivors (1024K)
 Metaspace       used 21293K, committed 21504K, reserved 1114112K
  class space    used 2512K, committed 2624K, reserved 1048576K
}
Event: 1.260 GC heap after
{Heap after GC invocations=3 (full 0):
 garbage-first heap   total 126976K, used 19396K [0x0000000080000000, 0x0000000100000000)
  region size 1024K, 9 young (9216K), 9 survivors (9216K)
 Metaspace       used 21293K, committed 21504K, reserved 1114112K
  class space    used 2512K, committed 2624K, reserved 1048576K
}
Event: 1.654 GC heap before
{Heap before GC invocations=4 (full 0):
 garbage-first heap   total 71680K, used 52164K [0x0000000080000000, 0x0000000100000000)
  region size 1024K, 42 young (43008K), 9 survivors (9216K)
 Metaspace       used 26650K, committed 26944K, reserved 1114112K
  class space    used 3405K, committed 3520K, reserved 1048576K
}
Event: 1.660 GC heap after
{Heap after GC invocations=5 (full 0):
 garbage-first heap   total 71680K, used 21857K [0x0000000080000000, 0x0000000100000000)
  region size 1024K, 3 young (3072K), 3 survivors (3072K)
 Metaspace       used 26650K, committed 26944K, reserved 1114112K
  class space    used 3405K, committed 3520K, reserved 1048576K
}
Event: 2.006 GC heap before
{Heap before GC invocations=5 (full 0):
 garbage-first heap   total 71680K, used 50529K [0x0000000080000000, 0x0000000100000000)
  region size 1024K, 31 young (31744K), 3 survivors (3072K)
 Metaspace       used 30404K, committed 30720K, reserved 1114112K
  class space    used 4038K, committed 4160K, reserved 1048576K
}
Event: 2.012 GC heap after
{Heap after GC invocations=6 (full 0):
 garbage-first heap   total 86016K, used 23274K [0x0000000080000000, 0x0000000100000000)
  region size 1024K, 4 young (4096K), 4 survivors (4096K)
 Metaspace       used 30404K, committed 30720K, reserved 1114112K
  class space    used 4038K, committed 4160K, reserved 1048576K
}

Dll operation events (3 events):
Event: 0.004 Loaded shared library C:\Program Files\Android\Android Studio\jbr\bin\java.dll
Event: 0.075 Loaded shared library C:\Program Files\Android\Android Studio\jbr\bin\zip.dll
Event: 0.234 Loaded shared library C:\Program Files\Android\Android Studio\jbr\bin\verify.dll

Deoptimization events (20 events):
Event: 2.246 Thread 0x000002d85687f5b0 Uncommon trap: trap_request=0xffffffc6 fr.pc=0x000002d8402f7548 relative=0x0000000000004d48
Event: 2.246 Thread 0x000002d85687f5b0 Uncommon trap: reason=bimorphic_or_optimized_type_check action=maybe_recompile pc=0x000002d8402f7548 method=java.lang.ClassLoader.loadClass(Ljava/lang/String;Z)Ljava/lang/Class; @ 38 c2
Event: 2.246 Thread 0x000002d85687f5b0 DEOPT PACKING pc=0x000002d8402f7548 sp=0x000000f9752fa130
Event: 2.246 Thread 0x000002d85687f5b0 DEOPT UNPACKING pc=0x000002d83fc769a3 sp=0x000000f9752fa150 mode 2
Event: 2.246 Thread 0x000002d85687f5b0 Uncommon trap: trap_request=0xffffffc6 fr.pc=0x000002d8402f7548 relative=0x0000000000004d48
Event: 2.246 Thread 0x000002d85687f5b0 Uncommon trap: reason=bimorphic_or_optimized_type_check action=maybe_recompile pc=0x000002d8402f7548 method=java.lang.ClassLoader.loadClass(Ljava/lang/String;Z)Ljava/lang/Class; @ 38 c2
Event: 2.246 Thread 0x000002d85687f5b0 DEOPT PACKING pc=0x000002d8402f7548 sp=0x000000f9752fa370
Event: 2.246 Thread 0x000002d85687f5b0 DEOPT UNPACKING pc=0x000002d83fc769a3 sp=0x000000f9752fa390 mode 2
Event: 2.247 Thread 0x000002d85687f5b0 Uncommon trap: trap_request=0xffffffc6 fr.pc=0x000002d8402f7548 relative=0x0000000000004d48
Event: 2.247 Thread 0x000002d85687f5b0 Uncommon trap: reason=bimorphic_or_optimized_type_check action=maybe_recompile pc=0x000002d8402f7548 method=java.lang.ClassLoader.loadClass(Ljava/lang/String;Z)Ljava/lang/Class; @ 38 c2
Event: 2.247 Thread 0x000002d85687f5b0 DEOPT PACKING pc=0x000002d8402f7548 sp=0x000000f9752fb4d0
Event: 2.247 Thread 0x000002d85687f5b0 DEOPT UNPACKING pc=0x000002d83fc769a3 sp=0x000000f9752fb4f0 mode 2
Event: 2.250 Thread 0x000002d85687f5b0 Uncommon trap: trap_request=0xffffff45 fr.pc=0x000002d840307c60 relative=0x0000000000005d00
Event: 2.250 Thread 0x000002d85687f5b0 Uncommon trap: reason=unstable_if action=reinterpret pc=0x000002d840307c60 method=java.net.URLClassLoader.getAndVerifyPackage(Ljava/lang/String;Ljava/util/jar/Manifest;Ljava/net/URL;)Ljava/lang/Package; @ 62 c2
Event: 2.250 Thread 0x000002d85687f5b0 DEOPT PACKING pc=0x000002d840307c60 sp=0x000000f9752fb790
Event: 2.250 Thread 0x000002d85687f5b0 DEOPT UNPACKING pc=0x000002d83fc769a3 sp=0x000000f9752fb570 mode 2
Event: 2.252 Thread 0x000002d85687f5b0 Uncommon trap: trap_request=0xffffff45 fr.pc=0x000002d84031b494 relative=0x0000000000005ab4
Event: 2.252 Thread 0x000002d85687f5b0 Uncommon trap: reason=unstable_if action=reinterpret pc=0x000002d84031b494 method=java.net.URLClassLoader.getAndVerifyPackage(Ljava/lang/String;Ljava/util/jar/Manifest;Ljava/net/URL;)Ljava/lang/Package; @ 62 c2
Event: 2.252 Thread 0x000002d85687f5b0 DEOPT PACKING pc=0x000002d84031b494 sp=0x000000f9752fb040
Event: 2.252 Thread 0x000002d85687f5b0 DEOPT UNPACKING pc=0x000002d83fc769a3 sp=0x000000f9752faf00 mode 2

Classes unloaded (0 events):
No events

Classes redefined (0 events):
No events

Internal exceptions (20 events):
Event: 1.514 Thread 0x000002d85687f5b0 Exception <a 'java/lang/IncompatibleClassChangeError'{0x0000000082594410}: Found class java.lang.Object, but interface was expected> (0x0000000082594410) 
thrown [s\src\hotspot\share\interpreter\linkResolver.cpp, line 838]
Event: 1.780 Thread 0x000002d85687f5b0 Exception <a 'java/lang/NoSuchMethodError'{0x0000000083945c48}: 'java.lang.Object java.lang.invoke.DirectMethodHandle$Holder.invokeVirtual(java.lang.Object, java.lang.Object, java.lang.Object, java.lang.Object)'> (0x0000000083945c48) 
thrown [s\src\hotspot\share\interpreter\linkResolver.cpp, line 771]
Event: 1.797 Thread 0x000002d85687f5b0 Exception <a 'java/lang/NoSuchMethodError'{0x0000000083891930}: 'java.lang.Object java.lang.invoke.DirectMethodHandle$Holder.newInvokeSpecial(java.lang.Object, java.lang.Object, java.lang.Object, java.lang.Object, java.lang.Object, java.lang.Object, java.lang.Object)'> (0x0000000083891930) 
thrown [s\src\hotspot\share\interpreter\linkResolver.cpp, line 771]
Event: 1.797 Thread 0x000002d85687f5b0 Exception <a 'java/lang/NoSuchMethodError'{0x0000000083896938}: 'java.lang.Object java.lang.invoke.Invokers$Holder.linkToTargetMethod(java.lang.Object, java.lang.Object, java.lang.Object, java.lang.Object, java.lang.Object, java.lang.Object, java.lang.Object)'> (0x0000000083896938) 
thrown [s\src\hotspot\share\interpreter\linkResolver.cpp, line 771]
Event: 1.903 Thread 0x000002d85687f5b0 Exception <a 'java/lang/NoSuchMethodError'{0x0000000082e72908}: 'java.lang.Object java.lang.invoke.DirectMethodHandle$Holder.invokeStaticInit(java.lang.Object, java.lang.Object, java.lang.Object, java.lang.Object)'> (0x0000000082e72908) 
thrown [s\src\hotspot\share\interpreter\linkResolver.cpp, line 771]
Event: 1.922 Thread 0x000002d85687f5b0 Exception <a 'java/lang/NoSuchMethodError'{0x0000000082d61510}: 'java.lang.Object java.lang.invoke.DirectMethodHandle$Holder.newInvokeSpecial(java.lang.Object, java.lang.Object, java.lang.Object, java.lang.Object, java.lang.Object, java.lang.Object, java.lang.Object, java.lang.Object)'> (0x0000000082d61510) 
thrown [s\src\hotspot\share\interpreter\linkResolver.cpp, line 771]
Event: 1.922 Thread 0x000002d85687f5b0 Exception <a 'java/lang/NoSuchMethodError'{0x0000000082d66f18}: 'java.lang.Object java.lang.invoke.DirectMethodHandle$Holder.invokeSpecial(java.lang.Object, java.lang.Object, java.lang.Object, java.lang.Object, java.lang.Object, java.lang.Object, java.lang.Object, java.lang.Object, java.lang.Object)'> (0x0000000082d66f18) 
thrown [s\src\hotspot\share\interpreter\linkResolver.cpp, line 771]
Event: 1.923 Thread 0x000002d85687f5b0 Exception <a 'java/lang/NoSuchMethodError'{0x0000000082d6c2c8}: 'java.lang.Object java.lang.invoke.Invokers$Holder.linkToTargetMethod(java.lang.Object, java.lang.Object, java.lang.Object, java.lang.Object, java.lang.Object, java.lang.Object, java.lang.Object, java.lang.Object)'> (0x0000000082d6c2c8) 
thrown [s\src\hotspot\share\interpreter\linkResolver.cpp, line 771]
Event: 1.926 Thread 0x000002d85687f5b0 Exception <a 'java/lang/NoSuchMethodError'{0x0000000082db5ae8}: 'void java.lang.invoke.DirectMethodHandle$Holder.invokeStatic(java.lang.Object, java.lang.Object, java.lang.Object, java.lang.Object)'> (0x0000000082db5ae8) 
thrown [s\src\hotspot\share\interpreter\linkResolver.cpp, line 771]
Event: 2.127 Thread 0x000002d85687f5b0 Exception <a 'java/lang/NoSuchMethodError'{0x0000000084f244f0}: 'int java.lang.invoke.DirectMethodHandle$Holder.invokeVirtual(java.lang.Object, java.lang.Object)'> (0x0000000084f244f0) 
thrown [s\src\hotspot\share\interpreter\linkResolver.cpp, line 771]
Event: 2.128 Thread 0x000002d85687f5b0 Exception <a 'java/lang/NoSuchMethodError'{0x0000000084f36a90}: 'java.lang.Object java.lang.invoke.DirectMethodHandle$Holder.invokeStaticInit(java.lang.Object, java.lang.Object, java.lang.Object)'> (0x0000000084f36a90) 
thrown [s\src\hotspot\share\interpreter\linkResolver.cpp, line 771]
Event: 2.148 Thread 0x000002d85687f5b0 Exception <a 'java/lang/NoSuchMethodError'{0x0000000084e5bd98}: 'int java.lang.invoke.DirectMethodHandle$Holder.invokeStaticInit(java.lang.Object, java.lang.Object, java.lang.Object)'> (0x0000000084e5bd98) 
thrown [s\src\hotspot\share\interpreter\linkResolver.cpp, line 771]
Event: 2.149 Thread 0x000002d85687f5b0 Exception <a 'java/lang/NoSuchMethodError'{0x0000000084e70c58}: 'java.lang.Object java.lang.invoke.DirectMethodHandle$Holder.newInvokeSpecial(java.lang.Object, java.lang.Object, long)'> (0x0000000084e70c58) 
thrown [s\src\hotspot\share\interpreter\linkResolver.cpp, line 771]
Event: 2.149 Thread 0x000002d85687f5b0 Exception <a 'java/lang/NoSuchMethodError'{0x0000000084e74fc0}: 'java.lang.Object java.lang.invoke.Invokers$Holder.linkToTargetMethod(java.lang.Object, long, java.lang.Object)'> (0x0000000084e74fc0) 
thrown [s\src\hotspot\share\interpreter\linkResolver.cpp, line 771]
Event: 2.175 Thread 0x000002d85687f5b0 Exception <a 'java/lang/NoSuchMethodError'{0x0000000084dde4d0}: 'int java.lang.invoke.DirectMethodHandle$Holder.invokeInterface(java.lang.Object, java.lang.Object)'> (0x0000000084dde4d0) 
thrown [s\src\hotspot\share\interpreter\linkResolver.cpp, line 771]
Event: 2.176 Thread 0x000002d85687f5b0 Exception <a 'java/lang/NoSuchMethodError'{0x0000000084c00370}: 'java.lang.Object java.lang.invoke.DirectMethodHandle$Holder.invokeStatic(java.lang.Object, java.lang.Object, int, java.lang.Object)'> (0x0000000084c00370) 
thrown [s\src\hotspot\share\interpreter\linkResolver.cpp, line 771]
Event: 2.177 Thread 0x000002d85687f5b0 Exception <a 'java/lang/NoSuchMethodError'{0x0000000084c07e90}: 'java.lang.Object java.lang.invoke.DirectMethodHandle$Holder.newInvokeSpecial(java.lang.Object, java.lang.Object, int, java.lang.Object)'> (0x0000000084c07e90) 
thrown [s\src\hotspot\share\interpreter\linkResolver.cpp, line 771]
Event: 2.177 Thread 0x000002d85687f5b0 Exception <a 'java/lang/NoSuchMethodError'{0x0000000084c0c228}: 'java.lang.Object java.lang.invoke.DirectMethodHandle$Holder.invokeSpecial(java.lang.Object, java.lang.Object, java.lang.Object, int, java.lang.Object)'> (0x0000000084c0c228) 
thrown [s\src\hotspot\share\interpreter\linkResolver.cpp, line 771]
Event: 2.249 Thread 0x000002d85687f5b0 Exception <a 'java/lang/NoSuchMethodError'{0x0000000084b69170}: static Lorg/gradle/tooling/internal/consumer/connection/InternalPhasedActionAdapter;.<clinit>()V> (0x0000000084b69170) 
thrown [s\src\hotspot\share\prims\jni.cpp, line 1127]
Event: 2.256 Thread 0x000002d85687f5b0 Exception <a 'java/lang/NoSuchMethodError'{0x0000000084b959a8}: static Lorg/gradle/tooling/internal/consumer/connection/InternalBuildActionAdapter;.<clinit>()V> (0x0000000084b959a8) 
thrown [s\src\hotspot\share\prims\jni.cpp, line 1127]

VM Operations (20 events):
Event: 1.265 Executing VM operation: G1PauseRemark
Event: 1.267 Executing VM operation: G1PauseRemark done
Event: 1.269 Executing VM operation: G1PauseCleanup
Event: 1.270 Executing VM operation: G1PauseCleanup done
Event: 1.311 Executing VM operation: HandshakeAllThreads
Event: 1.311 Executing VM operation: HandshakeAllThreads done
Event: 1.501 Executing VM operation: HandshakeAllThreads
Event: 1.501 Executing VM operation: HandshakeAllThreads done
Event: 1.502 Executing VM operation: HandshakeAllThreads
Event: 1.502 Executing VM operation: HandshakeAllThreads done
Event: 1.654 Executing VM operation: G1CollectForAllocation
Event: 1.660 Executing VM operation: G1CollectForAllocation done
Event: 2.006 Executing VM operation: G1CollectForAllocation
Event: 2.012 Executing VM operation: G1CollectForAllocation done
Event: 2.162 Executing VM operation: HandshakeAllThreads
Event: 2.162 Executing VM operation: HandshakeAllThreads done
Event: 2.163 Executing VM operation: HandshakeAllThreads
Event: 2.163 Executing VM operation: HandshakeAllThreads done
Event: 2.247 Executing VM operation: HandshakeAllThreads
Event: 2.247 Executing VM operation: HandshakeAllThreads done

Events (20 events):
Event: 2.129 loading class java/util/ArrayDeque$DeqSpliterator
Event: 2.130 loading class java/util/ArrayDeque$DeqSpliterator done
Event: 2.137 loading class java/nio/charset/CharacterCodingException
Event: 2.137 loading class java/nio/charset/CharacterCodingException done
Event: 2.139 loading class java/lang/Short$ShortCache
Event: 2.139 loading class java/lang/Short$ShortCache done
Event: 2.221 Thread 0x000002d8561c6050 Thread added: 0x000002d8561c6050
Event: 2.221 Thread 0x000002d8561c41f0 Thread added: 0x000002d8561c41f0
Event: 2.222 Thread 0x000002d8573a1e70 Thread added: 0x000002d8573a1e70
Event: 2.222 Thread 0x000002d8573a7990 Thread added: 0x000002d8573a7990
Event: 2.222 Thread 0x000002d8573a6a60 Thread added: 0x000002d8573a6a60
Event: 2.222 Thread 0x000002d8573a3cd0 Thread added: 0x000002d8573a3cd0
Event: 2.222 Thread 0x000002d8573a6f70 Thread added: 0x000002d8573a6f70
Event: 2.222 loading class sun/nio/fs/WindowsPath$1
Event: 2.222 loading class sun/nio/fs/WindowsPath$1 done
Event: 2.223 Thread 0x000002d8573a1960 Thread added: 0x000002d8573a1960
Event: 2.223 Thread 0x000002d8573a7480 Thread added: 0x000002d8573a7480
Event: 2.223 Thread 0x000002d8573a2da0 Thread added: 0x000002d8573a2da0
Event: 2.223 Thread 0x000002d8573a41e0 Thread added: 0x000002d8573a41e0
Event: 2.223 Thread 0x000002d8573a46f0 Thread added: 0x000002d8573a46f0


Dynamic libraries:
0x00007ff6775c0000 - 0x00007ff6775ca000 	C:\Program Files\Android\Android Studio\jbr\bin\java.exe
0x00007ff85c550000 - 0x00007ff85c748000 	C:\WINDOWS\SYSTEM32\ntdll.dll
0x00007ff85bd60000 - 0x00007ff85be21000 	C:\WINDOWS\System32\KERNEL32.DLL
0x00007ff85a180000 - 0x00007ff85a47d000 	C:\WINDOWS\System32\KERNELBASE.dll
0x00007ff85a480000 - 0x00007ff85a580000 	C:\WINDOWS\System32\ucrtbase.dll
0x00007ff837c70000 - 0x00007ff837c87000 	C:\Program Files\Android\Android Studio\jbr\bin\jli.dll
0x00007ff84f3c0000 - 0x00007ff84f3db000 	C:\Program Files\Android\Android Studio\jbr\bin\VCRUNTIME140.dll
0x00007ff85be30000 - 0x00007ff85bfcd000 	C:\WINDOWS\System32\USER32.dll
0x00007ff859e20000 - 0x00007ff859e42000 	C:\WINDOWS\System32\win32u.dll
0x00007ff834fa0000 - 0x00007ff83523a000 	C:\WINDOWS\WinSxS\amd64_microsoft.windows.common-controls_6595b64144ccf1df_6.0.19041.4355_none_60b8b9eb71f62e16\COMCTL32.dll
0x00007ff85aad0000 - 0x00007ff85aafb000 	C:\WINDOWS\System32\GDI32.dll
0x00007ff85c310000 - 0x00007ff85c3ae000 	C:\WINDOWS\System32\msvcrt.dll
0x00007ff859ff0000 - 0x00007ff85a107000 	C:\WINDOWS\System32\gdi32full.dll
0x00007ff859f00000 - 0x00007ff859f9d000 	C:\WINDOWS\System32\msvcp_win.dll
0x00007ff85c410000 - 0x00007ff85c43f000 	C:\WINDOWS\System32\IMM32.DLL
0x00007ff8545b0000 - 0x00007ff8545bc000 	C:\Program Files\Android\Android Studio\jbr\bin\vcruntime140_1.dll
0x00007ff837650000 - 0x00007ff8376dd000 	C:\Program Files\Android\Android Studio\jbr\bin\msvcp140.dll
0x00007ff81bd30000 - 0x00007ff81c9b3000 	C:\Program Files\Android\Android Studio\jbr\bin\server\jvm.dll
0x00007ff85c460000 - 0x00007ff85c510000 	C:\WINDOWS\System32\ADVAPI32.dll
0x00007ff85c270000 - 0x00007ff85c310000 	C:\WINDOWS\System32\sechost.dll
0x00007ff85bbb0000 - 0x00007ff85bcd3000 	C:\WINDOWS\System32\RPCRT4.dll
0x00007ff859df0000 - 0x00007ff859e17000 	C:\WINDOWS\System32\bcrypt.dll
0x00007ff84f360000 - 0x00007ff84f369000 	C:\WINDOWS\SYSTEM32\WSOCK32.dll
0x00007ff85c0f0000 - 0x00007ff85c15b000 	C:\WINDOWS\System32\WS2_32.dll
0x00007ff8431b0000 - 0x00007ff8431ba000 	C:\WINDOWS\SYSTEM32\VERSION.dll
0x00007ff84ccb0000 - 0x00007ff84ccd7000 	C:\WINDOWS\SYSTEM32\WINMM.dll
0x00007ff859680000 - 0x00007ff8596cb000 	C:\WINDOWS\SYSTEM32\POWRPROF.dll
0x00007ff8595f0000 - 0x00007ff859602000 	C:\WINDOWS\SYSTEM32\UMPDC.dll
0x00007ff858420000 - 0x00007ff858432000 	C:\WINDOWS\SYSTEM32\kernel.appcore.dll
0x00007ff84f140000 - 0x00007ff84f14a000 	C:\Program Files\Android\Android Studio\jbr\bin\jimage.dll
0x00007ff857990000 - 0x00007ff857b74000 	C:\WINDOWS\SYSTEM32\DBGHELP.DLL
0x00007ff83d880000 - 0x00007ff83d8b4000 	C:\WINDOWS\SYSTEM32\dbgcore.DLL
0x00007ff859c00000 - 0x00007ff859c82000 	C:\WINDOWS\System32\bcryptPrimitives.dll
0x00007ff843ef0000 - 0x00007ff843efe000 	C:\Program Files\Android\Android Studio\jbr\bin\instrument.dll
0x00007ff84ea30000 - 0x00007ff84ea55000 	C:\Program Files\Android\Android Studio\jbr\bin\java.dll
0x00007ff84e6e0000 - 0x00007ff84e6f8000 	C:\Program Files\Android\Android Studio\jbr\bin\zip.dll
0x00007ff85b310000 - 0x00007ff85ba7f000 	C:\WINDOWS\System32\SHELL32.dll
0x00007ff857b80000 - 0x00007ff858323000 	C:\WINDOWS\SYSTEM32\windows.storage.dll
0x00007ff85a590000 - 0x00007ff85a8e3000 	C:\WINDOWS\System32\combase.dll
0x00007ff8595c0000 - 0x00007ff8595ee000 	C:\WINDOWS\SYSTEM32\Wldp.dll
0x00007ff85a9e0000 - 0x00007ff85aaad000 	C:\WINDOWS\System32\OLEAUT32.dll
0x00007ff85adf0000 - 0x00007ff85ae9d000 	C:\WINDOWS\System32\SHCORE.dll
0x00007ff85c3b0000 - 0x00007ff85c405000 	C:\WINDOWS\System32\shlwapi.dll
0x00007ff859b30000 - 0x00007ff859b54000 	C:\WINDOWS\SYSTEM32\profapi.dll
0x00007ff84e330000 - 0x00007ff84e349000 	C:\Program Files\Android\Android Studio\jbr\bin\net.dll
0x00007ff853570000 - 0x00007ff85367d000 	C:\WINDOWS\SYSTEM32\WINHTTP.dll
0x00007ff859320000 - 0x00007ff85938a000 	C:\WINDOWS\system32\mswsock.dll
0x00007ff84cbc0000 - 0x00007ff84cbd6000 	C:\Program Files\Android\Android Studio\jbr\bin\nio.dll
0x00007ff845d30000 - 0x00007ff845d40000 	C:\Program Files\Android\Android Studio\jbr\bin\verify.dll
0x00007ff84f3e0000 - 0x00007ff84f407000 	C:\Users\PMLS\.gradle\native\c067742578af261105cb4f569cf0c3c89f3d7b1fecec35dd04571415982c5e48\windows-amd64\native-platform.dll
0x00007ff832080000 - 0x00007ff8321c4000 	C:\Users\PMLS\.gradle\native\38dada09dfb8b06ba9b0570ebf7e218e3eb74d4ef43ca46872605cf95ebc2f47\windows-amd64\native-platform-file-events.dll
0x00007ff84e6d0000 - 0x00007ff84e6d9000 	C:\Program Files\Android\Android Studio\jbr\bin\management.dll
0x00007ff845d40000 - 0x00007ff845d4b000 	C:\Program Files\Android\Android Studio\jbr\bin\management_ext.dll
0x00007ff85aac0000 - 0x00007ff85aac8000 	C:\WINDOWS\System32\PSAPI.DLL
0x00007ff859510000 - 0x00007ff859528000 	C:\WINDOWS\SYSTEM32\CRYPTSP.dll
0x00007ff858be0000 - 0x00007ff858c14000 	C:\WINDOWS\system32\rsaenh.dll
0x00007ff859af0000 - 0x00007ff859b1e000 	C:\WINDOWS\SYSTEM32\USERENV.dll
0x00007ff859530000 - 0x00007ff85953c000 	C:\WINDOWS\SYSTEM32\CRYPTBASE.dll
0x00007ff859000000 - 0x00007ff85903b000 	C:\WINDOWS\SYSTEM32\IPHLPAPI.DLL
0x00007ff85aab0000 - 0x00007ff85aab8000 	C:\WINDOWS\System32\NSI.dll
0x00007ff84fec0000 - 0x00007ff84fed7000 	C:\WINDOWS\SYSTEM32\dhcpcsvc6.DLL
0x00007ff850480000 - 0x00007ff85049d000 	C:\WINDOWS\SYSTEM32\dhcpcsvc.DLL
0x00007ff859040000 - 0x00007ff85910a000 	C:\WINDOWS\SYSTEM32\DNSAPI.dll
0x00007ff84ec50000 - 0x00007ff84ec59000 	C:\Program Files\Android\Android Studio\jbr\bin\extnet.dll
0x00007ff82f500000 - 0x00007ff82f507000 	C:\WINDOWS\system32\wshunix.dll

dbghelp: loaded successfully - version: 4.0.5 - missing functions: none
symbol engine: initialized successfully - sym options: 0x614 - pdb path: .;C:\Program Files\Android\Android Studio\jbr\bin;C:\WINDOWS\SYSTEM32;C:\WINDOWS\WinSxS\amd64_microsoft.windows.common-controls_6595b64144ccf1df_6.0.19041.4355_none_60b8b9eb71f62e16;C:\Program Files\Android\Android Studio\jbr\bin\server;C:\Users\PMLS\.gradle\native\c067742578af261105cb4f569cf0c3c89f3d7b1fecec35dd04571415982c5e48\windows-amd64;C:\Users\PMLS\.gradle\native\38dada09dfb8b06ba9b0570ebf7e218e3eb74d4ef43ca46872605cf95ebc2f47\windows-amd64

VM Arguments:
jvm_args: --add-opens=java.base/java.util=ALL-UNNAMED --add-opens=java.base/java.lang=ALL-UNNAMED --add-opens=java.base/java.lang.invoke=ALL-UNNAMED --add-opens=java.prefs/java.util.prefs=ALL-UNNAMED --add-opens=java.base/java.nio.charset=ALL-UNNAMED --add-opens=java.base/java.net=ALL-UNNAMED --add-opens=java.base/java.util.concurrent.atomic=ALL-UNNAMED -Xmx2048m -Dfile.encoding=UTF-8 -Duser.country=US -Duser.language=en -Duser.variant -javaagent:C:\Users\PMLS\.gradle\wrapper\dists\gradle-8.7-bin\bhs2wmbdwecv87pi65oeuq5iu\gradle-8.7\lib\agents\gradle-instrumentation-agent-8.7.jar 
java_command: org.gradle.launcher.daemon.bootstrap.GradleDaemon 8.7
java_class_path (initial): C:\Users\PMLS\.gradle\wrapper\dists\gradle-8.7-bin\bhs2wmbdwecv87pi65oeuq5iu\gradle-8.7\lib\gradle-launcher-8.7.jar
Launcher Type: SUN_STANDARD

[Global flags]
     intx CICompilerCount                          = 4                                         {product} {ergonomic}
     uint ConcGCThreads                            = 3                                         {product} {ergonomic}
     uint G1ConcRefinementThreads                  = 10                                        {product} {ergonomic}
   size_t G1HeapRegionSize                         = 1048576                                   {product} {ergonomic}
    uintx GCDrainStackTargetSize                   = 64                                        {product} {ergonomic}
   size_t InitialHeapSize                          = 130023424                                 {product} {ergonomic}
   size_t MarkStackSize                            = 4194304                                   {product} {ergonomic}
   size_t MaxHeapSize                              = 2147483648                                {product} {command line}
   size_t MaxNewSize                               = 1287651328                                {product} {ergonomic}
   size_t MinHeapDeltaBytes                        = 1048576                                   {product} {ergonomic}
   size_t MinHeapSize                              = 8388608                                   {product} {ergonomic}
    uintx NonNMethodCodeHeapSize                   = 5839372                                {pd product} {ergonomic}
    uintx NonProfiledCodeHeapSize                  = 122909434                              {pd product} {ergonomic}
    uintx ProfiledCodeHeapSize                     = 122909434                              {pd product} {ergonomic}
    uintx ReservedCodeCacheSize                    = 251658240                              {pd product} {ergonomic}
     bool SegmentedCodeCache                       = true                                      {product} {ergonomic}
   size_t SoftMaxHeapSize                          = 2147483648                             {manageable} {ergonomic}
     bool UseCompressedClassPointers               = true                           {product lp64_product} {ergonomic}
     bool UseCompressedOops                        = true                           {product lp64_product} {ergonomic}
     bool UseG1GC                                  = true                                      {product} {ergonomic}
     bool UseLargePagesIndividualAllocation        = false                                  {pd product} {ergonomic}

Logging:
Log output configuration:
 #0: stdout all=warning uptime,level,tags
 #1: stderr all=off uptime,level,tags

Environment Variables:
PATH=C:\Program Files\Common Files\Oracle\Java\javapath;C:\WINDOWS\system32;C:\WINDOWS;C:\WINDOWS\System32\Wbem;C:\WINDOWS\System32\WindowsPowerShell\v1.0\;C:\WINDOWS\System32\OpenSSH\;C:\Users\PMLS\AppData\Local\Microsoft\WindowsApps;C:\Users\PMLS\AppData\Local\Programs\Microsoft VS Code\bin
USERNAME=PMYLS
OS=Windows_NT
PROCESSOR_IDENTIFIER=Intel64 Family 6 Model 154 Stepping 4, GenuineIntel
TMP=C:\Users\PMLS\AppData\Local\Temp
TEMP=C:\Users\PMLS\AppData\Local\Temp



Periodic native trim disabled

JNI global refs:
JNI global refs: 25, weak refs: 0

JNI global refs memory usage: 843, weak refs: 841

Process memory usage:
Resident Set Size: 224228K (2% of 8106488K total physical memory with 1138136K free physical memory)

OOME stack traces (most recent first):
Classloader memory used:
Loader bootstrap                                                                       : 1960K
Loader org.gradle.internal.classloader.VisitableURLClassLoader                         : 1716K
Loader org.gradle.initialization.MixInLegacyTypesClassLoader                           : 244K
Loader jdk.internal.loader.ClassLoaders$AppClassLoader                                 : 28436B
Loader org.gradle.internal.classloader.VisitableURLClassLoader                         : 20501B
Loader jdk.internal.loader.ClassLoaders$PlatformClassLoader                            : 14834B
Loader jdk.internal.reflect.DelegatingClassLoader                                      : 12603B

Classes loaded by more than one classloader:
Class org.gradle.internal.installation.GradleInstallation                             : loaded 2 times (x 73B)
Class org.gradle.internal.classpath.ClassPath                                         : loaded 2 times (x 68B)
Class org.gradle.api.internal.classpath.DefaultModuleRegistry                         : loaded 2 times (x 84B)
Class org.gradle.api.Action                                                           : loaded 2 times (x 68B)
Class org.gradle.api.internal.DefaultClassPathProvider                                : loaded 2 times (x 74B)
Class org.gradle.internal.installation.GradleInstallation$1                           : loaded 2 times (x 73B)
Class org.gradle.internal.classloader.FilteringClassLoader                            : loaded 2 times (x 103B)
Class org.gradle.internal.classpath.DefaultClassPath$ImmutableUniqueList$Builder      : loaded 2 times (x 73B)
Class org.gradle.internal.classloader.ClassLoaderVisitor                              : loaded 2 times (x 74B)
Class org.gradle.internal.service.DefaultServiceLocator                               : loaded 2 times (x 81B)
Class org.gradle.internal.service.UnknownServiceException                             : loaded 2 times (x 81B)
Class org.gradle.internal.classloader.DefaultClassLoaderFactory                       : loaded 2 times (x 80B)
Class org.gradle.internal.classloader.VisitableURLClassLoader$Spec                    : loaded 2 times (x 72B)
Class org.gradle.api.GradleException                                                  : loaded 2 times (x 80B)
Class org.gradle.api.internal.classpath.ModuleRegistry                                : loaded 2 times (x 68B)
Class org.gradle.api.internal.ClassPathProvider                                       : loaded 2 times (x 68B)
Class org.gradle.internal.classloader.ClasspathUtil$1                                 : loaded 2 times (x 74B)
Class org.gradle.internal.classloader.ClassLoaderFactory                              : loaded 2 times (x 68B)
Class org.gradle.api.internal.classpath.ManifestUtil                                  : loaded 2 times (x 69B)
Class org.gradle.api.specs.Spec                                                       : loaded 2 times (x 68B)
Class org.gradle.internal.IoActions                                                   : loaded 2 times (x 69B)
Class org.gradle.api.internal.classpath.EffectiveClassPath                            : loaded 2 times (x 88B)
Class org.gradle.internal.installation.CurrentGradleInstallation                      : loaded 2 times (x 71B)
Class org.gradle.internal.agents.InstrumentingClassLoader                             : loaded 2 times (x 68B)
Class org.gradle.internal.installation.CurrentGradleInstallationLocator               : loaded 2 times (x 69B)
Class org.gradle.api.internal.classpath.Module                                        : loaded 2 times (x 68B)
Class org.gradle.internal.service.CachingServiceLocator                               : loaded 2 times (x 80B)
Class org.gradle.internal.classpath.DefaultClassPath                                  : loaded 2 times (x 88B)
Class org.gradle.internal.classloader.SystemClassLoaderSpec                           : loaded 2 times (x 69B)
Class kotlin.Function                                                                 : loaded 2 times (x 68B)
Class org.gradle.api.UncheckedIOException                                             : loaded 2 times (x 80B)
Class org.gradle.internal.classloader.ClasspathUtil                                   : loaded 2 times (x 69B)
Class org.gradle.api.internal.DefaultClassPathRegistry                                : loaded 2 times (x 74B)
Class org.gradle.api.internal.classpath.DefaultModuleRegistry$DefaultModule           : loaded 2 times (x 84B)
Class org.gradle.api.internal.classpath.UnknownModuleException                        : loaded 2 times (x 80B)
Class org.gradle.internal.service.ServiceLookupException                              : loaded 2 times (x 80B)
Class org.gradle.cache.GlobalCache                                                    : loaded 2 times (x 68B)
Class [Lorg.gradle.api.internal.ClassPathProvider;                                    : loaded 2 times (x 67B)
Class org.gradle.util.internal.GUtil                                                  : loaded 2 times (x 69B)
Class org.gradle.internal.classloader.ClassLoaderSpec                                 : loaded 2 times (x 69B)
Class org.gradle.internal.classloader.VisitableURLClassLoader                         : loaded 2 times (x 115B)
Class org.gradle.internal.Cast                                                        : loaded 2 times (x 69B)
Class org.gradle.api.internal.ClassPathRegistry                                       : loaded 2 times (x 68B)
Class org.gradle.internal.classloader.VisitableURLClassLoader$InstrumentingVisitableURLClassLoader: loaded 2 times (x 121B)
Class org.gradle.internal.classloader.ClassLoaderHierarchy                            : loaded 2 times (x 68B)
Class org.gradle.internal.InternalTransformer                                         : loaded 2 times (x 68B)
Class org.gradle.internal.service.ServiceLocator                                      : loaded 2 times (x 68B)
Class org.gradle.internal.classpath.DefaultClassPath$ImmutableUniqueList              : loaded 2 times (x 159B)
Class org.gradle.internal.classpath.TransformedClassPath                              : loaded 2 times (x 94B)


---------------  S Y S T E M  ---------------

OS:
 Windows 10 , 64 bit Build 19041 (10.0.19041.4842)
OS uptime: 0 days 9:37 hours

CPU: total 12 (initial active 12) (6 cores per cpu, 2 threads per core) family 6 model 154 stepping 4 microcode 0x424, cx8, cmov, fxsr, ht, mmx, 3dnowpref, sse, sse2, sse3, ssse3, sse4.1, sse4.2, popcnt, lzcnt, tsc, tscinvbit, avx, avx2, aes, erms, clmul, bmi1, bmi2, adx, sha, fma, vzeroupper, clflush, clflushopt, clwb
Processor Information for processor 0
  Max Mhz: 1300, Current Mhz: 1300, Mhz Limit: 1300
Processor Information for processor 1
  Max Mhz: 1300, Current Mhz: 1300, Mhz Limit: 1300
Processor Information for processor 2
  Max Mhz: 1300, Current Mhz: 1300, Mhz Limit: 1300
Processor Information for processor 3
  Max Mhz: 1300, Current Mhz: 1300, Mhz Limit: 1300
Processor Information for processor 4
  Max Mhz: 900, Current Mhz: 900, Mhz Limit: 900
Processor Information for processor 5
  Max Mhz: 900, Current Mhz: 900, Mhz Limit: 900
Processor Information for processor 6
  Max Mhz: 900, Current Mhz: 900, Mhz Limit: 900
Processor Information for processor 7
  Max Mhz: 900, Current Mhz: 900, Mhz Limit: 900
Processor Information for processor 8
  Max Mhz: 900, Current Mhz: 900, Mhz Limit: 900
Processor Information for processor 9
  Max Mhz: 900, Current Mhz: 900, Mhz Limit: 900
Processor Information for processor 10
  Max Mhz: 900, Current Mhz: 900, Mhz Limit: 900
Processor Information for processor 11
  Max Mhz: 900, Current Mhz: 900, Mhz Limit: 900

Memory: 4k page, system-wide physical 7916M (1111M free)
TotalPageFile size 12012M (AvailPageFile size 207M)
current process WorkingSet (physical memory assigned to process): 219M, peak: 219M
current process commit charge ("private bytes"): 269M, peak: 271M

vm_info: OpenJDK 64-Bit Server VM (17.0.11+0--11852314) for windows-amd64 JRE (17.0.11+0--11852314), built on May 16 2024 21:29:20 by "androidbuild" with MS VC++ 16.10 / 16.11 (VS2019)

END.
