#
# There is insufficient memory for the Java Runtime Environment to continue.
# Native memory allocation (mmap) failed to map 116391936 bytes. Error detail: G1 virtual space
# Possible reasons:
#   The system is out of physical RAM or swap space
#   This process is running with CompressedOops enabled, and the Java Heap may be blocking the growth of the native heap
# Possible solutions:
#   Reduce memory load on the system
#   Increase physical memory or swap space
#   Check if swap backing store is full
#   Decrease Java heap size (-Xmx/-Xms)
#   Decrease number of Java threads
#   Decrease Java thread stack sizes (-Xss)
#   Set larger code cache with -XX:ReservedCodeCacheSize=
#   JVM is running with Unscaled Compressed Oops mode in which the Java heap is
#     placed in the first 4GB address space. The Java Heap base address is the
#     maximum limit for the native heap growth. Please use -XX:HeapBaseMinAddress
#     to set the Java Heap base and to place the Java Heap above 4GB virtual address.
# This output file may be truncated or incomplete.
#
#  Out of Memory Error (os_windows.cpp:3825), pid=16316, tid=1600
#
# JRE version: OpenJDK Runtime Environment (17.0.11) (build 17.0.11+0--11852314)
# Java VM: OpenJDK 64-Bit Server VM (17.0.11+0--11852314, mixed mode, tiered, compressed oops, compressed class ptrs, g1 gc, windows-amd64)
# No core dump will be written. Minidumps are not enabled by default on client versions of Windows
#

---------------  S U M M A R Y ------------

Command Line: --add-opens=java.base/java.util=ALL-UNNAMED --add-opens=java.base/java.lang=ALL-UNNAMED --add-opens=java.base/java.lang.invoke=ALL-UNNAMED --add-opens=java.prefs/java.util.prefs=ALL-UNNAMED --add-opens=java.base/java.nio.charset=ALL-UNNAMED --add-opens=java.base/java.net=ALL-UNNAMED --add-opens=java.base/java.util.concurrent.atomic=ALL-UNNAMED -Xmx2048m -Dfile.encoding=UTF-8 -Duser.country=US -Duser.language=en -Duser.variant -javaagent:C:\Users\PMLS\.gradle\wrapper\dists\gradle-8.7-bin\bhs2wmbdwecv87pi65oeuq5iu\gradle-8.7\lib\agents\gradle-instrumentation-agent-8.7.jar org.gradle.launcher.daemon.bootstrap.GradleDaemon 8.7

Host: 12th Gen Intel(R) Core(TM) i5-1235U, 12 cores, 7G,  Windows 10 , 64 bit Build 19041 (10.0.19041.4842)
Time: Thu Oct  3 01:43:08 2024 Pakistan Standard Time elapsed time: 11.342345 seconds (0d 0h 0m 11s)

---------------  T H R E A D  ---------------

Current thread (0x000002ac11c72180):  VMThread "VM Thread" [stack: 0x000000f2fcb00000,0x000000f2fcc00000] [id=1600]

Stack: [0x000000f2fcb00000,0x000000f2fcc00000]
Native frames: (J=compiled Java code, j=interpreted, Vv=VM code, C=native code)
V  [jvm.dll+0x687bb9]
V  [jvm.dll+0x84142a]
V  [jvm.dll+0x8430ae]
V  [jvm.dll+0x843713]
V  [jvm.dll+0x24a35f]
V  [jvm.dll+0x684989]
V  [jvm.dll+0x67923a]
V  [jvm.dll+0x30af0b]
V  [jvm.dll+0x3123b6]
V  [jvm.dll+0x361dfe]
V  [jvm.dll+0x36202f]
V  [jvm.dll+0x2e0d38]
V  [jvm.dll+0x2df144]
V  [jvm.dll+0x2de74c]
V  [jvm.dll+0x32305b]
V  [jvm.dll+0x847e0b]
V  [jvm.dll+0x848b42]
V  [jvm.dll+0x84905d]
V  [jvm.dll+0x849434]
V  [jvm.dll+0x849500]
V  [jvm.dll+0x7efa4a]
V  [jvm.dll+0x686a35]
C  [ucrtbase.dll+0x21bb2]
C  [KERNEL32.DLL+0x17374]
C  [ntdll.dll+0x4cc91]

VM_Operation (0x000000f2fe3f25a0): G1CollectForAllocation, mode: safepoint, requested by thread 0x000002ac17f0dc90


---------------  P R O C E S S  ---------------

Threads class SMR info:
_java_thread_list=0x000002ac18375a00, length=57, elements={
0x000002ac77990670, 0x000002ac11c9e610, 0x000002ac11c78a60, 0x000002ac11c87510,
0x000002ac11c8a300, 0x000002ac11c8abd0, 0x000002ac11c8b4a0, 0x000002ac16039340,
0x000002ac1603bc60, 0x000002ac1605fe40, 0x000002ac16146ba0, 0x000002ac162c5de0,
0x000002ac17b73020, 0x000002ac17cc3150, 0x000002ac175b2610, 0x000002ac17f3d530,
0x000002ac17ebf220, 0x000002ac17f0b7a0, 0x000002ac17f0dc90, 0x000002ac17d54580,
0x000002ac17d51d00, 0x000002ac17d50dd0, 0x000002ac17d52720, 0x000002ac17d517f0,
0x000002ac17d52210, 0x000002ac17d52c30, 0x000002ac17d53140, 0x000002ac17d53b60,
0x000002ac17d54070, 0x000002ac1a407560, 0x000002ac1a406630, 0x000002ac1a403390,
0x000002ac1a4051f0, 0x000002ac1a406120, 0x000002ac1a406b40, 0x000002ac1a407050,
0x000002ac1a401f50, 0x000002ac1a4038a0, 0x000002ac1a402e80, 0x000002ac1a403db0,
0x000002ac1a4042c0, 0x000002ac1a401a40, 0x000002ac1a4047d0, 0x000002ac1a4000f0,
0x000002ac1a404ce0, 0x000002ac1a402460, 0x000002ac1a402970, 0x000002ac197942f0,
0x000002ac19796b70, 0x000002ac19791a70, 0x000002ac19791560, 0x000002ac19794800,
0x000002ac19791f80, 0x000002ac197929a0, 0x000002ac19792490, 0x000002ac19792eb0,
0x000002ac19795730
}

Java Threads: ( => current thread )
  0x000002ac77990670 JavaThread "main" [_thread_blocked, id=13776, stack(0x000000f2fc500000,0x000000f2fc600000)]
  0x000002ac11c9e610 JavaThread "Reference Handler" daemon [_thread_blocked, id=8868, stack(0x000000f2fcc00000,0x000000f2fcd00000)]
  0x000002ac11c78a60 JavaThread "Finalizer" daemon [_thread_blocked, id=12724, stack(0x000000f2fcd00000,0x000000f2fce00000)]
  0x000002ac11c87510 JavaThread "Signal Dispatcher" daemon [_thread_blocked, id=6032, stack(0x000000f2fce00000,0x000000f2fcf00000)]
  0x000002ac11c8a300 JavaThread "Attach Listener" daemon [_thread_blocked, id=14200, stack(0x000000f2fcf00000,0x000000f2fd000000)]
  0x000002ac11c8abd0 JavaThread "Service Thread" daemon [_thread_blocked, id=12896, stack(0x000000f2fd000000,0x000000f2fd100000)]
  0x000002ac11c8b4a0 JavaThread "Monitor Deflation Thread" daemon [_thread_blocked, id=5080, stack(0x000000f2fd100000,0x000000f2fd200000)]
  0x000002ac16039340 JavaThread "C2 CompilerThread0" daemon [_thread_blocked, id=10908, stack(0x000000f2fd200000,0x000000f2fd300000)]
  0x000002ac1603bc60 JavaThread "C1 CompilerThread0" daemon [_thread_blocked, id=8452, stack(0x000000f2fd300000,0x000000f2fd400000)]
  0x000002ac1605fe40 JavaThread "Sweeper thread" daemon [_thread_blocked, id=7744, stack(0x000000f2fd400000,0x000000f2fd500000)]
  0x000002ac16146ba0 JavaThread "Common-Cleaner" daemon [_thread_blocked, id=14900, stack(0x000000f2fd500000,0x000000f2fd600000)]
  0x000002ac162c5de0 JavaThread "Notification Thread" daemon [_thread_blocked, id=15080, stack(0x000000f2fd600000,0x000000f2fd700000)]
  0x000002ac17b73020 JavaThread "Daemon health stats" [_thread_blocked, id=2636, stack(0x000000f2fdd00000,0x000000f2fde00000)]
  0x000002ac17cc3150 JavaThread "Incoming local TCP Connector on port 54148" [_thread_in_native, id=9412, stack(0x000000f2fde00000,0x000000f2fdf00000)]
  0x000002ac175b2610 JavaThread "Daemon periodic checks" [_thread_blocked, id=7524, stack(0x000000f2fdf00000,0x000000f2fe000000)]
  0x000002ac17f3d530 JavaThread "Daemon" [_thread_blocked, id=8440, stack(0x000000f2fe000000,0x000000f2fe100000)]
  0x000002ac17ebf220 JavaThread "Handler for socket connection from /127.0.0.1:54148 to /127.0.0.1:54149" [_thread_in_native, id=16276, stack(0x000000f2fe100000,0x000000f2fe200000)]
  0x000002ac17f0b7a0 JavaThread "Cancel handler" [_thread_blocked, id=2068, stack(0x000000f2fe200000,0x000000f2fe300000)]
  0x000002ac17f0dc90 JavaThread "Daemon worker" [_thread_blocked, id=14236, stack(0x000000f2fe300000,0x000000f2fe400000)]
  0x000002ac17d54580 JavaThread "Asynchronous log dispatcher for DefaultDaemonConnection: socket connection from /127.0.0.1:54148 to /127.0.0.1:54149" [_thread_blocked, id=8632, stack(0x000000f2fe400000,0x000000f2fe500000)]
  0x000002ac17d51d00 JavaThread "Stdin handler" [_thread_blocked, id=8428, stack(0x000000f2fe500000,0x000000f2fe600000)]
  0x000002ac17d50dd0 JavaThread "Daemon client event forwarder" [_thread_blocked, id=8368, stack(0x000000f2fe600000,0x000000f2fe700000)]
  0x000002ac17d52720 JavaThread "Cache worker for journal cache (C:\Users\PMLS\.gradle\caches\journal-1)" [_thread_blocked, id=4644, stack(0x000000f2fee00000,0x000000f2fef00000)]
  0x000002ac17d517f0 JavaThread "File lock request listener" [_thread_in_native, id=16084, stack(0x000000f2fef00000,0x000000f2ff000000)]
  0x000002ac17d52210 JavaThread "Cache worker for file hash cache (C:\Users\PMLS\.gradle\caches\8.7\fileHashes)" [_thread_blocked, id=15684, stack(0x000000f2fd800000,0x000000f2fd900000)]
  0x000002ac17d52c30 JavaThread "File lock release action executor" [_thread_blocked, id=5592, stack(0x000000f2ff000000,0x000000f2ff100000)]
  0x000002ac17d53140 JavaThread "Cache worker for file hash cache (C:\Users\PMLS\AndroidStudioProjects\TOODOOLISTAPP2\.gradle\8.7\fileHashes)" [_thread_blocked, id=14056, stack(0x000000f2ff200000,0x000000f2ff300000)]
  0x000002ac17d53b60 JavaThread "File watcher server" daemon [_thread_blocked, id=13000, stack(0x000000f2ff300000,0x000000f2ff400000)]
  0x000002ac17d54070 JavaThread "File watcher consumer" daemon [_thread_blocked, id=4052, stack(0x000000f2ff400000,0x000000f2ff500000)]
  0x000002ac1a407560 JavaThread "jar transforms" [_thread_blocked, id=9860, stack(0x000000f2ff500000,0x000000f2ff600000)]
  0x000002ac1a406630 JavaThread "jar transforms Thread 2" [_thread_blocked, id=13416, stack(0x000000f2ff600000,0x000000f2ff700000)]
  0x000002ac1a403390 JavaThread "jar transforms Thread 3" [_thread_blocked, id=10748, stack(0x000000f2ff700000,0x000000f2ff800000)]
  0x000002ac1a4051f0 JavaThread "jar transforms Thread 4" [_thread_blocked, id=11708, stack(0x000000f2ff800000,0x000000f2ff900000)]
  0x000002ac1a406120 JavaThread "jar transforms Thread 5" [_thread_blocked, id=6780, stack(0x000000f2ff900000,0x000000f2ffa00000)]
  0x000002ac1a406b40 JavaThread "jar transforms Thread 6" [_thread_blocked, id=3912, stack(0x000000f2ffa00000,0x000000f2ffb00000)]
  0x000002ac1a407050 JavaThread "jar transforms Thread 7" [_thread_blocked, id=14812, stack(0x000000f2ffb00000,0x000000f2ffc00000)]
  0x000002ac1a401f50 JavaThread "jar transforms Thread 8" [_thread_blocked, id=15536, stack(0x000000f2ffc00000,0x000000f2ffd00000)]
  0x000002ac1a4038a0 JavaThread "jar transforms Thread 9" [_thread_blocked, id=16176, stack(0x000000f2ffd00000,0x000000f2ffe00000)]
  0x000002ac1a402e80 JavaThread "jar transforms Thread 10" [_thread_blocked, id=6696, stack(0x000000f2ffe00000,0x000000f2fff00000)]
  0x000002ac1a403db0 JavaThread "jar transforms Thread 11" [_thread_blocked, id=15780, stack(0x000000f2fff00000,0x000000f300000000)]
  0x000002ac1a4042c0 JavaThread "jar transforms Thread 12" [_thread_blocked, id=5420, stack(0x000000f280000000,0x000000f280100000)]
  0x000002ac1a401a40 JavaThread "Cache worker for checksums cache (C:\Users\PMLS\AndroidStudioProjects\TOODOOLISTAPP2\.gradle\8.7\checksums)" [_thread_blocked, id=10496, stack(0x000000f280100000,0x000000f280200000)]
  0x000002ac1a4047d0 JavaThread "Cache worker for cache directory md-supplier (C:\Users\PMLS\.gradle\caches\8.7\md-supplier)" [_thread_blocked, id=3692, stack(0x000000f280200000,0x000000f280300000)]
  0x000002ac1a4000f0 JavaThread "Cache worker for cache directory md-rule (C:\Users\PMLS\.gradle\caches\8.7\md-rule)" [_thread_blocked, id=5156, stack(0x000000f280300000,0x000000f280400000)]
  0x000002ac1a404ce0 JavaThread "Cache worker for file content cache (C:\Users\PMLS\.gradle\caches\8.7\fileContent)" [_thread_blocked, id=16308, stack(0x000000f280400000,0x000000f280500000)]
  0x000002ac1a402460 JavaThread "Unconstrained build operations" [_thread_blocked, id=2720, stack(0x000000f280500000,0x000000f280600000)]
  0x000002ac1a402970 JavaThread "Unconstrained build operations Thread 2" [_thread_blocked, id=13768, stack(0x000000f280600000,0x000000f280700000)]
  0x000002ac197942f0 JavaThread "Unconstrained build operations Thread 3" [_thread_blocked, id=13212, stack(0x000000f280800000,0x000000f280900000)]
  0x000002ac19796b70 JavaThread "Unconstrained build operations Thread 4" [_thread_blocked, id=3356, stack(0x000000f280900000,0x000000f280a00000)]
  0x000002ac19791a70 JavaThread "Unconstrained build operations Thread 5" [_thread_blocked, id=8456, stack(0x000000f280a00000,0x000000f280b00000)]
  0x000002ac19791560 JavaThread "Unconstrained build operations Thread 6" [_thread_blocked, id=13372, stack(0x000000f280b00000,0x000000f280c00000)]
  0x000002ac19794800 JavaThread "Unconstrained build operations Thread 7" [_thread_blocked, id=2012, stack(0x000000f280c00000,0x000000f280d00000)]
  0x000002ac19791f80 JavaThread "Unconstrained build operations Thread 8" [_thread_blocked, id=3928, stack(0x000000f280d00000,0x000000f280e00000)]
  0x000002ac197929a0 JavaThread "Unconstrained build operations Thread 9" [_thread_blocked, id=6020, stack(0x000000f280e00000,0x000000f280f00000)]
  0x000002ac19792490 JavaThread "Unconstrained build operations Thread 10" [_thread_blocked, id=9340, stack(0x000000f280f00000,0x000000f281000000)]
  0x000002ac19792eb0 JavaThread "Cache worker for Build Output Cleanup Cache (C:\Users\PMLS\AndroidStudioProjects\TOODOOLISTAPP2\.gradle\buildOutputCleanup)" [_thread_blocked, id=10028, stack(0x000000f281000000,0x000000f281100000)]
  0x000002ac19795730 JavaThread "Kotlin DSL Writer" [_thread_blocked, id=13268, stack(0x000000f281100000,0x000000f281200000)]

Other Threads:
=>0x000002ac11c72180 VMThread "VM Thread" [stack: 0x000000f2fcb00000,0x000000f2fcc00000] [id=1600]
  0x000002ac77991540 WatcherThread [stack: 0x000000f2fd700000,0x000000f2fd800000] [id=8444]
  0x000002ac779ec520 GCTaskThread "GC Thread#0" [stack: 0x000000f2fc600000,0x000000f2fc700000] [id=8516]
  0x000002ac166f0be0 GCTaskThread "GC Thread#1" [stack: 0x000000f2fd900000,0x000000f2fda00000] [id=4520]
  0x000002ac166f1160 GCTaskThread "GC Thread#2" [stack: 0x000000f2fda00000,0x000000f2fdb00000] [id=12248]
  0x000002ac166f03a0 GCTaskThread "GC Thread#3" [stack: 0x000000f2fdb00000,0x000000f2fdc00000] [id=13296]
  0x000002ac166f0ea0 GCTaskThread "GC Thread#4" [stack: 0x000000f2fdc00000,0x000000f2fdd00000] [id=16144]
  0x000002ac166f00e0 GCTaskThread "GC Thread#5" [stack: 0x000000f2fe700000,0x000000f2fe800000] [id=7540]
  0x000002ac166f1420 GCTaskThread "GC Thread#6" [stack: 0x000000f2fe800000,0x000000f2fe900000] [id=16188]
  0x000002ac166f16e0 GCTaskThread "GC Thread#7" [stack: 0x000000f2fe900000,0x000000f2fea00000] [id=16368]
  0x000002ac166f19a0 GCTaskThread "GC Thread#8" [stack: 0x000000f2fea00000,0x000000f2feb00000] [id=7240]
  0x000002ac166f0920 GCTaskThread "GC Thread#9" [stack: 0x000000f2feb00000,0x000000f2fec00000] [id=7092]
  0x000002ac779fd380 ConcurrentGCThread "G1 Main Marker" [stack: 0x000000f2fc700000,0x000000f2fc800000] [id=8616]
  0x000002ac779fdcb0 ConcurrentGCThread "G1 Conc#0" [stack: 0x000000f2fc800000,0x000000f2fc900000] [id=6808]
  0x000002ac18457630 ConcurrentGCThread "G1 Conc#1" [stack: 0x000000f2fec00000,0x000000f2fed00000] [id=5452]
  0x000002ac184565b0 ConcurrentGCThread "G1 Conc#2" [stack: 0x000000f2fed00000,0x000000f2fee00000] [id=8416]
  0x000002ac11ae34e0 ConcurrentGCThread "G1 Refine#0" [stack: 0x000000f2fc900000,0x000000f2fca00000] [id=7048]
  0x000002ac11ae3e20 ConcurrentGCThread "G1 Service" [stack: 0x000000f2fca00000,0x000000f2fcb00000] [id=7640]

Threads with active compile tasks:

VM state: at safepoint (normal execution)

VM Mutex/Monitor currently owned by a thread:  ([mutex/lock_event])
[0x000002ac7798c8f0] Threads_lock - owner thread: 0x000002ac11c72180
[0x000002ac7798c230] Heap_lock - owner thread: 0x000002ac17f0dc90

Heap address: 0x0000000080000000, size: 2048 MB, Compressed Oops mode: 32-bit

CDS archive(s) not mapped
Compressed class space mapped at: 0x0000000100000000-0x0000000140000000, reserved size: 1073741824
Narrow klass base: 0x0000000000000000, Narrow klass shift: 3, Narrow klass range: 0x140000000

GC Precious Log:
 CPUs: 12 total, 12 available
 Memory: 7916M
 Large Page Support: Disabled
 NUMA Support: Disabled
 Compressed Oops: Enabled (32-bit)
 Heap Region Size: 1M
 Heap Min Capacity: 8M
 Heap Initial Capacity: 124M
 Heap Max Capacity: 2G
 Pre-touch: Disabled
 Parallel Workers: 10
 Concurrent Workers: 3
 Concurrent Refinement Workers: 10
 Periodic GC: Disabled

Heap:
 garbage-first heap   total 157696K, used 96431K [0x0000000080000000, 0x0000000100000000)
  region size 1024K, 4 young (4096K), 4 survivors (4096K)
 Metaspace       used 85801K, committed 86400K, reserved 1179648K
  class space    used 11947K, committed 12224K, reserved 1048576K

Heap Regions: E=young(eden), S=young(survivor), O=old, HS=humongous(starts), HC=humongous(continues), CS=collection set, F=free, OA=open archive, CA=closed archive, TAMS=top-at-mark-start (previous, next)
|   0|0x0000000080000000, 0x0000000080100000, 0x0000000080100000|100%|HS|  |TAMS 0x0000000080100000, 0x0000000080000000| Complete 
|   1|0x0000000080100000, 0x0000000080200000, 0x0000000080200000|100%|HC|  |TAMS 0x0000000080200000, 0x0000000080100000| Complete 
|   2|0x0000000080200000, 0x0000000080300000, 0x0000000080300000|100%|HC|  |TAMS 0x0000000080300000, 0x0000000080200000| Complete 
|   3|0x0000000080300000, 0x0000000080400000, 0x0000000080400000|100%|HC|  |TAMS 0x0000000080400000, 0x0000000080300000| Complete 
|   4|0x0000000080400000, 0x0000000080500000, 0x0000000080500000|100%| O|  |TAMS 0x0000000080500000, 0x0000000080400000| Untracked 
|   5|0x0000000080500000, 0x0000000080600000, 0x0000000080600000|100%| O|  |TAMS 0x0000000080600000, 0x0000000080500000| Untracked 
|   6|0x0000000080600000, 0x0000000080700000, 0x0000000080700000|100%| O|  |TAMS 0x0000000080700000, 0x0000000080600000| Untracked 
|   7|0x0000000080700000, 0x0000000080800000, 0x0000000080800000|100%| O|  |TAMS 0x0000000080800000, 0x0000000080700000| Untracked 
|   8|0x0000000080800000, 0x0000000080900000, 0x0000000080900000|100%| O|  |TAMS 0x0000000080900000, 0x0000000080800000| Untracked 
|   9|0x0000000080900000, 0x0000000080a00000, 0x0000000080a00000|100%| O|  |TAMS 0x0000000080a00000, 0x0000000080900000| Untracked 
|  10|0x0000000080a00000, 0x0000000080b00000, 0x0000000080b00000|100%|HS|  |TAMS 0x0000000080b00000, 0x0000000080a00000| Complete 
|  11|0x0000000080b00000, 0x0000000080c00000, 0x0000000080c00000|100%| O|  |TAMS 0x0000000080c00000, 0x0000000080b00000| Untracked 
|  12|0x0000000080c00000, 0x0000000080d00000, 0x0000000080d00000|100%| O|  |TAMS 0x0000000080d00000, 0x0000000080c00000| Untracked 
|  13|0x0000000080d00000, 0x0000000080e00000, 0x0000000080e00000|100%| O|  |TAMS 0x0000000080e00000, 0x0000000080d00000| Untracked 
|  14|0x0000000080e00000, 0x0000000080f00000, 0x0000000080f00000|100%| O|  |TAMS 0x0000000080f00000, 0x0000000080e00000| Untracked 
|  15|0x0000000080f00000, 0x0000000081000000, 0x0000000081000000|100%| O|  |TAMS 0x0000000081000000, 0x0000000080f00000| Untracked 
|  16|0x0000000081000000, 0x0000000081100000, 0x0000000081100000|100%| O|  |TAMS 0x0000000081100000, 0x0000000081000000| Untracked 
|  17|0x0000000081100000, 0x0000000081200000, 0x0000000081200000|100%| O|  |TAMS 0x0000000081200000, 0x0000000081100000| Untracked 
|  18|0x0000000081200000, 0x0000000081300000, 0x0000000081300000|100%| O|  |TAMS 0x0000000081300000, 0x0000000081200000| Untracked 
|  19|0x0000000081300000, 0x0000000081400000, 0x0000000081400000|100%| O|  |TAMS 0x0000000081400000, 0x0000000081300000| Untracked 
|  20|0x0000000081400000, 0x0000000081500000, 0x0000000081500000|100%| O|  |TAMS 0x0000000081500000, 0x0000000081400000| Untracked 
|  21|0x0000000081500000, 0x0000000081600000, 0x0000000081600000|100%| O|  |TAMS 0x0000000081600000, 0x0000000081500000| Untracked 
|  22|0x0000000081600000, 0x0000000081700000, 0x0000000081700000|100%|HS|  |TAMS 0x0000000081700000, 0x0000000081600000| Complete 
|  23|0x0000000081700000, 0x0000000081800000, 0x0000000081800000|100%|HC|  |TAMS 0x0000000081800000, 0x0000000081700000| Complete 
|  24|0x0000000081800000, 0x0000000081900000, 0x0000000081900000|100%|HC|  |TAMS 0x0000000081900000, 0x0000000081800000| Complete 
|  25|0x0000000081900000, 0x0000000081a00000, 0x0000000081a00000|100%|HC|  |TAMS 0x0000000081a00000, 0x0000000081900000| Complete 
|  26|0x0000000081a00000, 0x0000000081b00000, 0x0000000081b00000|100%|HC|  |TAMS 0x0000000081b00000, 0x0000000081a00000| Complete 
|  27|0x0000000081b00000, 0x0000000081c00000, 0x0000000081c00000|100%|HS|  |TAMS 0x0000000081c00000, 0x0000000081b00000| Complete 
|  28|0x0000000081c00000, 0x0000000081d00000, 0x0000000081d00000|100%|HC|  |TAMS 0x0000000081d00000, 0x0000000081c00000| Complete 
|  29|0x0000000081d00000, 0x0000000081e00000, 0x0000000081e00000|100%|HC|  |TAMS 0x0000000081e00000, 0x0000000081d00000| Complete 
|  30|0x0000000081e00000, 0x0000000081f00000, 0x0000000081f00000|100%|HS|  |TAMS 0x0000000081f00000, 0x0000000081e00000| Complete 
|  31|0x0000000081f00000, 0x0000000082000000, 0x0000000082000000|100%|HC|  |TAMS 0x0000000082000000, 0x0000000081f00000| Complete 
|  32|0x0000000082000000, 0x0000000082100000, 0x0000000082100000|100%|HC|  |TAMS 0x0000000082100000, 0x0000000082000000| Complete 
|  33|0x0000000082100000, 0x0000000082200000, 0x0000000082200000|100%| O|  |TAMS 0x0000000082200000, 0x0000000082100000| Untracked 
|  34|0x0000000082200000, 0x0000000082300000, 0x0000000082300000|100%| O|  |TAMS 0x0000000082300000, 0x0000000082200000| Untracked 
|  35|0x0000000082300000, 0x0000000082400000, 0x0000000082400000|100%| O|  |TAMS 0x0000000082400000, 0x0000000082300000| Untracked 
|  36|0x0000000082400000, 0x0000000082500000, 0x0000000082500000|100%| O|  |TAMS 0x0000000082500000, 0x0000000082400000| Untracked 
|  37|0x0000000082500000, 0x0000000082600000, 0x0000000082600000|100%| O|  |TAMS 0x0000000082600000, 0x0000000082500000| Untracked 
|  38|0x0000000082600000, 0x0000000082700000, 0x0000000082700000|100%| O|  |TAMS 0x0000000082700000, 0x0000000082600000| Untracked 
|  39|0x0000000082700000, 0x0000000082800000, 0x0000000082800000|100%| O|  |TAMS 0x0000000082800000, 0x0000000082700000| Untracked 
|  40|0x0000000082800000, 0x0000000082900000, 0x0000000082900000|100%| O|  |TAMS 0x0000000082900000, 0x0000000082800000| Untracked 
|  41|0x0000000082900000, 0x0000000082a00000, 0x0000000082a00000|100%| O|  |TAMS 0x0000000082a00000, 0x0000000082900000| Untracked 
|  42|0x0000000082a00000, 0x0000000082b00000, 0x0000000082b00000|100%| O|  |TAMS 0x0000000082b00000, 0x0000000082a00000| Untracked 
|  43|0x0000000082b00000, 0x0000000082c00000, 0x0000000082c00000|100%| O|  |TAMS 0x0000000082c00000, 0x0000000082b00000| Untracked 
|  44|0x0000000082c00000, 0x0000000082d00000, 0x0000000082d00000|100%| O|  |TAMS 0x0000000082d00000, 0x0000000082c00000| Untracked 
|  45|0x0000000082d00000, 0x0000000082e00000, 0x0000000082e00000|100%| O|  |TAMS 0x0000000082e00000, 0x0000000082d00000| Untracked 
|  46|0x0000000082e00000, 0x0000000082f00000, 0x0000000082f00000|100%|HS|  |TAMS 0x0000000082f00000, 0x0000000082e00000| Complete 
|  47|0x0000000082f00000, 0x0000000083000000, 0x0000000083000000|100%|HC|  |TAMS 0x0000000083000000, 0x0000000082f00000| Complete 
|  48|0x0000000083000000, 0x0000000083100000, 0x0000000083100000|100%|HC|  |TAMS 0x0000000083100000, 0x0000000083000000| Complete 
|  49|0x0000000083100000, 0x0000000083200000, 0x0000000083200000|100%|HS|  |TAMS 0x0000000083200000, 0x0000000083100000| Complete 
|  50|0x0000000083200000, 0x0000000083300000, 0x0000000083300000|100%|HC|  |TAMS 0x0000000083300000, 0x0000000083200000| Complete 
|  51|0x0000000083300000, 0x0000000083400000, 0x0000000083400000|100%|HC|  |TAMS 0x0000000083400000, 0x0000000083300000| Complete 
|  52|0x0000000083400000, 0x0000000083500000, 0x0000000083500000|100%|HC|  |TAMS 0x0000000083500000, 0x0000000083400000| Complete 
|  53|0x0000000083500000, 0x0000000083600000, 0x0000000083600000|100%|HC|  |TAMS 0x0000000083600000, 0x0000000083500000| Complete 
|  54|0x0000000083600000, 0x0000000083700000, 0x0000000083700000|100%| O|  |TAMS 0x0000000083700000, 0x0000000083600000| Untracked 
|  55|0x0000000083700000, 0x0000000083800000, 0x0000000083800000|100%| O|  |TAMS 0x0000000083800000, 0x0000000083700000| Untracked 
|  56|0x0000000083800000, 0x0000000083900000, 0x0000000083900000|100%|HS|  |TAMS 0x0000000083800000, 0x0000000083800000| Complete 
|  57|0x0000000083900000, 0x0000000083a00000, 0x0000000083a00000|100%| O|  |TAMS 0x0000000083900000, 0x0000000083900000| Untracked 
|  58|0x0000000083a00000, 0x0000000083b00000, 0x0000000083b00000|100%|HS|  |TAMS 0x0000000083b00000, 0x0000000083a00000| Complete 
|  59|0x0000000083b00000, 0x0000000083c00000, 0x0000000083c00000|100%|HC|  |TAMS 0x0000000083c00000, 0x0000000083b00000| Complete 
|  60|0x0000000083c00000, 0x0000000083d00000, 0x0000000083d00000|100%|HC|  |TAMS 0x0000000083d00000, 0x0000000083c00000| Complete 
|  61|0x0000000083d00000, 0x0000000083e00000, 0x0000000083e00000|100%|HC|  |TAMS 0x0000000083e00000, 0x0000000083d00000| Complete 
|  62|0x0000000083e00000, 0x0000000083f00000, 0x0000000083f00000|100%|HC|  |TAMS 0x0000000083f00000, 0x0000000083e00000| Complete 
|  63|0x0000000083f00000, 0x0000000084000000, 0x0000000084000000|100%| O|  |TAMS 0x0000000084000000, 0x0000000083f00000| Untracked 
|  64|0x0000000084000000, 0x0000000084100000, 0x0000000084100000|100%| O|  |TAMS 0x0000000084100000, 0x0000000084000000| Untracked 
|  65|0x0000000084100000, 0x0000000084200000, 0x0000000084200000|100%| O|  |TAMS 0x0000000084200000, 0x0000000084100000| Untracked 
|  66|0x0000000084200000, 0x0000000084300000, 0x0000000084300000|100%| O|  |TAMS 0x0000000084300000, 0x0000000084200000| Untracked 
|  67|0x0000000084300000, 0x0000000084400000, 0x0000000084400000|100%| O|  |TAMS 0x0000000084400000, 0x0000000084300000| Untracked 
|  68|0x0000000084400000, 0x0000000084500000, 0x0000000084500000|100%| O|  |TAMS 0x0000000084500000, 0x0000000084400000| Untracked 
|  69|0x0000000084500000, 0x0000000084600000, 0x0000000084600000|100%| O|  |TAMS 0x0000000084600000, 0x0000000084500000| Untracked 
|  70|0x0000000084600000, 0x0000000084700000, 0x0000000084700000|100%| O|  |TAMS 0x0000000084700000, 0x0000000084600000| Untracked 
|  71|0x0000000084700000, 0x0000000084800000, 0x0000000084800000|100%| O|  |TAMS 0x0000000084800000, 0x0000000084700000| Untracked 
|  72|0x0000000084800000, 0x0000000084900000, 0x0000000084900000|100%| O|  |TAMS 0x0000000084900000, 0x0000000084800000| Untracked 
|  73|0x0000000084900000, 0x0000000084a00000, 0x0000000084a00000|100%| O|  |TAMS 0x0000000084a00000, 0x0000000084900000| Untracked 
|  74|0x0000000084a00000, 0x0000000084b00000, 0x0000000084b00000|100%| O|  |TAMS 0x0000000084a64400, 0x0000000084a00000| Untracked 
|  75|0x0000000084b00000, 0x0000000084c00000, 0x0000000084c00000|100%| O|  |TAMS 0x0000000084b00000, 0x0000000084b00000| Untracked 
|  76|0x0000000084c00000, 0x0000000084d00000, 0x0000000084d00000|100%| O|  |TAMS 0x0000000084c00000, 0x0000000084c00000| Untracked 
|  77|0x0000000084d00000, 0x0000000084e00000, 0x0000000084e00000|100%| O|  |TAMS 0x0000000084d00000, 0x0000000084d00000| Untracked 
|  78|0x0000000084e00000, 0x0000000084f00000, 0x0000000084f00000|100%| O|  |TAMS 0x0000000084e00000, 0x0000000084e00000| Untracked 
|  79|0x0000000084f00000, 0x0000000084f00000, 0x0000000085000000|  0%| F|  |TAMS 0x0000000084f00000, 0x0000000084f00000| Untracked 
|  80|0x0000000085000000, 0x0000000085000000, 0x0000000085100000|  0%| F|  |TAMS 0x0000000085000000, 0x0000000085000000| Untracked 
|  81|0x0000000085100000, 0x0000000085200000, 0x0000000085200000|100%| O|  |TAMS 0x0000000085100000, 0x0000000085100000| Untracked 
|  82|0x0000000085200000, 0x0000000085300000, 0x0000000085300000|100%| O|  |TAMS 0x0000000085200000, 0x0000000085200000| Untracked 
|  83|0x0000000085300000, 0x0000000085400000, 0x0000000085400000|100%| O|  |TAMS 0x0000000085300000, 0x0000000085300000| Untracked 
|  84|0x0000000085400000, 0x0000000085500000, 0x0000000085500000|100%| O|  |TAMS 0x0000000085400000, 0x0000000085400000| Untracked 
|  85|0x0000000085500000, 0x0000000085600000, 0x0000000085600000|100%| O|  |TAMS 0x0000000085500000, 0x0000000085500000| Untracked 
|  86|0x0000000085600000, 0x0000000085700000, 0x0000000085700000|100%| O|  |TAMS 0x0000000085600000, 0x0000000085600000| Untracked 
|  87|0x0000000085700000, 0x0000000085800000, 0x0000000085800000|100%|HS|  |TAMS 0x0000000085700000, 0x0000000085700000| Complete 
|  88|0x0000000085800000, 0x0000000085900000, 0x0000000085900000|100%|HC|  |TAMS 0x0000000085800000, 0x0000000085800000| Complete 
|  89|0x0000000085900000, 0x0000000085a00000, 0x0000000085a00000|100%|HC|  |TAMS 0x0000000085900000, 0x0000000085900000| Complete 
|  90|0x0000000085a00000, 0x0000000085b00000, 0x0000000085b00000|100%|HC|  |TAMS 0x0000000085a00000, 0x0000000085a00000| Complete 
|  91|0x0000000085b00000, 0x0000000085c00000, 0x0000000085c00000|100%|HC|  |TAMS 0x0000000085b00000, 0x0000000085b00000| Complete 
|  92|0x0000000085c00000, 0x0000000085d00000, 0x0000000085d00000|100%|HC|  |TAMS 0x0000000085c00000, 0x0000000085c00000| Complete 
|  93|0x0000000085d00000, 0x0000000085d00000, 0x0000000085e00000|  0%| F|  |TAMS 0x0000000085d00000, 0x0000000085d00000| Untracked 
|  94|0x0000000085e00000, 0x0000000085e00000, 0x0000000085f00000|  0%| F|  |TAMS 0x0000000085e00000, 0x0000000085e00000| Untracked 
|  95|0x0000000085f00000, 0x0000000085f00000, 0x0000000086000000|  0%| F|  |TAMS 0x0000000085f00000, 0x0000000085f00000| Untracked 
|  96|0x0000000086000000, 0x0000000086000000, 0x0000000086100000|  0%| F|  |TAMS 0x0000000086000000, 0x0000000086000000| Untracked 
|  97|0x0000000086100000, 0x0000000086100000, 0x0000000086200000|  0%| F|  |TAMS 0x0000000086100000, 0x0000000086100000| Untracked 
|  98|0x0000000086200000, 0x0000000086200000, 0x0000000086300000|  0%| F|  |TAMS 0x0000000086200000, 0x0000000086200000| Untracked 
|  99|0x0000000086300000, 0x0000000086300000, 0x0000000086400000|  0%| F|  |TAMS 0x0000000086300000, 0x0000000086300000| Untracked 
| 100|0x0000000086400000, 0x0000000086400000, 0x0000000086500000|  0%| F|  |TAMS 0x0000000086400000, 0x0000000086400000| Untracked 
| 101|0x0000000086500000, 0x0000000086500000, 0x0000000086600000|  0%| F|  |TAMS 0x0000000086500000, 0x0000000086500000| Untracked 
| 102|0x0000000086600000, 0x0000000086600000, 0x0000000086700000|  0%| F|  |TAMS 0x0000000086600000, 0x0000000086600000| Untracked 
| 103|0x0000000086700000, 0x0000000086700000, 0x0000000086800000|  0%| F|  |TAMS 0x0000000086700000, 0x0000000086700000| Untracked 
| 104|0x0000000086800000, 0x0000000086800000, 0x0000000086900000|  0%| F|  |TAMS 0x0000000086800000, 0x0000000086800000| Untracked 
| 105|0x0000000086900000, 0x0000000086900000, 0x0000000086a00000|  0%| F|  |TAMS 0x0000000086900000, 0x0000000086900000| Untracked 
| 106|0x0000000086a00000, 0x0000000086a00000, 0x0000000086b00000|  0%| F|  |TAMS 0x0000000086a00000, 0x0000000086a00000| Untracked 
| 107|0x0000000086b00000, 0x0000000086b00000, 0x0000000086c00000|  0%| F|  |TAMS 0x0000000086b00000, 0x0000000086b00000| Untracked 
| 108|0x0000000086c00000, 0x0000000086c00000, 0x0000000086d00000|  0%| F|  |TAMS 0x0000000086c00000, 0x0000000086c00000| Untracked 
| 109|0x0000000086d00000, 0x0000000086d00000, 0x0000000086e00000|  0%| F|  |TAMS 0x0000000086d00000, 0x0000000086d00000| Untracked 
| 110|0x0000000086e00000, 0x0000000086e00000, 0x0000000086f00000|  0%| F|  |TAMS 0x0000000086e00000, 0x0000000086e00000| Untracked 
| 111|0x0000000086f00000, 0x0000000086f00000, 0x0000000087000000|  0%| F|  |TAMS 0x0000000086f00000, 0x0000000086f00000| Untracked 
| 112|0x0000000087000000, 0x000000008702bd18, 0x0000000087100000| 17%| S|CS|TAMS 0x0000000087000000, 0x0000000087000000| Complete 
| 113|0x0000000087100000, 0x0000000087200000, 0x0000000087200000|100%| S|CS|TAMS 0x0000000087100000, 0x0000000087100000| Complete 
| 114|0x0000000087200000, 0x0000000087300000, 0x0000000087300000|100%| S|CS|TAMS 0x0000000087200000, 0x0000000087200000| Complete 
| 115|0x0000000087300000, 0x0000000087400000, 0x0000000087400000|100%| S|CS|TAMS 0x0000000087300000, 0x0000000087300000| Complete 
| 116|0x0000000087400000, 0x0000000087400000, 0x0000000087500000|  0%| F|  |TAMS 0x0000000087400000, 0x0000000087400000| Untracked 
| 117|0x0000000087500000, 0x0000000087500000, 0x0000000087600000|  0%| F|  |TAMS 0x0000000087500000, 0x0000000087500000| Untracked 
| 118|0x0000000087600000, 0x0000000087600000, 0x0000000087700000|  0%| F|  |TAMS 0x0000000087600000, 0x0000000087600000| Untracked 
| 119|0x0000000087700000, 0x0000000087700000, 0x0000000087800000|  0%| F|  |TAMS 0x0000000087700000, 0x0000000087700000| Untracked 
| 120|0x0000000087800000, 0x0000000087800000, 0x0000000087900000|  0%| F|  |TAMS 0x0000000087800000, 0x0000000087800000| Untracked 
| 121|0x0000000087900000, 0x0000000087900000, 0x0000000087a00000|  0%| F|  |TAMS 0x0000000087900000, 0x0000000087900000| Untracked 
| 122|0x0000000087a00000, 0x0000000087a00000, 0x0000000087b00000|  0%| F|  |TAMS 0x0000000087a00000, 0x0000000087a00000| Untracked 
| 123|0x0000000087b00000, 0x0000000087b00000, 0x0000000087c00000|  0%| F|  |TAMS 0x0000000087b00000, 0x0000000087b00000| Untracked 
| 124|0x0000000087c00000, 0x0000000087c00000, 0x0000000087d00000|  0%| F|  |TAMS 0x0000000087c00000, 0x0000000087c00000| Untracked 
| 125|0x0000000087d00000, 0x0000000087d00000, 0x0000000087e00000|  0%| F|  |TAMS 0x0000000087d00000, 0x0000000087d00000| Untracked 
| 126|0x0000000087e00000, 0x0000000087e00000, 0x0000000087f00000|  0%| F|  |TAMS 0x0000000087e00000, 0x0000000087e00000| Untracked 
| 127|0x0000000087f00000, 0x0000000087f00000, 0x0000000088000000|  0%| F|  |TAMS 0x0000000087f00000, 0x0000000087f00000| Untracked 
| 128|0x0000000088000000, 0x0000000088000000, 0x0000000088100000|  0%| F|  |TAMS 0x0000000088000000, 0x0000000088000000| Untracked 
| 129|0x0000000088100000, 0x0000000088100000, 0x0000000088200000|  0%| F|  |TAMS 0x0000000088100000, 0x0000000088100000| Untracked 
| 130|0x0000000088200000, 0x0000000088200000, 0x0000000088300000|  0%| F|  |TAMS 0x0000000088200000, 0x0000000088200000| Untracked 
| 131|0x0000000088300000, 0x0000000088300000, 0x0000000088400000|  0%| F|  |TAMS 0x0000000088300000, 0x0000000088300000| Untracked 
| 132|0x0000000088400000, 0x0000000088400000, 0x0000000088500000|  0%| F|  |TAMS 0x0000000088400000, 0x0000000088400000| Untracked 
| 133|0x0000000088500000, 0x0000000088500000, 0x0000000088600000|  0%| F|  |TAMS 0x0000000088500000, 0x0000000088500000| Untracked 
| 134|0x0000000088600000, 0x0000000088600000, 0x0000000088700000|  0%| F|  |TAMS 0x0000000088600000, 0x0000000088600000| Untracked 
| 135|0x0000000088700000, 0x0000000088700000, 0x0000000088800000|  0%| F|  |TAMS 0x0000000088700000, 0x0000000088700000| Untracked 
| 136|0x0000000088800000, 0x0000000088800000, 0x0000000088900000|  0%| F|  |TAMS 0x0000000088800000, 0x0000000088800000| Untracked 
| 137|0x0000000088900000, 0x0000000088900000, 0x0000000088a00000|  0%| F|  |TAMS 0x0000000088900000, 0x0000000088900000| Untracked 
| 138|0x0000000088a00000, 0x0000000088a00000, 0x0000000088b00000|  0%| F|  |TAMS 0x0000000088a00000, 0x0000000088a00000| Untracked 
| 139|0x0000000088b00000, 0x0000000088b00000, 0x0000000088c00000|  0%| F|  |TAMS 0x0000000088b00000, 0x0000000088b00000| Untracked 
| 140|0x0000000088c00000, 0x0000000088c00000, 0x0000000088d00000|  0%| F|  |TAMS 0x0000000088c00000, 0x0000000088c00000| Untracked 
| 141|0x0000000088d00000, 0x0000000088d00000, 0x0000000088e00000|  0%| F|  |TAMS 0x0000000088d00000, 0x0000000088d00000| Untracked 
| 142|0x0000000088e00000, 0x0000000088e00000, 0x0000000088f00000|  0%| F|  |TAMS 0x0000000088e00000, 0x0000000088e00000| Untracked 
| 143|0x0000000088f00000, 0x0000000088f00000, 0x0000000089000000|  0%| F|  |TAMS 0x0000000088f00000, 0x0000000088f00000| Untracked 
| 144|0x0000000089000000, 0x0000000089000000, 0x0000000089100000|  0%| F|  |TAMS 0x0000000089000000, 0x0000000089000000| Untracked 
| 145|0x0000000089100000, 0x0000000089100000, 0x0000000089200000|  0%| F|  |TAMS 0x0000000089100000, 0x0000000089100000| Untracked 
| 146|0x0000000089200000, 0x0000000089200000, 0x0000000089300000|  0%| F|  |TAMS 0x0000000089200000, 0x0000000089200000| Untracked 
| 147|0x0000000089300000, 0x0000000089300000, 0x0000000089400000|  0%| F|  |TAMS 0x0000000089300000, 0x0000000089300000| Untracked 
| 148|0x0000000089400000, 0x0000000089400000, 0x0000000089500000|  0%| F|  |TAMS 0x0000000089400000, 0x0000000089400000| Untracked 
| 149|0x0000000089500000, 0x0000000089500000, 0x0000000089600000|  0%| F|  |TAMS 0x0000000089500000, 0x0000000089500000| Untracked 
| 150|0x0000000089600000, 0x0000000089600000, 0x0000000089700000|  0%| F|  |TAMS 0x0000000089600000, 0x0000000089600000| Untracked 
| 151|0x0000000089700000, 0x0000000089700000, 0x0000000089800000|  0%| F|  |TAMS 0x0000000089700000, 0x0000000089700000| Untracked 
| 152|0x0000000089800000, 0x0000000089800000, 0x0000000089900000|  0%| F|  |TAMS 0x0000000089800000, 0x0000000089800000| Untracked 
| 153|0x0000000089900000, 0x0000000089900000, 0x0000000089a00000|  0%| F|  |TAMS 0x0000000089900000, 0x0000000089900000| Untracked 

Card table byte_map: [0x000002ac7b7c0000,0x000002ac7bbc0000] _byte_map_base: 0x000002ac7b3c0000

Marking Bits (Prev, Next): (CMBitMap*) 0x000002ac779eca50, (CMBitMap*) 0x000002ac779eca90
 Prev Bits: [0x000002ac7bfc0000, 0x000002ac7dfc0000)
 Next Bits: [0x000002ac7dfc0000, 0x000002ac7ffc0000)

Polling page: 0x000002ac77150000

Metaspace:

Usage:
  Non-class:     72.12 MB used.
      Class:     11.67 MB used.
       Both:     83.79 MB used.

Virtual space:
  Non-class space:      128.00 MB reserved,      72.44 MB ( 57%) committed,  2 nodes.
      Class space:        1.00 GB reserved,      11.94 MB (  1%) committed,  1 nodes.
             Both:        1.12 GB reserved,      84.38 MB (  7%) committed. 

Chunk freelists:
   Non-Class:  7.44 MB
       Class:  4.08 MB
        Both:  11.52 MB

MaxMetaspaceSize: unlimited
CompressedClassSpaceSize: 1.00 GB
Initial GC threshold: 21.00 MB
Current GC threshold: 130.94 MB
CDS: off
MetaspaceReclaimPolicy: balanced
 - commit_granule_bytes: 65536.
 - commit_granule_words: 8192.
 - virtual_space_node_default_size: 8388608.
 - enlarge_chunks_in_place: 1.
 - new_chunks_are_fully_committed: 0.
 - uncommit_free_chunks: 1.
 - use_allocation_guard: 0.
 - handle_deallocations: 1.


Internal statistics:

num_allocs_failed_limit: 6.
num_arena_births: 800.
num_arena_deaths: 0.
num_vsnodes_births: 3.
num_vsnodes_deaths: 0.
num_space_committed: 1348.
num_space_uncommitted: 0.
num_chunks_returned_to_freelist: 6.
num_chunks_taken_from_freelist: 3756.
num_chunk_merges: 3.
num_chunk_splits: 2663.
num_chunks_enlarged: 1995.
num_inconsistent_stats: 0.

CodeHeap 'non-profiled nmethods': size=120000Kb used=3268Kb max_used=3268Kb free=116731Kb
 bounds [0x000002ac07ad0000, 0x000002ac07e10000, 0x000002ac0f000000]
CodeHeap 'profiled nmethods': size=120000Kb used=11071Kb max_used=11071Kb free=108929Kb
 bounds [0x000002ac00000000, 0x000002ac00ad0000, 0x000002ac07530000]
CodeHeap 'non-nmethods': size=5760Kb used=2373Kb max_used=2393Kb free=3386Kb
 bounds [0x000002ac07530000, 0x000002ac077a0000, 0x000002ac07ad0000]
 total_blobs=6507 nmethods=5603 adapters=816
 compilation: enabled
              stopped_count=0, restarted_count=0
 full_count=0

Compilation events (20 events):
Event: 11.298 Thread 0x000002ac1603bc60 nmethod 6362 0x000002ac00ac6790 code [0x000002ac00ac6ba0, 0x000002ac00ac84a8]
Event: 11.298 Thread 0x000002ac1603bc60 6363       3       kotlin.jvm.JvmClassMappingKt::getKotlinClass (11 bytes)
Event: 11.298 Thread 0x000002ac16039340 nmethod 6358 0x000002ac07dffb10 code [0x000002ac07dffc80, 0x000002ac07dffd58]
Event: 11.298 Thread 0x000002ac16039340 6360       4       java.lang.Class::getGenericInfo (52 bytes)
Event: 11.298 Thread 0x000002ac1603bc60 nmethod 6363 0x000002ac00ac8d90 code [0x000002ac00ac90a0, 0x000002ac00ac9f78]
Event: 11.298 Thread 0x000002ac1603bc60 6359       3       java.lang.Class::getConstructors (27 bytes)
Event: 11.298 Thread 0x000002ac1603bc60 nmethod 6359 0x000002ac00aca510 code [0x000002ac00aca700, 0x000002ac00acaa18]
Event: 11.298 Thread 0x000002ac1603bc60 6361       1       org.jetbrains.kotlin.com.intellij.util.containers.ConcurrentWeakKeySoftValueHashMap$HardKey::hashCode (5 bytes)
Event: 11.298 Thread 0x000002ac1603bc60 nmethod 6361 0x000002ac07dffe90 code [0x000002ac07e00020, 0x000002ac07e000f8]
Event: 11.298 Thread 0x000002ac1603bc60 6364       1       org.jetbrains.kotlin.com.intellij.util.containers.ConcurrentWeakKeySoftValueHashMap$WeakKey::hashCode (5 bytes)
Event: 11.298 Thread 0x000002ac1603bc60 nmethod 6364 0x000002ac07e00190 code [0x000002ac07e00320, 0x000002ac07e003f8]
Event: 11.298 Thread 0x000002ac1603bc60 6365       1       org.jetbrains.kotlin.container.ClassInfo::getRegistrations (5 bytes)
Event: 11.298 Thread 0x000002ac1603bc60 nmethod 6365 0x000002ac07e00490 code [0x000002ac07e00620, 0x000002ac07e006f8]
Event: 11.299 Thread 0x000002ac16039340 nmethod 6360 0x000002ac07e00790 code [0x000002ac07e00940, 0x000002ac07e00b28]
Event: 11.299 Thread 0x000002ac1603bc60 6366       3       org.jetbrains.kotlin.container.CacheKt::getSetterInfos (152 bytes)
Event: 11.301 Thread 0x000002ac1603bc60 nmethod 6366 0x000002ac00acab90 code [0x000002ac00acb240, 0x000002ac00ace858]
Event: 11.301 Thread 0x000002ac1603bc60 6367       1       kotlin.collections.EmptyIterator::hasNext (2 bytes)
Event: 11.301 Thread 0x000002ac1603bc60 nmethod 6367 0x000002ac07e00c10 code [0x000002ac07e00da0, 0x000002ac07e00e78]
Event: 11.301 Thread 0x000002ac1603bc60 6368       1       org.jetbrains.kotlin.container.ComponentDescriptor::getShouldInjectProperties (2 bytes)
Event: 11.301 Thread 0x000002ac1603bc60 nmethod 6368 0x000002ac07e00f10 code [0x000002ac07e010a0, 0x000002ac07e01178]

GC Heap History (20 events):
Event: 8.374 GC heap after
{Heap after GC invocations=25 (full 0):
 garbage-first heap   total 122880K, used 71626K [0x0000000080000000, 0x0000000100000000)
  region size 1024K, 3 young (3072K), 3 survivors (3072K)
 Metaspace       used 57446K, committed 58048K, reserved 1114112K
  class space    used 7788K, committed 8064K, reserved 1048576K
}
Event: 8.849 GC heap before
{Heap before GC invocations=25 (full 0):
 garbage-first heap   total 122880K, used 94154K [0x0000000080000000, 0x0000000100000000)
  region size 1024K, 25 young (25600K), 3 survivors (3072K)
 Metaspace       used 59483K, committed 60032K, reserved 1114112K
  class space    used 8158K, committed 8448K, reserved 1048576K
}
Event: 8.853 GC heap after
{Heap after GC invocations=26 (full 0):
 garbage-first heap   total 122880K, used 73187K [0x0000000080000000, 0x0000000100000000)
  region size 1024K, 3 young (3072K), 3 survivors (3072K)
 Metaspace       used 59483K, committed 60032K, reserved 1114112K
  class space    used 8158K, committed 8448K, reserved 1048576K
}
Event: 9.162 GC heap before
{Heap before GC invocations=27 (full 0):
 garbage-first heap   total 124928K, used 94691K [0x0000000080000000, 0x0000000100000000)
  region size 1024K, 25 young (25600K), 3 survivors (3072K)
 Metaspace       used 62937K, committed 63488K, reserved 1114112K
  class space    used 8566K, committed 8832K, reserved 1048576K
}
Event: 9.166 GC heap after
{Heap after GC invocations=28 (full 0):
 garbage-first heap   total 124928K, used 73781K [0x0000000080000000, 0x0000000100000000)
  region size 1024K, 3 young (3072K), 3 survivors (3072K)
 Metaspace       used 62937K, committed 63488K, reserved 1114112K
  class space    used 8566K, committed 8832K, reserved 1048576K
}
Event: 9.504 GC heap before
{Heap before GC invocations=28 (full 0):
 garbage-first heap   total 124928K, used 75829K [0x0000000080000000, 0x0000000100000000)
  region size 1024K, 6 young (6144K), 3 survivors (3072K)
 Metaspace       used 63109K, committed 63744K, reserved 1114112K
  class space    used 8591K, committed 8896K, reserved 1048576K
}
Event: 9.507 GC heap after
{Heap after GC invocations=29 (full 0):
 garbage-first heap   total 150528K, used 73982K [0x0000000080000000, 0x0000000100000000)
  region size 1024K, 1 young (1024K), 1 survivors (1024K)
 Metaspace       used 63109K, committed 63744K, reserved 1114112K
  class space    used 8591K, committed 8896K, reserved 1048576K
}
Event: 9.749 GC heap before
{Heap before GC invocations=29 (full 0):
 garbage-first heap   total 150528K, used 114942K [0x0000000080000000, 0x0000000100000000)
  region size 1024K, 41 young (41984K), 1 survivors (1024K)
 Metaspace       used 69155K, committed 69760K, reserved 1114112K
  class space    used 9869K, committed 10176K, reserved 1048576K
}
Event: 9.752 GC heap after
{Heap after GC invocations=30 (full 0):
 garbage-first heap   total 150528K, used 74959K [0x0000000080000000, 0x0000000100000000)
  region size 1024K, 2 young (2048K), 2 survivors (2048K)
 Metaspace       used 69155K, committed 69760K, reserved 1114112K
  class space    used 9869K, committed 10176K, reserved 1048576K
}
Event: 10.232 GC heap before
{Heap before GC invocations=31 (full 0):
 garbage-first heap   total 150528K, used 117967K [0x0000000080000000, 0x0000000100000000)
  region size 1024K, 44 young (45056K), 2 survivors (2048K)
 Metaspace       used 74958K, committed 75520K, reserved 1114112K
  class space    used 10615K, committed 10880K, reserved 1048576K
}
Event: 10.235 GC heap after
{Heap after GC invocations=32 (full 0):
 garbage-first heap   total 150528K, used 75825K [0x0000000080000000, 0x0000000100000000)
  region size 1024K, 3 young (3072K), 3 survivors (3072K)
 Metaspace       used 74958K, committed 75520K, reserved 1114112K
  class space    used 10615K, committed 10880K, reserved 1048576K
}
Event: 10.268 GC heap before
{Heap before GC invocations=32 (full 0):
 garbage-first heap   total 150528K, used 78897K [0x0000000080000000, 0x0000000100000000)
  region size 1024K, 7 young (7168K), 3 survivors (3072K)
 Metaspace       used 75623K, committed 76224K, reserved 1114112K
  class space    used 10689K, committed 10944K, reserved 1048576K
}
Event: 10.271 GC heap after
{Heap after GC invocations=33 (full 0):
 garbage-first heap   total 150528K, used 75568K [0x0000000080000000, 0x0000000100000000)
  region size 1024K, 1 young (1024K), 1 survivors (1024K)
 Metaspace       used 75623K, committed 76224K, reserved 1114112K
  class space    used 10689K, committed 10944K, reserved 1048576K
}
Event: 10.634 GC heap before
{Heap before GC invocations=33 (full 0):
 garbage-first heap   total 150528K, used 126768K [0x0000000080000000, 0x0000000100000000)
  region size 1024K, 44 young (45056K), 1 survivors (1024K)
 Metaspace       used 79768K, committed 80448K, reserved 1179648K
  class space    used 11232K, committed 11520K, reserved 1048576K
}
Event: 10.639 GC heap after
{Heap after GC invocations=34 (full 0):
 garbage-first heap   total 150528K, used 87947K [0x0000000080000000, 0x0000000100000000)
  region size 1024K, 6 young (6144K), 6 survivors (6144K)
 Metaspace       used 79768K, committed 80448K, reserved 1179648K
  class space    used 11232K, committed 11520K, reserved 1048576K
}
Event: 10.946 GC heap before
{Heap before GC invocations=35 (full 0):
 garbage-first heap   total 157696K, used 121739K [0x0000000080000000, 0x0000000100000000)
  region size 1024K, 39 young (39936K), 6 survivors (6144K)
 Metaspace       used 81395K, committed 82048K, reserved 1179648K
  class space    used 11444K, committed 11712K, reserved 1048576K
}
Event: 10.954 GC heap after
{Heap after GC invocations=36 (full 0):
 garbage-first heap   total 157696K, used 86275K [0x0000000080000000, 0x0000000100000000)
  region size 1024K, 5 young (5120K), 5 survivors (5120K)
 Metaspace       used 81395K, committed 82048K, reserved 1179648K
  class space    used 11444K, committed 11712K, reserved 1048576K
}
Event: 10.976 GC heap before
{Heap before GC invocations=36 (full 0):
 garbage-first heap   total 157696K, used 87299K [0x0000000080000000, 0x0000000100000000)
  region size 1024K, 7 young (7168K), 5 survivors (5120K)
 Metaspace       used 81639K, committed 82304K, reserved 1179648K
  class space    used 11483K, committed 11776K, reserved 1048576K
}
Event: 10.980 GC heap after
{Heap after GC invocations=37 (full 0):
 garbage-first heap   total 157696K, used 86988K [0x0000000080000000, 0x0000000100000000)
  region size 1024K, 1 young (1024K), 1 survivors (1024K)
 Metaspace       used 81639K, committed 82304K, reserved 1179648K
  class space    used 11483K, committed 11776K, reserved 1048576K
}
Event: 11.334 GC heap before
{Heap before GC invocations=37 (full 0):
 garbage-first heap   total 157696K, used 132044K [0x0000000080000000, 0x0000000100000000)
  region size 1024K, 38 young (38912K), 1 survivors (1024K)
 Metaspace       used 85801K, committed 86400K, reserved 1179648K
  class space    used 11947K, committed 12224K, reserved 1048576K
}

Dll operation events (3 events):
Event: 0.021 Loaded shared library C:\Program Files\Android\Android Studio\jbr\bin\java.dll
Event: 0.376 Loaded shared library C:\Program Files\Android\Android Studio\jbr\bin\zip.dll
Event: 0.980 Loaded shared library C:\Program Files\Android\Android Studio\jbr\bin\verify.dll

Deoptimization events (20 events):
Event: 10.733 Thread 0x000002ac17f0dc90 DEOPT PACKING pc=0x000002ac07c1d768 sp=0x000000f2fe3f4790
Event: 10.733 Thread 0x000002ac17f0dc90 DEOPT UNPACKING pc=0x000002ac075869a3 sp=0x000000f2fe3f4750 mode 2
Event: 10.750 Thread 0x000002ac17f0dc90 DEOPT PACKING pc=0x000002ac00258945 sp=0x000000f2fe3f47b0
Event: 10.750 Thread 0x000002ac17f0dc90 DEOPT UNPACKING pc=0x000002ac07587143 sp=0x000000f2fe3f3c10 mode 0
Event: 11.161 Thread 0x000002ac17f0dc90 Uncommon trap: trap_request=0xffffffde fr.pc=0x000002ac07df2e2c relative=0x000000000000054c
Event: 11.161 Thread 0x000002ac17f0dc90 Uncommon trap: reason=class_check action=maybe_recompile pc=0x000002ac07df2e2c method=org.jetbrains.kotlin.protobuf.CodedInputStream.tryRefillBuffer(I)Z @ 177 c2
Event: 11.161 Thread 0x000002ac17f0dc90 DEOPT PACKING pc=0x000002ac07df2e2c sp=0x000000f2fe3f4220
Event: 11.161 Thread 0x000002ac17f0dc90 DEOPT UNPACKING pc=0x000002ac075869a3 sp=0x000000f2fe3f4108 mode 2
Event: 11.163 Thread 0x000002ac17f0dc90 Uncommon trap: trap_request=0xffffffde fr.pc=0x000002ac07df2e2c relative=0x000000000000054c
Event: 11.163 Thread 0x000002ac17f0dc90 Uncommon trap: reason=class_check action=maybe_recompile pc=0x000002ac07df2e2c method=org.jetbrains.kotlin.protobuf.CodedInputStream.tryRefillBuffer(I)Z @ 177 c2
Event: 11.163 Thread 0x000002ac17f0dc90 DEOPT PACKING pc=0x000002ac07df2e2c sp=0x000000f2fe3f4220
Event: 11.163 Thread 0x000002ac17f0dc90 DEOPT UNPACKING pc=0x000002ac075869a3 sp=0x000000f2fe3f4108 mode 2
Event: 11.165 Thread 0x000002ac17f0dc90 Uncommon trap: trap_request=0xffffffde fr.pc=0x000002ac07df2e2c relative=0x000000000000054c
Event: 11.165 Thread 0x000002ac17f0dc90 Uncommon trap: reason=class_check action=maybe_recompile pc=0x000002ac07df2e2c method=org.jetbrains.kotlin.protobuf.CodedInputStream.tryRefillBuffer(I)Z @ 177 c2
Event: 11.165 Thread 0x000002ac17f0dc90 DEOPT PACKING pc=0x000002ac07df2e2c sp=0x000000f2fe3f4220
Event: 11.165 Thread 0x000002ac17f0dc90 DEOPT UNPACKING pc=0x000002ac075869a3 sp=0x000000f2fe3f4108 mode 2
Event: 11.165 Thread 0x000002ac17f0dc90 Uncommon trap: trap_request=0xffffffde fr.pc=0x000002ac07df2e2c relative=0x000000000000054c
Event: 11.165 Thread 0x000002ac17f0dc90 Uncommon trap: reason=class_check action=maybe_recompile pc=0x000002ac07df2e2c method=org.jetbrains.kotlin.protobuf.CodedInputStream.tryRefillBuffer(I)Z @ 177 c2
Event: 11.165 Thread 0x000002ac17f0dc90 DEOPT PACKING pc=0x000002ac07df2e2c sp=0x000000f2fe3f4220
Event: 11.165 Thread 0x000002ac17f0dc90 DEOPT UNPACKING pc=0x000002ac075869a3 sp=0x000000f2fe3f4108 mode 2

Classes unloaded (0 events):
No events

Classes redefined (0 events):
No events

Internal exceptions (20 events):
Event: 8.937 Thread 0x000002ac17f0dc90 Exception <a 'java/lang/IncompatibleClassChangeError'{0x00000000876ca958}: Found class java.lang.Object, but interface was expected> (0x00000000876ca958) 
thrown [s\src\hotspot\share\interpreter\linkResolver.cpp, line 838]
Event: 8.955 Thread 0x000002ac17f0dc90 Exception <a 'java/lang/NoSuchMethodError'{0x00000000875a7fa8}: 'void java.lang.invoke.DirectMethodHandle$Holder.invokeVirtual(java.lang.Object, java.lang.Object)'> (0x00000000875a7fa8) 
thrown [s\src\hotspot\share\interpreter\linkResolver.cpp, line 771]
Event: 9.410 Thread 0x000002ac17f0dc90 Exception <a 'sun/nio/fs/WindowsException'{0x0000000087bdcb28}> (0x0000000087bdcb28) 
thrown [s\src\hotspot\share\prims\jni.cpp, line 531]
Event: 9.522 Thread 0x000002ac17f0dc90 Exception <a 'java/lang/NoSuchMethodError'{0x0000000089163920}: 'java.lang.Object java.lang.invoke.DirectMethodHandle$Holder.invokeStaticInit(java.lang.Object, int)'> (0x0000000089163920) 
thrown [s\src\hotspot\share\interpreter\linkResolver.cpp, line 771]
Event: 9.701 Thread 0x000002ac17f0dc90 Implicit null exception at 0x000002ac07b10e55 to 0x000002ac07b11404
Event: 9.743 Thread 0x000002ac17f0dc90 Implicit null exception at 0x000002ac07b12a52 to 0x000002ac07b12ff4
Event: 9.881 Thread 0x000002ac17f0dc90 Exception <a 'sun/nio/fs/WindowsException'{0x0000000088863098}> (0x0000000088863098) 
thrown [s\src\hotspot\share\prims\jni.cpp, line 531]
Event: 9.881 Thread 0x000002ac17f0dc90 Exception <a 'sun/nio/fs/WindowsException'{0x0000000088864e50}> (0x0000000088864e50) 
thrown [s\src\hotspot\share\prims\jni.cpp, line 531]
Event: 9.996 Thread 0x000002ac17f0dc90 Exception <a 'java/lang/NoSuchMethodError'{0x0000000087d1e0a0}: 'long java.lang.invoke.DirectMethodHandle$Holder.invokeStatic(java.lang.Object)'> (0x0000000087d1e0a0) 
thrown [s\src\hotspot\share\interpreter\linkResolver.cpp, line 771]
Event: 9.996 Thread 0x000002ac17f0dc90 Exception <a 'java/lang/NoSuchMethodError'{0x0000000087d22f30}: 'long java.lang.invoke.DirectMethodHandle$Holder.invokeStaticInit(java.lang.Object)'> (0x0000000087d22f30) 
thrown [s\src\hotspot\share\interpreter\linkResolver.cpp, line 771]
Event: 10.039 Thread 0x000002ac17f0dc90 Exception <a 'java/lang/NoSuchMethodError'{0x0000000087877b20}: 'long java.lang.invoke.Invokers$Holder.invoke_MT(java.lang.Object, java.lang.Object, java.lang.Object, java.lang.Object)'> (0x0000000087877b20) 
thrown [s\src\hotspot\share\interpreter\linkResolver.cpp, line 771]
Event: 10.040 Thread 0x000002ac17f0dc90 Exception <a 'java/lang/NoSuchMethodError'{0x00000000878813c0}: 'int java.lang.invoke.Invokers$Holder.invoke_MT(java.lang.Object, java.lang.Object, java.lang.Object, java.lang.Object)'> (0x00000000878813c0) 
thrown [s\src\hotspot\share\interpreter\linkResolver.cpp, line 771]
Event: 10.040 Thread 0x000002ac17f0dc90 Exception <a 'java/lang/NoSuchMethodError'{0x0000000087891f20}: 'void java.lang.invoke.DelegatingMethodHandle$Holder.reinvoke_L(java.lang.Object, java.lang.Object, java.lang.Object, long, java.lang.Object)'> (0x0000000087891f20) 
thrown [s\src\hotspot\share\interpreter\linkResolver.cpp, line 771]
Event: 10.040 Thread 0x000002ac17f0dc90 Exception <a 'java/lang/NoSuchMethodError'{0x000000008789aaf8}: 'java.lang.Object java.lang.invoke.DirectMethodHandle$Holder.invokeSpecial(java.lang.Object, java.lang.Object, java.lang.Object, java.lang.Object, long)'> (0x000000008789aaf8) 
thrown [s\src\hotspot\share\interpreter\linkResolver.cpp, line 771]
Event: 10.042 Thread 0x000002ac17f0dc90 Exception <a 'java/lang/NoSuchMethodError'{0x00000000878ab570}: 'int java.lang.invoke.DelegatingMethodHandle$Holder.reinvoke_L(java.lang.Object, java.lang.Object, java.lang.Object, long, java.lang.Object, java.lang.Object)'> (0x00000000878ab570) 
thrown [s\src\hotspot\share\interpreter\linkResolver.cpp, line 771]
Event: 10.044 Thread 0x000002ac17f0dc90 Exception <a 'java/lang/NoSuchMethodError'{0x00000000878bbdb0}: 'int java.lang.invoke.DelegatingMethodHandle$Holder.reinvoke_L(java.lang.Object, java.lang.Object, java.lang.Object, long, int, int)'> (0x00000000878bbdb0) 
thrown [s\src\hotspot\share\interpreter\linkResolver.cpp, line 771]
Event: 10.045 Thread 0x000002ac17f0dc90 Exception <a 'java/lang/NoSuchMethodError'{0x00000000878cbed0}: 'int java.lang.invoke.DelegatingMethodHandle$Holder.reinvoke_L(java.lang.Object, java.lang.Object, java.lang.Object, long, long, long)'> (0x00000000878cbed0) 
thrown [s\src\hotspot\share\interpreter\linkResolver.cpp, line 771]
Event: 10.046 Thread 0x000002ac17f0dc90 Exception <a 'java/lang/NoSuchMethodError'{0x00000000878dbcd0}: 'int java.lang.invoke.DelegatingMethodHandle$Holder.reinvoke_L(java.lang.Object, java.lang.Object, java.lang.Object, long, int)'> (0x00000000878dbcd0) 
thrown [s\src\hotspot\share\interpreter\linkResolver.cpp, line 771]
Event: 10.468 Thread 0x000002ac17f0dc90 Exception <a 'java/lang/NoSuchMethodError'{0x0000000087b28508}: 'java.lang.Object java.lang.invoke.Invokers$Holder.invokeExact_MT(java.lang.Object, java.lang.Object, long, java.lang.Object)'> (0x0000000087b28508) 
thrown [s\src\hotspot\share\interpreter\linkResolver.cpp, line 771]
Event: 10.490 Thread 0x000002ac17f0dc90 Exception <a 'java/lang/NoSuchMethodError'{0x00000000879a9088}: 'java.lang.Object java.lang.invoke.Invokers$Holder.invoke_MT(java.lang.Object, java.lang.Object, java.lang.Object)'> (0x00000000879a9088) 
thrown [s\src\hotspot\share\interpreter\linkResolver.cpp, line 771]

VM Operations (20 events):
Event: 9.810 Executing VM operation: G1PauseCleanup done
Event: 9.879 Executing VM operation: HandshakeAllThreads
Event: 9.879 Executing VM operation: HandshakeAllThreads done
Event: 10.232 Executing VM operation: G1CollectForAllocation
Event: 10.235 Executing VM operation: G1CollectForAllocation done
Event: 10.268 Executing VM operation: G1CollectForAllocation
Event: 10.271 Executing VM operation: G1CollectForAllocation done
Event: 10.400 Executing VM operation: HandshakeAllThreads
Event: 10.400 Executing VM operation: HandshakeAllThreads done
Event: 10.634 Executing VM operation: G1CollectForAllocation
Event: 10.639 Executing VM operation: G1CollectForAllocation done
Event: 10.681 Executing VM operation: G1PauseRemark
Event: 10.684 Executing VM operation: G1PauseRemark done
Event: 10.705 Executing VM operation: G1PauseCleanup
Event: 10.705 Executing VM operation: G1PauseCleanup done
Event: 10.946 Executing VM operation: G1CollectForAllocation
Event: 10.954 Executing VM operation: G1CollectForAllocation done
Event: 10.975 Executing VM operation: G1CollectForAllocation
Event: 10.980 Executing VM operation: G1CollectForAllocation done
Event: 11.334 Executing VM operation: G1CollectForAllocation

Events (20 events):
Event: 10.486 loading class java/io/IOError
Event: 10.486 loading class java/io/IOError done
Event: 10.489 loading class java/nio/channels/FileChannel$MapMode
Event: 10.489 loading class java/nio/channels/FileChannel$MapMode done
Event: 10.489 loading class jdk/internal/misc/ExtendedMapMode
Event: 10.489 loading class jdk/internal/misc/ExtendedMapMode done
Event: 10.490 loading class sun/nio/ch/FileChannelImpl$DefaultUnmapper
Event: 10.490 loading class sun/nio/ch/FileChannelImpl$Unmapper
Event: 10.490 loading class jdk/internal/access/foreign/UnmapperProxy
Event: 10.490 loading class jdk/internal/access/foreign/UnmapperProxy done
Event: 10.490 loading class sun/nio/ch/FileChannelImpl$Unmapper done
Event: 10.490 loading class sun/nio/ch/FileChannelImpl$DefaultUnmapper done
Event: 10.490 loading class sun/nio/ch/Util$4
Event: 10.490 loading class sun/nio/ch/Util$4 done
Event: 10.490 loading class jdk/internal/access/foreign/MemorySegmentProxy
Event: 10.490 loading class jdk/internal/access/foreign/MemorySegmentProxy done
Event: 10.491 loading class java/io/UTFDataFormatException
Event: 10.491 loading class java/io/UTFDataFormatException done
Event: 10.768 loading class java/nio/channels/NonWritableChannelException
Event: 10.768 loading class java/nio/channels/NonWritableChannelException done


Dynamic libraries:
0x00007ff6775c0000 - 0x00007ff6775ca000 	C:\Program Files\Android\Android Studio\jbr\bin\java.exe
0x00007ff85c550000 - 0x00007ff85c748000 	C:\WINDOWS\SYSTEM32\ntdll.dll
0x00007ff85bd60000 - 0x00007ff85be21000 	C:\WINDOWS\System32\KERNEL32.DLL
0x00007ff85a180000 - 0x00007ff85a47d000 	C:\WINDOWS\System32\KERNELBASE.dll
0x00007ff85a480000 - 0x00007ff85a580000 	C:\WINDOWS\System32\ucrtbase.dll
0x00007ff837c70000 - 0x00007ff837c87000 	C:\Program Files\Android\Android Studio\jbr\bin\jli.dll
0x00007ff85be30000 - 0x00007ff85bfcd000 	C:\WINDOWS\System32\USER32.dll
0x00007ff859e20000 - 0x00007ff859e42000 	C:\WINDOWS\System32\win32u.dll
0x00007ff85aad0000 - 0x00007ff85aafb000 	C:\WINDOWS\System32\GDI32.dll
0x00007ff859ff0000 - 0x00007ff85a107000 	C:\WINDOWS\System32\gdi32full.dll
0x00007ff859f00000 - 0x00007ff859f9d000 	C:\WINDOWS\System32\msvcp_win.dll
0x00007ff834fa0000 - 0x00007ff83523a000 	C:\WINDOWS\WinSxS\amd64_microsoft.windows.common-controls_6595b64144ccf1df_6.0.19041.4355_none_60b8b9eb71f62e16\COMCTL32.dll
0x00007ff85c310000 - 0x00007ff85c3ae000 	C:\WINDOWS\System32\msvcrt.dll
0x00007ff84f3c0000 - 0x00007ff84f3db000 	C:\Program Files\Android\Android Studio\jbr\bin\VCRUNTIME140.dll
0x00007ff85c410000 - 0x00007ff85c43f000 	C:\WINDOWS\System32\IMM32.DLL
0x00007ff8545b0000 - 0x00007ff8545bc000 	C:\Program Files\Android\Android Studio\jbr\bin\vcruntime140_1.dll
0x00007ff83dc20000 - 0x00007ff83dcad000 	C:\Program Files\Android\Android Studio\jbr\bin\msvcp140.dll
0x00007ff81bd30000 - 0x00007ff81c9b3000 	C:\Program Files\Android\Android Studio\jbr\bin\server\jvm.dll
0x00007ff85c460000 - 0x00007ff85c510000 	C:\WINDOWS\System32\ADVAPI32.dll
0x00007ff85c270000 - 0x00007ff85c310000 	C:\WINDOWS\System32\sechost.dll
0x00007ff85bbb0000 - 0x00007ff85bcd3000 	C:\WINDOWS\System32\RPCRT4.dll
0x00007ff859df0000 - 0x00007ff859e17000 	C:\WINDOWS\System32\bcrypt.dll
0x00007ff859680000 - 0x00007ff8596cb000 	C:\WINDOWS\SYSTEM32\POWRPROF.dll
0x00007ff84f360000 - 0x00007ff84f369000 	C:\WINDOWS\SYSTEM32\WSOCK32.dll
0x00007ff85c0f0000 - 0x00007ff85c15b000 	C:\WINDOWS\System32\WS2_32.dll
0x00007ff8431b0000 - 0x00007ff8431ba000 	C:\WINDOWS\SYSTEM32\VERSION.dll
0x00007ff84ccb0000 - 0x00007ff84ccd7000 	C:\WINDOWS\SYSTEM32\WINMM.dll
0x00007ff8595f0000 - 0x00007ff859602000 	C:\WINDOWS\SYSTEM32\UMPDC.dll
0x00007ff858420000 - 0x00007ff858432000 	C:\WINDOWS\SYSTEM32\kernel.appcore.dll
0x00007ff84f140000 - 0x00007ff84f14a000 	C:\Program Files\Android\Android Studio\jbr\bin\jimage.dll
0x00007ff857990000 - 0x00007ff857b74000 	C:\WINDOWS\SYSTEM32\DBGHELP.DLL
0x00007ff83d880000 - 0x00007ff83d8b4000 	C:\WINDOWS\SYSTEM32\dbgcore.DLL
0x00007ff859c00000 - 0x00007ff859c82000 	C:\WINDOWS\System32\bcryptPrimitives.dll
0x00007ff843ef0000 - 0x00007ff843efe000 	C:\Program Files\Android\Android Studio\jbr\bin\instrument.dll
0x00007ff84ea30000 - 0x00007ff84ea55000 	C:\Program Files\Android\Android Studio\jbr\bin\java.dll
0x00007ff84e6e0000 - 0x00007ff84e6f8000 	C:\Program Files\Android\Android Studio\jbr\bin\zip.dll
0x00007ff85b310000 - 0x00007ff85ba7f000 	C:\WINDOWS\System32\SHELL32.dll
0x00007ff857b80000 - 0x00007ff858323000 	C:\WINDOWS\SYSTEM32\windows.storage.dll
0x00007ff85a590000 - 0x00007ff85a8e3000 	C:\WINDOWS\System32\combase.dll
0x00007ff8595c0000 - 0x00007ff8595ee000 	C:\WINDOWS\SYSTEM32\Wldp.dll
0x00007ff85a9e0000 - 0x00007ff85aaad000 	C:\WINDOWS\System32\OLEAUT32.dll
0x00007ff85adf0000 - 0x00007ff85ae9d000 	C:\WINDOWS\System32\SHCORE.dll
0x00007ff85c3b0000 - 0x00007ff85c405000 	C:\WINDOWS\System32\shlwapi.dll
0x00007ff859b30000 - 0x00007ff859b54000 	C:\WINDOWS\SYSTEM32\profapi.dll
0x00007ff84e330000 - 0x00007ff84e349000 	C:\Program Files\Android\Android Studio\jbr\bin\net.dll
0x00007ff853570000 - 0x00007ff85367d000 	C:\WINDOWS\SYSTEM32\WINHTTP.dll
0x00007ff859320000 - 0x00007ff85938a000 	C:\WINDOWS\system32\mswsock.dll
0x00007ff84cbc0000 - 0x00007ff84cbd6000 	C:\Program Files\Android\Android Studio\jbr\bin\nio.dll
0x00007ff845d30000 - 0x00007ff845d40000 	C:\Program Files\Android\Android Studio\jbr\bin\verify.dll
0x00007ff84f3e0000 - 0x00007ff84f407000 	C:\Users\PMLS\.gradle\native\c067742578af261105cb4f569cf0c3c89f3d7b1fecec35dd04571415982c5e48\windows-amd64\native-platform.dll
0x00007ff836a30000 - 0x00007ff836b74000 	C:\Users\PMLS\.gradle\native\38dada09dfb8b06ba9b0570ebf7e218e3eb74d4ef43ca46872605cf95ebc2f47\windows-amd64\native-platform-file-events.dll
0x00007ff84e6d0000 - 0x00007ff84e6d9000 	C:\Program Files\Android\Android Studio\jbr\bin\management.dll
0x00007ff845d40000 - 0x00007ff845d4b000 	C:\Program Files\Android\Android Studio\jbr\bin\management_ext.dll
0x00007ff85aac0000 - 0x00007ff85aac8000 	C:\WINDOWS\System32\PSAPI.DLL
0x00007ff859510000 - 0x00007ff859528000 	C:\WINDOWS\SYSTEM32\CRYPTSP.dll
0x00007ff858be0000 - 0x00007ff858c14000 	C:\WINDOWS\system32\rsaenh.dll
0x00007ff859af0000 - 0x00007ff859b1e000 	C:\WINDOWS\SYSTEM32\USERENV.dll
0x00007ff859530000 - 0x00007ff85953c000 	C:\WINDOWS\SYSTEM32\CRYPTBASE.dll
0x00007ff859000000 - 0x00007ff85903b000 	C:\WINDOWS\SYSTEM32\IPHLPAPI.DLL
0x00007ff85aab0000 - 0x00007ff85aab8000 	C:\WINDOWS\System32\NSI.dll
0x00007ff84fec0000 - 0x00007ff84fed7000 	C:\WINDOWS\SYSTEM32\dhcpcsvc6.DLL
0x00007ff850480000 - 0x00007ff85049d000 	C:\WINDOWS\SYSTEM32\dhcpcsvc.DLL
0x00007ff859040000 - 0x00007ff85910a000 	C:\WINDOWS\SYSTEM32\DNSAPI.dll
0x00007ff84ec50000 - 0x00007ff84ec59000 	C:\Program Files\Android\Android Studio\jbr\bin\extnet.dll
0x00007ff82f500000 - 0x00007ff82f507000 	C:\WINDOWS\system32\wshunix.dll

dbghelp: loaded successfully - version: 4.0.5 - missing functions: none
symbol engine: initialized successfully - sym options: 0x614 - pdb path: .;C:\Program Files\Android\Android Studio\jbr\bin;C:\WINDOWS\SYSTEM32;C:\WINDOWS\WinSxS\amd64_microsoft.windows.common-controls_6595b64144ccf1df_6.0.19041.4355_none_60b8b9eb71f62e16;C:\Program Files\Android\Android Studio\jbr\bin\server;C:\Users\PMLS\.gradle\native\c067742578af261105cb4f569cf0c3c89f3d7b1fecec35dd04571415982c5e48\windows-amd64;C:\Users\PMLS\.gradle\native\38dada09dfb8b06ba9b0570ebf7e218e3eb74d4ef43ca46872605cf95ebc2f47\windows-amd64

VM Arguments:
jvm_args: --add-opens=java.base/java.util=ALL-UNNAMED --add-opens=java.base/java.lang=ALL-UNNAMED --add-opens=java.base/java.lang.invoke=ALL-UNNAMED --add-opens=java.prefs/java.util.prefs=ALL-UNNAMED --add-opens=java.base/java.nio.charset=ALL-UNNAMED --add-opens=java.base/java.net=ALL-UNNAMED --add-opens=java.base/java.util.concurrent.atomic=ALL-UNNAMED -Xmx2048m -Dfile.encoding=UTF-8 -Duser.country=US -Duser.language=en -Duser.variant -javaagent:C:\Users\PMLS\.gradle\wrapper\dists\gradle-8.7-bin\bhs2wmbdwecv87pi65oeuq5iu\gradle-8.7\lib\agents\gradle-instrumentation-agent-8.7.jar 
java_command: org.gradle.launcher.daemon.bootstrap.GradleDaemon 8.7
java_class_path (initial): C:\Users\PMLS\.gradle\wrapper\dists\gradle-8.7-bin\bhs2wmbdwecv87pi65oeuq5iu\gradle-8.7\lib\gradle-launcher-8.7.jar
Launcher Type: SUN_STANDARD

[Global flags]
     intx CICompilerCount                          = 4                                         {product} {ergonomic}
     uint ConcGCThreads                            = 3                                         {product} {ergonomic}
     uint G1ConcRefinementThreads                  = 10                                        {product} {ergonomic}
   size_t G1HeapRegionSize                         = 1048576                                   {product} {ergonomic}
    uintx GCDrainStackTargetSize                   = 64                                        {product} {ergonomic}
   size_t InitialHeapSize                          = 130023424                                 {product} {ergonomic}
   size_t MarkStackSize                            = 4194304                                   {product} {ergonomic}
   size_t MaxHeapSize                              = 2147483648                                {product} {command line}
   size_t MaxNewSize                               = 1287651328                                {product} {ergonomic}
   size_t MinHeapDeltaBytes                        = 1048576                                   {product} {ergonomic}
   size_t MinHeapSize                              = 8388608                                   {product} {ergonomic}
    uintx NonNMethodCodeHeapSize                   = 5839372                                {pd product} {ergonomic}
    uintx NonProfiledCodeHeapSize                  = 122909434                              {pd product} {ergonomic}
    uintx ProfiledCodeHeapSize                     = 122909434                              {pd product} {ergonomic}
    uintx ReservedCodeCacheSize                    = 251658240                              {pd product} {ergonomic}
     bool SegmentedCodeCache                       = true                                      {product} {ergonomic}
   size_t SoftMaxHeapSize                          = 2147483648                             {manageable} {ergonomic}
     bool UseCompressedClassPointers               = true                           {product lp64_product} {ergonomic}
     bool UseCompressedOops                        = true                           {product lp64_product} {ergonomic}
     bool UseG1GC                                  = true                                      {product} {ergonomic}
     bool UseLargePagesIndividualAllocation        = false                                  {pd product} {ergonomic}

Logging:
Log output configuration:
 #0: stdout all=warning uptime,level,tags
 #1: stderr all=off uptime,level,tags

Environment Variables:
PATH=C:\Program Files\Common Files\Oracle\Java\javapath;C:\WINDOWS\system32;C:\WINDOWS;C:\WINDOWS\System32\Wbem;C:\WINDOWS\System32\WindowsPowerShell\v1.0\;C:\WINDOWS\System32\OpenSSH\;C:\Users\PMLS\AppData\Local\Microsoft\WindowsApps;C:\Users\PMLS\AppData\Local\Programs\Microsoft VS Code\bin
USERNAME=PMYLS
OS=Windows_NT
PROCESSOR_IDENTIFIER=Intel64 Family 6 Model 154 Stepping 4, GenuineIntel
TMP=C:\Users\PMLS\AppData\Local\Temp
TEMP=C:\Users\PMLS\AppData\Local\Temp



Periodic native trim disabled

JNI global refs:
JNI global refs: 26, weak refs: 0

JNI global refs memory usage: 843, weak refs: 841

Process memory usage:
Resident Set Size: 370920K (4% of 8106488K total physical memory with 355988K free physical memory)

OOME stack traces (most recent first):
Classloader memory used:
Loader org.gradle.internal.classloader.VisitableURLClassLoader                         : 6895K
Loader bootstrap                                                                       : 2502K
Loader org.gradle.initialization.MixInLegacyTypesClassLoader                           : 953K
Loader org.gradle.internal.classloader.VisitableURLClassLoader                         : 112K
Loader org.gradle.internal.classloader.VisitableURLClassLoader$InstrumentingVisitableURLClassLoader: 90675B
Loader jdk.internal.loader.ClassLoaders$PlatformClassLoader                            : 65786B
Loader jdk.internal.jrtfs.JrtFileSystemProvider$JrtFsLoader                            : 36997B
Loader jdk.internal.reflect.DelegatingClassLoader                                      : 28853B
Loader jdk.internal.loader.ClassLoaders$AppClassLoader                                 : 28749B
Loader org.gradle.groovy.scripts.internal.DefaultScriptCompilationHandler$ScriptClassLoader: 10807B
Loader org.codehaus.groovy.runtime.callsite.CallSiteClassLoader                        : 6077B

Classes loaded by more than one classloader:
Class org.gradle.internal.Cast                                                        : loaded 3 times (x 69B)
Class org.gradle.api.GradleException                                                  : loaded 3 times (x 80B)
Class org.jetbrains.plugins.gradle.model.MavenRepositoryModel                         : loaded 2 times (x 68B)
Class org.gradle.internal.classpath.ClassPath                                         : loaded 2 times (x 68B)
Class org.gradle.api.internal.classpath.DefaultModuleRegistry                         : loaded 2 times (x 84B)
Class org.gradle.internal.exceptions.NonGradleCauseExceptionsHolder                   : loaded 2 times (x 68B)
Class Settings_gradle$1$1                                                             : loaded 2 times (x 72B)
Class jdk.internal.jimage.BasicImageReader$1                                          : loaded 2 times (x 75B)
Class org.gradle.api.Action                                                           : loaded 2 times (x 68B)
Class org.jetbrains.kotlin.idea.gradleTooling.model.samWithReceiver.SamWithReceiverModel: loaded 2 times (x 68B)
Class org.jetbrains.plugins.gradle.model.ExternalProject                              : loaded 2 times (x 68B)
Class org.jetbrains.plugins.gradle.model.IntelliJSettings                             : loaded 2 times (x 68B)
Class jdk.internal.jimage.ImageBufferCache$1                                          : loaded 2 times (x 78B)
Class jdk.internal.jimage.ImageBufferCache$2                                          : loaded 2 times (x 89B)
Class ijInit1_a6eqhmp0i9ztyx1sql8o9y4z0                                               : loaded 2 times (x 177B)
Class org.jetbrains.kotlin.idea.gradleTooling.KotlinMPPGradleModel                    : loaded 2 times (x 68B)
Class org.gradle.api.internal.DefaultClassPathProvider                                : loaded 2 times (x 74B)
Class org.gradle.internal.installation.GradleInstallation$1                           : loaded 2 times (x 73B)
Class jdk.internal.jrtfs.SystemImage$1                                                : loaded 2 times (x 76B)
Class jdk.internal.jrtfs.SystemImage$2                                                : loaded 2 times (x 74B)
Class org.gradle.internal.exceptions.DefaultMultiCauseException                       : loaded 2 times (x 93B)
Class org.gradle.tooling.model.UnsupportedMethodException                             : loaded 2 times (x 80B)
Class org.gradle.util.GradleVersion                                                   : loaded 2 times (x 81B)
Class org.gradle.internal.classloader.FilteringClassLoader                            : loaded 2 times (x 103B)
Class jdk.internal.jimage.ImageReader$Resource                                        : loaded 2 times (x 82B)
Class jdk.internal.jrtfs.SystemImage                                                  : loaded 2 times (x 72B)
Class org.gradle.tooling.model.Model                                                  : loaded 2 times (x 68B)
Class org.gradle.internal.classpath.DefaultClassPath$ImmutableUniqueList$Builder      : loaded 2 times (x 73B)
Class org.jetbrains.kotlin.idea.gradleTooling.KotlinSourceSetContainer                : loaded 2 times (x 68B)
Class jdk.internal.jrtfs.JrtDirectoryStream$1                                         : loaded 2 times (x 81B)
Class org.gradle.internal.classloader.ClassLoaderVisitor                              : loaded 2 times (x 74B)
Class org.gradle.internal.time.DefaultCountdownTimer                                  : loaded 2 times (x 86B)
Class org.gradle.internal.service.DefaultServiceLocator                               : loaded 2 times (x 81B)
Class org.jetbrains.plugins.gradle.model.jar.JarTaskManifestConfiguration             : loaded 2 times (x 68B)
Class org.gradle.internal.service.UnknownServiceException                             : loaded 2 times (x 81B)
Class org.jetbrains.plugins.gradle.model.DependencyAccessorsModel                     : loaded 2 times (x 68B)
Class org.gradle.internal.classloader.DefaultClassLoaderFactory                       : loaded 2 times (x 80B)
Class jdk.internal.jimage.ImageReader$SharedImageReader                               : loaded 2 times (x 93B)
Class org.jetbrains.plugins.gradle.model.GradleExtensions                             : loaded 2 times (x 68B)
Class jdk.internal.jimage.decompressor.ZipDecompressorFactory                         : loaded 2 times (x 72B)
Class org.jetbrains.plugins.gradle.model.VersionCatalogsModel                         : loaded 2 times (x 68B)
Class org.gradle.internal.classloader.VisitableURLClassLoader$Spec                    : loaded 2 times (x 72B)
Class org.gradle.tooling.model.ProjectModel                                           : loaded 2 times (x 68B)
Class org.gradle.internal.time.MonotonicClock                                         : loaded 2 times (x 75B)
Class org.gradle.tooling.internal.gradle.DefaultProjectIdentifier                     : loaded 2 times (x 84B)
Class org.gradle.api.internal.classpath.ModuleRegistry                                : loaded 2 times (x 68B)
Class org.jetbrains.plugins.gradle.model.RepositoriesModel                            : loaded 2 times (x 68B)
Class kotlin.jvm.internal.markers.KMappedMarker                                       : loaded 2 times (x 68B)
Class org.gradle.api.internal.ClassPathProvider                                       : loaded 2 times (x 68B)
Class org.gradle.internal.classloader.ClasspathUtil$1                                 : loaded 2 times (x 74B)
Class org.gradle.internal.classloader.ClassLoaderFactory                              : loaded 2 times (x 68B)
Class jdk.internal.jimage.ImageHeader                                                 : loaded 2 times (x 69B)
Class org.gradle.api.internal.classpath.ManifestUtil                                  : loaded 2 times (x 69B)
Class org.gradle.api.specs.Spec                                                       : loaded 2 times (x 68B)
Class org.gradle.tooling.internal.gradle.GradleBuildIdentity                          : loaded 2 times (x 68B)
Class org.gradle.internal.IoActions                                                   : loaded 2 times (x 69B)
Class jdk.internal.jimage.decompressor.StringSharingDecompressorFactory               : loaded 2 times (x 72B)
Class org.gradle.api.internal.classpath.EffectiveClassPath                            : loaded 2 times (x 88B)
Class kotlin.jvm.internal.DefaultConstructorMarker                                    : loaded 2 times (x 69B)
Class org.gradle.internal.exceptions.ResolutionProvider                               : loaded 2 times (x 68B)
Class org.jetbrains.kotlin.idea.gradleTooling.model.annotation.AnnotationBasedPluginModel: loaded 2 times (x 68B)
Class org.jetbrains.kotlin.idea.gradleTooling.model.assignment.AssignmentModel        : loaded 2 times (x 68B)
Class org.gradle.internal.installation.CurrentGradleInstallation                      : loaded 2 times (x 71B)
Class org.gradle.internal.agents.InstrumentingClassLoader                             : loaded 2 times (x 68B)
Class org.gradle.internal.installation.CurrentGradleInstallationLocator               : loaded 2 times (x 69B)
Class org.gradle.api.internal.classpath.Module                                        : loaded 2 times (x 68B)
Class sync_studio_tooling5157_dzx9tehrb64j6pgi6768f60cd$_run_closure1                 : loaded 2 times (x 137B)
Class org.gradle.internal.service.CachingServiceLocator                               : loaded 2 times (x 80B)
Class org.gradle.internal.time.Timer                                                  : loaded 2 times (x 68B)
Class org.jetbrains.plugins.gradle.model.tests.ExternalTestsModel                     : loaded 2 times (x 68B)
Class org.jetbrains.kotlin.idea.gradleTooling.KotlinDslScriptAdditionalTask           : loaded 2 times (x 68B)
Class org.gradle.internal.classpath.DefaultClassPath                                  : loaded 2 times (x 88B)
Class jdk.internal.jimage.BasicImageReader                                            : loaded 2 times (x 93B)
Class com.intellij.openapi.externalSystem.model.project.dependencies.ProjectDependencies: loaded 2 times (x 68B)
Class org.jetbrains.kotlin.idea.gradleTooling.PrepareKotlinIdeImportTaskModel         : loaded 2 times (x 68B)
Class jdk.internal.jimage.ImageLocation                                               : loaded 2 times (x 88B)
Class org.gradle.internal.impldep.com.google.common.base.Preconditions                : loaded 2 times (x 69B)
Class kotlin.jvm.functions.Function1                                                  : loaded 2 times (x 68B)
Class jdk.internal.jimage.ImageReader$Node                                            : loaded 2 times (x 82B)
Class org.gradle.internal.time.Time                                                   : loaded 2 times (x 69B)
Class jdk.internal.jimage.decompressor.CompressedResourceHeader                       : loaded 2 times (x 69B)
Class org.gradle.internal.time.TimeSource$1                                           : loaded 2 times (x 75B)
Class jdk.internal.jrtfs.JrtPath                                                      : loaded 2 times (x 116B)
Class jdk.internal.jimage.ImageStrings                                                : loaded 2 times (x 68B)
Class jdk.internal.jrtfs.JrtFileAttributes                                            : loaded 2 times (x 81B)
Class org.gradle.internal.classloader.SystemClassLoaderSpec                           : loaded 2 times (x 69B)
Class jdk.internal.jimage.decompressor.ResourceDecompressorRepository                 : loaded 2 times (x 69B)
Class kotlin.Function                                                                 : loaded 2 times (x 68B)
Class org.gradle.api.UncheckedIOException                                             : loaded 2 times (x 80B)
Class jdk.internal.jimage.decompressor.ResourceDecompressor$StringsProvider           : loaded 2 times (x 68B)
Class Program                                                                         : loaded 2 times (x 70B)
Class jdk.internal.jimage.decompressor.Decompressor                                   : loaded 2 times (x 70B)
Class sync_studio_tooling5157_dzx9tehrb64j6pgi6768f60cd                               : loaded 2 times (x 177B)
Class jdk.internal.jrtfs.JrtFileSystem                                                : loaded 2 times (x 100B)
Class org.gradle.tooling.internal.gradle.GradleProjectIdentity                        : loaded 2 times (x 68B)
Class jdk.internal.jrtfs.JrtFileSystemProvider                                        : loaded 2 times (x 97B)
Class org.gradle.internal.time.CountdownTimer                                         : loaded 2 times (x 68B)
Class org.gradle.internal.time.Clock                                                  : loaded 2 times (x 68B)
Class org.gradle.internal.classloader.ClasspathUtil                                   : loaded 2 times (x 69B)
Class jdk.internal.jrtfs.JrtDirectoryStream                                           : loaded 2 times (x 87B)
Class org.gradle.tooling.model.BuildIdentifier                                        : loaded 2 times (x 68B)
Class jdk.internal.jimage.decompressor.ResourceDecompressor                           : loaded 2 times (x 68B)
Class org.gradle.api.internal.DefaultClassPathRegistry                                : loaded 2 times (x 74B)
Class org.gradle.api.internal.classpath.DefaultModuleRegistry$DefaultModule           : loaded 2 times (x 84B)
Class org.gradle.internal.time.TimeSource                                             : loaded 2 times (x 68B)
Class org.jetbrains.kotlin.android.synthetic.idea.AndroidExtensionsGradleModel        : loaded 2 times (x 68B)
Class org.gradle.api.internal.classpath.UnknownModuleException                        : loaded 2 times (x 80B)
Class org.jetbrains.plugins.gradle.model.IntelliJProjectSettings                      : loaded 2 times (x 68B)
Class org.gradle.internal.service.ServiceLookupException                              : loaded 2 times (x 80B)
Class jdk.internal.jimage.ImageStringsReader                                          : loaded 2 times (x 78B)
Class org.gradle.cache.GlobalCache                                                    : loaded 2 times (x 68B)
Class jdk.internal.jimage.decompressor.ResourceDecompressorFactory                    : loaded 2 times (x 72B)
Class org.jetbrains.kotlin.idea.gradleTooling.model.lombok.LombokModel                : loaded 2 times (x 68B)
Class org.gradle.tooling.model.ProjectIdentifier                                      : loaded 2 times (x 68B)
Class [Lorg.gradle.api.internal.ClassPathProvider;                                    : loaded 2 times (x 67B)
Class jdk.internal.jimage.ImageReader$SharedImageReader$LocationVisitor               : loaded 2 times (x 68B)
Class org.gradle.internal.operations.MultipleBuildOperationFailures                   : loaded 2 times (x 93B)
Class org.gradle.util.internal.GUtil                                                  : loaded 2 times (x 69B)
Class jdk.internal.jimage.decompressor.ZipDecompressor                                : loaded 2 times (x 73B)
Class org.jetbrains.plugins.gradle.model.AnnotationProcessingModel                    : loaded 2 times (x 68B)
Class org.gradle.internal.classloader.ClassLoaderSpec                                 : loaded 2 times (x 69B)
Class org.gradle.internal.classloader.VisitableURLClassLoader                         : loaded 2 times (x 115B)
Class org.gradle.internal.installation.GradleInstallation                             : loaded 2 times (x 73B)
Class org.gradle.api.internal.ClassPathRegistry                                       : loaded 2 times (x 68B)
Class org.gradle.internal.classloader.VisitableURLClassLoader$InstrumentingVisitableURLClassLoader: loaded 2 times (x 121B)
Class org.gradle.internal.classloader.ClassLoaderHierarchy                            : loaded 2 times (x 68B)
Class org.gradle.internal.exceptions.MultiCauseException                              : loaded 2 times (x 68B)
Class jdk.internal.jimage.ImageReader                                                 : loaded 2 times (x 73B)
Class org.jetbrains.kotlin.idea.gradleTooling.model.parcelize.ParcelizeGradleModel    : loaded 2 times (x 68B)
Class org.gradle.internal.InternalTransformer                                         : loaded 2 times (x 68B)
Class org.jetbrains.kotlin.idea.gradleTooling.model.noarg.NoArgModel                  : loaded 2 times (x 68B)
Class org.jetbrains.kotlin.idea.gradleTooling.KotlinGradleModel                       : loaded 2 times (x 68B)
Class org.gradle.tooling.internal.gradle.DefaultBuildIdentifier                       : loaded 2 times (x 77B)
Class org.gradle.internal.service.ServiceLocator                                      : loaded 2 times (x 68B)
Class Settings_gradle$1                                                               : loaded 2 times (x 72B)
Class org.jetbrains.kotlin.idea.gradleTooling.model.allopen.AllOpenModel              : loaded 2 times (x 68B)
Class org.gradle.internal.classpath.DefaultClassPath$ImmutableUniqueList              : loaded 2 times (x 159B)
Class jdk.internal.jimage.ImageBufferCache                                            : loaded 2 times (x 69B)
Class org.gradle.internal.time.DefaultTimer                                           : loaded 2 times (x 78B)
Class org.gradle.internal.classpath.TransformedClassPath                              : loaded 2 times (x 94B)
Class Settings_gradle                                                                 : loaded 2 times (x 126B)
Class jdk.internal.jimage.ImageReader$Directory                                       : loaded 2 times (x 82B)


---------------  S Y S T E M  ---------------

OS:
 Windows 10 , 64 bit Build 19041 (10.0.19041.4842)
OS uptime: 0 days 9:29 hours

CPU: total 12 (initial active 12) (12 cores per cpu, 1 threads per core) family 6 model 154 stepping 4 microcode 0x424, cx8, cmov, fxsr, mmx, 3dnowpref, sse, sse2, sse3, ssse3, sse4.1, sse4.2, popcnt, lzcnt, tsc, tscinvbit, avx, avx2, aes, erms, clmul, bmi1, bmi2, adx, sha, fma, vzeroupper, clflush, clflushopt, clwb
Processor Information for processor 0
  Max Mhz: 1300, Current Mhz: 1300, Mhz Limit: 1300
Processor Information for processor 1
  Max Mhz: 1300, Current Mhz: 1300, Mhz Limit: 1300
Processor Information for processor 2
  Max Mhz: 1300, Current Mhz: 1300, Mhz Limit: 1300
Processor Information for processor 3
  Max Mhz: 1300, Current Mhz: 1300, Mhz Limit: 1300
Processor Information for processor 4
  Max Mhz: 900, Current Mhz: 900, Mhz Limit: 900
Processor Information for processor 5
  Max Mhz: 900, Current Mhz: 900, Mhz Limit: 900
Processor Information for processor 6
  Max Mhz: 900, Current Mhz: 900, Mhz Limit: 900
Processor Information for processor 7
  Max Mhz: 900, Current Mhz: 900, Mhz Limit: 900
Processor Information for processor 8
  Max Mhz: 900, Current Mhz: 900, Mhz Limit: 900
Processor Information for processor 9
  Max Mhz: 900, Current Mhz: 900, Mhz Limit: 900
Processor Information for processor 10
  Max Mhz: 900, Current Mhz: 900, Mhz Limit: 900
Processor Information for processor 11
  Max Mhz: 900, Current Mhz: 900, Mhz Limit: 900

Memory: 4k page, system-wide physical 7916M (347M free)
TotalPageFile size 12012M (AvailPageFile size 34M)
current process WorkingSet (physical memory assigned to process): 362M, peak: 362M
current process commit charge ("private bytes"): 403M, peak: 514M

vm_info: OpenJDK 64-Bit Server VM (17.0.11+0--11852314) for windows-amd64 JRE (17.0.11+0--11852314), built on May 16 2024 21:29:20 by "androidbuild" with MS VC++ 16.10 / 16.11 (VS2019)

END.
