#
# There is insufficient memory for the Java Runtime Environment to continue.
# Native memory allocation (malloc) failed to allocate 1092656 bytes. Error detail: Chunk::new
# Possible reasons:
#   The system is out of physical RAM or swap space
#   This process is running with CompressedOops enabled, and the Java Heap may be blocking the growth of the native heap
# Possible solutions:
#   Reduce memory load on the system
#   Increase physical memory or swap space
#   Check if swap backing store is full
#   Decrease Java heap size (-Xmx/-Xms)
#   Decrease number of Java threads
#   Decrease Java thread stack sizes (-Xss)
#   Set larger code cache with -XX:ReservedCodeCacheSize=
#   JVM is running with Unscaled Compressed Oops mode in which the Java heap is
#     placed in the first 4GB address space. The Java Heap base address is the
#     maximum limit for the native heap growth. Please use -XX:HeapBaseMinAddress
#     to set the Java Heap base and to place the Java Heap above 4GB virtual address.
# This output file may be truncated or incomplete.
#
#  Out of Memory Error (arena.cpp:191), pid=12924, tid=4956
#
# JRE version: OpenJDK Runtime Environment (17.0.11) (build 17.0.11+0--11852314)
# Java VM: OpenJDK 64-Bit Server VM (17.0.11+0--11852314, mixed mode, tiered, compressed oops, compressed class ptrs, g1 gc, windows-amd64)
# No core dump will be written. Minidumps are not enabled by default on client versions of Windows
#

---------------  S U M M A R Y ------------

Command Line: --add-opens=java.base/java.util=ALL-UNNAMED --add-opens=java.base/java.lang=ALL-UNNAMED --add-opens=java.base/java.lang.invoke=ALL-UNNAMED --add-opens=java.prefs/java.util.prefs=ALL-UNNAMED --add-opens=java.base/java.nio.charset=ALL-UNNAMED --add-opens=java.base/java.net=ALL-UNNAMED --add-opens=java.base/java.util.concurrent.atomic=ALL-UNNAMED -Xmx2048m -Dfile.encoding=UTF-8 -Duser.country=US -Duser.language=en -Duser.variant -javaagent:C:\Users\PMLS\.gradle\wrapper\dists\gradle-8.7-bin\bhs2wmbdwecv87pi65oeuq5iu\gradle-8.7\lib\agents\gradle-instrumentation-agent-8.7.jar org.gradle.launcher.daemon.bootstrap.GradleDaemon 8.7

Host: 12th Gen Intel(R) Core(TM) i5-1235U, 12 cores, 7G,  Windows 10 , 64 bit Build 19041 (10.0.19041.4842)
Time: Thu Oct  3 01:42:33 2024 Pakistan Standard Time elapsed time: 20.179008 seconds (0d 0h 0m 20s)

---------------  T H R E A D  ---------------

Current thread (0x000001fb2e0387d0):  JavaThread "C2 CompilerThread0" daemon [_thread_in_native, id=4956, stack(0x0000008892a00000,0x0000008892b00000)]


Current CompileTask:
C2:  20179 8367       4       org.jetbrains.kotlin.metadata.ProtoBuf$Type::isInitialized (145 bytes)

Stack: [0x0000008892a00000,0x0000008892b00000]
Native frames: (J=compiled Java code, j=interpreted, Vv=VM code, C=native code)
V  [jvm.dll+0x687bb9]
V  [jvm.dll+0x84142a]
V  [jvm.dll+0x8430ae]
V  [jvm.dll+0x843713]
V  [jvm.dll+0x24a35f]
V  [jvm.dll+0xac544]
V  [jvm.dll+0xacb8c]
V  [jvm.dll+0x369be2]
V  [jvm.dll+0x33416a]
V  [jvm.dll+0x33360a]
V  [jvm.dll+0x21bed1]
V  [jvm.dll+0x21b311]
V  [jvm.dll+0x1a63ed]
V  [jvm.dll+0x22b1ee]
V  [jvm.dll+0x229375]
V  [jvm.dll+0x7f5647]
V  [jvm.dll+0x7efa4a]
V  [jvm.dll+0x686a35]
C  [ucrtbase.dll+0x21bb2]
C  [KERNEL32.DLL+0x17374]
C  [ntdll.dll+0x4cc91]


---------------  P R O C E S S  ---------------

Threads class SMR info:
_java_thread_list=0x000001fb31a3b6a0, length=56, elements={
0x000001fb0fb94a10, 0x000001fb29e2d810, 0x000001fb29e2e5a0, 0x000001fb29e47bd0,
0x000001fb2e034000, 0x000001fb2e0348d0, 0x000001fb2e0371b0, 0x000001fb2e0387d0,
0x000001fb2e03b1a0, 0x000001fb2e03bab0, 0x000001fb2e0e94a0, 0x000001fb2e33ee70,
0x000001fb2f9c4560, 0x000001fb2f9c59a0, 0x000001fb2f9c63c0, 0x000001fb2f9c5490,
0x000001fb2f9c68d0, 0x000001fb2f9c3630, 0x000001fb2f9c5eb0, 0x000001fb2f9c4a70,
0x000001fb2f9c3b40, 0x000001fb2f9c6de0, 0x000001fb3067e850, 0x000001fb3067c9f0,
0x000001fb3067d410, 0x000001fb3067d920, 0x000001fb3067ed60, 0x000001fb3067cf00,
0x000001fb3067e340, 0x000001fb30681af0, 0x000001fb306810d0, 0x000001fb3067f780,
0x000001fb306801a0, 0x000001fb30682000, 0x000001fb306806b0, 0x000001fb3067f270,
0x000001fb3067c4e0, 0x000001fb30682510, 0x000001fb30680bc0, 0x000001fb306815e0,
0x000001fb30682a20, 0x000001fb30682f30, 0x000001fb3067bac0, 0x000001fb31620950,
0x000001fb31621880, 0x000001fb31624100, 0x000001fb316227b0, 0x000001fb31622cc0,
0x000001fb2fe9af30, 0x000001fb2fe9c370, 0x000001fb2fe9a000, 0x000001fb2fe981a0,
0x000001fb2fe96850, 0x000001fb2fe9be60, 0x000001fb2fe9c880, 0x000001fb2fe97270
}

Java Threads: ( => current thread )
  0x000001fb0fb94a10 JavaThread "main" [_thread_blocked, id=13448, stack(0x0000008891d00000,0x0000008891e00000)]
  0x000001fb29e2d810 JavaThread "Reference Handler" daemon [_thread_blocked, id=904, stack(0x0000008892400000,0x0000008892500000)]
  0x000001fb29e2e5a0 JavaThread "Finalizer" daemon [_thread_blocked, id=6228, stack(0x0000008892500000,0x0000008892600000)]
  0x000001fb29e47bd0 JavaThread "Signal Dispatcher" daemon [_thread_blocked, id=3380, stack(0x0000008892600000,0x0000008892700000)]
  0x000001fb2e034000 JavaThread "Attach Listener" daemon [_thread_blocked, id=12748, stack(0x0000008892700000,0x0000008892800000)]
  0x000001fb2e0348d0 JavaThread "Service Thread" daemon [_thread_blocked, id=1124, stack(0x0000008892800000,0x0000008892900000)]
  0x000001fb2e0371b0 JavaThread "Monitor Deflation Thread" daemon [_thread_blocked, id=1104, stack(0x0000008892900000,0x0000008892a00000)]
=>0x000001fb2e0387d0 JavaThread "C2 CompilerThread0" daemon [_thread_in_native, id=4956, stack(0x0000008892a00000,0x0000008892b00000)]
  0x000001fb2e03b1a0 JavaThread "C1 CompilerThread0" daemon [_thread_in_native, id=2484, stack(0x0000008892b00000,0x0000008892c00000)]
  0x000001fb2e03bab0 JavaThread "Sweeper thread" daemon [_thread_blocked, id=4344, stack(0x0000008892c00000,0x0000008892d00000)]
  0x000001fb2e0e94a0 JavaThread "Common-Cleaner" daemon [_thread_blocked, id=14256, stack(0x0000008892d00000,0x0000008892e00000)]
  0x000001fb2e33ee70 JavaThread "Notification Thread" daemon [_thread_blocked, id=10672, stack(0x0000008892e00000,0x0000008892f00000)]
  0x000001fb2f9c4560 JavaThread "Daemon health stats" [_thread_blocked, id=5028, stack(0x0000008893500000,0x0000008893600000)]
  0x000001fb2f9c59a0 JavaThread "Incoming local TCP Connector on port 53980" [_thread_in_native, id=8912, stack(0x0000008893600000,0x0000008893700000)]
  0x000001fb2f9c63c0 JavaThread "Daemon periodic checks" [_thread_blocked, id=11688, stack(0x0000008893700000,0x0000008893800000)]
  0x000001fb2f9c5490 JavaThread "Daemon" [_thread_blocked, id=15504, stack(0x0000008893800000,0x0000008893900000)]
  0x000001fb2f9c68d0 JavaThread "Handler for socket connection from /127.0.0.1:53980 to /127.0.0.1:53981" [_thread_in_native, id=9868, stack(0x0000008893900000,0x0000008893a00000)]
  0x000001fb2f9c3630 JavaThread "Cancel handler" [_thread_blocked, id=1968, stack(0x0000008893a00000,0x0000008893b00000)]
  0x000001fb2f9c5eb0 JavaThread "Daemon worker" [_thread_in_Java, id=8064, stack(0x0000008893b00000,0x0000008893c00000)]
  0x000001fb2f9c4a70 JavaThread "Asynchronous log dispatcher for DefaultDaemonConnection: socket connection from /127.0.0.1:53980 to /127.0.0.1:53981" [_thread_blocked, id=10176, stack(0x0000008893c00000,0x0000008893d00000)]
  0x000001fb2f9c3b40 JavaThread "Stdin handler" [_thread_blocked, id=12708, stack(0x0000008893d00000,0x0000008893e00000)]
  0x000001fb2f9c6de0 JavaThread "Daemon client event forwarder" [_thread_blocked, id=4680, stack(0x0000008893e00000,0x0000008893f00000)]
  0x000001fb3067e850 JavaThread "Cache worker for journal cache (C:\Users\PMLS\.gradle\caches\journal-1)" [_thread_blocked, id=4580, stack(0x0000008894600000,0x0000008894700000)]
  0x000001fb3067c9f0 JavaThread "File lock request listener" [_thread_in_native, id=12516, stack(0x0000008894700000,0x0000008894800000)]
  0x000001fb3067d410 JavaThread "Cache worker for file hash cache (C:\Users\PMLS\.gradle\caches\8.7\fileHashes)" [_thread_blocked, id=15128, stack(0x0000008894800000,0x0000008894900000)]
  0x000001fb3067d920 JavaThread "File lock release action executor" [_thread_blocked, id=8384, stack(0x0000008893000000,0x0000008893100000)]
  0x000001fb3067ed60 JavaThread "Cache worker for file hash cache (C:\Users\PMLS\AndroidStudioProjects\TOODOOLISTAPP2\.gradle\8.7\fileHashes)" [_thread_blocked, id=12540, stack(0x0000008894900000,0x0000008894a00000)]
  0x000001fb3067cf00 JavaThread "File watcher server" daemon [_thread_in_native, id=13248, stack(0x0000008894b00000,0x0000008894c00000)]
  0x000001fb3067e340 JavaThread "File watcher consumer" daemon [_thread_blocked, id=8300, stack(0x0000008894c00000,0x0000008894d00000)]
  0x000001fb30681af0 JavaThread "jar transforms" [_thread_blocked, id=11012, stack(0x0000008894d00000,0x0000008894e00000)]
  0x000001fb306810d0 JavaThread "jar transforms Thread 2" [_thread_blocked, id=15328, stack(0x0000008894e00000,0x0000008894f00000)]
  0x000001fb3067f780 JavaThread "jar transforms Thread 3" [_thread_blocked, id=8948, stack(0x0000008894f00000,0x0000008895000000)]
  0x000001fb306801a0 JavaThread "jar transforms Thread 4" [_thread_blocked, id=7888, stack(0x0000008895000000,0x0000008895100000)]
  0x000001fb30682000 JavaThread "jar transforms Thread 5" [_thread_blocked, id=10312, stack(0x0000008895100000,0x0000008895200000)]
  0x000001fb306806b0 JavaThread "jar transforms Thread 6" [_thread_blocked, id=1836, stack(0x0000008895200000,0x0000008895300000)]
  0x000001fb3067f270 JavaThread "jar transforms Thread 7" [_thread_blocked, id=15776, stack(0x0000008895300000,0x0000008895400000)]
  0x000001fb3067c4e0 JavaThread "jar transforms Thread 8" [_thread_blocked, id=9064, stack(0x0000008895400000,0x0000008895500000)]
  0x000001fb30682510 JavaThread "jar transforms Thread 9" [_thread_blocked, id=2136, stack(0x0000008895500000,0x0000008895600000)]
  0x000001fb30680bc0 JavaThread "jar transforms Thread 10" [_thread_blocked, id=15852, stack(0x0000008895600000,0x0000008895700000)]
  0x000001fb306815e0 JavaThread "jar transforms Thread 11" [_thread_blocked, id=2284, stack(0x0000008895700000,0x0000008895800000)]
  0x000001fb30682a20 JavaThread "jar transforms Thread 12" [_thread_blocked, id=13728, stack(0x0000008895800000,0x0000008895900000)]
  0x000001fb30682f30 JavaThread "Cache worker for checksums cache (C:\Users\PMLS\AndroidStudioProjects\TOODOOLISTAPP2\.gradle\8.7\checksums)" [_thread_blocked, id=10036, stack(0x0000008895900000,0x0000008895a00000)]
  0x000001fb3067bac0 JavaThread "Cache worker for cache directory md-supplier (C:\Users\PMLS\.gradle\caches\8.7\md-supplier)" [_thread_blocked, id=16080, stack(0x0000008895a00000,0x0000008895b00000)]
  0x000001fb31620950 JavaThread "Cache worker for cache directory md-rule (C:\Users\PMLS\.gradle\caches\8.7\md-rule)" [_thread_blocked, id=13672, stack(0x0000008895b00000,0x0000008895c00000)]
  0x000001fb31621880 JavaThread "Cache worker for file content cache (C:\Users\PMLS\.gradle\caches\8.7\fileContent)" [_thread_blocked, id=11916, stack(0x0000008895c00000,0x0000008895d00000)]
  0x000001fb31624100 JavaThread "Unconstrained build operations" [_thread_blocked, id=15620, stack(0x0000008894a00000,0x0000008894b00000)]
  0x000001fb316227b0 JavaThread "Unconstrained build operations Thread 2" [_thread_blocked, id=15252, stack(0x0000008895d00000,0x0000008895e00000)]
  0x000001fb31622cc0 JavaThread "Unconstrained build operations Thread 3" [_thread_blocked, id=5444, stack(0x0000008895e00000,0x0000008895f00000)]
  0x000001fb2fe9af30 JavaThread "Unconstrained build operations Thread 4" [_thread_blocked, id=3720, stack(0x0000008895f00000,0x0000008896000000)]
  0x000001fb2fe9c370 JavaThread "Unconstrained build operations Thread 5" [_thread_blocked, id=10048, stack(0x0000008896000000,0x0000008896100000)]
  0x000001fb2fe9a000 JavaThread "Unconstrained build operations Thread 6" [_thread_blocked, id=11396, stack(0x0000008896100000,0x0000008896200000)]
  0x000001fb2fe981a0 JavaThread "Unconstrained build operations Thread 7" [_thread_blocked, id=1608, stack(0x0000008896200000,0x0000008896300000)]
  0x000001fb2fe96850 JavaThread "Unconstrained build operations Thread 8" [_thread_blocked, id=9164, stack(0x0000008896300000,0x0000008896400000)]
  0x000001fb2fe9be60 JavaThread "Unconstrained build operations Thread 9" [_thread_blocked, id=6604, stack(0x0000008896400000,0x0000008896500000)]
  0x000001fb2fe9c880 JavaThread "Unconstrained build operations Thread 10" [_thread_blocked, id=3028, stack(0x0000008896500000,0x0000008896600000)]
  0x000001fb2fe97270 JavaThread "Cache worker for Build Output Cleanup Cache (C:\Users\PMLS\AndroidStudioProjects\TOODOOLISTAPP2\.gradle\buildOutputCleanup)" [_thread_blocked, id=15732, stack(0x0000008896600000,0x0000008896700000)]

Other Threads:
  0x000001fb29e29c80 VMThread "VM Thread" [stack: 0x0000008892300000,0x0000008892400000] [id=7052]
  0x000001fb2e2a8170 WatcherThread [stack: 0x0000008892f00000,0x0000008893000000] [id=10708]
  0x000001fb0da5e840 GCTaskThread "GC Thread#0" [stack: 0x0000008891e00000,0x0000008891f00000] [id=6824]
  0x000001fb2f0f8380 GCTaskThread "GC Thread#1" [stack: 0x0000008893100000,0x0000008893200000] [id=12640]
  0x000001fb2ea3f600 GCTaskThread "GC Thread#2" [stack: 0x0000008893200000,0x0000008893300000] [id=5184]
  0x000001fb2ea3f8c0 GCTaskThread "GC Thread#3" [stack: 0x0000008893300000,0x0000008893400000] [id=1564]
  0x000001fb2eb65e80 GCTaskThread "GC Thread#4" [stack: 0x0000008893400000,0x0000008893500000] [id=7088]
  0x000001fb2fe1af80 GCTaskThread "GC Thread#5" [stack: 0x0000008893f00000,0x0000008894000000] [id=13628]
  0x000001fb2ffed440 GCTaskThread "GC Thread#6" [stack: 0x0000008894000000,0x0000008894100000] [id=3040]
  0x000001fb30bd1c30 GCTaskThread "GC Thread#7" [stack: 0x0000008894100000,0x0000008894200000] [id=7400]
  0x000001fb3001a080 GCTaskThread "GC Thread#8" [stack: 0x0000008894200000,0x0000008894300000] [id=3736]
  0x000001fb2fb1e330 GCTaskThread "GC Thread#9" [stack: 0x0000008894300000,0x0000008894400000] [id=11256]
  0x000001fb0fbfcc40 ConcurrentGCThread "G1 Main Marker" [stack: 0x0000008891f00000,0x0000008892000000] [id=6988]
  0x000001fb0fbfd570 ConcurrentGCThread "G1 Conc#0" [stack: 0x0000008892000000,0x0000008892100000] [id=12272]
  0x000001fb307cf980 ConcurrentGCThread "G1 Conc#1" [stack: 0x0000008894400000,0x0000008894500000] [id=11668]
  0x000001fb2ed41250 ConcurrentGCThread "G1 Conc#2" [stack: 0x0000008894500000,0x0000008894600000] [id=3416]
  0x000001fb29ca20d0 ConcurrentGCThread "G1 Refine#0" [stack: 0x0000008892100000,0x0000008892200000] [id=6300]
  0x000001fb315a8c40 ConcurrentGCThread "G1 Refine#1" [stack: 0x0000008896700000,0x0000008896800000] [id=1852]
  0x000001fb2f215350 ConcurrentGCThread "G1 Refine#2" [stack: 0x0000008896800000,0x0000008896900000] [id=5472]
  0x000001fb29ca2910 ConcurrentGCThread "G1 Service" [stack: 0x0000008892200000,0x0000008892300000] [id=13836]

Threads with active compile tasks:
C2 CompilerThread0    20194 8367       4       org.jetbrains.kotlin.metadata.ProtoBuf$Type::isInitialized (145 bytes)

VM state: not at safepoint (normal execution)

VM Mutex/Monitor currently owned by a thread: None

Heap address: 0x0000000080000000, size: 2048 MB, Compressed Oops mode: 32-bit

CDS archive(s) not mapped
Compressed class space mapped at: 0x0000000100000000-0x0000000140000000, reserved size: 1073741824
Narrow klass base: 0x0000000000000000, Narrow klass shift: 3, Narrow klass range: 0x140000000

GC Precious Log:
 CPUs: 12 total, 12 available
 Memory: 7916M
 Large Page Support: Disabled
 NUMA Support: Disabled
 Compressed Oops: Enabled (32-bit)
 Heap Region Size: 1M
 Heap Min Capacity: 8M
 Heap Initial Capacity: 124M
 Heap Max Capacity: 2G
 Pre-touch: Disabled
 Parallel Workers: 10
 Concurrent Workers: 3
 Concurrent Refinement Workers: 10
 Periodic GC: Disabled

Heap:
 garbage-first heap   total 199680K, used 152500K [0x0000000080000000, 0x0000000100000000)
  region size 1024K, 49 young (50176K), 2 survivors (2048K)
 Metaspace       used 107752K, committed 108480K, reserved 1179648K
  class space    used 14505K, committed 14848K, reserved 1048576K

Heap Regions: E=young(eden), S=young(survivor), O=old, HS=humongous(starts), HC=humongous(continues), CS=collection set, F=free, OA=open archive, CA=closed archive, TAMS=top-at-mark-start (previous, next)
|   0|0x0000000080000000, 0x0000000080100000, 0x0000000080100000|100%|HS|  |TAMS 0x0000000080100000, 0x0000000080000000| Complete 
|   1|0x0000000080100000, 0x0000000080200000, 0x0000000080200000|100%|HC|  |TAMS 0x0000000080200000, 0x0000000080100000| Complete 
|   2|0x0000000080200000, 0x0000000080300000, 0x0000000080300000|100%|HC|  |TAMS 0x0000000080300000, 0x0000000080200000| Complete 
|   3|0x0000000080300000, 0x0000000080400000, 0x0000000080400000|100%|HC|  |TAMS 0x0000000080400000, 0x0000000080300000| Complete 
|   4|0x0000000080400000, 0x0000000080500000, 0x0000000080500000|100%| O|  |TAMS 0x0000000080500000, 0x0000000080400000| Untracked 
|   5|0x0000000080500000, 0x0000000080600000, 0x0000000080600000|100%| O|  |TAMS 0x0000000080600000, 0x0000000080500000| Untracked 
|   6|0x0000000080600000, 0x0000000080700000, 0x0000000080700000|100%| O|  |TAMS 0x0000000080700000, 0x0000000080600000| Untracked 
|   7|0x0000000080700000, 0x0000000080800000, 0x0000000080800000|100%| O|  |TAMS 0x0000000080800000, 0x0000000080700000| Untracked 
|   8|0x0000000080800000, 0x0000000080900000, 0x0000000080900000|100%| O|  |TAMS 0x0000000080900000, 0x0000000080800000| Untracked 
|   9|0x0000000080900000, 0x0000000080a00000, 0x0000000080a00000|100%| O|  |TAMS 0x0000000080a00000, 0x0000000080900000| Untracked 
|  10|0x0000000080a00000, 0x0000000080b00000, 0x0000000080b00000|100%|HS|  |TAMS 0x0000000080b00000, 0x0000000080a00000| Complete 
|  11|0x0000000080b00000, 0x0000000080c00000, 0x0000000080c00000|100%| O|  |TAMS 0x0000000080c00000, 0x0000000080b00000| Untracked 
|  12|0x0000000080c00000, 0x0000000080d00000, 0x0000000080d00000|100%| O|  |TAMS 0x0000000080d00000, 0x0000000080c00000| Untracked 
|  13|0x0000000080d00000, 0x0000000080e00000, 0x0000000080e00000|100%| O|  |TAMS 0x0000000080e00000, 0x0000000080d00000| Untracked 
|  14|0x0000000080e00000, 0x0000000080f00000, 0x0000000080f00000|100%| O|  |TAMS 0x0000000080f00000, 0x0000000080e00000| Untracked 
|  15|0x0000000080f00000, 0x0000000081000000, 0x0000000081000000|100%| O|  |TAMS 0x0000000081000000, 0x0000000080f00000| Untracked 
|  16|0x0000000081000000, 0x0000000081100000, 0x0000000081100000|100%| O|  |TAMS 0x0000000081100000, 0x0000000081000000| Untracked 
|  17|0x0000000081100000, 0x0000000081200000, 0x0000000081200000|100%| O|  |TAMS 0x0000000081200000, 0x0000000081100000| Untracked 
|  18|0x0000000081200000, 0x0000000081300000, 0x0000000081300000|100%| O|  |TAMS 0x0000000081300000, 0x0000000081200000| Untracked 
|  19|0x0000000081300000, 0x0000000081400000, 0x0000000081400000|100%| O|  |TAMS 0x0000000081400000, 0x0000000081300000| Untracked 
|  20|0x0000000081400000, 0x0000000081500000, 0x0000000081500000|100%| O|  |TAMS 0x0000000081500000, 0x0000000081400000| Untracked 
|  21|0x0000000081500000, 0x0000000081600000, 0x0000000081600000|100%| O|  |TAMS 0x0000000081600000, 0x0000000081500000| Untracked 
|  22|0x0000000081600000, 0x0000000081700000, 0x0000000081700000|100%|HS|  |TAMS 0x0000000081700000, 0x0000000081600000| Complete 
|  23|0x0000000081700000, 0x0000000081800000, 0x0000000081800000|100%|HC|  |TAMS 0x0000000081800000, 0x0000000081700000| Complete 
|  24|0x0000000081800000, 0x0000000081900000, 0x0000000081900000|100%|HC|  |TAMS 0x0000000081900000, 0x0000000081800000| Complete 
|  25|0x0000000081900000, 0x0000000081a00000, 0x0000000081a00000|100%|HC|  |TAMS 0x0000000081a00000, 0x0000000081900000| Complete 
|  26|0x0000000081a00000, 0x0000000081b00000, 0x0000000081b00000|100%|HC|  |TAMS 0x0000000081b00000, 0x0000000081a00000| Complete 
|  27|0x0000000081b00000, 0x0000000081c00000, 0x0000000081c00000|100%|HS|  |TAMS 0x0000000081c00000, 0x0000000081b00000| Complete 
|  28|0x0000000081c00000, 0x0000000081d00000, 0x0000000081d00000|100%|HC|  |TAMS 0x0000000081d00000, 0x0000000081c00000| Complete 
|  29|0x0000000081d00000, 0x0000000081e00000, 0x0000000081e00000|100%|HC|  |TAMS 0x0000000081e00000, 0x0000000081d00000| Complete 
|  30|0x0000000081e00000, 0x0000000081f00000, 0x0000000081f00000|100%|HS|  |TAMS 0x0000000081f00000, 0x0000000081e00000| Complete 
|  31|0x0000000081f00000, 0x0000000082000000, 0x0000000082000000|100%|HC|  |TAMS 0x0000000082000000, 0x0000000081f00000| Complete 
|  32|0x0000000082000000, 0x0000000082100000, 0x0000000082100000|100%|HC|  |TAMS 0x0000000082100000, 0x0000000082000000| Complete 
|  33|0x0000000082100000, 0x0000000082200000, 0x0000000082200000|100%| O|  |TAMS 0x0000000082200000, 0x0000000082100000| Untracked 
|  34|0x0000000082200000, 0x0000000082300000, 0x0000000082300000|100%| O|  |TAMS 0x0000000082300000, 0x0000000082200000| Untracked 
|  35|0x0000000082300000, 0x0000000082400000, 0x0000000082400000|100%| O|  |TAMS 0x0000000082400000, 0x0000000082300000| Untracked 
|  36|0x0000000082400000, 0x0000000082500000, 0x0000000082500000|100%| O|  |TAMS 0x0000000082500000, 0x0000000082400000| Untracked 
|  37|0x0000000082500000, 0x0000000082600000, 0x0000000082600000|100%|HS|  |TAMS 0x0000000082500000, 0x0000000082500000| Complete 
|  38|0x0000000082600000, 0x0000000082700000, 0x0000000082700000|100%| O|  |TAMS 0x0000000082700000, 0x0000000082600000| Untracked 
|  39|0x0000000082700000, 0x0000000082800000, 0x0000000082800000|100%| O|  |TAMS 0x0000000082800000, 0x0000000082700000| Untracked 
|  40|0x0000000082800000, 0x0000000082900000, 0x0000000082900000|100%|HS|  |TAMS 0x0000000082900000, 0x0000000082800000| Complete 
|  41|0x0000000082900000, 0x0000000082a00000, 0x0000000082a00000|100%|HC|  |TAMS 0x0000000082a00000, 0x0000000082900000| Complete 
|  42|0x0000000082a00000, 0x0000000082b00000, 0x0000000082b00000|100%|HC|  |TAMS 0x0000000082b00000, 0x0000000082a00000| Complete 
|  43|0x0000000082b00000, 0x0000000082c00000, 0x0000000082c00000|100%| O|  |TAMS 0x0000000082c00000, 0x0000000082b00000| Untracked 
|  44|0x0000000082c00000, 0x0000000082d00000, 0x0000000082d00000|100%| O|  |TAMS 0x0000000082d00000, 0x0000000082c00000| Untracked 
|  45|0x0000000082d00000, 0x0000000082e00000, 0x0000000082e00000|100%| O|  |TAMS 0x0000000082e00000, 0x0000000082d00000| Untracked 
|  46|0x0000000082e00000, 0x0000000082f00000, 0x0000000082f00000|100%| O|  |TAMS 0x0000000082f00000, 0x0000000082e00000| Untracked 
|  47|0x0000000082f00000, 0x0000000083000000, 0x0000000083000000|100%| O|  |TAMS 0x0000000083000000, 0x0000000082f00000| Untracked 
|  48|0x0000000083000000, 0x0000000083100000, 0x0000000083100000|100%|HS|  |TAMS 0x0000000083100000, 0x0000000083000000| Complete 
|  49|0x0000000083100000, 0x0000000083200000, 0x0000000083200000|100%|HC|  |TAMS 0x0000000083200000, 0x0000000083100000| Complete 
|  50|0x0000000083200000, 0x0000000083300000, 0x0000000083300000|100%|HC|  |TAMS 0x0000000083300000, 0x0000000083200000| Complete 
|  51|0x0000000083300000, 0x0000000083400000, 0x0000000083400000|100%|HC|  |TAMS 0x0000000083400000, 0x0000000083300000| Complete 
|  52|0x0000000083400000, 0x0000000083500000, 0x0000000083500000|100%|HC|  |TAMS 0x0000000083500000, 0x0000000083400000| Complete 
|  53|0x0000000083500000, 0x0000000083600000, 0x0000000083600000|100%| O|  |TAMS 0x0000000083600000, 0x0000000083500000| Untracked 
|  54|0x0000000083600000, 0x0000000083700000, 0x0000000083700000|100%| O|  |TAMS 0x0000000083700000, 0x0000000083600000| Untracked 
|  55|0x0000000083700000, 0x0000000083800000, 0x0000000083800000|100%| O|  |TAMS 0x0000000083800000, 0x0000000083700000| Untracked 
|  56|0x0000000083800000, 0x0000000083900000, 0x0000000083900000|100%| O|  |TAMS 0x0000000083900000, 0x0000000083800000| Untracked 
|  57|0x0000000083900000, 0x0000000083a00000, 0x0000000083a00000|100%|HS|  |TAMS 0x0000000083a00000, 0x0000000083900000| Complete 
|  58|0x0000000083a00000, 0x0000000083b00000, 0x0000000083b00000|100%|HC|  |TAMS 0x0000000083b00000, 0x0000000083a00000| Complete 
|  59|0x0000000083b00000, 0x0000000083c00000, 0x0000000083c00000|100%|HC|  |TAMS 0x0000000083c00000, 0x0000000083b00000| Complete 
|  60|0x0000000083c00000, 0x0000000083d00000, 0x0000000083d00000|100%|HC|  |TAMS 0x0000000083d00000, 0x0000000083c00000| Complete 
|  61|0x0000000083d00000, 0x0000000083e00000, 0x0000000083e00000|100%|HC|  |TAMS 0x0000000083e00000, 0x0000000083d00000| Complete 
|  62|0x0000000083e00000, 0x0000000083f00000, 0x0000000083f00000|100%| O|  |TAMS 0x0000000083f00000, 0x0000000083e00000| Untracked 
|  63|0x0000000083f00000, 0x0000000084000000, 0x0000000084000000|100%| O|  |TAMS 0x0000000084000000, 0x0000000083f00000| Untracked 
|  64|0x0000000084000000, 0x0000000084100000, 0x0000000084100000|100%| O|  |TAMS 0x0000000084100000, 0x0000000084000000| Untracked 
|  65|0x0000000084100000, 0x0000000084200000, 0x0000000084200000|100%| O|  |TAMS 0x0000000084200000, 0x0000000084100000| Untracked 
|  66|0x0000000084200000, 0x0000000084300000, 0x0000000084300000|100%| O|  |TAMS 0x0000000084300000, 0x0000000084200000| Untracked 
|  67|0x0000000084300000, 0x0000000084400000, 0x0000000084400000|100%| O|  |TAMS 0x0000000084400000, 0x0000000084300000| Untracked 
|  68|0x0000000084400000, 0x0000000084500000, 0x0000000084500000|100%| O|  |TAMS 0x0000000084500000, 0x0000000084400000| Untracked 
|  69|0x0000000084500000, 0x0000000084600000, 0x0000000084600000|100%| O|  |TAMS 0x0000000084600000, 0x0000000084500000| Untracked 
|  70|0x0000000084600000, 0x0000000084700000, 0x0000000084700000|100%| O|  |TAMS 0x0000000084700000, 0x0000000084600000| Untracked 
|  71|0x0000000084700000, 0x0000000084800000, 0x0000000084800000|100%|HS|  |TAMS 0x0000000084800000, 0x0000000084700000| Complete 
|  72|0x0000000084800000, 0x0000000084900000, 0x0000000084900000|100%| O|  |TAMS 0x0000000084900000, 0x0000000084800000| Complete 
|  73|0x0000000084900000, 0x0000000084a00000, 0x0000000084a00000|100%| O|  |TAMS 0x0000000084a00000, 0x0000000084900000| Untracked 
|  74|0x0000000084a00000, 0x0000000084b00000, 0x0000000084b00000|100%| O|  |TAMS 0x0000000084b00000, 0x0000000084a00000| Untracked 
|  75|0x0000000084b00000, 0x0000000084c00000, 0x0000000084c00000|100%| O|  |TAMS 0x0000000084c00000, 0x0000000084b00000| Untracked 
|  76|0x0000000084c00000, 0x0000000084d00000, 0x0000000084d00000|100%| O|  |TAMS 0x0000000084d00000, 0x0000000084c00000| Untracked 
|  77|0x0000000084d00000, 0x0000000084e00000, 0x0000000084e00000|100%| O|  |TAMS 0x0000000084e00000, 0x0000000084d00000| Untracked 
|  78|0x0000000084e00000, 0x0000000084f00000, 0x0000000084f00000|100%| O|  |TAMS 0x0000000084f00000, 0x0000000084e00000| Untracked 
|  79|0x0000000084f00000, 0x0000000085000000, 0x0000000085000000|100%| O|  |TAMS 0x0000000085000000, 0x0000000084f00000| Untracked 
|  80|0x0000000085000000, 0x0000000085100000, 0x0000000085100000|100%| O|  |TAMS 0x0000000085100000, 0x0000000085000000| Untracked 
|  81|0x0000000085100000, 0x0000000085200000, 0x0000000085200000|100%| O|  |TAMS 0x0000000085200000, 0x0000000085100000| Untracked 
|  82|0x0000000085200000, 0x0000000085300000, 0x0000000085300000|100%| O|  |TAMS 0x0000000085300000, 0x0000000085200000| Untracked 
|  83|0x0000000085300000, 0x0000000085400000, 0x0000000085400000|100%| O|  |TAMS 0x0000000085400000, 0x0000000085300000| Untracked 
|  84|0x0000000085400000, 0x0000000085500000, 0x0000000085500000|100%| O|  |TAMS 0x0000000085500000, 0x0000000085400000| Untracked 
|  85|0x0000000085500000, 0x0000000085600000, 0x0000000085600000|100%|HS|  |TAMS 0x0000000085600000, 0x0000000085500000| Complete 
|  86|0x0000000085600000, 0x0000000085700000, 0x0000000085700000|100%|HC|  |TAMS 0x0000000085700000, 0x0000000085600000| Complete 
|  87|0x0000000085700000, 0x0000000085800000, 0x0000000085800000|100%|HC|  |TAMS 0x0000000085800000, 0x0000000085700000| Complete 
|  88|0x0000000085800000, 0x0000000085900000, 0x0000000085900000|100%|HC|  |TAMS 0x0000000085900000, 0x0000000085800000| Complete 
|  89|0x0000000085900000, 0x0000000085a00000, 0x0000000085a00000|100%|HC|  |TAMS 0x0000000085a00000, 0x0000000085900000| Complete 
|  90|0x0000000085a00000, 0x0000000085b00000, 0x0000000085b00000|100%|HC|  |TAMS 0x0000000085b00000, 0x0000000085a00000| Complete 
|  91|0x0000000085b00000, 0x0000000085c00000, 0x0000000085c00000|100%| O|  |TAMS 0x0000000085c00000, 0x0000000085b00000| Untracked 
|  92|0x0000000085c00000, 0x0000000085d00000, 0x0000000085d00000|100%| O|  |TAMS 0x0000000085d00000, 0x0000000085c00000| Untracked 
|  93|0x0000000085d00000, 0x0000000085e00000, 0x0000000085e00000|100%| O|  |TAMS 0x0000000085e00000, 0x0000000085d00000| Untracked 
|  94|0x0000000085e00000, 0x0000000085f00000, 0x0000000085f00000|100%| O|  |TAMS 0x0000000085f00000, 0x0000000085e00000| Untracked 
|  95|0x0000000085f00000, 0x0000000086000000, 0x0000000086000000|100%| O|  |TAMS 0x0000000086000000, 0x0000000085f00000| Untracked 
|  96|0x0000000086000000, 0x0000000086100000, 0x0000000086100000|100%| O|  |TAMS 0x0000000086100000, 0x0000000086000000| Untracked 
|  97|0x0000000086100000, 0x0000000086200000, 0x0000000086200000|100%| O|  |TAMS 0x0000000086200000, 0x0000000086100000| Untracked 
|  98|0x0000000086200000, 0x0000000086300000, 0x0000000086300000|100%| O|  |TAMS 0x0000000086300000, 0x0000000086200000| Untracked 
|  99|0x0000000086300000, 0x0000000086400000, 0x0000000086400000|100%| O|  |TAMS 0x0000000086400000, 0x0000000086300000| Untracked 
| 100|0x0000000086400000, 0x0000000086500000, 0x0000000086500000|100%| O|  |TAMS 0x0000000086500000, 0x0000000086400000| Untracked 
| 101|0x0000000086500000, 0x0000000086545e00, 0x0000000086600000| 27%| O|  |TAMS 0x0000000086545e00, 0x0000000086500000| Untracked 
| 102|0x0000000086600000, 0x0000000086600000, 0x0000000086700000|  0%| F|  |TAMS 0x0000000086600000, 0x0000000086600000| Untracked 
| 103|0x0000000086700000, 0x0000000086700000, 0x0000000086800000|  0%| F|  |TAMS 0x0000000086700000, 0x0000000086700000| Untracked 
| 104|0x0000000086800000, 0x0000000086800000, 0x0000000086900000|  0%| F|  |TAMS 0x0000000086800000, 0x0000000086800000| Untracked 
| 105|0x0000000086900000, 0x0000000086900000, 0x0000000086a00000|  0%| F|  |TAMS 0x0000000086900000, 0x0000000086900000| Untracked 
| 106|0x0000000086a00000, 0x0000000086a00000, 0x0000000086b00000|  0%| F|  |TAMS 0x0000000086a00000, 0x0000000086a00000| Untracked 
| 107|0x0000000086b00000, 0x0000000086b00000, 0x0000000086c00000|  0%| F|  |TAMS 0x0000000086b00000, 0x0000000086b00000| Untracked 
| 108|0x0000000086c00000, 0x0000000086c00000, 0x0000000086d00000|  0%| F|  |TAMS 0x0000000086c00000, 0x0000000086c00000| Untracked 
| 109|0x0000000086d00000, 0x0000000086d00000, 0x0000000086e00000|  0%| F|  |TAMS 0x0000000086d00000, 0x0000000086d00000| Untracked 
| 110|0x0000000086e00000, 0x0000000086e00000, 0x0000000086f00000|  0%| F|  |TAMS 0x0000000086e00000, 0x0000000086e00000| Untracked 
| 111|0x0000000086f00000, 0x0000000086f00000, 0x0000000087000000|  0%| F|  |TAMS 0x0000000086f00000, 0x0000000086f00000| Untracked 
| 112|0x0000000087000000, 0x0000000087000000, 0x0000000087100000|  0%| F|  |TAMS 0x0000000087000000, 0x0000000087000000| Untracked 
| 113|0x0000000087100000, 0x0000000087100000, 0x0000000087200000|  0%| F|  |TAMS 0x0000000087100000, 0x0000000087100000| Untracked 
| 114|0x0000000087200000, 0x0000000087200000, 0x0000000087300000|  0%| F|  |TAMS 0x0000000087200000, 0x0000000087200000| Untracked 
| 115|0x0000000087300000, 0x0000000087300000, 0x0000000087400000|  0%| F|  |TAMS 0x0000000087300000, 0x0000000087300000| Untracked 
| 116|0x0000000087400000, 0x0000000087400000, 0x0000000087500000|  0%| F|  |TAMS 0x0000000087400000, 0x0000000087400000| Untracked 
| 117|0x0000000087500000, 0x0000000087500000, 0x0000000087600000|  0%| F|  |TAMS 0x0000000087500000, 0x0000000087500000| Untracked 
| 118|0x0000000087600000, 0x0000000087600000, 0x0000000087700000|  0%| F|  |TAMS 0x0000000087600000, 0x0000000087600000| Untracked 
| 119|0x0000000087700000, 0x0000000087700000, 0x0000000087800000|  0%| F|  |TAMS 0x0000000087700000, 0x0000000087700000| Untracked 
| 120|0x0000000087800000, 0x0000000087800000, 0x0000000087900000|  0%| F|  |TAMS 0x0000000087800000, 0x0000000087800000| Untracked 
| 121|0x0000000087900000, 0x0000000087900000, 0x0000000087a00000|  0%| F|  |TAMS 0x0000000087900000, 0x0000000087900000| Untracked 
| 122|0x0000000087a00000, 0x0000000087a00000, 0x0000000087b00000|  0%| F|  |TAMS 0x0000000087a00000, 0x0000000087a00000| Untracked 
| 123|0x0000000087b00000, 0x0000000087b00000, 0x0000000087c00000|  0%| F|  |TAMS 0x0000000087b00000, 0x0000000087b00000| Untracked 
| 124|0x0000000087c00000, 0x0000000087c00000, 0x0000000087d00000|  0%| F|  |TAMS 0x0000000087c00000, 0x0000000087c00000| Untracked 
| 125|0x0000000087d00000, 0x0000000087d00000, 0x0000000087e00000|  0%| F|  |TAMS 0x0000000087d00000, 0x0000000087d00000| Untracked 
| 126|0x0000000087e00000, 0x0000000087e00000, 0x0000000087f00000|  0%| F|  |TAMS 0x0000000087e00000, 0x0000000087e00000| Untracked 
| 127|0x0000000087f00000, 0x0000000087f00000, 0x0000000088000000|  0%| F|  |TAMS 0x0000000087f00000, 0x0000000087f00000| Untracked 
| 128|0x0000000088000000, 0x0000000088000000, 0x0000000088100000|  0%| F|  |TAMS 0x0000000088000000, 0x0000000088000000| Untracked 
| 129|0x0000000088100000, 0x0000000088100000, 0x0000000088200000|  0%| F|  |TAMS 0x0000000088100000, 0x0000000088100000| Untracked 
| 130|0x0000000088200000, 0x0000000088200000, 0x0000000088300000|  0%| F|  |TAMS 0x0000000088200000, 0x0000000088200000| Untracked 
| 131|0x0000000088300000, 0x0000000088300000, 0x0000000088400000|  0%| F|  |TAMS 0x0000000088300000, 0x0000000088300000| Untracked 
| 132|0x0000000088400000, 0x0000000088400000, 0x0000000088500000|  0%| F|  |TAMS 0x0000000088400000, 0x0000000088400000| Untracked 
| 133|0x0000000088500000, 0x0000000088500000, 0x0000000088600000|  0%| F|  |TAMS 0x0000000088500000, 0x0000000088500000| Untracked 
| 134|0x0000000088600000, 0x0000000088600000, 0x0000000088700000|  0%| F|  |TAMS 0x0000000088600000, 0x0000000088600000| Untracked 
| 135|0x0000000088700000, 0x0000000088700000, 0x0000000088800000|  0%| F|  |TAMS 0x0000000088700000, 0x0000000088700000| Untracked 
| 136|0x0000000088800000, 0x0000000088800000, 0x0000000088900000|  0%| F|  |TAMS 0x0000000088800000, 0x0000000088800000| Untracked 
| 137|0x0000000088900000, 0x0000000088900000, 0x0000000088a00000|  0%| F|  |TAMS 0x0000000088900000, 0x0000000088900000| Untracked 
| 138|0x0000000088a00000, 0x0000000088a00000, 0x0000000088b00000|  0%| F|  |TAMS 0x0000000088a00000, 0x0000000088a00000| Untracked 
| 139|0x0000000088b00000, 0x0000000088b00000, 0x0000000088c00000|  0%| F|  |TAMS 0x0000000088b00000, 0x0000000088b00000| Untracked 
| 140|0x0000000088c00000, 0x0000000088c00000, 0x0000000088d00000|  0%| F|  |TAMS 0x0000000088c00000, 0x0000000088c00000| Untracked 
| 141|0x0000000088d00000, 0x0000000088d00000, 0x0000000088e00000|  0%| F|  |TAMS 0x0000000088d00000, 0x0000000088d00000| Untracked 
| 142|0x0000000088e00000, 0x0000000088e00000, 0x0000000088f00000|  0%| F|  |TAMS 0x0000000088e00000, 0x0000000088e00000| Untracked 
| 143|0x0000000088f00000, 0x0000000088f00000, 0x0000000089000000|  0%| F|  |TAMS 0x0000000088f00000, 0x0000000088f00000| Untracked 
| 144|0x0000000089000000, 0x0000000089000000, 0x0000000089100000|  0%| F|  |TAMS 0x0000000089000000, 0x0000000089000000| Untracked 
| 145|0x0000000089100000, 0x0000000089100000, 0x0000000089200000|  0%| F|  |TAMS 0x0000000089100000, 0x0000000089100000| Untracked 
| 146|0x0000000089200000, 0x000000008928b900, 0x0000000089300000| 54%| E|  |TAMS 0x0000000089200000, 0x0000000089200000| Complete 
| 147|0x0000000089300000, 0x0000000089400000, 0x0000000089400000|100%| E|CS|TAMS 0x0000000089300000, 0x0000000089300000| Complete 
| 148|0x0000000089400000, 0x0000000089500000, 0x0000000089500000|100%| E|CS|TAMS 0x0000000089400000, 0x0000000089400000| Complete 
| 149|0x0000000089500000, 0x0000000089600000, 0x0000000089600000|100%| E|CS|TAMS 0x0000000089500000, 0x0000000089500000| Complete 
| 150|0x0000000089600000, 0x0000000089700000, 0x0000000089700000|100%| E|CS|TAMS 0x0000000089600000, 0x0000000089600000| Complete 
| 151|0x0000000089700000, 0x0000000089800000, 0x0000000089800000|100%| E|CS|TAMS 0x0000000089700000, 0x0000000089700000| Complete 
| 152|0x0000000089800000, 0x0000000089900000, 0x0000000089900000|100%| E|CS|TAMS 0x0000000089800000, 0x0000000089800000| Complete 
| 153|0x0000000089900000, 0x0000000089a00000, 0x0000000089a00000|100%| E|CS|TAMS 0x0000000089900000, 0x0000000089900000| Complete 
| 154|0x0000000089a00000, 0x0000000089b00000, 0x0000000089b00000|100%| E|CS|TAMS 0x0000000089a00000, 0x0000000089a00000| Complete 
| 155|0x0000000089b00000, 0x0000000089c00000, 0x0000000089c00000|100%| E|CS|TAMS 0x0000000089b00000, 0x0000000089b00000| Complete 
| 156|0x0000000089c00000, 0x0000000089d00000, 0x0000000089d00000|100%| E|CS|TAMS 0x0000000089c00000, 0x0000000089c00000| Complete 
| 157|0x0000000089d00000, 0x0000000089e00000, 0x0000000089e00000|100%| E|CS|TAMS 0x0000000089d00000, 0x0000000089d00000| Complete 
| 158|0x0000000089e00000, 0x0000000089f00000, 0x0000000089f00000|100%| E|CS|TAMS 0x0000000089e00000, 0x0000000089e00000| Complete 
| 159|0x0000000089f00000, 0x000000008a000000, 0x000000008a000000|100%| E|CS|TAMS 0x0000000089f00000, 0x0000000089f00000| Complete 
| 160|0x000000008a000000, 0x000000008a100000, 0x000000008a100000|100%| E|CS|TAMS 0x000000008a000000, 0x000000008a000000| Complete 
| 161|0x000000008a100000, 0x000000008a200000, 0x000000008a200000|100%| E|CS|TAMS 0x000000008a100000, 0x000000008a100000| Complete 
| 162|0x000000008a200000, 0x000000008a300000, 0x000000008a300000|100%| E|CS|TAMS 0x000000008a200000, 0x000000008a200000| Complete 
| 163|0x000000008a300000, 0x000000008a400000, 0x000000008a400000|100%| E|CS|TAMS 0x000000008a300000, 0x000000008a300000| Complete 
| 164|0x000000008a400000, 0x000000008a500000, 0x000000008a500000|100%| E|CS|TAMS 0x000000008a400000, 0x000000008a400000| Complete 
| 165|0x000000008a500000, 0x000000008a600000, 0x000000008a600000|100%| E|CS|TAMS 0x000000008a500000, 0x000000008a500000| Complete 
| 166|0x000000008a600000, 0x000000008a700000, 0x000000008a700000|100%| E|CS|TAMS 0x000000008a600000, 0x000000008a600000| Complete 
| 167|0x000000008a700000, 0x000000008a800000, 0x000000008a800000|100%| E|CS|TAMS 0x000000008a700000, 0x000000008a700000| Complete 
| 168|0x000000008a800000, 0x000000008a900000, 0x000000008a900000|100%| E|CS|TAMS 0x000000008a800000, 0x000000008a800000| Complete 
| 169|0x000000008a900000, 0x000000008aa00000, 0x000000008aa00000|100%| E|CS|TAMS 0x000000008a900000, 0x000000008a900000| Complete 
| 170|0x000000008aa00000, 0x000000008ab00000, 0x000000008ab00000|100%| E|CS|TAMS 0x000000008aa00000, 0x000000008aa00000| Complete 
| 171|0x000000008ab00000, 0x000000008ac00000, 0x000000008ac00000|100%| E|CS|TAMS 0x000000008ab00000, 0x000000008ab00000| Complete 
| 172|0x000000008ac00000, 0x000000008ad00000, 0x000000008ad00000|100%| E|CS|TAMS 0x000000008ac00000, 0x000000008ac00000| Complete 
| 173|0x000000008ad00000, 0x000000008ae00000, 0x000000008ae00000|100%| E|CS|TAMS 0x000000008ad00000, 0x000000008ad00000| Complete 
| 174|0x000000008ae00000, 0x000000008af00000, 0x000000008af00000|100%| E|CS|TAMS 0x000000008ae00000, 0x000000008ae00000| Complete 
| 175|0x000000008af00000, 0x000000008b000000, 0x000000008b000000|100%| E|CS|TAMS 0x000000008af00000, 0x000000008af00000| Complete 
| 176|0x000000008b000000, 0x000000008b100000, 0x000000008b100000|100%| E|CS|TAMS 0x000000008b000000, 0x000000008b000000| Complete 
| 177|0x000000008b100000, 0x000000008b200000, 0x000000008b200000|100%| E|CS|TAMS 0x000000008b100000, 0x000000008b100000| Complete 
| 178|0x000000008b200000, 0x000000008b300000, 0x000000008b300000|100%| E|CS|TAMS 0x000000008b200000, 0x000000008b200000| Complete 
| 179|0x000000008b300000, 0x000000008b400000, 0x000000008b400000|100%| E|CS|TAMS 0x000000008b300000, 0x000000008b300000| Complete 
| 180|0x000000008b400000, 0x000000008b500000, 0x000000008b500000|100%| E|CS|TAMS 0x000000008b400000, 0x000000008b400000| Complete 
| 181|0x000000008b500000, 0x000000008b600000, 0x000000008b600000|100%| E|CS|TAMS 0x000000008b500000, 0x000000008b500000| Complete 
| 182|0x000000008b600000, 0x000000008b700000, 0x000000008b700000|100%| E|CS|TAMS 0x000000008b600000, 0x000000008b600000| Complete 
| 183|0x000000008b700000, 0x000000008b7a7250, 0x000000008b800000| 65%| S|CS|TAMS 0x000000008b700000, 0x000000008b700000| Complete 
| 184|0x000000008b800000, 0x000000008b900000, 0x000000008b900000|100%| S|CS|TAMS 0x000000008b800000, 0x000000008b800000| Complete 
| 185|0x000000008b900000, 0x000000008ba00000, 0x000000008ba00000|100%| E|CS|TAMS 0x000000008b900000, 0x000000008b900000| Complete 
| 186|0x000000008ba00000, 0x000000008bb00000, 0x000000008bb00000|100%| E|CS|TAMS 0x000000008ba00000, 0x000000008ba00000| Complete 
| 187|0x000000008bb00000, 0x000000008bc00000, 0x000000008bc00000|100%| E|CS|TAMS 0x000000008bb00000, 0x000000008bb00000| Complete 
| 188|0x000000008bc00000, 0x000000008bd00000, 0x000000008bd00000|100%| E|CS|TAMS 0x000000008bc00000, 0x000000008bc00000| Complete 
| 189|0x000000008bd00000, 0x000000008be00000, 0x000000008be00000|100%| E|CS|TAMS 0x000000008bd00000, 0x000000008bd00000| Complete 
| 190|0x000000008be00000, 0x000000008bf00000, 0x000000008bf00000|100%| E|CS|TAMS 0x000000008be00000, 0x000000008be00000| Complete 
| 191|0x000000008bf00000, 0x000000008c000000, 0x000000008c000000|100%| E|CS|TAMS 0x000000008bf00000, 0x000000008bf00000| Complete 
| 192|0x000000008c000000, 0x000000008c100000, 0x000000008c100000|100%| E|CS|TAMS 0x000000008c000000, 0x000000008c000000| Complete 
| 193|0x000000008c100000, 0x000000008c200000, 0x000000008c200000|100%| E|CS|TAMS 0x000000008c100000, 0x000000008c100000| Complete 
| 194|0x000000008c200000, 0x000000008c300000, 0x000000008c300000|100%| E|CS|TAMS 0x000000008c200000, 0x000000008c200000| Complete 

Card table byte_map: [0x000001fb229c0000,0x000001fb22dc0000] _byte_map_base: 0x000001fb225c0000

Marking Bits (Prev, Next): (CMBitMap*) 0x000001fb0fbec550, (CMBitMap*) 0x000001fb0fbec590
 Prev Bits: [0x000001fb231c0000, 0x000001fb251c0000)
 Next Bits: [0x000001fb251c0000, 0x000001fb271c0000)

Polling page: 0x000001fb0f350000

Metaspace:

Usage:
  Non-class:     91.06 MB used.
      Class:     14.17 MB used.
       Both:    105.23 MB used.

Virtual space:
  Non-class space:      128.00 MB reserved,      91.44 MB ( 71%) committed,  2 nodes.
      Class space:        1.00 GB reserved,      14.50 MB (  1%) committed,  1 nodes.
             Both:        1.12 GB reserved,     105.94 MB (  9%) committed. 

Chunk freelists:
   Non-Class:  4.53 MB
       Class:  1.34 MB
        Both:  5.88 MB

MaxMetaspaceSize: unlimited
CompressedClassSpaceSize: 1.00 GB
Initial GC threshold: 21.00 MB
Current GC threshold: 175.12 MB
CDS: off
MetaspaceReclaimPolicy: balanced
 - commit_granule_bytes: 65536.
 - commit_granule_words: 8192.
 - virtual_space_node_default_size: 8388608.
 - enlarge_chunks_in_place: 1.
 - new_chunks_are_fully_committed: 0.
 - uncommit_free_chunks: 1.
 - use_allocation_guard: 0.
 - handle_deallocations: 1.


Internal statistics:

num_allocs_failed_limit: 6.
num_arena_births: 852.
num_arena_deaths: 0.
num_vsnodes_births: 3.
num_vsnodes_deaths: 0.
num_space_committed: 1693.
num_space_uncommitted: 0.
num_chunks_returned_to_freelist: 6.
num_chunks_taken_from_freelist: 4553.
num_chunk_merges: 6.
num_chunk_splits: 3390.
num_chunks_enlarged: 2645.
num_inconsistent_stats: 0.

CodeHeap 'non-profiled nmethods': size=120000Kb used=3797Kb max_used=3797Kb free=116202Kb
 bounds [0x000001fb1ab40000, 0x000001fb1af00000, 0x000001fb22070000]
CodeHeap 'profiled nmethods': size=120000Kb used=16181Kb max_used=16181Kb free=103818Kb
 bounds [0x000001fb13070000, 0x000001fb14040000, 0x000001fb1a5a0000]
CodeHeap 'non-nmethods': size=5760Kb used=2415Kb max_used=2447Kb free=3344Kb
 bounds [0x000001fb1a5a0000, 0x000001fb1a820000, 0x000001fb1ab40000]
 total_blobs=8729 nmethods=7771 adapters=869
 compilation: enabled
              stopped_count=0, restarted_count=0
 full_count=0

Compilation events (20 events):
Event: 20.153 Thread 0x000001fb2e03b1a0 8591       2       org.jetbrains.kotlin.serialization.deserialization.descriptors.DeserializedMemberScope$OptimizedImplementation::getContributedVariables (48 bytes)
Event: 20.154 Thread 0x000001fb2e03b1a0 nmethod 8591 0x000001fb14034510 code [0x000001fb14034800, 0x000001fb14035108]
Event: 20.154 Thread 0x000001fb2e03b1a0 8592       2       org.jetbrains.kotlin.serialization.deserialization.descriptors.DeserializedMemberScope::getContributedVariables (24 bytes)
Event: 20.155 Thread 0x000001fb2e03b1a0 nmethod 8592 0x000001fb14035710 code [0x000001fb14035940, 0x000001fb14035de8]
Event: 20.155 Thread 0x000001fb2e03b1a0 8593       1       org.jetbrains.kotlin.resolve.calls.tower.PSIKotlinCallImpl::getCallKind (5 bytes)
Event: 20.155 Thread 0x000001fb2e03b1a0 nmethod 8593 0x000001fb1aef4b90 code [0x000001fb1aef4d20, 0x000001fb1aef4df8]
Event: 20.155 Thread 0x000001fb2e03b1a0 8594       2       kotlin.jvm.internal.Intrinsics::areEqual (22 bytes)
Event: 20.156 Thread 0x000001fb2e03b1a0 nmethod 8594 0x000001fb14036110 code [0x000001fb140362a0, 0x000001fb140363c8]
Event: 20.156 Thread 0x000001fb2e03b1a0 8595       2       java.util.ArrayDeque::pop (5 bytes)
Event: 20.156 Thread 0x000001fb2e03b1a0 nmethod 8595 0x000001fb14036490 code [0x000001fb14036640, 0x000001fb14036818]
Event: 20.156 Thread 0x000001fb2e03b1a0 8597       1       org.jetbrains.kotlin.resolve.calls.model.KotlinCallKind::getResolutionSequence (5 bytes)
Event: 20.156 Thread 0x000001fb2e03b1a0 nmethod 8597 0x000001fb1aef4e90 code [0x000001fb1aef5020, 0x000001fb1aef50f8]
Event: 20.156 Thread 0x000001fb2e03b1a0 8596       1       org.jetbrains.kotlin.utils.SmartSet::getSize (5 bytes)
Event: 20.156 Thread 0x000001fb2e03b1a0 nmethod 8596 0x000001fb1aef5190 code [0x000001fb1aef5320, 0x000001fb1aef53f8]
Event: 20.157 Thread 0x000001fb2e03b1a0 8598       1       org.jetbrains.kotlin.resolve.calls.tower.PSICallResolver$ASTScopeTower::getLocation (5 bytes)
Event: 20.157 Thread 0x000001fb2e03b1a0 nmethod 8598 0x000001fb1aef5490 code [0x000001fb1aef5620, 0x000001fb1aef56f8]
Event: 20.158 Thread 0x000001fb2e03b1a0 8599       2       org.jetbrains.kotlin.com.intellij.psi.impl.source.tree.CompositeElement::getPsi (46 bytes)
Event: 20.159 Thread 0x000001fb2e03b1a0 nmethod 8599 0x000001fb14036910 code [0x000001fb14036b00, 0x000001fb14036e18]
Event: 20.160 Thread 0x000001fb2e03b1a0 8600       2       org.jetbrains.kotlin.resolve.DescriptorUtils::getFqName (29 bytes)
Event: 20.160 Thread 0x000001fb2e03b1a0 nmethod 8600 0x000001fb14037010 code [0x000001fb140371c0, 0x000001fb14037358]

GC Heap History (20 events):
Event: 14.155 GC heap before
{Heap before GC invocations=30 (full 0):
 garbage-first heap   total 135168K, used 104461K [0x0000000080000000, 0x0000000100000000)
  region size 1024K, 27 young (27648K), 1 survivors (1024K)
 Metaspace       used 71202K, committed 71808K, reserved 1114112K
  class space    used 9907K, committed 10176K, reserved 1048576K
}
Event: 14.158 GC heap after
{Heap after GC invocations=31 (full 0):
 garbage-first heap   total 199680K, used 78870K [0x0000000080000000, 0x0000000100000000)
  region size 1024K, 2 young (2048K), 2 survivors (2048K)
 Metaspace       used 71202K, committed 71808K, reserved 1114112K
  class space    used 9907K, committed 10176K, reserved 1048576K
}
Event: 15.127 GC heap before
{Heap before GC invocations=32 (full 0):
 garbage-first heap   total 199680K, used 147478K [0x0000000080000000, 0x0000000100000000)
  region size 1024K, 69 young (70656K), 2 survivors (2048K)
 Metaspace       used 80004K, committed 80576K, reserved 1179648K
  class space    used 11267K, committed 11520K, reserved 1048576K
}
Event: 15.131 GC heap after
{Heap after GC invocations=33 (full 0):
 garbage-first heap   total 199680K, used 80492K [0x0000000080000000, 0x0000000100000000)
  region size 1024K, 3 young (3072K), 3 survivors (3072K)
 Metaspace       used 80004K, committed 80576K, reserved 1179648K
  class space    used 11267K, committed 11520K, reserved 1048576K
}
Event: 15.266 GC heap before
{Heap before GC invocations=33 (full 0):
 garbage-first heap   total 199680K, used 85612K [0x0000000080000000, 0x0000000100000000)
  region size 1024K, 9 young (9216K), 3 survivors (3072K)
 Metaspace       used 80868K, committed 81600K, reserved 1179648K
  class space    used 11369K, committed 11712K, reserved 1048576K
}
Event: 15.272 GC heap after
{Heap after GC invocations=34 (full 0):
 garbage-first heap   total 199680K, used 79019K [0x0000000080000000, 0x0000000100000000)
  region size 1024K, 1 young (1024K), 1 survivors (1024K)
 Metaspace       used 80868K, committed 81600K, reserved 1179648K
  class space    used 11369K, committed 11712K, reserved 1048576K
}
Event: 15.905 GC heap before
{Heap before GC invocations=34 (full 0):
 garbage-first heap   total 199680K, used 111787K [0x0000000080000000, 0x0000000100000000)
  region size 1024K, 34 young (34816K), 1 survivors (1024K)
 Metaspace       used 85852K, committed 86528K, reserved 1179648K
  class space    used 12018K, committed 12352K, reserved 1048576K
}
Event: 15.908 GC heap after
{Heap after GC invocations=35 (full 0):
 garbage-first heap   total 199680K, used 79421K [0x0000000080000000, 0x0000000100000000)
  region size 1024K, 1 young (1024K), 1 survivors (1024K)
 Metaspace       used 85852K, committed 86528K, reserved 1179648K
  class space    used 12018K, committed 12352K, reserved 1048576K
}
Event: 17.132 GC heap before
{Heap before GC invocations=36 (full 0):
 garbage-first heap   total 199680K, used 175677K [0x0000000080000000, 0x0000000100000000)
  region size 1024K, 81 young (82944K), 1 survivors (1024K)
 Metaspace       used 91232K, committed 91968K, reserved 1179648K
  class space    used 12637K, committed 12992K, reserved 1048576K
}
Event: 17.147 GC heap after
{Heap after GC invocations=37 (full 0):
 garbage-first heap   total 199680K, used 99125K [0x0000000080000000, 0x0000000100000000)
  region size 1024K, 11 young (11264K), 11 survivors (11264K)
 Metaspace       used 91232K, committed 91968K, reserved 1179648K
  class space    used 12637K, committed 12992K, reserved 1048576K
}
Event: 17.167 GC heap before
{Heap before GC invocations=37 (full 0):
 garbage-first heap   total 199680K, used 100149K [0x0000000080000000, 0x0000000100000000)
  region size 1024K, 12 young (12288K), 11 survivors (11264K)
 Metaspace       used 91342K, committed 92032K, reserved 1179648K
  class space    used 12649K, committed 12992K, reserved 1048576K
}
Event: 17.178 GC heap after
{Heap after GC invocations=38 (full 0):
 garbage-first heap   total 199680K, used 98897K [0x0000000080000000, 0x0000000100000000)
  region size 1024K, 2 young (2048K), 2 survivors (2048K)
 Metaspace       used 91342K, committed 92032K, reserved 1179648K
  class space    used 12649K, committed 12992K, reserved 1048576K
}
Event: 18.281 GC heap before
{Heap before GC invocations=38 (full 0):
 garbage-first heap   total 199680K, used 159313K [0x0000000080000000, 0x0000000100000000)
  region size 1024K, 61 young (62464K), 2 survivors (2048K)
 Metaspace       used 98350K, committed 99072K, reserved 1179648K
  class space    used 13335K, committed 13696K, reserved 1048576K
}
Event: 18.284 GC heap after
{Heap after GC invocations=39 (full 0):
 garbage-first heap   total 199680K, used 101209K [0x0000000080000000, 0x0000000100000000)
  region size 1024K, 4 young (4096K), 4 survivors (4096K)
 Metaspace       used 98350K, committed 99072K, reserved 1179648K
  class space    used 13335K, committed 13696K, reserved 1048576K
}
Event: 19.367 GC heap before
{Heap before GC invocations=40 (full 0):
 garbage-first heap   total 199680K, used 161625K [0x0000000080000000, 0x0000000100000000)
  region size 1024K, 63 young (64512K), 4 survivors (4096K)
 Metaspace       used 106006K, committed 106688K, reserved 1179648K
  class space    used 14327K, committed 14656K, reserved 1048576K
}
Event: 19.379 GC heap after
{Heap after GC invocations=41 (full 0):
 garbage-first heap   total 199680K, used 103448K [0x0000000080000000, 0x0000000100000000)
  region size 1024K, 6 young (6144K), 6 survivors (6144K)
 Metaspace       used 106006K, committed 106688K, reserved 1179648K
  class space    used 14327K, committed 14656K, reserved 1048576K
}
Event: 19.467 GC heap before
{Heap before GC invocations=41 (full 0):
 garbage-first heap   total 199680K, used 106520K [0x0000000080000000, 0x0000000100000000)
  region size 1024K, 9 young (9216K), 6 survivors (6144K)
 Metaspace       used 106270K, committed 107008K, reserved 1179648K
  class space    used 14364K, committed 14720K, reserved 1048576K
}
Event: 19.473 GC heap after
{Heap after GC invocations=42 (full 0):
 garbage-first heap   total 199680K, used 103397K [0x0000000080000000, 0x0000000100000000)
  region size 1024K, 1 young (1024K), 1 survivors (1024K)
 Metaspace       used 106270K, committed 107008K, reserved 1179648K
  class space    used 14364K, committed 14720K, reserved 1048576K
}
Event: 19.641 GC heap before
{Heap before GC invocations=42 (full 0):
 garbage-first heap   total 199680K, used 111589K [0x0000000080000000, 0x0000000100000000)
  region size 1024K, 10 young (10240K), 1 survivors (1024K)
 Metaspace       used 106805K, committed 107456K, reserved 1179648K
  class space    used 14421K, committed 14720K, reserved 1048576K
}
Event: 19.645 GC heap after
{Heap after GC invocations=43 (full 0):
 garbage-first heap   total 199680K, used 104372K [0x0000000080000000, 0x0000000100000000)
  region size 1024K, 2 young (2048K), 2 survivors (2048K)
 Metaspace       used 106805K, committed 107456K, reserved 1179648K
  class space    used 14421K, committed 14720K, reserved 1048576K
}

Dll operation events (3 events):
Event: 0.006 Loaded shared library C:\Program Files\Android\Android Studio\jbr\bin\java.dll
Event: 0.094 Loaded shared library C:\Program Files\Android\Android Studio\jbr\bin\zip.dll
Event: 0.388 Loaded shared library C:\Program Files\Android\Android Studio\jbr\bin\verify.dll

Deoptimization events (20 events):
Event: 18.425 Thread 0x000001fb2f9c5eb0 Uncommon trap: trap_request=0xffffffc6 fr.pc=0x000001fb1ac7f278 relative=0x0000000000000598
Event: 18.425 Thread 0x000001fb2f9c5eb0 Uncommon trap: reason=bimorphic_or_optimized_type_check action=maybe_recompile pc=0x000001fb1ac7f278 method=org.jetbrains.kotlin.protobuf.CodedInputStream.tryRefillBuffer(I)Z @ 177 c2
Event: 18.425 Thread 0x000001fb2f9c5eb0 DEOPT PACKING pc=0x000001fb1ac7f278 sp=0x0000008893bf4140
Event: 18.425 Thread 0x000001fb2f9c5eb0 DEOPT UNPACKING pc=0x000001fb1a5f69a3 sp=0x0000008893bf4028 mode 2
Event: 18.427 Thread 0x000001fb2f9c5eb0 Uncommon trap: trap_request=0xffffffc6 fr.pc=0x000001fb1ac7f278 relative=0x0000000000000598
Event: 18.427 Thread 0x000001fb2f9c5eb0 Uncommon trap: reason=bimorphic_or_optimized_type_check action=maybe_recompile pc=0x000001fb1ac7f278 method=org.jetbrains.kotlin.protobuf.CodedInputStream.tryRefillBuffer(I)Z @ 177 c2
Event: 18.427 Thread 0x000001fb2f9c5eb0 DEOPT PACKING pc=0x000001fb1ac7f278 sp=0x0000008893bf4140
Event: 18.427 Thread 0x000001fb2f9c5eb0 DEOPT UNPACKING pc=0x000001fb1a5f69a3 sp=0x0000008893bf4028 mode 2
Event: 18.447 Thread 0x000001fb2f9c5eb0 Uncommon trap: trap_request=0xffffffc6 fr.pc=0x000001fb1ac7dad8 relative=0x0000000000000318
Event: 18.447 Thread 0x000001fb2f9c5eb0 Uncommon trap: reason=bimorphic_or_optimized_type_check action=maybe_recompile pc=0x000001fb1ac7dad8 method=org.jetbrains.kotlin.protobuf.CodedInputStream.tryRefillBuffer(I)Z @ 177 c2
Event: 18.447 Thread 0x000001fb2f9c5eb0 DEOPT PACKING pc=0x000001fb1ac7dad8 sp=0x0000008893bf35e0
Event: 18.447 Thread 0x000001fb2f9c5eb0 DEOPT UNPACKING pc=0x000001fb1a5f69a3 sp=0x0000008893bf3518 mode 2
Event: 20.040 Thread 0x000001fb2f9c5eb0 Uncommon trap: trap_request=0xffffff3d fr.pc=0x000001fb1aee83b8 relative=0x0000000000003e98
Event: 20.040 Thread 0x000001fb2f9c5eb0 Uncommon trap: reason=unstable_fused_if action=reinterpret pc=0x000001fb1aee83b8 method=org.jetbrains.kotlin.metadata.ProtoBuf$Type.<init>(Lorg/jetbrains/kotlin/protobuf/CodedInputStream;Lorg/jetbrains/kotlin/protobuf/ExtensionRegistryLite;)V @ 49 c2
Event: 20.040 Thread 0x000001fb2f9c5eb0 DEOPT PACKING pc=0x000001fb1aee83b8 sp=0x0000008893bee6d0
Event: 20.040 Thread 0x000001fb2f9c5eb0 DEOPT UNPACKING pc=0x000001fb1a5f69a3 sp=0x0000008893bee688 mode 2
Event: 20.135 Thread 0x000001fb2f9c5eb0 Uncommon trap: trap_request=0xffffff45 fr.pc=0x000001fb1aeab24c relative=0x000000000000004c
Event: 20.135 Thread 0x000001fb2f9c5eb0 Uncommon trap: reason=unstable_if action=reinterpret pc=0x000001fb1aeab24c method=kotlin.jvm.internal.Intrinsics.areEqual(Ljava/lang/Object;Ljava/lang/Object;)Z @ 5 c2
Event: 20.135 Thread 0x000001fb2f9c5eb0 DEOPT PACKING pc=0x000001fb1aeab24c sp=0x0000008893bf02f0
Event: 20.135 Thread 0x000001fb2f9c5eb0 DEOPT UNPACKING pc=0x000001fb1a5f69a3 sp=0x0000008893bf0280 mode 2

Classes unloaded (0 events):
No events

Classes redefined (0 events):
No events

Internal exceptions (20 events):
Event: 13.755 Thread 0x000001fb2f9c5eb0 Exception <a 'java/lang/NoSuchMethodError'{0x0000000087ad45d8}: 'java.lang.Object java.lang.invoke.Invokers$Holder.invoker(java.lang.Object, java.lang.Object, java.lang.Object, java.lang.Object, java.lang.Object, java.lang.Object, java.lang.Object, java.lang.Object, java.lang.Object, java.lang.Object, java.lang.Object, java.lang.Object, java.lang.Object, java.lang.Object, java.lang.Object, java.lang.Object, java.lang.Object, java.lang.Object, java.lang.Object, java.lang.Object, java.lang.Object, java.lang.
Event: 13.756 Thread 0x000001fb2f9c5eb0 Exception <a 'java/lang/NoSuchMethodError'{0x0000000087adb1d8}: 'java.lang.Object java.lang.invoke.DelegatingMethodHandle$Holder.delegate(java.lang.Object, java.lang.Object, java.lang.Object, java.lang.Object, java.lang.Object, java.lang.Object, java.lang.Object, java.lang.Object, java.lang.Object, java.lang.Object, java.lang.Object, java.lang.Object, java.lang.Object, java.lang.Object, java.lang.Object, java.lang.Object, java.lang.Object, java.lang.Object, java.lang.Object, java.lang.Object, java.lang.Obj
Event: 13.765 Thread 0x000001fb2f9c5eb0 Exception <a 'java/lang/NoSuchMethodError'{0x00000000879a9640}: 'java.lang.Object java.lang.invoke.DirectMethodHandle$Holder.invokeStatic(java.lang.Object, java.lang.Object, java.lang.Object, java.lang.Object, java.lang.Object, java.lang.Object, java.lang.Object, java.lang.Object, java.lang.Object, java.lang.Object, java.lang.Object, java.lang.Object, java.lang.Object, java.lang.Object, java.lang.Object, java.lang.Object, java.lang.Object, java.lang.Object, java.lang.Object, java.lang.Object, java.lang.Obj
Event: 13.982 Thread 0x000001fb2f9c5eb0 Exception <a 'java/lang/NoSuchMethodError'{0x0000000087492668}: 'java.lang.Object java.lang.invoke.DirectMethodHandle$Holder.invokeStaticInit(java.lang.Object, int)'> (0x0000000087492668) 
thrown [s\src\hotspot\share\interpreter\linkResolver.cpp, line 771]
Event: 14.743 Thread 0x000001fb2f9c5eb0 Exception <a 'sun/nio/fs/WindowsException'{0x00000000898eb578}> (0x00000000898eb578) 
thrown [s\src\hotspot\share\prims\jni.cpp, line 531]
Event: 14.743 Thread 0x000001fb2f9c5eb0 Exception <a 'sun/nio/fs/WindowsException'{0x00000000898ed330}> (0x00000000898ed330) 
thrown [s\src\hotspot\share\prims\jni.cpp, line 531]
Event: 14.880 Thread 0x000001fb2f9c5eb0 Exception <a 'java/lang/NoSuchMethodError'{0x0000000088dc61b0}: 'long java.lang.invoke.DirectMethodHandle$Holder.invokeStatic(java.lang.Object)'> (0x0000000088dc61b0) 
thrown [s\src\hotspot\share\interpreter\linkResolver.cpp, line 771]
Event: 14.880 Thread 0x000001fb2f9c5eb0 Exception <a 'java/lang/NoSuchMethodError'{0x0000000088dcb040}: 'long java.lang.invoke.DirectMethodHandle$Holder.invokeStaticInit(java.lang.Object)'> (0x0000000088dcb040) 
thrown [s\src\hotspot\share\interpreter\linkResolver.cpp, line 771]
Event: 14.965 Thread 0x000001fb2f9c5eb0 Exception <a 'java/lang/NoSuchMethodError'{0x000000008872c410}: 'long java.lang.invoke.Invokers$Holder.invoke_MT(java.lang.Object, java.lang.Object, java.lang.Object, java.lang.Object)'> (0x000000008872c410) 
thrown [s\src\hotspot\share\interpreter\linkResolver.cpp, line 771]
Event: 14.967 Thread 0x000001fb2f9c5eb0 Exception <a 'java/lang/NoSuchMethodError'{0x0000000088735a60}: 'int java.lang.invoke.Invokers$Holder.invoke_MT(java.lang.Object, java.lang.Object, java.lang.Object, java.lang.Object)'> (0x0000000088735a60) 
thrown [s\src\hotspot\share\interpreter\linkResolver.cpp, line 771]
Event: 14.968 Thread 0x000001fb2f9c5eb0 Exception <a 'java/lang/NoSuchMethodError'{0x00000000887464c8}: 'void java.lang.invoke.DelegatingMethodHandle$Holder.reinvoke_L(java.lang.Object, java.lang.Object, java.lang.Object, long, java.lang.Object)'> (0x00000000887464c8) 
thrown [s\src\hotspot\share\interpreter\linkResolver.cpp, line 771]
Event: 14.969 Thread 0x000001fb2f9c5eb0 Exception <a 'java/lang/NoSuchMethodError'{0x000000008874ef70}: 'java.lang.Object java.lang.invoke.DirectMethodHandle$Holder.invokeSpecial(java.lang.Object, java.lang.Object, java.lang.Object, java.lang.Object, long)'> (0x000000008874ef70) 
thrown [s\src\hotspot\share\interpreter\linkResolver.cpp, line 771]
Event: 14.970 Thread 0x000001fb2f9c5eb0 Exception <a 'java/lang/NoSuchMethodError'{0x000000008875f9e8}: 'int java.lang.invoke.DelegatingMethodHandle$Holder.reinvoke_L(java.lang.Object, java.lang.Object, java.lang.Object, long, java.lang.Object, java.lang.Object)'> (0x000000008875f9e8) 
thrown [s\src\hotspot\share\interpreter\linkResolver.cpp, line 771]
Event: 14.971 Thread 0x000001fb2f9c5eb0 Exception <a 'java/lang/NoSuchMethodError'{0x000000008876fd60}: 'int java.lang.invoke.DelegatingMethodHandle$Holder.reinvoke_L(java.lang.Object, java.lang.Object, java.lang.Object, long, int, int)'> (0x000000008876fd60) 
thrown [s\src\hotspot\share\interpreter\linkResolver.cpp, line 771]
Event: 14.972 Thread 0x000001fb2f9c5eb0 Exception <a 'java/lang/NoSuchMethodError'{0x000000008877fe80}: 'int java.lang.invoke.DelegatingMethodHandle$Holder.reinvoke_L(java.lang.Object, java.lang.Object, java.lang.Object, long, long, long)'> (0x000000008877fe80) 
thrown [s\src\hotspot\share\interpreter\linkResolver.cpp, line 771]
Event: 14.973 Thread 0x000001fb2f9c5eb0 Exception <a 'java/lang/NoSuchMethodError'{0x000000008878fef0}: 'int java.lang.invoke.DelegatingMethodHandle$Holder.reinvoke_L(java.lang.Object, java.lang.Object, java.lang.Object, long, int)'> (0x000000008878fef0) 
thrown [s\src\hotspot\share\interpreter\linkResolver.cpp, line 771]
Event: 15.807 Thread 0x000001fb2f9c5eb0 Exception <a 'java/lang/NoSuchMethodError'{0x000000008a5b2568}: 'java.lang.Object java.lang.invoke.Invokers$Holder.invokeExact_MT(java.lang.Object, java.lang.Object, long, java.lang.Object)'> (0x000000008a5b2568) 
thrown [s\src\hotspot\share\interpreter\linkResolver.cpp, line 771]
Event: 15.870 Thread 0x000001fb2f9c5eb0 Exception <a 'java/lang/NoSuchMethodError'{0x000000008a22fe68}: 'java.lang.Object java.lang.invoke.Invokers$Holder.invoke_MT(java.lang.Object, java.lang.Object, java.lang.Object)'> (0x000000008a22fe68) 
thrown [s\src\hotspot\share\interpreter\linkResolver.cpp, line 771]
Event: 18.784 Thread 0x000001fb2f9c5eb0 Exception <a 'java/lang/NoSuchMethodError'{0x000000008a624708}: 'int java.lang.invoke.DirectMethodHandle$Holder.invokeSpecial(java.lang.Object, java.lang.Object, int, int)'> (0x000000008a624708) 
thrown [s\src\hotspot\share\interpreter\linkResolver.cpp, line 771]
Event: 19.327 Thread 0x000001fb2f9c5eb0 Exception <a 'java/lang/NoSuchMethodError'{0x00000000889d2960}: 'java.lang.Object java.lang.invoke.DirectMethodHandle$Holder.invokeStatic(java.lang.Object, java.lang.Object, java.lang.Object, java.lang.Object, int)'> (0x00000000889d2960) 
thrown [s\src\hotspot\share\interpreter\linkResolver.cpp, line 771]

VM Operations (20 events):
Event: 18.244 Executing VM operation: HandshakeAllThreads
Event: 18.244 Executing VM operation: HandshakeAllThreads done
Event: 18.281 Executing VM operation: G1CollectForAllocation
Event: 18.284 Executing VM operation: G1CollectForAllocation done
Event: 18.320 Executing VM operation: G1PauseRemark
Event: 18.324 Executing VM operation: G1PauseRemark done
Event: 18.341 Executing VM operation: G1PauseCleanup
Event: 18.341 Executing VM operation: G1PauseCleanup done
Event: 18.417 Executing VM operation: HandshakeAllThreads
Event: 18.417 Executing VM operation: HandshakeAllThreads done
Event: 19.367 Executing VM operation: G1CollectForAllocation
Event: 19.379 Executing VM operation: G1CollectForAllocation done
Event: 19.467 Executing VM operation: G1CollectForAllocation
Event: 19.474 Executing VM operation: G1CollectForAllocation done
Event: 19.641 Executing VM operation: G1TryInitiateConcMark
Event: 19.645 Executing VM operation: G1TryInitiateConcMark done
Event: 19.686 Executing VM operation: G1PauseRemark
Event: 19.690 Executing VM operation: G1PauseRemark done
Event: 19.708 Executing VM operation: G1PauseCleanup
Event: 19.709 Executing VM operation: G1PauseCleanup done

Events (20 events):
Event: 16.282 loading class java/nio/channels/NonWritableChannelException
Event: 16.282 loading class java/nio/channels/NonWritableChannelException done
Event: 18.146 Thread 0x000001fb2e03bab0 flushing nmethod 0x000001fb1adbfd90
Event: 18.155 Thread 0x000001fb2e03bab0 flushing nmethod 0x000001fb13b3ec10
Event: 18.468 loading class java/text/StringCharacterIterator
Event: 18.468 loading class java/text/CharacterIterator
Event: 18.469 loading class java/text/CharacterIterator done
Event: 18.469 loading class java/text/StringCharacterIterator done
Event: 18.524 loading class java/io/NotSerializableException
Event: 18.524 loading class java/io/NotSerializableException done
Event: 18.662 loading class java/util/AbstractList$ListItr
Event: 18.662 loading class java/util/AbstractList$ListItr done
Event: 18.784 loading class java/util/function/IntUnaryOperator
Event: 18.784 loading class java/util/function/IntUnaryOperator done
Event: 18.963 loading class java/util/AbstractList$RandomAccessSubList
Event: 18.963 loading class java/util/AbstractList$SubList
Event: 18.964 loading class java/util/AbstractList$SubList done
Event: 18.964 loading class java/util/AbstractList$RandomAccessSubList done
Event: 19.269 loading class java/util/AbstractList$SubList$1
Event: 19.269 loading class java/util/AbstractList$SubList$1 done


Dynamic libraries:
0x00007ff6775c0000 - 0x00007ff6775ca000 	C:\Program Files\Android\Android Studio\jbr\bin\java.exe
0x00007ff85c550000 - 0x00007ff85c748000 	C:\WINDOWS\SYSTEM32\ntdll.dll
0x00007ff85bd60000 - 0x00007ff85be21000 	C:\WINDOWS\System32\KERNEL32.DLL
0x00007ff85a180000 - 0x00007ff85a47d000 	C:\WINDOWS\System32\KERNELBASE.dll
0x00007ff85a480000 - 0x00007ff85a580000 	C:\WINDOWS\System32\ucrtbase.dll
0x00007ff837c70000 - 0x00007ff837c87000 	C:\Program Files\Android\Android Studio\jbr\bin\jli.dll
0x00007ff84f3c0000 - 0x00007ff84f3db000 	C:\Program Files\Android\Android Studio\jbr\bin\VCRUNTIME140.dll
0x00007ff85be30000 - 0x00007ff85bfcd000 	C:\WINDOWS\System32\USER32.dll
0x00007ff859e20000 - 0x00007ff859e42000 	C:\WINDOWS\System32\win32u.dll
0x00007ff85aad0000 - 0x00007ff85aafb000 	C:\WINDOWS\System32\GDI32.dll
0x00007ff859ff0000 - 0x00007ff85a107000 	C:\WINDOWS\System32\gdi32full.dll
0x00007ff859f00000 - 0x00007ff859f9d000 	C:\WINDOWS\System32\msvcp_win.dll
0x00007ff834fa0000 - 0x00007ff83523a000 	C:\WINDOWS\WinSxS\amd64_microsoft.windows.common-controls_6595b64144ccf1df_6.0.19041.4355_none_60b8b9eb71f62e16\COMCTL32.dll
0x00007ff85c310000 - 0x00007ff85c3ae000 	C:\WINDOWS\System32\msvcrt.dll
0x00007ff85c410000 - 0x00007ff85c43f000 	C:\WINDOWS\System32\IMM32.DLL
0x00007ff8545b0000 - 0x00007ff8545bc000 	C:\Program Files\Android\Android Studio\jbr\bin\vcruntime140_1.dll
0x00007ff83dc20000 - 0x00007ff83dcad000 	C:\Program Files\Android\Android Studio\jbr\bin\msvcp140.dll
0x00007ff81bd30000 - 0x00007ff81c9b3000 	C:\Program Files\Android\Android Studio\jbr\bin\server\jvm.dll
0x00007ff85c460000 - 0x00007ff85c510000 	C:\WINDOWS\System32\ADVAPI32.dll
0x00007ff85c270000 - 0x00007ff85c310000 	C:\WINDOWS\System32\sechost.dll
0x00007ff85bbb0000 - 0x00007ff85bcd3000 	C:\WINDOWS\System32\RPCRT4.dll
0x00007ff859df0000 - 0x00007ff859e17000 	C:\WINDOWS\System32\bcrypt.dll
0x00007ff84f360000 - 0x00007ff84f369000 	C:\WINDOWS\SYSTEM32\WSOCK32.dll
0x00007ff85c0f0000 - 0x00007ff85c15b000 	C:\WINDOWS\System32\WS2_32.dll
0x00007ff859680000 - 0x00007ff8596cb000 	C:\WINDOWS\SYSTEM32\POWRPROF.dll
0x00007ff84ccb0000 - 0x00007ff84ccd7000 	C:\WINDOWS\SYSTEM32\WINMM.dll
0x00007ff8431b0000 - 0x00007ff8431ba000 	C:\WINDOWS\SYSTEM32\VERSION.dll
0x00007ff8595f0000 - 0x00007ff859602000 	C:\WINDOWS\SYSTEM32\UMPDC.dll
0x00007ff858420000 - 0x00007ff858432000 	C:\WINDOWS\SYSTEM32\kernel.appcore.dll
0x00007ff84f140000 - 0x00007ff84f14a000 	C:\Program Files\Android\Android Studio\jbr\bin\jimage.dll
0x00007ff857990000 - 0x00007ff857b74000 	C:\WINDOWS\SYSTEM32\DBGHELP.DLL
0x00007ff83d880000 - 0x00007ff83d8b4000 	C:\WINDOWS\SYSTEM32\dbgcore.DLL
0x00007ff859c00000 - 0x00007ff859c82000 	C:\WINDOWS\System32\bcryptPrimitives.dll
0x00007ff843ef0000 - 0x00007ff843efe000 	C:\Program Files\Android\Android Studio\jbr\bin\instrument.dll
0x00007ff84ea30000 - 0x00007ff84ea55000 	C:\Program Files\Android\Android Studio\jbr\bin\java.dll
0x00007ff84e6e0000 - 0x00007ff84e6f8000 	C:\Program Files\Android\Android Studio\jbr\bin\zip.dll
0x00007ff85b310000 - 0x00007ff85ba7f000 	C:\WINDOWS\System32\SHELL32.dll
0x00007ff857b80000 - 0x00007ff858323000 	C:\WINDOWS\SYSTEM32\windows.storage.dll
0x00007ff85a590000 - 0x00007ff85a8e3000 	C:\WINDOWS\System32\combase.dll
0x00007ff8595c0000 - 0x00007ff8595ee000 	C:\WINDOWS\SYSTEM32\Wldp.dll
0x00007ff85a9e0000 - 0x00007ff85aaad000 	C:\WINDOWS\System32\OLEAUT32.dll
0x00007ff85adf0000 - 0x00007ff85ae9d000 	C:\WINDOWS\System32\SHCORE.dll
0x00007ff85c3b0000 - 0x00007ff85c405000 	C:\WINDOWS\System32\shlwapi.dll
0x00007ff859b30000 - 0x00007ff859b54000 	C:\WINDOWS\SYSTEM32\profapi.dll
0x00007ff84e330000 - 0x00007ff84e349000 	C:\Program Files\Android\Android Studio\jbr\bin\net.dll
0x00007ff853570000 - 0x00007ff85367d000 	C:\WINDOWS\SYSTEM32\WINHTTP.dll
0x00007ff859320000 - 0x00007ff85938a000 	C:\WINDOWS\system32\mswsock.dll
0x00007ff84cbc0000 - 0x00007ff84cbd6000 	C:\Program Files\Android\Android Studio\jbr\bin\nio.dll
0x00007ff845d30000 - 0x00007ff845d40000 	C:\Program Files\Android\Android Studio\jbr\bin\verify.dll
0x00007ff84f3e0000 - 0x00007ff84f407000 	C:\Users\PMLS\.gradle\native\c067742578af261105cb4f569cf0c3c89f3d7b1fecec35dd04571415982c5e48\windows-amd64\native-platform.dll
0x00007ff836a30000 - 0x00007ff836b74000 	C:\Users\PMLS\.gradle\native\38dada09dfb8b06ba9b0570ebf7e218e3eb74d4ef43ca46872605cf95ebc2f47\windows-amd64\native-platform-file-events.dll
0x00007ff84e6d0000 - 0x00007ff84e6d9000 	C:\Program Files\Android\Android Studio\jbr\bin\management.dll
0x00007ff845d40000 - 0x00007ff845d4b000 	C:\Program Files\Android\Android Studio\jbr\bin\management_ext.dll
0x00007ff85aac0000 - 0x00007ff85aac8000 	C:\WINDOWS\System32\PSAPI.DLL
0x00007ff859510000 - 0x00007ff859528000 	C:\WINDOWS\SYSTEM32\CRYPTSP.dll
0x00007ff858be0000 - 0x00007ff858c14000 	C:\WINDOWS\system32\rsaenh.dll
0x00007ff859af0000 - 0x00007ff859b1e000 	C:\WINDOWS\SYSTEM32\USERENV.dll
0x00007ff859530000 - 0x00007ff85953c000 	C:\WINDOWS\SYSTEM32\CRYPTBASE.dll
0x00007ff859000000 - 0x00007ff85903b000 	C:\WINDOWS\SYSTEM32\IPHLPAPI.DLL
0x00007ff85aab0000 - 0x00007ff85aab8000 	C:\WINDOWS\System32\NSI.dll
0x00007ff84fec0000 - 0x00007ff84fed7000 	C:\WINDOWS\SYSTEM32\dhcpcsvc6.DLL
0x00007ff850480000 - 0x00007ff85049d000 	C:\WINDOWS\SYSTEM32\dhcpcsvc.DLL
0x00007ff859040000 - 0x00007ff85910a000 	C:\WINDOWS\SYSTEM32\DNSAPI.dll
0x00007ff84ec50000 - 0x00007ff84ec59000 	C:\Program Files\Android\Android Studio\jbr\bin\extnet.dll
0x00007ff82f500000 - 0x00007ff82f507000 	C:\WINDOWS\system32\wshunix.dll

dbghelp: loaded successfully - version: 4.0.5 - missing functions: none
symbol engine: initialized successfully - sym options: 0x614 - pdb path: .;C:\Program Files\Android\Android Studio\jbr\bin;C:\WINDOWS\SYSTEM32;C:\WINDOWS\WinSxS\amd64_microsoft.windows.common-controls_6595b64144ccf1df_6.0.19041.4355_none_60b8b9eb71f62e16;C:\Program Files\Android\Android Studio\jbr\bin\server;C:\Users\PMLS\.gradle\native\c067742578af261105cb4f569cf0c3c89f3d7b1fecec35dd04571415982c5e48\windows-amd64;C:\Users\PMLS\.gradle\native\38dada09dfb8b06ba9b0570ebf7e218e3eb74d4ef43ca46872605cf95ebc2f47\windows-amd64

VM Arguments:
jvm_args: --add-opens=java.base/java.util=ALL-UNNAMED --add-opens=java.base/java.lang=ALL-UNNAMED --add-opens=java.base/java.lang.invoke=ALL-UNNAMED --add-opens=java.prefs/java.util.prefs=ALL-UNNAMED --add-opens=java.base/java.nio.charset=ALL-UNNAMED --add-opens=java.base/java.net=ALL-UNNAMED --add-opens=java.base/java.util.concurrent.atomic=ALL-UNNAMED -Xmx2048m -Dfile.encoding=UTF-8 -Duser.country=US -Duser.language=en -Duser.variant -javaagent:C:\Users\PMLS\.gradle\wrapper\dists\gradle-8.7-bin\bhs2wmbdwecv87pi65oeuq5iu\gradle-8.7\lib\agents\gradle-instrumentation-agent-8.7.jar 
java_command: org.gradle.launcher.daemon.bootstrap.GradleDaemon 8.7
java_class_path (initial): C:\Users\PMLS\.gradle\wrapper\dists\gradle-8.7-bin\bhs2wmbdwecv87pi65oeuq5iu\gradle-8.7\lib\gradle-launcher-8.7.jar
Launcher Type: SUN_STANDARD

[Global flags]
     intx CICompilerCount                          = 4                                         {product} {ergonomic}
     uint ConcGCThreads                            = 3                                         {product} {ergonomic}
     uint G1ConcRefinementThreads                  = 10                                        {product} {ergonomic}
   size_t G1HeapRegionSize                         = 1048576                                   {product} {ergonomic}
    uintx GCDrainStackTargetSize                   = 64                                        {product} {ergonomic}
   size_t InitialHeapSize                          = 130023424                                 {product} {ergonomic}
   size_t MarkStackSize                            = 4194304                                   {product} {ergonomic}
   size_t MaxHeapSize                              = 2147483648                                {product} {command line}
   size_t MaxNewSize                               = 1287651328                                {product} {ergonomic}
   size_t MinHeapDeltaBytes                        = 1048576                                   {product} {ergonomic}
   size_t MinHeapSize                              = 8388608                                   {product} {ergonomic}
    uintx NonNMethodCodeHeapSize                   = 5839372                                {pd product} {ergonomic}
    uintx NonProfiledCodeHeapSize                  = 122909434                              {pd product} {ergonomic}
    uintx ProfiledCodeHeapSize                     = 122909434                              {pd product} {ergonomic}
    uintx ReservedCodeCacheSize                    = 251658240                              {pd product} {ergonomic}
     bool SegmentedCodeCache                       = true                                      {product} {ergonomic}
   size_t SoftMaxHeapSize                          = 2147483648                             {manageable} {ergonomic}
     bool UseCompressedClassPointers               = true                           {product lp64_product} {ergonomic}
     bool UseCompressedOops                        = true                           {product lp64_product} {ergonomic}
     bool UseG1GC                                  = true                                      {product} {ergonomic}
     bool UseLargePagesIndividualAllocation        = false                                  {pd product} {ergonomic}

Logging:
Log output configuration:
 #0: stdout all=warning uptime,level,tags
 #1: stderr all=off uptime,level,tags

Environment Variables:
PATH=C:\Program Files\Common Files\Oracle\Java\javapath;C:\WINDOWS\system32;C:\WINDOWS;C:\WINDOWS\System32\Wbem;C:\WINDOWS\System32\WindowsPowerShell\v1.0\;C:\WINDOWS\System32\OpenSSH\;C:\Users\PMLS\AppData\Local\Microsoft\WindowsApps;C:\Users\PMLS\AppData\Local\Programs\Microsoft VS Code\bin
USERNAME=PMYLS
OS=Windows_NT
PROCESSOR_IDENTIFIER=Intel64 Family 6 Model 154 Stepping 4, GenuineIntel
TMP=C:\Users\PMLS\AppData\Local\Temp
TEMP=C:\Users\PMLS\AppData\Local\Temp



Periodic native trim disabled

JNI global refs:
JNI global refs: 27, weak refs: 33

JNI global refs memory usage: 843, weak refs: 841

Process memory usage:
Resident Set Size: 454116K (5% of 8106488K total physical memory with 370628K free physical memory)

OOME stack traces (most recent first):
Classloader memory used:
Loader org.gradle.internal.classloader.VisitableURLClassLoader                         : 8598K
Loader bootstrap                                                                       : 2554K
Loader jdk.internal.loader.ClassLoaders$AppClassLoader                                 : 982K
Loader org.gradle.initialization.MixInLegacyTypesClassLoader                           : 967K
Loader org.gradle.internal.classloader.VisitableURLClassLoader                         : 111K
Loader org.gradle.internal.classloader.VisitableURLClassLoader$InstrumentingVisitableURLClassLoader: 90789B
Loader jdk.internal.loader.ClassLoaders$PlatformClassLoader                            : 88923B
Loader jdk.internal.jrtfs.JrtFileSystemProvider$JrtFsLoader                            : 40217B
Loader jdk.internal.reflect.DelegatingClassLoader                                      : 29405B
Loader org.gradle.groovy.scripts.internal.DefaultScriptCompilationHandler$ScriptClassLoader: 10734B
Loader org.codehaus.groovy.runtime.callsite.CallSiteClassLoader                        : 5853B

Classes loaded by more than one classloader:
Class org.gradle.internal.Cast                                                        : loaded 3 times (x 69B)
Class org.gradle.api.GradleException                                                  : loaded 3 times (x 80B)
Class org.jetbrains.plugins.gradle.model.MavenRepositoryModel                         : loaded 2 times (x 68B)
Class org.gradle.internal.classpath.ClassPath                                         : loaded 2 times (x 68B)
Class org.gradle.api.internal.classpath.DefaultModuleRegistry                         : loaded 2 times (x 84B)
Class org.gradle.internal.exceptions.NonGradleCauseExceptionsHolder                   : loaded 2 times (x 68B)
Class Settings_gradle$1$1                                                             : loaded 2 times (x 72B)
Class jdk.internal.jimage.BasicImageReader$1                                          : loaded 2 times (x 75B)
Class org.gradle.api.Action                                                           : loaded 2 times (x 68B)
Class org.jetbrains.kotlin.idea.gradleTooling.model.samWithReceiver.SamWithReceiverModel: loaded 2 times (x 68B)
Class org.jetbrains.plugins.gradle.model.ExternalProject                              : loaded 2 times (x 68B)
Class org.jetbrains.plugins.gradle.model.IntelliJSettings                             : loaded 2 times (x 68B)
Class jdk.internal.jimage.ImageBufferCache$1                                          : loaded 2 times (x 78B)
Class jdk.internal.jimage.ImageBufferCache$2                                          : loaded 2 times (x 89B)
Class ijInit1_a6eqhmp0i9ztyx1sql8o9y4z0                                               : loaded 2 times (x 177B)
Class org.jetbrains.kotlin.idea.gradleTooling.KotlinMPPGradleModel                    : loaded 2 times (x 68B)
Class org.gradle.api.internal.DefaultClassPathProvider                                : loaded 2 times (x 74B)
Class org.gradle.internal.installation.GradleInstallation$1                           : loaded 2 times (x 73B)
Class jdk.internal.jrtfs.SystemImage$1                                                : loaded 2 times (x 76B)
Class jdk.internal.jrtfs.SystemImage$2                                                : loaded 2 times (x 74B)
Class org.gradle.internal.exceptions.DefaultMultiCauseException                       : loaded 2 times (x 93B)
Class org.gradle.tooling.model.UnsupportedMethodException                             : loaded 2 times (x 80B)
Class org.gradle.util.GradleVersion                                                   : loaded 2 times (x 81B)
Class org.gradle.internal.classloader.FilteringClassLoader                            : loaded 2 times (x 103B)
Class jdk.internal.jimage.ImageReader$Resource                                        : loaded 2 times (x 82B)
Class jdk.internal.jrtfs.SystemImage                                                  : loaded 2 times (x 72B)
Class org.gradle.tooling.model.Model                                                  : loaded 2 times (x 68B)
Class org.gradle.internal.classpath.DefaultClassPath$ImmutableUniqueList$Builder      : loaded 2 times (x 73B)
Class org.jetbrains.kotlin.idea.gradleTooling.KotlinSourceSetContainer                : loaded 2 times (x 68B)
Class jdk.internal.jrtfs.JrtDirectoryStream$1                                         : loaded 2 times (x 81B)
Class org.gradle.internal.classloader.ClassLoaderVisitor                              : loaded 2 times (x 74B)
Class org.gradle.internal.time.DefaultCountdownTimer                                  : loaded 2 times (x 86B)
Class org.gradle.internal.service.DefaultServiceLocator                               : loaded 2 times (x 81B)
Class org.jetbrains.plugins.gradle.model.jar.JarTaskManifestConfiguration             : loaded 2 times (x 68B)
Class org.gradle.internal.service.UnknownServiceException                             : loaded 2 times (x 81B)
Class org.jetbrains.plugins.gradle.model.DependencyAccessorsModel                     : loaded 2 times (x 68B)
Class org.gradle.internal.classloader.DefaultClassLoaderFactory                       : loaded 2 times (x 80B)
Class jdk.internal.jimage.ImageReader$SharedImageReader                               : loaded 2 times (x 93B)
Class org.jetbrains.plugins.gradle.model.GradleExtensions                             : loaded 2 times (x 68B)
Class jdk.internal.jimage.decompressor.ZipDecompressorFactory                         : loaded 2 times (x 72B)
Class org.jetbrains.plugins.gradle.model.VersionCatalogsModel                         : loaded 2 times (x 68B)
Class org.gradle.internal.classloader.VisitableURLClassLoader$Spec                    : loaded 2 times (x 72B)
Class org.gradle.tooling.model.ProjectModel                                           : loaded 2 times (x 68B)
Class org.gradle.internal.time.MonotonicClock                                         : loaded 2 times (x 75B)
Class org.gradle.tooling.internal.gradle.DefaultProjectIdentifier                     : loaded 2 times (x 84B)
Class org.gradle.api.internal.classpath.ModuleRegistry                                : loaded 2 times (x 68B)
Class org.jetbrains.plugins.gradle.model.RepositoriesModel                            : loaded 2 times (x 68B)
Class kotlin.jvm.internal.markers.KMappedMarker                                       : loaded 2 times (x 68B)
Class org.gradle.api.internal.ClassPathProvider                                       : loaded 2 times (x 68B)
Class org.gradle.internal.classloader.ClasspathUtil$1                                 : loaded 2 times (x 74B)
Class sync_studio_tooling2465_5azd803strjz8huwsundevd2t                               : loaded 2 times (x 177B)
Class org.gradle.internal.classloader.ClassLoaderFactory                              : loaded 2 times (x 68B)
Class jdk.internal.jimage.ImageHeader                                                 : loaded 2 times (x 69B)
Class org.gradle.api.internal.classpath.ManifestUtil                                  : loaded 2 times (x 69B)
Class org.gradle.api.specs.Spec                                                       : loaded 2 times (x 68B)
Class org.gradle.tooling.internal.gradle.GradleBuildIdentity                          : loaded 2 times (x 68B)
Class org.gradle.internal.IoActions                                                   : loaded 2 times (x 69B)
Class jdk.internal.jimage.decompressor.StringSharingDecompressorFactory               : loaded 2 times (x 72B)
Class org.gradle.api.internal.classpath.EffectiveClassPath                            : loaded 2 times (x 88B)
Class kotlin.jvm.internal.DefaultConstructorMarker                                    : loaded 2 times (x 69B)
Class jdk.internal.jimage.ImageReader$LinkNode                                        : loaded 2 times (x 82B)
Class org.gradle.internal.exceptions.ResolutionProvider                               : loaded 2 times (x 68B)
Class org.jetbrains.kotlin.idea.gradleTooling.model.annotation.AnnotationBasedPluginModel: loaded 2 times (x 68B)
Class org.jetbrains.kotlin.idea.gradleTooling.model.assignment.AssignmentModel        : loaded 2 times (x 68B)
Class org.gradle.internal.installation.CurrentGradleInstallation                      : loaded 2 times (x 71B)
Class org.gradle.internal.agents.InstrumentingClassLoader                             : loaded 2 times (x 68B)
Class org.gradle.internal.installation.CurrentGradleInstallationLocator               : loaded 2 times (x 69B)
Class org.gradle.api.internal.classpath.Module                                        : loaded 2 times (x 68B)
Class org.gradle.internal.service.CachingServiceLocator                               : loaded 2 times (x 80B)
Class org.gradle.internal.time.Timer                                                  : loaded 2 times (x 68B)
Class org.jetbrains.plugins.gradle.model.tests.ExternalTestsModel                     : loaded 2 times (x 68B)
Class org.jetbrains.kotlin.idea.gradleTooling.KotlinDslScriptAdditionalTask           : loaded 2 times (x 68B)
Class org.gradle.internal.classpath.DefaultClassPath                                  : loaded 2 times (x 88B)
Class jdk.internal.jimage.BasicImageReader                                            : loaded 2 times (x 93B)
Class com.intellij.openapi.externalSystem.model.project.dependencies.ProjectDependencies: loaded 2 times (x 68B)
Class org.jetbrains.kotlin.idea.gradleTooling.PrepareKotlinIdeImportTaskModel         : loaded 2 times (x 68B)
Class jdk.internal.jimage.ImageLocation                                               : loaded 2 times (x 88B)
Class org.gradle.internal.impldep.com.google.common.base.Preconditions                : loaded 2 times (x 69B)
Class kotlin.jvm.functions.Function1                                                  : loaded 2 times (x 68B)
Class jdk.internal.jimage.ImageReader$Node                                            : loaded 2 times (x 82B)
Class org.gradle.internal.time.Time                                                   : loaded 2 times (x 69B)
Class jdk.internal.jimage.decompressor.CompressedResourceHeader                       : loaded 2 times (x 69B)
Class org.gradle.internal.time.TimeSource$1                                           : loaded 2 times (x 75B)
Class jdk.internal.jrtfs.JrtPath                                                      : loaded 2 times (x 116B)
Class jdk.internal.jimage.ImageStrings                                                : loaded 2 times (x 68B)
Class jdk.internal.jrtfs.JrtFileAttributes                                            : loaded 2 times (x 81B)
Class org.gradle.internal.classloader.SystemClassLoaderSpec                           : loaded 2 times (x 69B)
Class jdk.internal.jimage.decompressor.ResourceDecompressorRepository                 : loaded 2 times (x 69B)
Class kotlin.Function                                                                 : loaded 2 times (x 68B)
Class org.gradle.api.UncheckedIOException                                             : loaded 2 times (x 80B)
Class jdk.internal.jimage.decompressor.ResourceDecompressor$StringsProvider           : loaded 2 times (x 68B)
Class Program                                                                         : loaded 2 times (x 70B)
Class jdk.internal.jimage.decompressor.Decompressor                                   : loaded 2 times (x 70B)
Class jdk.internal.jrtfs.JrtFileSystem                                                : loaded 2 times (x 100B)
Class org.gradle.tooling.internal.gradle.GradleProjectIdentity                        : loaded 2 times (x 68B)
Class jdk.internal.jrtfs.JrtFileSystemProvider                                        : loaded 2 times (x 97B)
Class org.gradle.internal.time.CountdownTimer                                         : loaded 2 times (x 68B)
Class org.gradle.internal.time.Clock                                                  : loaded 2 times (x 68B)
Class org.gradle.internal.classloader.ClasspathUtil                                   : loaded 2 times (x 69B)
Class jdk.internal.jrtfs.JrtDirectoryStream                                           : loaded 2 times (x 87B)
Class org.gradle.tooling.model.BuildIdentifier                                        : loaded 2 times (x 68B)
Class jdk.internal.jimage.decompressor.ResourceDecompressor                           : loaded 2 times (x 68B)
Class org.gradle.api.internal.DefaultClassPathRegistry                                : loaded 2 times (x 74B)
Class org.gradle.api.internal.classpath.DefaultModuleRegistry$DefaultModule           : loaded 2 times (x 84B)
Class org.gradle.internal.time.TimeSource                                             : loaded 2 times (x 68B)
Class org.jetbrains.kotlin.android.synthetic.idea.AndroidExtensionsGradleModel        : loaded 2 times (x 68B)
Class org.gradle.api.internal.classpath.UnknownModuleException                        : loaded 2 times (x 80B)
Class org.jetbrains.plugins.gradle.model.IntelliJProjectSettings                      : loaded 2 times (x 68B)
Class org.gradle.internal.service.ServiceLookupException                              : loaded 2 times (x 80B)
Class jdk.internal.jimage.ImageStringsReader                                          : loaded 2 times (x 78B)
Class org.gradle.cache.GlobalCache                                                    : loaded 2 times (x 68B)
Class jdk.internal.jimage.decompressor.ResourceDecompressorFactory                    : loaded 2 times (x 72B)
Class org.jetbrains.kotlin.idea.gradleTooling.model.lombok.LombokModel                : loaded 2 times (x 68B)
Class org.gradle.tooling.model.ProjectIdentifier                                      : loaded 2 times (x 68B)
Class [Lorg.gradle.api.internal.ClassPathProvider;                                    : loaded 2 times (x 67B)
Class jdk.internal.jimage.ImageReader$SharedImageReader$LocationVisitor               : loaded 2 times (x 68B)
Class org.gradle.internal.operations.MultipleBuildOperationFailures                   : loaded 2 times (x 93B)
Class org.gradle.util.internal.GUtil                                                  : loaded 2 times (x 69B)
Class jdk.internal.jimage.decompressor.ZipDecompressor                                : loaded 2 times (x 73B)
Class org.jetbrains.plugins.gradle.model.AnnotationProcessingModel                    : loaded 2 times (x 68B)
Class org.gradle.internal.classloader.ClassLoaderSpec                                 : loaded 2 times (x 69B)
Class org.gradle.internal.classloader.VisitableURLClassLoader                         : loaded 2 times (x 115B)
Class org.gradle.internal.installation.GradleInstallation                             : loaded 2 times (x 73B)
Class org.gradle.api.internal.ClassPathRegistry                                       : loaded 2 times (x 68B)
Class sync_studio_tooling2465_5azd803strjz8huwsundevd2t$_run_closure1                 : loaded 2 times (x 137B)
Class org.gradle.internal.classloader.VisitableURLClassLoader$InstrumentingVisitableURLClassLoader: loaded 2 times (x 121B)
Class org.gradle.internal.classloader.ClassLoaderHierarchy                            : loaded 2 times (x 68B)
Class org.gradle.internal.exceptions.MultiCauseException                              : loaded 2 times (x 68B)
Class jdk.internal.jimage.ImageReader                                                 : loaded 2 times (x 73B)
Class org.jetbrains.kotlin.idea.gradleTooling.model.parcelize.ParcelizeGradleModel    : loaded 2 times (x 68B)
Class org.gradle.internal.InternalTransformer                                         : loaded 2 times (x 68B)
Class org.jetbrains.kotlin.idea.gradleTooling.model.noarg.NoArgModel                  : loaded 2 times (x 68B)
Class org.jetbrains.kotlin.idea.gradleTooling.KotlinGradleModel                       : loaded 2 times (x 68B)
Class org.gradle.tooling.internal.gradle.DefaultBuildIdentifier                       : loaded 2 times (x 77B)
Class org.gradle.internal.service.ServiceLocator                                      : loaded 2 times (x 68B)
Class Settings_gradle$1                                                               : loaded 2 times (x 72B)
Class org.jetbrains.kotlin.idea.gradleTooling.model.allopen.AllOpenModel              : loaded 2 times (x 68B)
Class org.gradle.internal.classpath.DefaultClassPath$ImmutableUniqueList              : loaded 2 times (x 159B)
Class jdk.internal.jimage.ImageBufferCache                                            : loaded 2 times (x 69B)
Class org.gradle.internal.time.DefaultTimer                                           : loaded 2 times (x 78B)
Class org.gradle.internal.classpath.TransformedClassPath                              : loaded 2 times (x 94B)
Class Settings_gradle                                                                 : loaded 2 times (x 126B)
Class jdk.internal.jimage.ImageReader$Directory                                       : loaded 2 times (x 82B)


---------------  S Y S T E M  ---------------

OS:
 Windows 10 , 64 bit Build 19041 (10.0.19041.4842)
OS uptime: 0 days 9:28 hours

CPU: total 12 (initial active 12) (6 cores per cpu, 2 threads per core) family 6 model 154 stepping 4 microcode 0x424, cx8, cmov, fxsr, ht, mmx, 3dnowpref, sse, sse2, sse3, ssse3, sse4.1, sse4.2, popcnt, lzcnt, tsc, tscinvbit, avx, avx2, aes, erms, clmul, bmi1, bmi2, adx, sha, fma, vzeroupper, clflush, clflushopt, clwb
Processor Information for processor 0
  Max Mhz: 1300, Current Mhz: 1300, Mhz Limit: 1300
Processor Information for processor 1
  Max Mhz: 1300, Current Mhz: 1300, Mhz Limit: 1300
Processor Information for processor 2
  Max Mhz: 1300, Current Mhz: 1300, Mhz Limit: 1300
Processor Information for processor 3
  Max Mhz: 1300, Current Mhz: 1300, Mhz Limit: 1300
Processor Information for processor 4
  Max Mhz: 900, Current Mhz: 900, Mhz Limit: 900
Processor Information for processor 5
  Max Mhz: 900, Current Mhz: 900, Mhz Limit: 900
Processor Information for processor 6
  Max Mhz: 900, Current Mhz: 900, Mhz Limit: 900
Processor Information for processor 7
  Max Mhz: 900, Current Mhz: 900, Mhz Limit: 900
Processor Information for processor 8
  Max Mhz: 900, Current Mhz: 900, Mhz Limit: 900
Processor Information for processor 9
  Max Mhz: 900, Current Mhz: 900, Mhz Limit: 900
Processor Information for processor 10
  Max Mhz: 900, Current Mhz: 900, Mhz Limit: 900
Processor Information for processor 11
  Max Mhz: 900, Current Mhz: 900, Mhz Limit: 900

Memory: 4k page, system-wide physical 7916M (438M free)
TotalPageFile size 12012M (AvailPageFile size 242M)
current process WorkingSet (physical memory assigned to process): 443M, peak: 443M
current process commit charge ("private bytes"): 484M, peak: 486M

vm_info: OpenJDK 64-Bit Server VM (17.0.11+0--11852314) for windows-amd64 JRE (17.0.11+0--11852314), built on May 16 2024 21:29:20 by "androidbuild" with MS VC++ 16.10 / 16.11 (VS2019)

END.
