#
# There is insufficient memory for the Java Runtime Environment to continue.
# Native memory allocation (mmap) failed to map 164626432 bytes. Error detail: G1 virtual space
# Possible reasons:
#   The system is out of physical RAM or swap space
#   This process is running with CompressedOops enabled, and the Java Heap may be blocking the growth of the native heap
# Possible solutions:
#   Reduce memory load on the system
#   Increase physical memory or swap space
#   Check if swap backing store is full
#   Decrease Java heap size (-Xmx/-Xms)
#   Decrease number of Java threads
#   Decrease Java thread stack sizes (-Xss)
#   Set larger code cache with -XX:ReservedCodeCacheSize=
#   JVM is running with Unscaled Compressed Oops mode in which the Java heap is
#     placed in the first 4GB address space. The Java Heap base address is the
#     maximum limit for the native heap growth. Please use -XX:HeapBaseMinAddress
#     to set the Java Heap base and to place the Java Heap above 4GB virtual address.
# This output file may be truncated or incomplete.
#
#  Out of Memory Error (os_windows.cpp:3825), pid=10428, tid=2028
#
# JRE version: OpenJDK Runtime Environment (17.0.11) (build 17.0.11+0--11852314)
# Java VM: OpenJDK 64-Bit Server VM (17.0.11+0--11852314, mixed mode, tiered, compressed oops, compressed class ptrs, g1 gc, windows-amd64)
# No core dump will be written. Minidumps are not enabled by default on client versions of Windows
#

---------------  S U M M A R Y ------------

Command Line: --add-opens=java.base/java.util=ALL-UNNAMED --add-opens=java.base/java.lang=ALL-UNNAMED --add-opens=java.base/java.lang.invoke=ALL-UNNAMED --add-opens=java.prefs/java.util.prefs=ALL-UNNAMED --add-opens=java.base/java.nio.charset=ALL-UNNAMED --add-opens=java.base/java.net=ALL-UNNAMED --add-opens=java.base/java.util.concurrent.atomic=ALL-UNNAMED -Xmx2048m -Dfile.encoding=UTF-8 -Duser.country=US -Duser.language=en -Duser.variant -javaagent:C:\Users\PMLS\.gradle\wrapper\dists\gradle-8.7-bin\bhs2wmbdwecv87pi65oeuq5iu\gradle-8.7\lib\agents\gradle-instrumentation-agent-8.7.jar org.gradle.launcher.daemon.bootstrap.GradleDaemon 8.7

Host: 12th Gen Intel(R) Core(TM) i5-1235U, 12 cores, 7G,  Windows 10 , 64 bit Build 19041 (10.0.19041.4842)
Time: Thu Oct  3 01:51:39 2024 Pakistan Standard Time elapsed time: 6.255215 seconds (0d 0h 0m 6s)

---------------  T H R E A D  ---------------

Current thread (0x00000191ebbe37f0):  VMThread "VM Thread" [stack: 0x0000005cd7800000,0x0000005cd7900000] [id=2028]

Stack: [0x0000005cd7800000,0x0000005cd7900000]
Native frames: (J=compiled Java code, j=interpreted, Vv=VM code, C=native code)
V  [jvm.dll+0x687bb9]
V  [jvm.dll+0x84142a]
V  [jvm.dll+0x8430ae]
V  [jvm.dll+0x843713]
V  [jvm.dll+0x24a35f]
V  [jvm.dll+0x684989]
V  [jvm.dll+0x67923a]
V  [jvm.dll+0x30af0b]
V  [jvm.dll+0x3123b6]
V  [jvm.dll+0x361dfe]
V  [jvm.dll+0x36202f]
V  [jvm.dll+0x2e0d38]
V  [jvm.dll+0x2df144]
V  [jvm.dll+0x2de74c]
V  [jvm.dll+0x323381]
V  [jvm.dll+0x847e0b]
V  [jvm.dll+0x848b42]
V  [jvm.dll+0x84905d]
V  [jvm.dll+0x849434]
V  [jvm.dll+0x849500]
V  [jvm.dll+0x7efa4a]
V  [jvm.dll+0x686a35]
C  [ucrtbase.dll+0x21bb2]
C  [KERNEL32.DLL+0x17374]
C  [ntdll.dll+0x4cc91]

VM_Operation (0x0000005cd91f0810): G1TryInitiateConcMark, mode: safepoint, requested by thread 0x00000191f1584520


---------------  P R O C E S S  ---------------

Threads class SMR info:
_java_thread_list=0x00000191f4fdaea0, length=79, elements={
0x00000191cf97ce30, 0x00000191ebc0ea10, 0x00000191ebbed080, 0x00000191ebbfa440,
0x00000191ebbfae10, 0x00000191ebbfb6e0, 0x00000191ebbfbfb0, 0x00000191f0039340,
0x00000191f003bc60, 0x00000191f003c570, 0x00000191ebb835c0, 0x00000191f02926e0,
0x00000191f031d770, 0x00000191f1dc0d20, 0x00000191f1c74ff0, 0x00000191f209f030,
0x00000191f21910e0, 0x00000191f11ba4f0, 0x00000191f1584040, 0x00000191f1584520,
0x00000191f146b1c0, 0x00000191f146bbe0, 0x00000191f146a7a0, 0x00000191f146b6d0,
0x00000191f146acb0, 0x00000191f146c600, 0x00000191f1468e50, 0x00000191f1469360,
0x00000191f1469870, 0x00000191f1469d80, 0x00000191f146a290, 0x00000191f3760b40,
0x00000191f375e2c0, 0x00000191f3760630, 0x00000191f375f1f0, 0x00000191f375ce80,
0x00000191f3761050, 0x00000191f375e7d0, 0x00000191f3761560, 0x00000191f3762eb0,
0x00000191f37633c0, 0x00000191f375d8a0, 0x00000191f37638d0, 0x00000191f3761f80,
0x00000191f375c460, 0x00000191f37629a0, 0x00000191f375ece0, 0x00000191f375d390,
0x00000191f3763de0, 0x00000191f375c970, 0x00000191f3760120, 0x00000191f375ddb0,
0x00000191f375f700, 0x00000191f375fc10, 0x00000191f5869b20, 0x00000191f1d63d30,
0x00000191f5866370, 0x00000191f5866d90, 0x00000191f5865440, 0x00000191f58681d0,
0x00000191f586aa50, 0x00000191f586af60, 0x00000191f586a540, 0x00000191f586a030,
0x00000191f5869610, 0x00000191f58686e0, 0x00000191f5864f30, 0x00000191f586b470,
0x00000191f5869100, 0x00000191f5868bf0, 0x00000191f58672a0, 0x00000191f58677b0,
0x00000191f5865950, 0x00000191f5866880, 0x00000191f586b980, 0x00000191f5864510,
0x00000191f5867cc0, 0x00000191f586be90, 0x00000191f5864a20
}

Java Threads: ( => current thread )
  0x00000191cf97ce30 JavaThread "main" [_thread_blocked, id=8424, stack(0x0000005cd7200000,0x0000005cd7300000)]
  0x00000191ebc0ea10 JavaThread "Reference Handler" daemon [_thread_blocked, id=15128, stack(0x0000005cd7900000,0x0000005cd7a00000)]
  0x00000191ebbed080 JavaThread "Finalizer" daemon [_thread_blocked, id=6228, stack(0x0000005cd7a00000,0x0000005cd7b00000)]
  0x00000191ebbfa440 JavaThread "Signal Dispatcher" daemon [_thread_blocked, id=1976, stack(0x0000005cd7b00000,0x0000005cd7c00000)]
  0x00000191ebbfae10 JavaThread "Attach Listener" daemon [_thread_blocked, id=13860, stack(0x0000005cd7c00000,0x0000005cd7d00000)]
  0x00000191ebbfb6e0 JavaThread "Service Thread" daemon [_thread_blocked, id=13068, stack(0x0000005cd7d00000,0x0000005cd7e00000)]
  0x00000191ebbfbfb0 JavaThread "Monitor Deflation Thread" daemon [_thread_blocked, id=7692, stack(0x0000005cd7e00000,0x0000005cd7f00000)]
  0x00000191f0039340 JavaThread "C2 CompilerThread0" daemon [_thread_blocked, id=316, stack(0x0000005cd7f00000,0x0000005cd8000000)]
  0x00000191f003bc60 JavaThread "C1 CompilerThread0" daemon [_thread_blocked, id=3156, stack(0x0000005cd8000000,0x0000005cd8100000)]
  0x00000191f003c570 JavaThread "Sweeper thread" daemon [_thread_blocked, id=7592, stack(0x0000005cd8100000,0x0000005cd8200000)]
  0x00000191ebb835c0 JavaThread "Common-Cleaner" daemon [_thread_blocked, id=3776, stack(0x0000005cd8200000,0x0000005cd8300000)]
  0x00000191f02926e0 JavaThread "Notification Thread" daemon [_thread_blocked, id=14700, stack(0x0000005cd8300000,0x0000005cd8400000)]
  0x00000191f031d770 JavaThread "C2 CompilerThread1" daemon [_thread_blocked, id=8532, stack(0x0000005cd8500000,0x0000005cd8600000)]
  0x00000191f1dc0d20 JavaThread "Daemon health stats" [_thread_blocked, id=13408, stack(0x0000005cd8b00000,0x0000005cd8c00000)]
  0x00000191f1c74ff0 JavaThread "Incoming local TCP Connector on port 55984" [_thread_in_native, id=3848, stack(0x0000005cd8c00000,0x0000005cd8d00000)]
  0x00000191f209f030 JavaThread "Daemon periodic checks" [_thread_blocked, id=16092, stack(0x0000005cd8d00000,0x0000005cd8e00000)]
  0x00000191f21910e0 JavaThread "Daemon" [_thread_blocked, id=13368, stack(0x0000005cd8e00000,0x0000005cd8f00000)]
  0x00000191f11ba4f0 JavaThread "Handler for socket connection from /127.0.0.1:55984 to /127.0.0.1:55985" [_thread_in_native, id=10024, stack(0x0000005cd8f00000,0x0000005cd9000000)]
  0x00000191f1584040 JavaThread "Cancel handler" [_thread_blocked, id=3428, stack(0x0000005cd9000000,0x0000005cd9100000)]
  0x00000191f1584520 JavaThread "Daemon worker" [_thread_blocked, id=2976, stack(0x0000005cd9100000,0x0000005cd9200000)]
  0x00000191f146b1c0 JavaThread "Asynchronous log dispatcher for DefaultDaemonConnection: socket connection from /127.0.0.1:55984 to /127.0.0.1:55985" [_thread_blocked, id=3316, stack(0x0000005cd9200000,0x0000005cd9300000)]
  0x00000191f146bbe0 JavaThread "Stdin handler" [_thread_blocked, id=6624, stack(0x0000005cd9300000,0x0000005cd9400000)]
  0x00000191f146a7a0 JavaThread "Daemon client event forwarder" [_thread_blocked, id=8904, stack(0x0000005cd9400000,0x0000005cd9500000)]
  0x00000191f146b6d0 JavaThread "Cache worker for journal cache (C:\Users\PMLS\.gradle\caches\journal-1)" [_thread_blocked, id=11528, stack(0x0000005cd9c00000,0x0000005cd9d00000)]
  0x00000191f146acb0 JavaThread "File lock request listener" [_thread_in_native, id=10200, stack(0x0000005cd9d00000,0x0000005cd9e00000)]
  0x00000191f146c600 JavaThread "Cache worker for file hash cache (C:\Users\PMLS\.gradle\caches\8.7\fileHashes)" [_thread_blocked, id=3236, stack(0x0000005cd9e00000,0x0000005cd9f00000)]
  0x00000191f1468e50 JavaThread "Cache worker for file hash cache (C:\Users\PMLS\AndroidStudioProjects\TOODOOLISTAPP2\.gradle\8.7\fileHashes)" [_thread_blocked, id=472, stack(0x0000005cd9f00000,0x0000005cda000000)]
  0x00000191f1469360 JavaThread "File watcher server" daemon [_thread_blocked, id=15580, stack(0x0000005cda000000,0x0000005cda100000)]
  0x00000191f1469870 JavaThread "File watcher consumer" daemon [_thread_blocked, id=3424, stack(0x0000005cda100000,0x0000005cda200000)]
  0x00000191f1469d80 JavaThread "jar transforms" [_thread_blocked, id=1308, stack(0x0000005cda200000,0x0000005cda300000)]
  0x00000191f146a290 JavaThread "jar transforms Thread 2" [_thread_blocked, id=7080, stack(0x0000005cda300000,0x0000005cda400000)]
  0x00000191f3760b40 JavaThread "jar transforms Thread 3" [_thread_blocked, id=11056, stack(0x0000005cda400000,0x0000005cda500000)]
  0x00000191f375e2c0 JavaThread "jar transforms Thread 4" [_thread_blocked, id=12220, stack(0x0000005cda500000,0x0000005cda600000)]
  0x00000191f3760630 JavaThread "jar transforms Thread 5" [_thread_blocked, id=8164, stack(0x0000005cda600000,0x0000005cda700000)]
  0x00000191f375f1f0 JavaThread "jar transforms Thread 6" [_thread_blocked, id=8896, stack(0x0000005cda700000,0x0000005cda800000)]
  0x00000191f375ce80 JavaThread "jar transforms Thread 7" [_thread_blocked, id=7656, stack(0x0000005cda800000,0x0000005cda900000)]
  0x00000191f3761050 JavaThread "jar transforms Thread 8" [_thread_blocked, id=12256, stack(0x0000005cda900000,0x0000005cdaa00000)]
  0x00000191f375e7d0 JavaThread "jar transforms Thread 9" [_thread_blocked, id=8976, stack(0x0000005cdaa00000,0x0000005cdab00000)]
  0x00000191f3761560 JavaThread "jar transforms Thread 10" [_thread_blocked, id=4956, stack(0x0000005cdab00000,0x0000005cdac00000)]
  0x00000191f3762eb0 JavaThread "jar transforms Thread 11" [_thread_blocked, id=16052, stack(0x0000005cdac00000,0x0000005cdad00000)]
  0x00000191f37633c0 JavaThread "jar transforms Thread 12" [_thread_blocked, id=2152, stack(0x0000005cdad00000,0x0000005cdae00000)]
  0x00000191f375d8a0 JavaThread "Cache worker for checksums cache (C:\Users\PMLS\AndroidStudioProjects\TOODOOLISTAPP2\.gradle\8.7\checksums)" [_thread_blocked, id=13364, stack(0x0000005cdae00000,0x0000005cdaf00000)]
  0x00000191f37638d0 JavaThread "Cache worker for cache directory md-supplier (C:\Users\PMLS\.gradle\caches\8.7\md-supplier)" [_thread_blocked, id=11432, stack(0x0000005cdaf00000,0x0000005cdb000000)]
  0x00000191f3761f80 JavaThread "Cache worker for cache directory md-rule (C:\Users\PMLS\.gradle\caches\8.7\md-rule)" [_thread_blocked, id=8944, stack(0x0000005cdb000000,0x0000005cdb100000)]
  0x00000191f375c460 JavaThread "Cache worker for file content cache (C:\Users\PMLS\.gradle\caches\8.7\fileContent)" [_thread_blocked, id=8028, stack(0x0000005cdb100000,0x0000005cdb200000)]
  0x00000191f37629a0 JavaThread "Unconstrained build operations" [_thread_blocked, id=1196, stack(0x0000005cdb200000,0x0000005cdb300000)]
  0x00000191f375ece0 JavaThread "Unconstrained build operations Thread 2" [_thread_blocked, id=11356, stack(0x0000005cdb300000,0x0000005cdb400000)]
  0x00000191f375d390 JavaThread "Unconstrained build operations Thread 3" [_thread_blocked, id=7884, stack(0x0000005cdb400000,0x0000005cdb500000)]
  0x00000191f3763de0 JavaThread "Unconstrained build operations Thread 4" [_thread_blocked, id=10352, stack(0x0000005cdb500000,0x0000005cdb600000)]
  0x00000191f375c970 JavaThread "Unconstrained build operations Thread 5" [_thread_blocked, id=15704, stack(0x0000005cdb600000,0x0000005cdb700000)]
  0x00000191f3760120 JavaThread "Unconstrained build operations Thread 6" [_thread_blocked, id=15724, stack(0x0000005cdb700000,0x0000005cdb800000)]
  0x00000191f375ddb0 JavaThread "Unconstrained build operations Thread 7" [_thread_blocked, id=8756, stack(0x0000005cdb800000,0x0000005cdb900000)]
  0x00000191f375f700 JavaThread "Unconstrained build operations Thread 8" [_thread_blocked, id=2928, stack(0x0000005cdb900000,0x0000005cdba00000)]
  0x00000191f375fc10 JavaThread "Unconstrained build operations Thread 9" [_thread_blocked, id=16304, stack(0x0000005cdba00000,0x0000005cdbb00000)]
  0x00000191f5869b20 JavaThread "Unconstrained build operations Thread 10" [_thread_blocked, id=3360, stack(0x0000005cdbb00000,0x0000005cdbc00000)]
  0x00000191f1d63d30 JavaThread "C2 CompilerThread2" daemon [_thread_blocked, id=13272, stack(0x0000005cd8600000,0x0000005cd8700000)]
  0x00000191f5866370 JavaThread "Cache worker for Build Output Cleanup Cache (C:\Users\PMLS\AndroidStudioProjects\TOODOOLISTAPP2\.gradle\buildOutputCleanup)" [_thread_blocked, id=12644, stack(0x0000005cdbc00000,0x0000005cdbd00000)]
  0x00000191f5866d90 JavaThread "Unconstrained build operations Thread 11" [_thread_blocked, id=7800, stack(0x0000005cdbd00000,0x0000005cdbe00000)]
  0x00000191f5865440 JavaThread "Unconstrained build operations Thread 12" [_thread_blocked, id=6132, stack(0x0000005cdbe00000,0x0000005cdbf00000)]
  0x00000191f58681d0 JavaThread "Unconstrained build operations Thread 13" [_thread_blocked, id=6660, stack(0x0000005cdbf00000,0x0000005cdc000000)]
  0x00000191f586aa50 JavaThread "Unconstrained build operations Thread 14" [_thread_blocked, id=15680, stack(0x0000005cdc000000,0x0000005cdc100000)]
  0x00000191f586af60 JavaThread "Unconstrained build operations Thread 15" [_thread_blocked, id=5316, stack(0x0000005cdc100000,0x0000005cdc200000)]
  0x00000191f586a540 JavaThread "Unconstrained build operations Thread 16" [_thread_blocked, id=13668, stack(0x0000005cdc200000,0x0000005cdc300000)]
  0x00000191f586a030 JavaThread "Unconstrained build operations Thread 17" [_thread_blocked, id=5676, stack(0x0000005cdc300000,0x0000005cdc400000)]
  0x00000191f5869610 JavaThread "Unconstrained build operations Thread 18" [_thread_blocked, id=13088, stack(0x0000005cdc400000,0x0000005cdc500000)]
  0x00000191f58686e0 JavaThread "Unconstrained build operations Thread 19" [_thread_blocked, id=6376, stack(0x0000005cdc500000,0x0000005cdc600000)]
  0x00000191f5864f30 JavaThread "Unconstrained build operations Thread 20" [_thread_blocked, id=10048, stack(0x0000005cdc600000,0x0000005cdc700000)]
  0x00000191f586b470 JavaThread "Unconstrained build operations Thread 21" [_thread_blocked, id=7252, stack(0x0000005cdc700000,0x0000005cdc800000)]
  0x00000191f5869100 JavaThread "Unconstrained build operations Thread 22" [_thread_blocked, id=12056, stack(0x0000005cdc800000,0x0000005cdc900000)]
  0x00000191f5868bf0 JavaThread "Unconstrained build operations Thread 23" [_thread_blocked, id=13276, stack(0x0000005cdc900000,0x0000005cdca00000)]
  0x00000191f58672a0 JavaThread "Unconstrained build operations Thread 24" [_thread_blocked, id=14272, stack(0x0000005cdca00000,0x0000005cdcb00000)]
  0x00000191f58677b0 JavaThread "Unconstrained build operations Thread 25" [_thread_blocked, id=16268, stack(0x0000005cdcb00000,0x0000005cdcc00000)]
  0x00000191f5865950 JavaThread "Unconstrained build operations Thread 26" [_thread_blocked, id=9164, stack(0x0000005cdcc00000,0x0000005cdcd00000)]
  0x00000191f5866880 JavaThread "Unconstrained build operations Thread 27" [_thread_blocked, id=12684, stack(0x0000005cdcd00000,0x0000005cdce00000)]
  0x00000191f586b980 JavaThread "Unconstrained build operations Thread 28" [_thread_blocked, id=13728, stack(0x0000005cdce00000,0x0000005cdcf00000)]
  0x00000191f5864510 JavaThread "Unconstrained build operations Thread 29" [_thread_blocked, id=9192, stack(0x0000005cdcf00000,0x0000005cdd000000)]
  0x00000191f5867cc0 JavaThread "Unconstrained build operations Thread 30" [_thread_blocked, id=1852, stack(0x0000005cdd000000,0x0000005cdd100000)]
  0x00000191f586be90 JavaThread "Unconstrained build operations Thread 31" [_thread_blocked, id=8820, stack(0x0000005cdd100000,0x0000005cdd200000)]
  0x00000191f5864a20 JavaThread "Unconstrained build operations Thread 32" [_thread_blocked, id=11040, stack(0x0000005cdd200000,0x0000005cdd300000)]

Other Threads:
=>0x00000191ebbe37f0 VMThread "VM Thread" [stack: 0x0000005cd7800000,0x0000005cd7900000] [id=2028]
  0x00000191f0292bc0 WatcherThread [stack: 0x0000005cd8400000,0x0000005cd8500000] [id=6724]
  0x00000191cf9dc070 GCTaskThread "GC Thread#0" [stack: 0x0000005cd7300000,0x0000005cd7400000] [id=6656]
  0x00000191f111d790 GCTaskThread "GC Thread#1" [stack: 0x0000005cd8700000,0x0000005cd8800000] [id=15048]
  0x00000191f04478c0 GCTaskThread "GC Thread#2" [stack: 0x0000005cd8800000,0x0000005cd8900000] [id=14768]
  0x00000191f1264560 GCTaskThread "GC Thread#3" [stack: 0x0000005cd8900000,0x0000005cd8a00000] [id=1528]
  0x00000191f11173c0 GCTaskThread "GC Thread#4" [stack: 0x0000005cd8a00000,0x0000005cd8b00000] [id=7928]
  0x00000191f27633c0 GCTaskThread "GC Thread#5" [stack: 0x0000005cd9500000,0x0000005cd9600000] [id=6884]
  0x00000191f273d900 GCTaskThread "GC Thread#6" [stack: 0x0000005cd9600000,0x0000005cd9700000] [id=13188]
  0x00000191f14d44a0 GCTaskThread "GC Thread#7" [stack: 0x0000005cd9700000,0x0000005cd9800000] [id=12760]
  0x00000191f19bed50 GCTaskThread "GC Thread#8" [stack: 0x0000005cd9800000,0x0000005cd9900000] [id=3436]
  0x00000191f220d100 GCTaskThread "GC Thread#9" [stack: 0x0000005cd9900000,0x0000005cd9a00000] [id=6172]
  0x00000191cf9eced0 ConcurrentGCThread "G1 Main Marker" [stack: 0x0000005cd7400000,0x0000005cd7500000] [id=8632]
  0x00000191cf9ed800 ConcurrentGCThread "G1 Conc#0" [stack: 0x0000005cd7500000,0x0000005cd7600000] [id=3524]
  0x00000191f2728d90 ConcurrentGCThread "G1 Conc#1" [stack: 0x0000005cd9a00000,0x0000005cd9b00000] [id=3720]
  0x00000191f1f2e460 ConcurrentGCThread "G1 Conc#2" [stack: 0x0000005cd9b00000,0x0000005cd9c00000] [id=2596]
  0x00000191cfa397a0 ConcurrentGCThread "G1 Refine#0" [stack: 0x0000005cd7600000,0x0000005cd7700000] [id=6264]
  0x00000191eba53240 ConcurrentGCThread "G1 Service" [stack: 0x0000005cd7700000,0x0000005cd7800000] [id=3132]

Threads with active compile tasks:

VM state: at safepoint (normal execution)

VM Mutex/Monitor currently owned by a thread:  ([mutex/lock_event])
[0x00000191cf9795f0] Threads_lock - owner thread: 0x00000191ebbe37f0
[0x00000191cf978990] Heap_lock - owner thread: 0x00000191f1584520

Heap address: 0x0000000080000000, size: 2048 MB, Compressed Oops mode: 32-bit

CDS archive(s) not mapped
Compressed class space mapped at: 0x0000000100000000-0x0000000140000000, reserved size: 1073741824
Narrow klass base: 0x0000000000000000, Narrow klass shift: 3, Narrow klass range: 0x140000000

GC Precious Log:
 CPUs: 12 total, 12 available
 Memory: 7916M
 Large Page Support: Disabled
 NUMA Support: Disabled
 Compressed Oops: Enabled (32-bit)
 Heap Region Size: 1M
 Heap Min Capacity: 8M
 Heap Initial Capacity: 124M
 Heap Max Capacity: 2G
 Pre-touch: Disabled
 Parallel Workers: 10
 Concurrent Workers: 3
 Concurrent Refinement Workers: 10
 Periodic GC: Disabled

Heap:
 garbage-first heap   total 154624K, used 89762K [0x0000000080000000, 0x0000000100000000)
  region size 1024K, 2 young (2048K), 2 survivors (2048K)
 Metaspace       used 63202K, committed 63872K, reserved 1114112K
  class space    used 8652K, committed 8960K, reserved 1048576K

Heap Regions: E=young(eden), S=young(survivor), O=old, HS=humongous(starts), HC=humongous(continues), CS=collection set, F=free, OA=open archive, CA=closed archive, TAMS=top-at-mark-start (previous, next)
|   0|0x0000000080000000, 0x0000000080100000, 0x0000000080100000|100%|HS|  |TAMS 0x0000000080100000, 0x0000000080100000| Complete 
|   1|0x0000000080100000, 0x0000000080200000, 0x0000000080200000|100%|HC|  |TAMS 0x0000000080200000, 0x0000000080200000| Complete 
|   2|0x0000000080200000, 0x0000000080300000, 0x0000000080300000|100%|HC|  |TAMS 0x0000000080300000, 0x0000000080300000| Complete 
|   3|0x0000000080300000, 0x0000000080400000, 0x0000000080400000|100%|HC|  |TAMS 0x0000000080400000, 0x0000000080400000| Complete 
|   4|0x0000000080400000, 0x0000000080500000, 0x0000000080500000|100%| O|  |TAMS 0x0000000080500000, 0x0000000080500000| Untracked 
|   5|0x0000000080500000, 0x0000000080600000, 0x0000000080600000|100%| O|  |TAMS 0x0000000080600000, 0x0000000080600000| Untracked 
|   6|0x0000000080600000, 0x0000000080700000, 0x0000000080700000|100%| O|  |TAMS 0x0000000080700000, 0x0000000080700000| Untracked 
|   7|0x0000000080700000, 0x0000000080800000, 0x0000000080800000|100%| O|  |TAMS 0x0000000080800000, 0x0000000080800000| Untracked 
|   8|0x0000000080800000, 0x0000000080900000, 0x0000000080900000|100%| O|  |TAMS 0x0000000080900000, 0x0000000080900000| Untracked 
|   9|0x0000000080900000, 0x0000000080a00000, 0x0000000080a00000|100%| O|  |TAMS 0x0000000080a00000, 0x0000000080a00000| Untracked 
|  10|0x0000000080a00000, 0x0000000080a00000, 0x0000000080b00000|  0%| F|  |TAMS 0x0000000080a00000, 0x0000000080a00000| Untracked 
|  11|0x0000000080b00000, 0x0000000080c00000, 0x0000000080c00000|100%| O|  |TAMS 0x0000000080c00000, 0x0000000080c00000| Untracked 
|  12|0x0000000080c00000, 0x0000000080d00000, 0x0000000080d00000|100%| O|  |TAMS 0x0000000080d00000, 0x0000000080d00000| Untracked 
|  13|0x0000000080d00000, 0x0000000080e00000, 0x0000000080e00000|100%| O|  |TAMS 0x0000000080e00000, 0x0000000080e00000| Untracked 
|  14|0x0000000080e00000, 0x0000000080f00000, 0x0000000080f00000|100%| O|  |TAMS 0x0000000080f00000, 0x0000000080f00000| Untracked 
|  15|0x0000000080f00000, 0x0000000081000000, 0x0000000081000000|100%| O|  |TAMS 0x0000000081000000, 0x0000000081000000| Untracked 
|  16|0x0000000081000000, 0x0000000081100000, 0x0000000081100000|100%| O|  |TAMS 0x0000000081100000, 0x0000000081100000| Untracked 
|  17|0x0000000081100000, 0x0000000081200000, 0x0000000081200000|100%| O|  |TAMS 0x0000000081200000, 0x0000000081200000| Untracked 
|  18|0x0000000081200000, 0x0000000081300000, 0x0000000081300000|100%| O|  |TAMS 0x0000000081300000, 0x0000000081300000| Untracked 
|  19|0x0000000081300000, 0x0000000081400000, 0x0000000081400000|100%| O|  |TAMS 0x0000000081400000, 0x0000000081400000| Untracked 
|  20|0x0000000081400000, 0x0000000081500000, 0x0000000081500000|100%|HS|  |TAMS 0x0000000081500000, 0x0000000081500000| Complete 
|  21|0x0000000081500000, 0x0000000081600000, 0x0000000081600000|100%|HC|  |TAMS 0x0000000081600000, 0x0000000081600000| Complete 
|  22|0x0000000081600000, 0x0000000081700000, 0x0000000081700000|100%|HC|  |TAMS 0x0000000081700000, 0x0000000081700000| Complete 
|  23|0x0000000081700000, 0x0000000081800000, 0x0000000081800000|100%|HC|  |TAMS 0x0000000081800000, 0x0000000081800000| Complete 
|  24|0x0000000081800000, 0x0000000081900000, 0x0000000081900000|100%|HC|  |TAMS 0x0000000081900000, 0x0000000081900000| Complete 
|  25|0x0000000081900000, 0x0000000081a00000, 0x0000000081a00000|100%|HS|  |TAMS 0x0000000081a00000, 0x0000000081a00000| Complete 
|  26|0x0000000081a00000, 0x0000000081b00000, 0x0000000081b00000|100%|HC|  |TAMS 0x0000000081b00000, 0x0000000081b00000| Complete 
|  27|0x0000000081b00000, 0x0000000081c00000, 0x0000000081c00000|100%|HC|  |TAMS 0x0000000081c00000, 0x0000000081c00000| Complete 
|  28|0x0000000081c00000, 0x0000000081d00000, 0x0000000081d00000|100%|HS|  |TAMS 0x0000000081d00000, 0x0000000081d00000| Complete 
|  29|0x0000000081d00000, 0x0000000081e00000, 0x0000000081e00000|100%|HC|  |TAMS 0x0000000081e00000, 0x0000000081e00000| Complete 
|  30|0x0000000081e00000, 0x0000000081f00000, 0x0000000081f00000|100%|HC|  |TAMS 0x0000000081f00000, 0x0000000081f00000| Complete 
|  31|0x0000000081f00000, 0x0000000082000000, 0x0000000082000000|100%|HS|  |TAMS 0x0000000082000000, 0x0000000082000000| Complete 
|  32|0x0000000082000000, 0x0000000082100000, 0x0000000082100000|100%| O|  |TAMS 0x0000000082100000, 0x0000000082100000| Untracked 
|  33|0x0000000082100000, 0x0000000082200000, 0x0000000082200000|100%| O|  |TAMS 0x0000000082200000, 0x0000000082200000| Untracked 
|  34|0x0000000082200000, 0x0000000082300000, 0x0000000082300000|100%| O|  |TAMS 0x0000000082300000, 0x0000000082300000| Untracked 
|  35|0x0000000082300000, 0x0000000082400000, 0x0000000082400000|100%| O|  |TAMS 0x0000000082400000, 0x0000000082400000| Untracked 
|  36|0x0000000082400000, 0x0000000082500000, 0x0000000082500000|100%| O|  |TAMS 0x0000000082500000, 0x0000000082500000| Untracked 
|  37|0x0000000082500000, 0x0000000082600000, 0x0000000082600000|100%| O|  |TAMS 0x0000000082600000, 0x0000000082600000| Untracked 
|  38|0x0000000082600000, 0x0000000082700000, 0x0000000082700000|100%| O|  |TAMS 0x0000000082700000, 0x0000000082700000| Untracked 
|  39|0x0000000082700000, 0x0000000082800000, 0x0000000082800000|100%| O|  |TAMS 0x0000000082800000, 0x0000000082800000| Untracked 
|  40|0x0000000082800000, 0x0000000082900000, 0x0000000082900000|100%| O|  |TAMS 0x0000000082900000, 0x0000000082900000| Untracked 
|  41|0x0000000082900000, 0x0000000082a00000, 0x0000000082a00000|100%| O|  |TAMS 0x0000000082a00000, 0x0000000082a00000| Untracked 
|  42|0x0000000082a00000, 0x0000000082b00000, 0x0000000082b00000|100%| O|  |TAMS 0x0000000082b00000, 0x0000000082b00000| Untracked 
|  43|0x0000000082b00000, 0x0000000082c00000, 0x0000000082c00000|100%| O|  |TAMS 0x0000000082c00000, 0x0000000082c00000| Untracked 
|  44|0x0000000082c00000, 0x0000000082d00000, 0x0000000082d00000|100%| O|  |TAMS 0x0000000082d00000, 0x0000000082d00000| Untracked 
|  45|0x0000000082d00000, 0x0000000082e00000, 0x0000000082e00000|100%|HS|  |TAMS 0x0000000082e00000, 0x0000000082e00000| Complete 
|  46|0x0000000082e00000, 0x0000000082f00000, 0x0000000082f00000|100%|HC|  |TAMS 0x0000000082f00000, 0x0000000082f00000| Complete 
|  47|0x0000000082f00000, 0x0000000083000000, 0x0000000083000000|100%|HC|  |TAMS 0x0000000083000000, 0x0000000083000000| Complete 
|  48|0x0000000083000000, 0x0000000083100000, 0x0000000083100000|100%| O|  |TAMS 0x0000000083100000, 0x0000000083100000| Untracked 
|  49|0x0000000083100000, 0x0000000083200000, 0x0000000083200000|100%|HS|  |TAMS 0x0000000083200000, 0x0000000083200000| Complete 
|  50|0x0000000083200000, 0x0000000083300000, 0x0000000083300000|100%|HC|  |TAMS 0x0000000083300000, 0x0000000083300000| Complete 
|  51|0x0000000083300000, 0x0000000083400000, 0x0000000083400000|100%|HC|  |TAMS 0x0000000083400000, 0x0000000083400000| Complete 
|  52|0x0000000083400000, 0x0000000083500000, 0x0000000083500000|100%|HC|  |TAMS 0x0000000083500000, 0x0000000083500000| Complete 
|  53|0x0000000083500000, 0x0000000083600000, 0x0000000083600000|100%|HC|  |TAMS 0x0000000083600000, 0x0000000083600000| Complete 
|  54|0x0000000083600000, 0x0000000083700000, 0x0000000083700000|100%| O|  |TAMS 0x0000000083700000, 0x0000000083700000| Untracked 
|  55|0x0000000083700000, 0x0000000083800000, 0x0000000083800000|100%| O|  |TAMS 0x0000000083800000, 0x0000000083800000| Untracked 
|  56|0x0000000083800000, 0x0000000083900000, 0x0000000083900000|100%| O|  |TAMS 0x0000000083900000, 0x0000000083900000| Untracked 
|  57|0x0000000083900000, 0x0000000083a00000, 0x0000000083a00000|100%|HS|  |TAMS 0x0000000083a00000, 0x0000000083a00000| Complete 
|  58|0x0000000083a00000, 0x0000000083b00000, 0x0000000083b00000|100%|HC|  |TAMS 0x0000000083b00000, 0x0000000083b00000| Complete 
|  59|0x0000000083b00000, 0x0000000083c00000, 0x0000000083c00000|100%|HC|  |TAMS 0x0000000083c00000, 0x0000000083c00000| Complete 
|  60|0x0000000083c00000, 0x0000000083d00000, 0x0000000083d00000|100%|HC|  |TAMS 0x0000000083d00000, 0x0000000083d00000| Complete 
|  61|0x0000000083d00000, 0x0000000083e00000, 0x0000000083e00000|100%|HC|  |TAMS 0x0000000083e00000, 0x0000000083e00000| Complete 
|  62|0x0000000083e00000, 0x0000000083f00000, 0x0000000083f00000|100%| O|  |TAMS 0x0000000083f00000, 0x0000000083f00000| Untracked 
|  63|0x0000000083f00000, 0x0000000084000000, 0x0000000084000000|100%| O|  |TAMS 0x0000000084000000, 0x0000000084000000| Untracked 
|  64|0x0000000084000000, 0x0000000084100000, 0x0000000084100000|100%| O|  |TAMS 0x0000000084100000, 0x0000000084100000| Untracked 
|  65|0x0000000084100000, 0x0000000084200000, 0x0000000084200000|100%| O|  |TAMS 0x0000000084200000, 0x0000000084200000| Untracked 
|  66|0x0000000084200000, 0x0000000084300000, 0x0000000084300000|100%| O|  |TAMS 0x0000000084300000, 0x0000000084300000| Untracked 
|  67|0x0000000084300000, 0x0000000084400000, 0x0000000084400000|100%| O|  |TAMS 0x00000000843ce600, 0x0000000084400000| Untracked 
|  68|0x0000000084400000, 0x0000000084500000, 0x0000000084500000|100%| O|  |TAMS 0x0000000084400000, 0x0000000084500000| Untracked 
|  69|0x0000000084500000, 0x0000000084600000, 0x0000000084600000|100%| O|  |TAMS 0x0000000084500000, 0x0000000084600000| Untracked 
|  70|0x0000000084600000, 0x0000000084700000, 0x0000000084700000|100%|HS|  |TAMS 0x0000000084600000, 0x0000000084700000| Complete 
|  71|0x0000000084700000, 0x0000000084800000, 0x0000000084800000|100%|HS|  |TAMS 0x0000000084700000, 0x0000000084800000| Complete 
|  72|0x0000000084800000, 0x0000000084900000, 0x0000000084900000|100%|HS|  |TAMS 0x0000000084800000, 0x0000000084900000| Complete 
|  73|0x0000000084900000, 0x0000000084a00000, 0x0000000084a00000|100%|HS|  |TAMS 0x0000000084900000, 0x0000000084a00000| Complete 
|  74|0x0000000084a00000, 0x0000000084b00000, 0x0000000084b00000|100%|HS|  |TAMS 0x0000000084a00000, 0x0000000084b00000| Complete 
|  75|0x0000000084b00000, 0x0000000084c00000, 0x0000000084c00000|100%| O|  |TAMS 0x0000000084b00000, 0x0000000084c00000| Untracked 
|  76|0x0000000084c00000, 0x0000000084d00000, 0x0000000084d00000|100%| O|  |TAMS 0x0000000084c00000, 0x0000000084d00000| Untracked 
|  77|0x0000000084d00000, 0x0000000084e00000, 0x0000000084e00000|100%| O|  |TAMS 0x0000000084d00000, 0x0000000084e00000| Untracked 
|  78|0x0000000084e00000, 0x0000000084f00000, 0x0000000084f00000|100%| O|  |TAMS 0x0000000084e00000, 0x0000000084f00000| Untracked 
|  79|0x0000000084f00000, 0x0000000085000000, 0x0000000085000000|100%| O|  |TAMS 0x0000000084f00000, 0x0000000085000000| Untracked 
|  80|0x0000000085000000, 0x0000000085000000, 0x0000000085100000|  0%| F|  |TAMS 0x0000000085000000, 0x0000000085000000| Untracked 
|  81|0x0000000085100000, 0x0000000085200000, 0x0000000085200000|100%| O|  |TAMS 0x0000000085100000, 0x0000000085200000| Untracked 
|  82|0x0000000085200000, 0x0000000085300000, 0x0000000085300000|100%| O|  |TAMS 0x0000000085200000, 0x0000000085300000| Untracked 
|  83|0x0000000085300000, 0x0000000085400000, 0x0000000085400000|100%| O|  |TAMS 0x0000000085300000, 0x0000000085400000| Untracked 
|  84|0x0000000085400000, 0x0000000085500000, 0x0000000085500000|100%| O|  |TAMS 0x0000000085400000, 0x0000000085500000| Untracked 
|  85|0x0000000085500000, 0x0000000085600000, 0x0000000085600000|100%| O|  |TAMS 0x0000000085500000, 0x0000000085600000| Untracked 
|  86|0x0000000085600000, 0x0000000085700000, 0x0000000085700000|100%| O|  |TAMS 0x0000000085600000, 0x0000000085700000| Untracked 
|  87|0x0000000085700000, 0x00000000857e2400, 0x0000000085800000| 88%| O|  |TAMS 0x0000000085700000, 0x00000000857e2400| Untracked 
|  88|0x0000000085800000, 0x0000000085800000, 0x0000000085900000|  0%| F|  |TAMS 0x0000000085800000, 0x0000000085800000| Untracked 
|  89|0x0000000085900000, 0x0000000085900000, 0x0000000085a00000|  0%| F|  |TAMS 0x0000000085900000, 0x0000000085900000| Untracked 
|  90|0x0000000085a00000, 0x0000000085a00000, 0x0000000085b00000|  0%| F|  |TAMS 0x0000000085a00000, 0x0000000085a00000| Untracked 
|  91|0x0000000085b00000, 0x0000000085b00000, 0x0000000085c00000|  0%| F|  |TAMS 0x0000000085b00000, 0x0000000085b00000| Untracked 
|  92|0x0000000085c00000, 0x0000000085c00000, 0x0000000085d00000|  0%| F|  |TAMS 0x0000000085c00000, 0x0000000085c00000| Untracked 
|  93|0x0000000085d00000, 0x0000000085d00000, 0x0000000085e00000|  0%| F|  |TAMS 0x0000000085d00000, 0x0000000085d00000| Untracked 
|  94|0x0000000085e00000, 0x0000000085e00000, 0x0000000085f00000|  0%| F|  |TAMS 0x0000000085e00000, 0x0000000085e00000| Untracked 
|  95|0x0000000085f00000, 0x0000000085f00000, 0x0000000086000000|  0%| F|  |TAMS 0x0000000085f00000, 0x0000000085f00000| Untracked 
|  96|0x0000000086000000, 0x0000000086000000, 0x0000000086100000|  0%| F|  |TAMS 0x0000000086000000, 0x0000000086000000| Untracked 
|  97|0x0000000086100000, 0x0000000086100000, 0x0000000086200000|  0%| F|  |TAMS 0x0000000086100000, 0x0000000086100000| Untracked 
|  98|0x0000000086200000, 0x0000000086200000, 0x0000000086300000|  0%| F|  |TAMS 0x0000000086200000, 0x0000000086200000| Untracked 
|  99|0x0000000086300000, 0x0000000086300000, 0x0000000086400000|  0%| F|  |TAMS 0x0000000086300000, 0x0000000086300000| Untracked 
| 100|0x0000000086400000, 0x0000000086400000, 0x0000000086500000|  0%| F|  |TAMS 0x0000000086400000, 0x0000000086400000| Untracked 
| 101|0x0000000086500000, 0x0000000086500000, 0x0000000086600000|  0%| F|  |TAMS 0x0000000086500000, 0x0000000086500000| Untracked 
| 102|0x0000000086600000, 0x0000000086600000, 0x0000000086700000|  0%| F|  |TAMS 0x0000000086600000, 0x0000000086600000| Untracked 
| 103|0x0000000086700000, 0x0000000086700000, 0x0000000086800000|  0%| F|  |TAMS 0x0000000086700000, 0x0000000086700000| Untracked 
| 104|0x0000000086800000, 0x0000000086800000, 0x0000000086900000|  0%| F|  |TAMS 0x0000000086800000, 0x0000000086800000| Untracked 
| 105|0x0000000086900000, 0x0000000086900000, 0x0000000086a00000|  0%| F|  |TAMS 0x0000000086900000, 0x0000000086900000| Untracked 
| 106|0x0000000086a00000, 0x0000000086a00000, 0x0000000086b00000|  0%| F|  |TAMS 0x0000000086a00000, 0x0000000086a00000| Untracked 
| 107|0x0000000086b00000, 0x0000000086b00000, 0x0000000086c00000|  0%| F|  |TAMS 0x0000000086b00000, 0x0000000086b00000| Untracked 
| 108|0x0000000086c00000, 0x0000000086c00000, 0x0000000086d00000|  0%| F|  |TAMS 0x0000000086c00000, 0x0000000086c00000| Untracked 
| 109|0x0000000086d00000, 0x0000000086d00000, 0x0000000086e00000|  0%| F|  |TAMS 0x0000000086d00000, 0x0000000086d00000| Untracked 
| 110|0x0000000086e00000, 0x0000000086e00000, 0x0000000086f00000|  0%| F|  |TAMS 0x0000000086e00000, 0x0000000086e00000| Untracked 
| 111|0x0000000086f00000, 0x0000000086f00000, 0x0000000087000000|  0%| F|  |TAMS 0x0000000086f00000, 0x0000000086f00000| Untracked 
| 112|0x0000000087000000, 0x0000000087000000, 0x0000000087100000|  0%| F|  |TAMS 0x0000000087000000, 0x0000000087000000| Untracked 
| 113|0x0000000087100000, 0x0000000087100000, 0x0000000087200000|  0%| F|  |TAMS 0x0000000087100000, 0x0000000087100000| Untracked 
| 114|0x0000000087200000, 0x0000000087200000, 0x0000000087300000|  0%| F|  |TAMS 0x0000000087200000, 0x0000000087200000| Untracked 
| 115|0x0000000087300000, 0x0000000087300000, 0x0000000087400000|  0%| F|  |TAMS 0x0000000087300000, 0x0000000087300000| Untracked 
| 116|0x0000000087400000, 0x0000000087400000, 0x0000000087500000|  0%| F|  |TAMS 0x0000000087400000, 0x0000000087400000| Untracked 
| 117|0x0000000087500000, 0x0000000087500000, 0x0000000087600000|  0%| F|  |TAMS 0x0000000087500000, 0x0000000087500000| Untracked 
| 118|0x0000000087600000, 0x0000000087600000, 0x0000000087700000|  0%| F|  |TAMS 0x0000000087600000, 0x0000000087600000| Untracked 
| 119|0x0000000087700000, 0x0000000087700000, 0x0000000087800000|  0%| F|  |TAMS 0x0000000087700000, 0x0000000087700000| Untracked 
| 120|0x0000000087800000, 0x0000000087800000, 0x0000000087900000|  0%| F|  |TAMS 0x0000000087800000, 0x0000000087800000| Untracked 
| 121|0x0000000087900000, 0x0000000087900000, 0x0000000087a00000|  0%| F|  |TAMS 0x0000000087900000, 0x0000000087900000| Untracked 
| 122|0x0000000087a00000, 0x0000000087a00000, 0x0000000087b00000|  0%| F|  |TAMS 0x0000000087a00000, 0x0000000087a00000| Untracked 
| 123|0x0000000087b00000, 0x0000000087b00000, 0x0000000087c00000|  0%| F|  |TAMS 0x0000000087b00000, 0x0000000087b00000| Untracked 
| 124|0x0000000087c00000, 0x0000000087c00000, 0x0000000087d00000|  0%| F|  |TAMS 0x0000000087c00000, 0x0000000087c00000| Untracked 
| 125|0x0000000087d00000, 0x0000000087d00000, 0x0000000087e00000|  0%| F|  |TAMS 0x0000000087d00000, 0x0000000087d00000| Untracked 
| 126|0x0000000087e00000, 0x0000000087e00000, 0x0000000087f00000|  0%| F|  |TAMS 0x0000000087e00000, 0x0000000087e00000| Untracked 
| 127|0x0000000087f00000, 0x0000000087f00000, 0x0000000088000000|  0%| F|  |TAMS 0x0000000087f00000, 0x0000000087f00000| Untracked 
| 128|0x0000000088000000, 0x0000000088000000, 0x0000000088100000|  0%| F|  |TAMS 0x0000000088000000, 0x0000000088000000| Untracked 
| 129|0x0000000088100000, 0x0000000088100000, 0x0000000088200000|  0%| F|  |TAMS 0x0000000088100000, 0x0000000088100000| Untracked 
| 130|0x0000000088200000, 0x0000000088200000, 0x0000000088300000|  0%| F|  |TAMS 0x0000000088200000, 0x0000000088200000| Untracked 
| 131|0x0000000088300000, 0x0000000088300000, 0x0000000088400000|  0%| F|  |TAMS 0x0000000088300000, 0x0000000088300000| Untracked 
| 132|0x0000000088400000, 0x0000000088400000, 0x0000000088500000|  0%| F|  |TAMS 0x0000000088400000, 0x0000000088400000| Untracked 
| 133|0x0000000088500000, 0x0000000088500000, 0x0000000088600000|  0%| F|  |TAMS 0x0000000088500000, 0x0000000088500000| Untracked 
| 134|0x0000000088600000, 0x0000000088600000, 0x0000000088700000|  0%| F|  |TAMS 0x0000000088600000, 0x0000000088600000| Untracked 
| 135|0x0000000088700000, 0x0000000088700000, 0x0000000088800000|  0%| F|  |TAMS 0x0000000088700000, 0x0000000088700000| Untracked 
| 136|0x0000000088800000, 0x0000000088800000, 0x0000000088900000|  0%| F|  |TAMS 0x0000000088800000, 0x0000000088800000| Untracked 
| 137|0x0000000088900000, 0x00000000889c6650, 0x0000000088a00000| 77%| S|CS|TAMS 0x0000000088900000, 0x0000000088900000| Complete 
| 138|0x0000000088a00000, 0x0000000088b00000, 0x0000000088b00000|100%| S|CS|TAMS 0x0000000088a00000, 0x0000000088a00000| Complete 
| 139|0x0000000088b00000, 0x0000000088b00000, 0x0000000088c00000|  0%| F|  |TAMS 0x0000000088b00000, 0x0000000088b00000| Untracked 
| 140|0x0000000088c00000, 0x0000000088c00000, 0x0000000088d00000|  0%| F|  |TAMS 0x0000000088c00000, 0x0000000088c00000| Untracked 
| 141|0x0000000088d00000, 0x0000000088d00000, 0x0000000088e00000|  0%| F|  |TAMS 0x0000000088d00000, 0x0000000088d00000| Untracked 
| 142|0x0000000088e00000, 0x0000000088e00000, 0x0000000088f00000|  0%| F|  |TAMS 0x0000000088e00000, 0x0000000088e00000| Untracked 
| 143|0x0000000088f00000, 0x0000000088f00000, 0x0000000089000000|  0%| F|  |TAMS 0x0000000088f00000, 0x0000000088f00000| Untracked 
| 144|0x0000000089000000, 0x0000000089000000, 0x0000000089100000|  0%| F|  |TAMS 0x0000000089000000, 0x0000000089000000| Untracked 
| 145|0x0000000089100000, 0x0000000089100000, 0x0000000089200000|  0%| F|  |TAMS 0x0000000089100000, 0x0000000089100000| Untracked 
| 146|0x0000000089200000, 0x0000000089200000, 0x0000000089300000|  0%| F|  |TAMS 0x0000000089200000, 0x0000000089200000| Untracked 
| 147|0x0000000089300000, 0x0000000089300000, 0x0000000089400000|  0%| F|  |TAMS 0x0000000089300000, 0x0000000089300000| Untracked 
| 148|0x0000000089400000, 0x0000000089400000, 0x0000000089500000|  0%| F|  |TAMS 0x0000000089400000, 0x0000000089400000| Untracked 
| 149|0x0000000089500000, 0x0000000089500000, 0x0000000089600000|  0%| F|  |TAMS 0x0000000089500000, 0x0000000089500000| Untracked 
| 150|0x0000000089600000, 0x0000000089600000, 0x0000000089700000|  0%| F|  |TAMS 0x0000000089600000, 0x0000000089600000| Untracked 

Card table byte_map: [0x00000191e46d0000,0x00000191e4ad0000] _byte_map_base: 0x00000191e42d0000

Marking Bits (Prev, Next): (CMBitMap*) 0x00000191cf9dc5a0, (CMBitMap*) 0x00000191cf9dc5e0
 Prev Bits: [0x00000191e4ed0000, 0x00000191e6ed0000)
 Next Bits: [0x00000191e6ed0000, 0x00000191e8ed0000)

Polling page: 0x00000191cfa40000

Metaspace:

Usage:
  Non-class:     53.27 MB used.
      Class:      8.45 MB used.
       Both:     61.72 MB used.

Virtual space:
  Non-class space:       64.00 MB reserved,      53.62 MB ( 84%) committed,  1 nodes.
      Class space:        1.00 GB reserved,       8.75 MB ( <1%) committed,  1 nodes.
             Both:        1.06 GB reserved,      62.38 MB (  6%) committed. 

Chunk freelists:
   Non-Class:  10.41 MB
       Class:  7.27 MB
        Both:  17.67 MB

MaxMetaspaceSize: unlimited
CompressedClassSpaceSize: 1.00 GB
Initial GC threshold: 21.00 MB
Current GC threshold: 101.50 MB
CDS: off
MetaspaceReclaimPolicy: balanced
 - commit_granule_bytes: 65536.
 - commit_granule_words: 8192.
 - virtual_space_node_default_size: 8388608.
 - enlarge_chunks_in_place: 1.
 - new_chunks_are_fully_committed: 0.
 - uncommit_free_chunks: 1.
 - use_allocation_guard: 0.
 - handle_deallocations: 1.


Internal statistics:

num_allocs_failed_limit: 6.
num_arena_births: 770.
num_arena_deaths: 0.
num_vsnodes_births: 2.
num_vsnodes_deaths: 0.
num_space_committed: 998.
num_space_uncommitted: 0.
num_chunks_returned_to_freelist: 6.
num_chunks_taken_from_freelist: 3005.
num_chunk_merges: 3.
num_chunk_splits: 1964.
num_chunks_enlarged: 1301.
num_inconsistent_stats: 0.

CodeHeap 'non-profiled nmethods': size=120000Kb used=3709Kb max_used=3709Kb free=116291Kb
 bounds [0x00000191dc100000, 0x00000191dc4a0000, 0x00000191e3630000]
CodeHeap 'profiled nmethods': size=120000Kb used=11840Kb max_used=11840Kb free=108159Kb
 bounds [0x00000191d4630000, 0x00000191d51d0000, 0x00000191dbb60000]
CodeHeap 'non-nmethods': size=5760Kb used=2334Kb max_used=2420Kb free=3426Kb
 bounds [0x00000191dbb60000, 0x00000191dbdd0000, 0x00000191dc100000]
 total_blobs=7213 nmethods=6360 adapters=763
 compilation: enabled
              stopped_count=0, restarted_count=0
 full_count=0

Compilation events (20 events):
Event: 6.145 Thread 0x00000191f003bc60 7101   !   3       sun.nio.cs.StreamDecoder::readBytes (271 bytes)
Event: 6.146 Thread 0x00000191f003bc60 nmethod 7101 0x00000191d51b7510 code [0x00000191d51b7820, 0x00000191d51b8808]
Event: 6.146 Thread 0x00000191f003bc60 7099       3       java.nio.charset.CharsetDecoder::<init> (100 bytes)
Event: 6.146 Thread 0x00000191f003bc60 nmethod 7099 0x00000191d51b9090 code [0x00000191d51b92a0, 0x00000191d51b9958]
Event: 6.146 Thread 0x00000191f003bc60 7100       3       java.nio.charset.CharsetDecoder::replaceWith (68 bytes)
Event: 6.146 Thread 0x00000191f003bc60 nmethod 7100 0x00000191d51b9b10 code [0x00000191d51b9d20, 0x00000191d51ba358]
Event: 6.165 Thread 0x00000191f003bc60 7102       3       org.gradle.internal.classloader.VisitableURLClassLoader$InstrumentingVisitableURLClassLoader::instrumentClass (10 bytes)
Event: 6.165 Thread 0x00000191f003bc60 nmethod 7102 0x00000191d51ba590 code [0x00000191d51ba7a0, 0x00000191d51bad38]
Event: 6.165 Thread 0x00000191f003bc60 7103   !   3       org.gradle.internal.classloader.TransformReplacer::getInstrumentedClass (34 bytes)
Event: 6.165 Thread 0x00000191f003bc60 nmethod 7103 0x00000191d51bb010 code [0x00000191d51bb200, 0x00000191d51bb718]
Event: 6.165 Thread 0x00000191f003bc60 7104  s!   3       org.gradle.internal.classloader.TransformReplacer$JarLoader::loadTransformedClass (56 bytes)
Event: 6.166 Thread 0x00000191f003bc60 nmethod 7104 0x00000191d51bb990 code [0x00000191d51bbc60, 0x00000191d51bcba8]
Event: 6.166 Thread 0x00000191f003bc60 7105       3       org.gradle.internal.classloader.TransformReplacer$JarLoader::getJarFileLocked (104 bytes)
Event: 6.166 Thread 0x00000191f003bc60 nmethod 7105 0x00000191d51bd190 code [0x00000191d51bd520, 0x00000191d51bed18]
Event: 6.167 Thread 0x00000191f031d770 7106       4       org.gradle.internal.io.StreamByteBuffer::prepareRead (102 bytes)
Event: 6.169 Thread 0x00000191f031d770 nmethod 7106 0x00000191dc49ed90 code [0x00000191dc49ef20, 0x00000191dc49f248]
Event: 6.175 Thread 0x00000191f003bc60 7107       3       java.util.zip.ZipFile$ZipFileInflaterInputStream::available (44 bytes)
Event: 6.175 Thread 0x00000191f003bc60 nmethod 7107 0x00000191d51bf610 code [0x00000191d51bf7e0, 0x00000191d51bfb48]
Event: 6.175 Thread 0x00000191f003bc60 7108   !   3       java.util.zip.Inflater::getBytesWritten (23 bytes)
Event: 6.176 Thread 0x00000191f003bc60 nmethod 7108 0x00000191d51bfc90 code [0x00000191d51bfe40, 0x00000191d51c0068]

GC Heap History (20 events):
Event: 4.004 GC heap after
{Heap after GC invocations=14 (full 0):
 garbage-first heap   total 113664K, used 49008K [0x0000000080000000, 0x0000000100000000)
  region size 1024K, 5 young (5120K), 5 survivors (5120K)
 Metaspace       used 50398K, committed 50880K, reserved 1114112K
  class space    used 6830K, committed 7040K, reserved 1048576K
}
Event: 4.082 GC heap before
{Heap before GC invocations=14 (full 0):
 garbage-first heap   total 113664K, used 57200K [0x0000000080000000, 0x0000000100000000)
  region size 1024K, 12 young (12288K), 5 survivors (5120K)
 Metaspace       used 50573K, committed 51008K, reserved 1114112K
  class space    used 6843K, committed 7040K, reserved 1048576K
}
Event: 4.086 GC heap after
{Heap after GC invocations=15 (full 0):
 garbage-first heap   total 113664K, used 54182K [0x0000000080000000, 0x0000000100000000)
  region size 1024K, 5 young (5120K), 5 survivors (5120K)
 Metaspace       used 50573K, committed 51008K, reserved 1114112K
  class space    used 6843K, committed 7040K, reserved 1048576K
}
Event: 4.162 GC heap before
{Heap before GC invocations=15 (full 0):
 garbage-first heap   total 113664K, used 65446K [0x0000000080000000, 0x0000000100000000)
  region size 1024K, 12 young (12288K), 5 survivors (5120K)
 Metaspace       used 50851K, committed 51328K, reserved 1114112K
  class space    used 6891K, committed 7104K, reserved 1048576K
}
Event: 4.165 GC heap after
{Heap after GC invocations=16 (full 0):
 garbage-first heap   total 113664K, used 61517K [0x0000000080000000, 0x0000000100000000)
  region size 1024K, 5 young (5120K), 5 survivors (5120K)
 Metaspace       used 50851K, committed 51328K, reserved 1114112K
  class space    used 6891K, committed 7104K, reserved 1048576K
}
Event: 4.236 GC heap before
{Heap before GC invocations=17 (full 0):
 garbage-first heap   total 116736K, used 70733K [0x0000000080000000, 0x0000000100000000)
  region size 1024K, 10 young (10240K), 5 survivors (5120K)
 Metaspace       used 51178K, committed 51648K, reserved 1114112K
  class space    used 6916K, committed 7104K, reserved 1048576K
}
Event: 4.239 GC heap after
{Heap after GC invocations=18 (full 0):
 garbage-first heap   total 116736K, used 68541K [0x0000000080000000, 0x0000000100000000)
  region size 1024K, 2 young (2048K), 2 survivors (2048K)
 Metaspace       used 51178K, committed 51648K, reserved 1114112K
  class space    used 6916K, committed 7104K, reserved 1048576K
}
Event: 4.497 GC heap before
{Heap before GC invocations=19 (full 0):
 garbage-first heap   total 122880K, used 86973K [0x0000000080000000, 0x0000000100000000)
  region size 1024K, 18 young (18432K), 2 survivors (2048K)
 Metaspace       used 53384K, committed 53952K, reserved 1114112K
  class space    used 7147K, committed 7424K, reserved 1048576K
}
Event: 4.499 GC heap after
{Heap after GC invocations=20 (full 0):
 garbage-first heap   total 154624K, used 68662K [0x0000000080000000, 0x0000000100000000)
  region size 1024K, 2 young (2048K), 2 survivors (2048K)
 Metaspace       used 53384K, committed 53952K, reserved 1114112K
  class space    used 7147K, committed 7424K, reserved 1048576K
}
Event: 4.847 GC heap before
{Heap before GC invocations=20 (full 0):
 garbage-first heap   total 154624K, used 102454K [0x0000000080000000, 0x0000000100000000)
  region size 1024K, 36 young (36864K), 2 survivors (2048K)
 Metaspace       used 55913K, committed 56448K, reserved 1114112K
  class space    used 7560K, committed 7808K, reserved 1048576K
}
Event: 4.849 GC heap after
{Heap after GC invocations=21 (full 0):
 garbage-first heap   total 154624K, used 70514K [0x0000000080000000, 0x0000000100000000)
  region size 1024K, 4 young (4096K), 4 survivors (4096K)
 Metaspace       used 55913K, committed 56448K, reserved 1114112K
  class space    used 7560K, committed 7808K, reserved 1048576K
}
Event: 5.284 GC heap before
{Heap before GC invocations=21 (full 0):
 garbage-first heap   total 154624K, used 107378K [0x0000000080000000, 0x0000000100000000)
  region size 1024K, 40 young (40960K), 4 survivors (4096K)
 Metaspace       used 59757K, committed 60416K, reserved 1114112K
  class space    used 8218K, committed 8512K, reserved 1048576K
}
Event: 5.289 GC heap after
{Heap after GC invocations=22 (full 0):
 garbage-first heap   total 154624K, used 73456K [0x0000000080000000, 0x0000000100000000)
  region size 1024K, 5 young (5120K), 5 survivors (5120K)
 Metaspace       used 59757K, committed 60416K, reserved 1114112K
  class space    used 8218K, committed 8512K, reserved 1048576K
}
Event: 5.884 GC heap before
{Heap before GC invocations=22 (full 0):
 garbage-first heap   total 154624K, used 111344K [0x0000000080000000, 0x0000000100000000)
  region size 1024K, 42 young (43008K), 5 survivors (5120K)
 Metaspace       used 61706K, committed 62336K, reserved 1114112K
  class space    used 8470K, committed 8768K, reserved 1048576K
}
Event: 5.891 GC heap after
{Heap after GC invocations=23 (full 0):
 garbage-first heap   total 154624K, used 77280K [0x0000000080000000, 0x0000000100000000)
  region size 1024K, 6 young (6144K), 6 survivors (6144K)
 Metaspace       used 61706K, committed 62336K, reserved 1114112K
  class space    used 8470K, committed 8768K, reserved 1048576K
}
Event: 6.125 GC heap before
{Heap before GC invocations=24 (full 0):
 garbage-first heap   total 154624K, used 119264K [0x0000000080000000, 0x0000000100000000)
  region size 1024K, 43 young (44032K), 6 survivors (6144K)
 Metaspace       used 62587K, committed 63232K, reserved 1114112K
  class space    used 8594K, committed 8896K, reserved 1048576K
}
Event: 6.132 GC heap after
{Heap after GC invocations=25 (full 0):
 garbage-first heap   total 154624K, used 87233K [0x0000000080000000, 0x0000000100000000)
  region size 1024K, 6 young (6144K), 6 survivors (6144K)
 Metaspace       used 62587K, committed 63232K, reserved 1114112K
  class space    used 8594K, committed 8896K, reserved 1048576K
}
Event: 6.136 GC heap before
{Heap before GC invocations=25 (full 0):
 garbage-first heap   total 154624K, used 88257K [0x0000000080000000, 0x0000000100000000)
  region size 1024K, 7 young (7168K), 6 survivors (6144K)
 Metaspace       used 62587K, committed 63232K, reserved 1114112K
  class space    used 8594K, committed 8896K, reserved 1048576K
}
Event: 6.139 GC heap after
{Heap after GC invocations=26 (full 0):
 garbage-first heap   total 154624K, used 88566K [0x0000000080000000, 0x0000000100000000)
  region size 1024K, 1 young (1024K), 1 survivors (1024K)
 Metaspace       used 62587K, committed 63232K, reserved 1114112K
  class space    used 8594K, committed 8896K, reserved 1048576K
}
Event: 6.191 GC heap before
{Heap before GC invocations=26 (full 0):
 garbage-first heap   total 154624K, used 98806K [0x0000000080000000, 0x0000000100000000)
  region size 1024K, 12 young (12288K), 1 survivors (1024K)
 Metaspace       used 63202K, committed 63872K, reserved 1114112K
  class space    used 8652K, committed 8960K, reserved 1048576K
}

Dll operation events (3 events):
Event: 0.003 Loaded shared library C:\Program Files\Android\Android Studio\jbr\bin\java.dll
Event: 0.086 Loaded shared library C:\Program Files\Android\Android Studio\jbr\bin\zip.dll
Event: 0.273 Loaded shared library C:\Program Files\Android\Android Studio\jbr\bin\verify.dll

Deoptimization events (20 events):
Event: 6.062 Thread 0x00000191f1584520 Uncommon trap: trap_request=0xffffffc6 fr.pc=0x00000191dc477920 relative=0x0000000000000060
Event: 6.062 Thread 0x00000191f1584520 Uncommon trap: reason=bimorphic_or_optimized_type_check action=maybe_recompile pc=0x00000191dc477920 method=com.google.common.collect.ImmutableList.copyOf(Ljava/util/Collection;)Lcom/google/common/collect/ImmutableList; @ 16 c2
Event: 6.062 Thread 0x00000191f1584520 DEOPT PACKING pc=0x00000191dc477920 sp=0x0000005cd91f8100
Event: 6.062 Thread 0x00000191f1584520 DEOPT UNPACKING pc=0x00000191dbbb69a3 sp=0x0000005cd91f80a8 mode 2
Event: 6.063 Thread 0x00000191f1584520 Uncommon trap: trap_request=0xffffffc6 fr.pc=0x00000191dc477920 relative=0x0000000000000060
Event: 6.063 Thread 0x00000191f1584520 Uncommon trap: reason=bimorphic_or_optimized_type_check action=maybe_recompile pc=0x00000191dc477920 method=com.google.common.collect.ImmutableList.copyOf(Ljava/util/Collection;)Lcom/google/common/collect/ImmutableList; @ 16 c2
Event: 6.063 Thread 0x00000191f1584520 DEOPT PACKING pc=0x00000191dc477920 sp=0x0000005cd91f7880
Event: 6.063 Thread 0x00000191f1584520 DEOPT UNPACKING pc=0x00000191dbbb69a3 sp=0x0000005cd91f7828 mode 2
Event: 6.121 Thread 0x00000191f1584520 Uncommon trap: trap_request=0xffffffde fr.pc=0x00000191dc311260 relative=0x0000000000000860
Event: 6.121 Thread 0x00000191f1584520 Uncommon trap: reason=class_check action=maybe_recompile pc=0x00000191dc311260 method=java.io.BufferedInputStream.read1([BII)I @ 39 c2
Event: 6.121 Thread 0x00000191f1584520 DEOPT PACKING pc=0x00000191dc311260 sp=0x0000005cd91f6340
Event: 6.121 Thread 0x00000191f1584520 DEOPT UNPACKING pc=0x00000191dbbb69a3 sp=0x0000005cd91f6258 mode 2
Event: 6.121 Thread 0x00000191f1584520 Uncommon trap: trap_request=0xffffffde fr.pc=0x00000191dc311260 relative=0x0000000000000860
Event: 6.121 Thread 0x00000191f1584520 Uncommon trap: reason=class_check action=maybe_recompile pc=0x00000191dc311260 method=java.io.BufferedInputStream.read1([BII)I @ 39 c2
Event: 6.121 Thread 0x00000191f1584520 DEOPT PACKING pc=0x00000191dc311260 sp=0x0000005cd91f6340
Event: 6.121 Thread 0x00000191f1584520 DEOPT UNPACKING pc=0x00000191dbbb69a3 sp=0x0000005cd91f6258 mode 2
Event: 6.121 Thread 0x00000191f1584520 Uncommon trap: trap_request=0xffffffde fr.pc=0x00000191dc311260 relative=0x0000000000000860
Event: 6.121 Thread 0x00000191f1584520 Uncommon trap: reason=class_check action=maybe_recompile pc=0x00000191dc311260 method=java.io.BufferedInputStream.read1([BII)I @ 39 c2
Event: 6.121 Thread 0x00000191f1584520 DEOPT PACKING pc=0x00000191dc311260 sp=0x0000005cd91f6340
Event: 6.121 Thread 0x00000191f1584520 DEOPT UNPACKING pc=0x00000191dbbb69a3 sp=0x0000005cd91f6258 mode 2

Classes unloaded (0 events):
No events

Classes redefined (0 events):
No events

Internal exceptions (20 events):
Event: 5.220 Thread 0x00000191f1584520 Exception <a 'java/lang/NoSuchMethodError'{0x00000000877a7d30}: 'java.lang.Object java.lang.invoke.DirectMethodHandle$Holder.invokeSpecial(java.lang.Object, java.lang.Object, java.lang.Object, java.lang.Object, java.lang.Object, java.lang.Object, java.lang.Object, java.lang.Object, java.lang.Object, java.lang.Object, java.lang.Object, java.lang.Object, java.lang.Object, java.lang.Object, java.lang.Object, java.lang.Object, java.lang.Object, java.lang.Object, java.lang.Object, java.lang.Object, java.lang.Ob
Event: 5.221 Thread 0x00000191f1584520 Exception <a 'java/lang/NoSuchMethodError'{0x00000000877ae240}: 'java.lang.Object java.lang.invoke.DelegatingMethodHandle$Holder.reinvoke_L(java.lang.Object, java.lang.Object, java.lang.Object, java.lang.Object, java.lang.Object, java.lang.Object, java.lang.Object, java.lang.Object, java.lang.Object, java.lang.Object, java.lang.Object, java.lang.Object, java.lang.Object, java.lang.Object, java.lang.Object, java.lang.Object, java.lang.Object, java.lang.Object, java.lang.Object, java.lang.Object, java.lang.O
Event: 5.221 Thread 0x00000191f1584520 Exception <a 'java/lang/NoSuchMethodError'{0x00000000877b9c88}: 'java.lang.Object java.lang.invoke.Invokers$Holder.invoker(java.lang.Object, java.lang.Object, java.lang.Object, java.lang.Object, java.lang.Object, java.lang.Object, java.lang.Object, java.lang.Object, java.lang.Object, java.lang.Object, java.lang.Object, java.lang.Object, java.lang.Object, java.lang.Object, java.lang.Object, java.lang.Object, java.lang.Object, java.lang.Object, java.lang.Object, java.lang.Object, java.lang.Object, java.lang.
Event: 5.221 Thread 0x00000191f1584520 Exception <a 'java/lang/NoSuchMethodError'{0x00000000877c0888}: 'java.lang.Object java.lang.invoke.DelegatingMethodHandle$Holder.delegate(java.lang.Object, java.lang.Object, java.lang.Object, java.lang.Object, java.lang.Object, java.lang.Object, java.lang.Object, java.lang.Object, java.lang.Object, java.lang.Object, java.lang.Object, java.lang.Object, java.lang.Object, java.lang.Object, java.lang.Object, java.lang.Object, java.lang.Object, java.lang.Object, java.lang.Object, java.lang.Object, java.lang.Obj
Event: 5.227 Thread 0x00000191f1584520 Exception <a 'java/lang/NoSuchMethodError'{0x000000008768d7c0}: 'java.lang.Object java.lang.invoke.DirectMethodHandle$Holder.invokeStatic(java.lang.Object, java.lang.Object, java.lang.Object, java.lang.Object, java.lang.Object, java.lang.Object, java.lang.Object, java.lang.Object, java.lang.Object, java.lang.Object, java.lang.Object, java.lang.Object, java.lang.Object, java.lang.Object, java.lang.Object, java.lang.Object, java.lang.Object, java.lang.Object, java.lang.Object, java.lang.Object, java.lang.Obj
Event: 5.308 Thread 0x00000191f1584520 Exception <a 'java/lang/NoSuchMethodError'{0x00000000895b6b60}: static Lorg/gradle/api/internal/catalog/DefaultVersionCatalog;.<clinit>()V> (0x00000000895b6b60) 
thrown [s\src\hotspot\share\prims\jni.cpp, line 1127]
Event: 5.316 Thread 0x00000191f1584520 Exception <a 'java/lang/NoSuchMethodError'{0x0000000089409d08}: static [Ljava/lang/Object;.<clinit>()V> (0x0000000089409d08) 
thrown [s\src\hotspot\share\prims\jni.cpp, line 1127]
Event: 5.320 Thread 0x00000191f1584520 Exception <a 'java/lang/NoSuchMethodError'{0x000000008943f638}: static Lorg/gradle/api/internal/catalog/DependencyModel;.<clinit>()V> (0x000000008943f638) 
thrown [s\src\hotspot\share\prims\jni.cpp, line 1127]
Event: 5.320 Thread 0x00000191f1584520 Exception <a 'java/lang/NoSuchMethodError'{0x0000000089443038}: static Lorg/gradle/api/internal/catalog/AbstractContextAwareModel;.<clinit>()V> (0x0000000089443038) 
thrown [s\src\hotspot\share\prims\jni.cpp, line 1127]
Event: 5.322 Thread 0x00000191f1584520 Exception <a 'java/lang/NoSuchMethodError'{0x000000008945c9f8}: static Lorg/gradle/api/internal/artifacts/dependencies/AbstractVersionConstraint;.<clinit>()V> (0x000000008945c9f8) 
thrown [s\src\hotspot\share\prims\jni.cpp, line 1127]
Event: 5.329 Thread 0x00000191f1584520 Exception <a 'java/lang/NoSuchMethodError'{0x00000000894bd388}: static Lorg/gradle/api/internal/catalog/PluginModel;.<clinit>()V> (0x00000000894bd388) 
thrown [s\src\hotspot\share\prims\jni.cpp, line 1127]
Event: 5.331 Thread 0x00000191f1584520 Exception <a 'java/lang/NoSuchMethodError'{0x00000000894d4358}: static Lorg/gradle/api/internal/catalog/VersionModel;.<clinit>()V> (0x00000000894d4358) 
thrown [s\src\hotspot\share\prims\jni.cpp, line 1127]
Event: 5.409 Thread 0x00000191f1584520 Exception <a 'java/lang/NoSuchMethodError'{0x000000008906d970}: 'int java.lang.invoke.DirectMethodHandle$Holder.invokeSpecialIFC(java.lang.Object, java.lang.Object, java.lang.Object)'> (0x000000008906d970) 
thrown [s\src\hotspot\share\interpreter\linkResolver.cpp, line 771]
Event: 5.482 Thread 0x00000191f1584520 Exception <a 'java/lang/NoSuchMethodError'{0x0000000088c2d6a8}: 'java.lang.Object java.lang.invoke.DirectMethodHandle$Holder.newInvokeSpecial(java.lang.Object, java.lang.Object, java.lang.Object, java.lang.Object, java.lang.Object, int)'> (0x0000000088c2d6a8) 
thrown [s\src\hotspot\share\interpreter\linkResolver.cpp, line 771]
Event: 5.483 Thread 0x00000191f1584520 Exception <a 'java/lang/NoSuchMethodError'{0x0000000088c32d60}: 'java.lang.Object java.lang.invoke.DirectMethodHandle$Holder.invokeSpecial(java.lang.Object, java.lang.Object, java.lang.Object, java.lang.Object, java.lang.Object, java.lang.Object, int)'> (0x0000000088c32d60) 
thrown [s\src\hotspot\share\interpreter\linkResolver.cpp, line 771]
Event: 5.483 Thread 0x00000191f1584520 Exception <a 'java/lang/NoSuchMethodError'{0x0000000088c37da0}: 'java.lang.Object java.lang.invoke.Invokers$Holder.linkToTargetMethod(java.lang.Object, java.lang.Object, java.lang.Object, java.lang.Object, int, java.lang.Object)'> (0x0000000088c37da0) 
thrown [s\src\hotspot\share\interpreter\linkResolver.cpp, line 771]
Event: 5.487 Thread 0x00000191f1584520 Exception <a 'java/lang/NoSuchMethodError'{0x0000000088c6a3f0}: 'java.lang.Object java.lang.invoke.DirectMethodHandle$Holder.invokeSpecial(java.lang.Object, java.lang.Object, java.lang.Object, java.lang.Object, java.lang.Object, long)'> (0x0000000088c6a3f0) 
thrown [s\src\hotspot\share\interpreter\linkResolver.cpp, line 771]
Event: 5.490 Thread 0x00000191f1584520 Exception <a 'java/lang/NoSuchMethodError'{0x0000000088c8e060}: 'void java.lang.invoke.DirectMethodHandle$Holder.invokeStatic(java.lang.Object, java.lang.Object, java.lang.Object, int, java.lang.Object)'> (0x0000000088c8e060) 
thrown [s\src\hotspot\share\interpreter\linkResolver.cpp, line 771]
Event: 6.048 Thread 0x00000191f1584520 Implicit null exception at 0x00000191dc421592 to 0x00000191dc421c6c
Event: 6.048 Thread 0x00000191f1584520 Implicit null exception at 0x00000191dc42a614 to 0x00000191dc42ac84

VM Operations (20 events):
Event: 5.414 Executing VM operation: HandshakeAllThreads done
Event: 5.636 Executing VM operation: ICBufferFull
Event: 5.636 Executing VM operation: ICBufferFull done
Event: 5.673 Executing VM operation: HandshakeAllThreads
Event: 5.673 Executing VM operation: HandshakeAllThreads done
Event: 5.833 Executing VM operation: ICBufferFull
Event: 5.833 Executing VM operation: ICBufferFull done
Event: 5.884 Executing VM operation: G1CollectForAllocation
Event: 5.892 Executing VM operation: G1CollectForAllocation done
Event: 5.911 Executing VM operation: G1PauseRemark
Event: 5.914 Executing VM operation: G1PauseRemark done
Event: 5.926 Executing VM operation: G1PauseCleanup
Event: 5.927 Executing VM operation: G1PauseCleanup done
Event: 6.106 Executing VM operation: ICBufferFull
Event: 6.106 Executing VM operation: ICBufferFull done
Event: 6.125 Executing VM operation: G1CollectForAllocation
Event: 6.132 Executing VM operation: G1CollectForAllocation done
Event: 6.136 Executing VM operation: G1CollectForAllocation
Event: 6.139 Executing VM operation: G1CollectForAllocation done
Event: 6.191 Executing VM operation: G1TryInitiateConcMark

Events (20 events):
Event: 5.782 Thread 0x00000191f58681d0 Thread added: 0x00000191f58681d0
Event: 5.782 Thread 0x00000191f586aa50 Thread added: 0x00000191f586aa50
Event: 5.782 Thread 0x00000191f586af60 Thread added: 0x00000191f586af60
Event: 5.782 Thread 0x00000191f586a540 Thread added: 0x00000191f586a540
Event: 5.782 Thread 0x00000191f586a030 Thread added: 0x00000191f586a030
Event: 5.782 Thread 0x00000191f5869610 Thread added: 0x00000191f5869610
Event: 5.782 Thread 0x00000191f58686e0 Thread added: 0x00000191f58686e0
Event: 5.782 Thread 0x00000191f5864f30 Thread added: 0x00000191f5864f30
Event: 5.782 Thread 0x00000191f586b470 Thread added: 0x00000191f586b470
Event: 5.827 Thread 0x00000191f5869100 Thread added: 0x00000191f5869100
Event: 5.828 Thread 0x00000191f5868bf0 Thread added: 0x00000191f5868bf0
Event: 5.829 Thread 0x00000191f58672a0 Thread added: 0x00000191f58672a0
Event: 5.830 Thread 0x00000191f58677b0 Thread added: 0x00000191f58677b0
Event: 5.831 Thread 0x00000191f5865950 Thread added: 0x00000191f5865950
Event: 5.832 Thread 0x00000191f5866880 Thread added: 0x00000191f5866880
Event: 5.834 Thread 0x00000191f586b980 Thread added: 0x00000191f586b980
Event: 5.835 Thread 0x00000191f5864510 Thread added: 0x00000191f5864510
Event: 5.836 Thread 0x00000191f5867cc0 Thread added: 0x00000191f5867cc0
Event: 5.837 Thread 0x00000191f586be90 Thread added: 0x00000191f586be90
Event: 5.838 Thread 0x00000191f5864a20 Thread added: 0x00000191f5864a20


Dynamic libraries:
0x00007ff6775c0000 - 0x00007ff6775ca000 	C:\Program Files\Android\Android Studio\jbr\bin\java.exe
0x00007ff85c550000 - 0x00007ff85c748000 	C:\WINDOWS\SYSTEM32\ntdll.dll
0x00007ff85bd60000 - 0x00007ff85be21000 	C:\WINDOWS\System32\KERNEL32.DLL
0x00007ff85a180000 - 0x00007ff85a47d000 	C:\WINDOWS\System32\KERNELBASE.dll
0x00007ff85a480000 - 0x00007ff85a580000 	C:\WINDOWS\System32\ucrtbase.dll
0x00007ff837c70000 - 0x00007ff837c87000 	C:\Program Files\Android\Android Studio\jbr\bin\jli.dll
0x00007ff84f3c0000 - 0x00007ff84f3db000 	C:\Program Files\Android\Android Studio\jbr\bin\VCRUNTIME140.dll
0x00007ff85be30000 - 0x00007ff85bfcd000 	C:\WINDOWS\System32\USER32.dll
0x00007ff859e20000 - 0x00007ff859e42000 	C:\WINDOWS\System32\win32u.dll
0x00007ff85aad0000 - 0x00007ff85aafb000 	C:\WINDOWS\System32\GDI32.dll
0x00007ff859ff0000 - 0x00007ff85a107000 	C:\WINDOWS\System32\gdi32full.dll
0x00007ff859f00000 - 0x00007ff859f9d000 	C:\WINDOWS\System32\msvcp_win.dll
0x00007ff834fa0000 - 0x00007ff83523a000 	C:\WINDOWS\WinSxS\amd64_microsoft.windows.common-controls_6595b64144ccf1df_6.0.19041.4355_none_60b8b9eb71f62e16\COMCTL32.dll
0x00007ff85c310000 - 0x00007ff85c3ae000 	C:\WINDOWS\System32\msvcrt.dll
0x00007ff85c410000 - 0x00007ff85c43f000 	C:\WINDOWS\System32\IMM32.DLL
0x00007ff8545b0000 - 0x00007ff8545bc000 	C:\Program Files\Android\Android Studio\jbr\bin\vcruntime140_1.dll
0x00007ff837650000 - 0x00007ff8376dd000 	C:\Program Files\Android\Android Studio\jbr\bin\msvcp140.dll
0x00007ff81bd30000 - 0x00007ff81c9b3000 	C:\Program Files\Android\Android Studio\jbr\bin\server\jvm.dll
0x00007ff85c460000 - 0x00007ff85c510000 	C:\WINDOWS\System32\ADVAPI32.dll
0x00007ff85c270000 - 0x00007ff85c310000 	C:\WINDOWS\System32\sechost.dll
0x00007ff85bbb0000 - 0x00007ff85bcd3000 	C:\WINDOWS\System32\RPCRT4.dll
0x00007ff859df0000 - 0x00007ff859e17000 	C:\WINDOWS\System32\bcrypt.dll
0x00007ff84f360000 - 0x00007ff84f369000 	C:\WINDOWS\SYSTEM32\WSOCK32.dll
0x00007ff85c0f0000 - 0x00007ff85c15b000 	C:\WINDOWS\System32\WS2_32.dll
0x00007ff8431b0000 - 0x00007ff8431ba000 	C:\WINDOWS\SYSTEM32\VERSION.dll
0x00007ff859680000 - 0x00007ff8596cb000 	C:\WINDOWS\SYSTEM32\POWRPROF.dll
0x00007ff84ccb0000 - 0x00007ff84ccd7000 	C:\WINDOWS\SYSTEM32\WINMM.dll
0x00007ff8595f0000 - 0x00007ff859602000 	C:\WINDOWS\SYSTEM32\UMPDC.dll
0x00007ff858420000 - 0x00007ff858432000 	C:\WINDOWS\SYSTEM32\kernel.appcore.dll
0x00007ff84f140000 - 0x00007ff84f14a000 	C:\Program Files\Android\Android Studio\jbr\bin\jimage.dll
0x00007ff857990000 - 0x00007ff857b74000 	C:\WINDOWS\SYSTEM32\DBGHELP.DLL
0x00007ff83d880000 - 0x00007ff83d8b4000 	C:\WINDOWS\SYSTEM32\dbgcore.DLL
0x00007ff859c00000 - 0x00007ff859c82000 	C:\WINDOWS\System32\bcryptPrimitives.dll
0x00007ff843ef0000 - 0x00007ff843efe000 	C:\Program Files\Android\Android Studio\jbr\bin\instrument.dll
0x00007ff84ea30000 - 0x00007ff84ea55000 	C:\Program Files\Android\Android Studio\jbr\bin\java.dll
0x00007ff84e6e0000 - 0x00007ff84e6f8000 	C:\Program Files\Android\Android Studio\jbr\bin\zip.dll
0x00007ff85b310000 - 0x00007ff85ba7f000 	C:\WINDOWS\System32\SHELL32.dll
0x00007ff857b80000 - 0x00007ff858323000 	C:\WINDOWS\SYSTEM32\windows.storage.dll
0x00007ff85a590000 - 0x00007ff85a8e3000 	C:\WINDOWS\System32\combase.dll
0x00007ff8595c0000 - 0x00007ff8595ee000 	C:\WINDOWS\SYSTEM32\Wldp.dll
0x00007ff85a9e0000 - 0x00007ff85aaad000 	C:\WINDOWS\System32\OLEAUT32.dll
0x00007ff85adf0000 - 0x00007ff85ae9d000 	C:\WINDOWS\System32\SHCORE.dll
0x00007ff85c3b0000 - 0x00007ff85c405000 	C:\WINDOWS\System32\shlwapi.dll
0x00007ff859b30000 - 0x00007ff859b54000 	C:\WINDOWS\SYSTEM32\profapi.dll
0x00007ff84e330000 - 0x00007ff84e349000 	C:\Program Files\Android\Android Studio\jbr\bin\net.dll
0x00007ff853570000 - 0x00007ff85367d000 	C:\WINDOWS\SYSTEM32\WINHTTP.dll
0x00007ff859320000 - 0x00007ff85938a000 	C:\WINDOWS\system32\mswsock.dll
0x00007ff84cbc0000 - 0x00007ff84cbd6000 	C:\Program Files\Android\Android Studio\jbr\bin\nio.dll
0x00007ff845d30000 - 0x00007ff845d40000 	C:\Program Files\Android\Android Studio\jbr\bin\verify.dll
0x00007ff84f3e0000 - 0x00007ff84f407000 	C:\Users\PMLS\.gradle\native\c067742578af261105cb4f569cf0c3c89f3d7b1fecec35dd04571415982c5e48\windows-amd64\native-platform.dll
0x00007ff832080000 - 0x00007ff8321c4000 	C:\Users\PMLS\.gradle\native\38dada09dfb8b06ba9b0570ebf7e218e3eb74d4ef43ca46872605cf95ebc2f47\windows-amd64\native-platform-file-events.dll
0x00007ff84e6d0000 - 0x00007ff84e6d9000 	C:\Program Files\Android\Android Studio\jbr\bin\management.dll
0x00007ff845d40000 - 0x00007ff845d4b000 	C:\Program Files\Android\Android Studio\jbr\bin\management_ext.dll
0x00007ff85aac0000 - 0x00007ff85aac8000 	C:\WINDOWS\System32\PSAPI.DLL
0x00007ff859510000 - 0x00007ff859528000 	C:\WINDOWS\SYSTEM32\CRYPTSP.dll
0x00007ff858be0000 - 0x00007ff858c14000 	C:\WINDOWS\system32\rsaenh.dll
0x00007ff859af0000 - 0x00007ff859b1e000 	C:\WINDOWS\SYSTEM32\USERENV.dll
0x00007ff859530000 - 0x00007ff85953c000 	C:\WINDOWS\SYSTEM32\CRYPTBASE.dll
0x00007ff859000000 - 0x00007ff85903b000 	C:\WINDOWS\SYSTEM32\IPHLPAPI.DLL
0x00007ff85aab0000 - 0x00007ff85aab8000 	C:\WINDOWS\System32\NSI.dll
0x00007ff84fec0000 - 0x00007ff84fed7000 	C:\WINDOWS\SYSTEM32\dhcpcsvc6.DLL
0x00007ff850480000 - 0x00007ff85049d000 	C:\WINDOWS\SYSTEM32\dhcpcsvc.DLL
0x00007ff859040000 - 0x00007ff85910a000 	C:\WINDOWS\SYSTEM32\DNSAPI.dll
0x00007ff84ec50000 - 0x00007ff84ec59000 	C:\Program Files\Android\Android Studio\jbr\bin\extnet.dll
0x00007ff82f500000 - 0x00007ff82f507000 	C:\WINDOWS\system32\wshunix.dll

dbghelp: loaded successfully - version: 4.0.5 - missing functions: none
symbol engine: initialized successfully - sym options: 0x614 - pdb path: .;C:\Program Files\Android\Android Studio\jbr\bin;C:\WINDOWS\SYSTEM32;C:\WINDOWS\WinSxS\amd64_microsoft.windows.common-controls_6595b64144ccf1df_6.0.19041.4355_none_60b8b9eb71f62e16;C:\Program Files\Android\Android Studio\jbr\bin\server;C:\Users\PMLS\.gradle\native\c067742578af261105cb4f569cf0c3c89f3d7b1fecec35dd04571415982c5e48\windows-amd64;C:\Users\PMLS\.gradle\native\38dada09dfb8b06ba9b0570ebf7e218e3eb74d4ef43ca46872605cf95ebc2f47\windows-amd64

VM Arguments:
jvm_args: --add-opens=java.base/java.util=ALL-UNNAMED --add-opens=java.base/java.lang=ALL-UNNAMED --add-opens=java.base/java.lang.invoke=ALL-UNNAMED --add-opens=java.prefs/java.util.prefs=ALL-UNNAMED --add-opens=java.base/java.nio.charset=ALL-UNNAMED --add-opens=java.base/java.net=ALL-UNNAMED --add-opens=java.base/java.util.concurrent.atomic=ALL-UNNAMED -Xmx2048m -Dfile.encoding=UTF-8 -Duser.country=US -Duser.language=en -Duser.variant -javaagent:C:\Users\PMLS\.gradle\wrapper\dists\gradle-8.7-bin\bhs2wmbdwecv87pi65oeuq5iu\gradle-8.7\lib\agents\gradle-instrumentation-agent-8.7.jar 
java_command: org.gradle.launcher.daemon.bootstrap.GradleDaemon 8.7
java_class_path (initial): C:\Users\PMLS\.gradle\wrapper\dists\gradle-8.7-bin\bhs2wmbdwecv87pi65oeuq5iu\gradle-8.7\lib\gradle-launcher-8.7.jar
Launcher Type: SUN_STANDARD

[Global flags]
     intx CICompilerCount                          = 4                                         {product} {ergonomic}
     uint ConcGCThreads                            = 3                                         {product} {ergonomic}
     uint G1ConcRefinementThreads                  = 10                                        {product} {ergonomic}
   size_t G1HeapRegionSize                         = 1048576                                   {product} {ergonomic}
    uintx GCDrainStackTargetSize                   = 64                                        {product} {ergonomic}
   size_t InitialHeapSize                          = 130023424                                 {product} {ergonomic}
   size_t MarkStackSize                            = 4194304                                   {product} {ergonomic}
   size_t MaxHeapSize                              = 2147483648                                {product} {command line}
   size_t MaxNewSize                               = 1287651328                                {product} {ergonomic}
   size_t MinHeapDeltaBytes                        = 1048576                                   {product} {ergonomic}
   size_t MinHeapSize                              = 8388608                                   {product} {ergonomic}
    uintx NonNMethodCodeHeapSize                   = 5839372                                {pd product} {ergonomic}
    uintx NonProfiledCodeHeapSize                  = 122909434                              {pd product} {ergonomic}
    uintx ProfiledCodeHeapSize                     = 122909434                              {pd product} {ergonomic}
    uintx ReservedCodeCacheSize                    = 251658240                              {pd product} {ergonomic}
     bool SegmentedCodeCache                       = true                                      {product} {ergonomic}
   size_t SoftMaxHeapSize                          = 2147483648                             {manageable} {ergonomic}
     bool UseCompressedClassPointers               = true                           {product lp64_product} {ergonomic}
     bool UseCompressedOops                        = true                           {product lp64_product} {ergonomic}
     bool UseG1GC                                  = true                                      {product} {ergonomic}
     bool UseLargePagesIndividualAllocation        = false                                  {pd product} {ergonomic}

Logging:
Log output configuration:
 #0: stdout all=warning uptime,level,tags
 #1: stderr all=off uptime,level,tags

Environment Variables:
PATH=C:\Program Files\Common Files\Oracle\Java\javapath;C:\WINDOWS\system32;C:\WINDOWS;C:\WINDOWS\System32\Wbem;C:\WINDOWS\System32\WindowsPowerShell\v1.0\;C:\WINDOWS\System32\OpenSSH\;C:\Users\PMLS\AppData\Local\Microsoft\WindowsApps;C:\Users\PMLS\AppData\Local\Programs\Microsoft VS Code\bin
USERNAME=PMYLS
OS=Windows_NT
PROCESSOR_IDENTIFIER=Intel64 Family 6 Model 154 Stepping 4, GenuineIntel
TMP=C:\Users\PMLS\AppData\Local\Temp
TEMP=C:\Users\PMLS\AppData\Local\Temp



Periodic native trim disabled

JNI global refs:
JNI global refs: 26, weak refs: 0

JNI global refs memory usage: 843, weak refs: 841

Process memory usage:
Resident Set Size: 381880K (4% of 8106488K total physical memory with 979072K free physical memory)

OOME stack traces (most recent first):
Classloader memory used:
Loader org.gradle.internal.classloader.VisitableURLClassLoader                         : 3820K
Loader bootstrap                                                                       : 2487K
Loader org.gradle.initialization.MixInLegacyTypesClassLoader                           : 1118K
Loader org.gradle.internal.classloader.VisitableURLClassLoader$InstrumentingVisitableURLClassLoader: 212K
Loader org.gradle.internal.classloader.VisitableURLClassLoader                         : 118K
Loader jdk.internal.loader.ClassLoaders$PlatformClassLoader                            : 65575B
Loader jdk.internal.reflect.DelegatingClassLoader                                      : 34366B
Loader jdk.internal.loader.ClassLoaders$AppClassLoader                                 : 28436B
Loader org.gradle.groovy.scripts.internal.DefaultScriptCompilationHandler$ScriptClassLoader: 10734B
Loader org.codehaus.groovy.runtime.callsite.CallSiteClassLoader                        : 6077B

Classes loaded by more than one classloader:
Class Program                                                                         : loaded 4 times (x 72B)
Class org.gradle.internal.Cast                                                        : loaded 3 times (x 69B)
Class org.gradle.api.GradleException                                                  : loaded 3 times (x 80B)
Class com.google.common.collect.SingletonImmutableList                                : loaded 2 times (x 167B)
Class org.gradle.internal.classpath.ClassPath                                         : loaded 2 times (x 68B)
Class org.gradle.api.internal.classpath.DefaultModuleRegistry                         : loaded 2 times (x 84B)
Class org.gradle.internal.exceptions.NonGradleCauseExceptionsHolder                   : loaded 2 times (x 68B)
Class Settings_gradle$1$1                                                             : loaded 2 times (x 72B)
Class com.google.common.base.CharMatcher$JavaDigit                                    : loaded 2 times (x 109B)
Class com.google.common.base.CharMatcher$Digit                                        : loaded 2 times (x 110B)
Class org.gradle.api.Action                                                           : loaded 2 times (x 68B)
Class org.jetbrains.kotlin.idea.gradleTooling.model.samWithReceiver.SamWithReceiverModel: loaded 2 times (x 68B)
Class com.google.common.collect.Lists$StringAsImmutableList                           : loaded 2 times (x 167B)
Class org.jetbrains.plugins.gradle.model.ExternalProject                              : loaded 2 times (x 68B)
Class org.jetbrains.plugins.gradle.model.IntelliJSettings                             : loaded 2 times (x 68B)
Class com.google.common.base.CharMatcher                                              : loaded 2 times (x 109B)
Class com.google.common.base.CharMatcher$IsNot                                        : loaded 2 times (x 109B)
Class ijInit1_a6eqhmp0i9ztyx1sql8o9y4z0                                               : loaded 2 times (x 177B)
Class com.google.common.base.Splitter                                                 : loaded 2 times (x 70B)
Class org.jetbrains.kotlin.idea.gradleTooling.KotlinMPPGradleModel                    : loaded 2 times (x 68B)
Class org.gradle.api.internal.DefaultClassPathProvider                                : loaded 2 times (x 74B)
Class org.gradle.internal.installation.GradleInstallation$1                           : loaded 2 times (x 73B)
Class com.google.common.base.CharMatcher$BitSetMatcher                                : loaded 2 times (x 110B)
Class org.gradle.internal.exceptions.DefaultMultiCauseException                       : loaded 2 times (x 93B)
Class org.gradle.tooling.model.UnsupportedMethodException                             : loaded 2 times (x 80B)
Class sync_studio_tooling3233_et053xjzovava3mu7kp9y2z76                               : loaded 2 times (x 177B)
Class org.gradle.internal.time.MonotonicClock                                         : loaded 2 times (x 75B)
Class com.google.common.base.Predicate                                                : loaded 2 times (x 68B)
Class org.gradle.internal.classloader.FilteringClassLoader                            : loaded 2 times (x 103B)
Class org.gradle.tooling.model.Model                                                  : loaded 2 times (x 68B)
Class org.gradle.internal.classpath.DefaultClassPath$ImmutableUniqueList$Builder      : loaded 2 times (x 73B)
Class com.google.common.base.CharMatcher$InRange                                      : loaded 2 times (x 109B)
Class org.jetbrains.kotlin.idea.gradleTooling.KotlinSourceSetContainer                : loaded 2 times (x 68B)
Class com.google.common.collect.Lists                                                 : loaded 2 times (x 69B)
Class org.gradle.internal.classloader.ClassLoaderVisitor                              : loaded 2 times (x 74B)
Class org.gradle.internal.time.DefaultCountdownTimer                                  : loaded 2 times (x 86B)
Class org.gradle.internal.service.DefaultServiceLocator                               : loaded 2 times (x 81B)
Class org.jetbrains.plugins.gradle.model.jar.JarTaskManifestConfiguration             : loaded 2 times (x 68B)
Class org.gradle.internal.service.UnknownServiceException                             : loaded 2 times (x 81B)
Class org.jetbrains.plugins.gradle.model.DependencyAccessorsModel                     : loaded 2 times (x 68B)
Class org.gradle.internal.classloader.DefaultClassLoaderFactory                       : loaded 2 times (x 80B)
Class com.google.common.collect.UnmodifiableIterator                                  : loaded 2 times (x 78B)
Class com.google.common.base.CharMatcher$SingleWidth                                  : loaded 2 times (x 110B)
Class org.jetbrains.plugins.gradle.model.GradleExtensions                             : loaded 2 times (x 68B)
Class com.google.common.base.JdkPattern                                               : loaded 2 times (x 73B)
Class org.jetbrains.plugins.gradle.model.VersionCatalogsModel                         : loaded 2 times (x 68B)
Class org.gradle.internal.classloader.VisitableURLClassLoader$Spec                    : loaded 2 times (x 72B)
Class org.gradle.tooling.model.ProjectModel                                           : loaded 2 times (x 68B)
Class org.jetbrains.plugins.gradle.model.MavenRepositoryModel                         : loaded 2 times (x 68B)
Class com.google.common.base.CharMatcher$JavaLetterOrDigit                            : loaded 2 times (x 109B)
Class org.gradle.tooling.internal.gradle.DefaultProjectIdentifier                     : loaded 2 times (x 84B)
Class org.gradle.api.internal.classpath.ModuleRegistry                                : loaded 2 times (x 68B)
Class com.google.common.collect.ImmutableCollection                                   : loaded 2 times (x 123B)
Class org.jetbrains.plugins.gradle.model.RepositoriesModel                            : loaded 2 times (x 68B)
Class kotlin.jvm.internal.markers.KMappedMarker                                       : loaded 2 times (x 68B)
Class org.gradle.util.GradleVersion                                                   : loaded 2 times (x 81B)
Class org.gradle.internal.classloader.ClasspathUtil$1                                 : loaded 2 times (x 74B)
Class com.google.common.collect.ImmutableList$ReverseImmutableList                    : loaded 2 times (x 168B)
Class org.gradle.internal.classloader.ClassLoaderFactory                              : loaded 2 times (x 68B)
Class com.google.common.collect.ObjectArrays                                          : loaded 2 times (x 69B)
Class com.google.common.collect.ImmutableList                                         : loaded 2 times (x 166B)
Class org.gradle.api.internal.classpath.ManifestUtil                                  : loaded 2 times (x 69B)
Class org.gradle.api.specs.Spec                                                       : loaded 2 times (x 68B)
Class com.google.common.base.CharMatcher$Whitespace                                   : loaded 2 times (x 110B)
Class org.gradle.tooling.internal.gradle.GradleBuildIdentity                          : loaded 2 times (x 68B)
Class com.google.common.base.Preconditions                                            : loaded 2 times (x 69B)
Class org.gradle.internal.IoActions                                                   : loaded 2 times (x 69B)
Class sync_studio_tooling3233_et053xjzovava3mu7kp9y2z76$_run_closure1                 : loaded 2 times (x 137B)
Class com.google.common.collect.CollectPreconditions                                  : loaded 2 times (x 69B)
Class com.google.common.collect.AbstractIndexedListIterator                           : loaded 2 times (x 94B)
Class com.google.common.base.CharMatcher$None                                         : loaded 2 times (x 110B)
Class org.gradle.api.internal.classpath.EffectiveClassPath                            : loaded 2 times (x 88B)
Class com.google.common.collect.UnmodifiableListIterator                              : loaded 2 times (x 93B)
Class kotlin.jvm.internal.DefaultConstructorMarker                                    : loaded 2 times (x 69B)
Class com.google.common.collect.ImmutableList$1                                       : loaded 2 times (x 95B)
Class com.google.common.base.Splitter$Strategy                                        : loaded 2 times (x 68B)
Class org.gradle.internal.exceptions.ResolutionProvider                               : loaded 2 times (x 68B)
Class org.jetbrains.kotlin.idea.gradleTooling.model.annotation.AnnotationBasedPluginModel: loaded 2 times (x 68B)
Class org.jetbrains.kotlin.idea.gradleTooling.model.assignment.AssignmentModel        : loaded 2 times (x 68B)
Class org.gradle.internal.installation.CurrentGradleInstallation                      : loaded 2 times (x 71B)
Class org.gradle.internal.agents.InstrumentingClassLoader                             : loaded 2 times (x 68B)
Class org.gradle.internal.installation.CurrentGradleInstallationLocator               : loaded 2 times (x 69B)
Class org.gradle.api.internal.classpath.Module                                        : loaded 2 times (x 68B)
Class com.google.common.base.Splitter$1$1                                             : loaded 2 times (x 84B)
Class org.gradle.internal.service.CachingServiceLocator                               : loaded 2 times (x 80B)
Class org.gradle.internal.time.Timer                                                  : loaded 2 times (x 68B)
Class org.jetbrains.plugins.gradle.model.tests.ExternalTestsModel                     : loaded 2 times (x 68B)
Class org.jetbrains.kotlin.idea.gradleTooling.KotlinDslScriptAdditionalTask           : loaded 2 times (x 68B)
Class org.gradle.internal.classpath.DefaultClassPath                                  : loaded 2 times (x 88B)
Class com.google.common.base.Splitter$SplittingIterator                               : loaded 2 times (x 82B)
Class com.intellij.openapi.externalSystem.model.project.dependencies.ProjectDependencies: loaded 2 times (x 68B)
Class Build_gradle$1                                                                  : loaded 2 times (x 76B)
Class org.jetbrains.kotlin.idea.gradleTooling.PrepareKotlinIdeImportTaskModel         : loaded 2 times (x 68B)
Class org.gradle.internal.impldep.com.google.common.base.Preconditions                : loaded 2 times (x 69B)
Class kotlin.jvm.functions.Function1                                                  : loaded 2 times (x 68B)
Class com.google.common.base.CharMatcher$Is                                           : loaded 2 times (x 109B)
Class com.google.common.collect.RegularImmutableAsList                                : loaded 2 times (x 176B)
Class org.gradle.internal.time.Time                                                   : loaded 2 times (x 69B)
Class org.gradle.internal.time.TimeSource$1                                           : loaded 2 times (x 75B)
Class org.gradle.internal.classloader.SystemClassLoaderSpec                           : loaded 2 times (x 69B)
Class [Lcom.google.common.base.AbstractIterator$State;                                : loaded 2 times (x 67B)
Class com.google.common.base.AbstractIterator                                         : loaded 2 times (x 78B)
Class com.google.common.base.AbstractIterator$1                                       : loaded 2 times (x 69B)
Class kotlin.Function                                                                 : loaded 2 times (x 68B)
Class com.google.common.base.CharMatcher$1                                            : loaded 2 times (x 111B)
Class com.google.common.base.CharMatcher$Ascii                                        : loaded 2 times (x 110B)
Class org.gradle.api.UncheckedIOException                                             : loaded 2 times (x 80B)
Class com.google.common.base.CharMatcher$And                                          : loaded 2 times (x 110B)
Class com.google.common.base.CharMatcher$Any                                          : loaded 2 times (x 110B)
Class org.gradle.api.internal.ClassPathProvider                                       : loaded 2 times (x 68B)
Class com.google.common.base.CharMatcher$RangesMatcher                                : loaded 2 times (x 110B)
Class org.gradle.tooling.internal.gradle.GradleProjectIdentity                        : loaded 2 times (x 68B)
Class com.google.common.collect.ImmutableList$SubList                                 : loaded 2 times (x 168B)
Class org.gradle.internal.time.CountdownTimer                                         : loaded 2 times (x 68B)
Class org.gradle.internal.time.Clock                                                  : loaded 2 times (x 68B)
Class org.gradle.internal.classloader.ClasspathUtil                                   : loaded 2 times (x 69B)
Class org.gradle.tooling.model.BuildIdentifier                                        : loaded 2 times (x 68B)
Class com.google.common.base.Splitter$1                                               : loaded 2 times (x 75B)
Class org.gradle.api.internal.DefaultClassPathRegistry                                : loaded 2 times (x 74B)
Class org.gradle.api.internal.classpath.DefaultModuleRegistry$DefaultModule           : loaded 2 times (x 84B)
Class com.google.common.base.CharMatcher$JavaIsoControl                               : loaded 2 times (x 110B)
Class com.google.common.base.CharMatcher$Or                                           : loaded 2 times (x 110B)
Class org.gradle.kotlin.dsl.VersionCatalogAccessorsKt                                 : loaded 2 times (x 69B)
Class org.gradle.internal.time.TimeSource                                             : loaded 2 times (x 68B)
Class org.jetbrains.kotlin.android.synthetic.idea.AndroidExtensionsGradleModel        : loaded 2 times (x 68B)
Class com.google.common.base.CharMatcher$JavaLowerCase                                : loaded 2 times (x 109B)
Class org.gradle.api.internal.classpath.UnknownModuleException                        : loaded 2 times (x 80B)
Class com.google.common.base.CommonPattern                                            : loaded 2 times (x 72B)
Class org.jetbrains.plugins.gradle.model.IntelliJProjectSettings                      : loaded 2 times (x 68B)
Class org.gradle.internal.service.ServiceLookupException                              : loaded 2 times (x 80B)
Class org.gradle.cache.GlobalCache                                                    : loaded 2 times (x 68B)
Class org.jetbrains.kotlin.idea.gradleTooling.model.lombok.LombokModel                : loaded 2 times (x 68B)
Class org.gradle.tooling.model.ProjectIdentifier                                      : loaded 2 times (x 68B)
Class com.google.common.base.CharMatcher$NegatedFastMatcher                           : loaded 2 times (x 111B)
Class [Lorg.gradle.api.internal.ClassPathProvider;                                    : loaded 2 times (x 67B)
Class org.gradle.internal.operations.MultipleBuildOperationFailures                   : loaded 2 times (x 93B)
Class org.gradle.util.internal.GUtil                                                  : loaded 2 times (x 69B)
Class org.jetbrains.plugins.gradle.model.AnnotationProcessingModel                    : loaded 2 times (x 68B)
Class org.gradle.internal.classloader.ClassLoaderSpec                                 : loaded 2 times (x 69B)
Class com.google.common.base.NullnessCasts                                            : loaded 2 times (x 69B)
Class com.google.common.base.CharMatcher$Negated                                      : loaded 2 times (x 111B)
Class com.google.common.base.CharMatcher$ForPredicate                                 : loaded 2 times (x 110B)
Class org.gradle.internal.classloader.VisitableURLClassLoader                         : loaded 2 times (x 115B)
Class org.gradle.internal.installation.GradleInstallation                             : loaded 2 times (x 73B)
Class Build_gradle                                                                    : loaded 2 times (x 70B)
Class org.gradle.api.internal.ClassPathRegistry                                       : loaded 2 times (x 68B)
Class org.gradle.internal.classloader.VisitableURLClassLoader$InstrumentingVisitableURLClassLoader: loaded 2 times (x 121B)
Class org.gradle.internal.classloader.ClassLoaderHierarchy                            : loaded 2 times (x 68B)
Class org.gradle.internal.exceptions.MultiCauseException                              : loaded 2 times (x 68B)
Class org.jetbrains.kotlin.idea.gradleTooling.model.parcelize.ParcelizeGradleModel    : loaded 2 times (x 68B)
Class com.google.common.base.AbstractIterator$State                                   : loaded 2 times (x 77B)
Class com.google.common.base.CharMatcher$NamedFastMatcher                             : loaded 2 times (x 110B)
Class org.gradle.internal.InternalTransformer                                         : loaded 2 times (x 68B)
Class org.jetbrains.kotlin.idea.gradleTooling.model.noarg.NoArgModel                  : loaded 2 times (x 68B)
Class org.jetbrains.kotlin.idea.gradleTooling.KotlinGradleModel                       : loaded 2 times (x 68B)
Class org.gradle.tooling.internal.gradle.DefaultBuildIdentifier                       : loaded 2 times (x 77B)
Class org.gradle.internal.service.ServiceLocator                                      : loaded 2 times (x 68B)
Class Settings_gradle$1                                                               : loaded 2 times (x 72B)
Class org.jetbrains.kotlin.idea.gradleTooling.model.allopen.AllOpenModel              : loaded 2 times (x 68B)
Class com.google.common.base.CharMatcher$Invisible                                    : loaded 2 times (x 110B)
Class com.google.common.base.CharMatcher$FastMatcher                                  : loaded 2 times (x 109B)
Class org.gradle.internal.classpath.DefaultClassPath$ImmutableUniqueList              : loaded 2 times (x 159B)
Class org.gradle.internal.time.DefaultTimer                                           : loaded 2 times (x 78B)
Class com.google.common.base.CharMatcher$JavaLetter                                   : loaded 2 times (x 109B)
Class org.gradle.internal.classpath.TransformedClassPath                              : loaded 2 times (x 94B)
Class Settings_gradle                                                                 : loaded 2 times (x 126B)
Class com.google.common.collect.ImmutableAsList                                       : loaded 2 times (x 169B)
Class com.google.common.base.CharMatcher$AnyOf                                        : loaded 2 times (x 110B)
Class com.google.common.base.CharMatcher$IsEither                                     : loaded 2 times (x 109B)
Class com.google.common.collect.RegularImmutableList                                  : loaded 2 times (x 172B)
Class com.google.common.base.CharMatcher$JavaUpperCase                                : loaded 2 times (x 109B)


---------------  S Y S T E M  ---------------

OS:
 Windows 10 , 64 bit Build 19041 (10.0.19041.4842)
OS uptime: 0 days 9:37 hours

CPU: total 12 (initial active 12) (6 cores per cpu, 2 threads per core) family 6 model 154 stepping 4 microcode 0x424, cx8, cmov, fxsr, ht, mmx, 3dnowpref, sse, sse2, sse3, ssse3, sse4.1, sse4.2, popcnt, lzcnt, tsc, tscinvbit, avx, avx2, aes, erms, clmul, bmi1, bmi2, adx, sha, fma, vzeroupper, clflush, clflushopt, clwb
Processor Information for processor 0
  Max Mhz: 1300, Current Mhz: 1300, Mhz Limit: 1300
Processor Information for processor 1
  Max Mhz: 1300, Current Mhz: 1300, Mhz Limit: 1300
Processor Information for processor 2
  Max Mhz: 1300, Current Mhz: 1300, Mhz Limit: 1300
Processor Information for processor 3
  Max Mhz: 1300, Current Mhz: 1300, Mhz Limit: 1300
Processor Information for processor 4
  Max Mhz: 900, Current Mhz: 900, Mhz Limit: 900
Processor Information for processor 5
  Max Mhz: 900, Current Mhz: 900, Mhz Limit: 900
Processor Information for processor 6
  Max Mhz: 900, Current Mhz: 900, Mhz Limit: 900
Processor Information for processor 7
  Max Mhz: 900, Current Mhz: 900, Mhz Limit: 900
Processor Information for processor 8
  Max Mhz: 900, Current Mhz: 900, Mhz Limit: 900
Processor Information for processor 9
  Max Mhz: 900, Current Mhz: 900, Mhz Limit: 900
Processor Information for processor 10
  Max Mhz: 900, Current Mhz: 900, Mhz Limit: 900
Processor Information for processor 11
  Max Mhz: 900, Current Mhz: 900, Mhz Limit: 900

Memory: 4k page, system-wide physical 7916M (956M free)
TotalPageFile size 12012M (AvailPageFile size 43M)
current process WorkingSet (physical memory assigned to process): 373M, peak: 380M
current process commit charge ("private bytes"): 413M, peak: 571M

vm_info: OpenJDK 64-Bit Server VM (17.0.11+0--11852314) for windows-amd64 JRE (17.0.11+0--11852314), built on May 16 2024 21:29:20 by "androidbuild" with MS VC++ 16.10 / 16.11 (VS2019)

END.
