#
# There is insufficient memory for the Java Runtime Environment to continue.
# Native memory allocation (malloc) failed to allocate 1163856 bytes. Error detail: Chunk::new
# Possible reasons:
#   The system is out of physical RAM or swap space
#   This process is running with CompressedOops enabled, and the Java Heap may be blocking the growth of the native heap
# Possible solutions:
#   Reduce memory load on the system
#   Increase physical memory or swap space
#   Check if swap backing store is full
#   Decrease Java heap size (-Xmx/-Xms)
#   Decrease number of Java threads
#   Decrease Java thread stack sizes (-Xss)
#   Set larger code cache with -XX:ReservedCodeCacheSize=
#   JVM is running with Unscaled Compressed Oops mode in which the Java heap is
#     placed in the first 4GB address space. The Java Heap base address is the
#     maximum limit for the native heap growth. Please use -XX:HeapBaseMinAddress
#     to set the Java Heap base and to place the Java Heap above 4GB virtual address.
# This output file may be truncated or incomplete.
#
#  Out of Memory Error (arena.cpp:191), pid=15236, tid=15792
#
# JRE version: OpenJDK Runtime Environment (17.0.11) (build 17.0.11+0--11852314)
# Java VM: OpenJDK 64-Bit Server VM (17.0.11+0--11852314, mixed mode, tiered, compressed oops, compressed class ptrs, g1 gc, windows-amd64)
# No core dump will be written. Minidumps are not enabled by default on client versions of Windows
#

---------------  S U M M A R Y ------------

Command Line: --add-opens=java.base/java.util=ALL-UNNAMED --add-opens=java.base/java.lang=ALL-UNNAMED --add-opens=java.base/java.lang.invoke=ALL-UNNAMED --add-opens=java.prefs/java.util.prefs=ALL-UNNAMED --add-opens=java.base/java.nio.charset=ALL-UNNAMED --add-opens=java.base/java.net=ALL-UNNAMED --add-opens=java.base/java.util.concurrent.atomic=ALL-UNNAMED -Xmx2048m -Dfile.encoding=UTF-8 -Duser.country=US -Duser.language=en -Duser.variant -javaagent:C:\Users\PMLS\.gradle\wrapper\dists\gradle-8.7-bin\bhs2wmbdwecv87pi65oeuq5iu\gradle-8.7\lib\agents\gradle-instrumentation-agent-8.7.jar org.gradle.launcher.daemon.bootstrap.GradleDaemon 8.7

Host: 12th Gen Intel(R) Core(TM) i5-1235U, 12 cores, 7G,  Windows 10 , 64 bit Build 19041 (10.0.19041.4842)
Time: Thu Oct  3 01:42:33 2024 Pakistan Standard Time elapsed time: 22.282969 seconds (0d 0h 0m 22s)

---------------  T H R E A D  ---------------

Current thread (0x0000011039c8c860):  JavaThread "C2 CompilerThread0" daemon [_thread_in_native, id=15792, stack(0x0000000ab1500000,0x0000000ab1600000)]


Current CompileTask:
C2:  22283 8479       4       org.jetbrains.kotlin.metadata.ProtoBuf$Type::isInitialized (145 bytes)

Stack: [0x0000000ab1500000,0x0000000ab1600000]
Native frames: (J=compiled Java code, j=interpreted, Vv=VM code, C=native code)
V  [jvm.dll+0x687bb9]
V  [jvm.dll+0x84142a]
V  [jvm.dll+0x8430ae]
V  [jvm.dll+0x843713]
V  [jvm.dll+0x24a35f]
V  [jvm.dll+0xac544]
V  [jvm.dll+0xacb8c]
V  [jvm.dll+0x369be2]
V  [jvm.dll+0x33416a]
V  [jvm.dll+0x33360a]
V  [jvm.dll+0x21bed1]
V  [jvm.dll+0x21b311]
V  [jvm.dll+0x1a63ed]
V  [jvm.dll+0x22b1ee]
V  [jvm.dll+0x229375]
V  [jvm.dll+0x7f5647]
V  [jvm.dll+0x7efa4a]
V  [jvm.dll+0x686a35]
C  [ucrtbase.dll+0x21bb2]
C  [KERNEL32.DLL+0x17374]
C  [ntdll.dll+0x4cc91]


---------------  P R O C E S S  ---------------

Threads class SMR info:
_java_thread_list=0x00000110417e4350, length=57, elements={
0x000001101f9bea30, 0x000001103e023260, 0x0000011039c62920, 0x0000011039c708a0,
0x0000011039c8a2a0, 0x0000011039c8ab70, 0x0000011039c8b440, 0x0000011039c8c860,
0x0000011039c8d170, 0x0000011039c8da80, 0x000001103e18c000, 0x000001103e2dd590,
0x0000011040a55490, 0x0000011040e05e10, 0x000001103fc77620, 0x000001103ef5b080,
0x0000011040ad1f20, 0x0000011040f96990, 0x000001104053c450, 0x000001103f3b8b40,
0x000001103f3b62c0, 0x000001103f3b71f0, 0x000001103f3b6ce0, 0x000001103f3b7c10,
0x000001103f3b8120, 0x000001103f3b9050, 0x000001103f8b3d20, 0x000001103f8b0a80,
0x000001103f8af640, 0x000001103f8aec20, 0x000001103f8b1ec0, 0x000001103f8b0f90,
0x000001103f8b23d0, 0x000001103f8b3300, 0x000001103f8b0570, 0x000001103f8afb50,
0x000001103f8b0060, 0x000001103f8b28e0, 0x000001103f8b2df0, 0x000001103f8adcf0,
0x000001103f8b4230, 0x000001103f8b3810, 0x000001103f8b19b0, 0x000001103f8ad2d0,
0x000001103f8b4740, 0x0000011041a659d0, 0x0000011041a654c0, 0x0000011041a64aa0,
0x0000011041a5f9a0, 0x0000011041a64fb0, 0x0000011041a63b70, 0x0000011041a62220,
0x0000011041a5feb0, 0x0000011041a603c0, 0x0000011041a62c40, 0x0000011041a64080,
0x0000011041a5f490
}

Java Threads: ( => current thread )
  0x000001101f9bea30 JavaThread "main" [_thread_blocked, id=2024, stack(0x0000000ab0800000,0x0000000ab0900000)]
  0x000001103e023260 JavaThread "Reference Handler" daemon [_thread_blocked, id=3608, stack(0x0000000ab0f00000,0x0000000ab1000000)]
  0x0000011039c62920 JavaThread "Finalizer" daemon [_thread_blocked, id=5676, stack(0x0000000ab1000000,0x0000000ab1100000)]
  0x0000011039c708a0 JavaThread "Signal Dispatcher" daemon [_thread_blocked, id=1192, stack(0x0000000ab1100000,0x0000000ab1200000)]
  0x0000011039c8a2a0 JavaThread "Attach Listener" daemon [_thread_blocked, id=15724, stack(0x0000000ab1200000,0x0000000ab1300000)]
  0x0000011039c8ab70 JavaThread "Service Thread" daemon [_thread_blocked, id=15840, stack(0x0000000ab1300000,0x0000000ab1400000)]
  0x0000011039c8b440 JavaThread "Monitor Deflation Thread" daemon [_thread_blocked, id=15984, stack(0x0000000ab1400000,0x0000000ab1500000)]
=>0x0000011039c8c860 JavaThread "C2 CompilerThread0" daemon [_thread_in_native, id=15792, stack(0x0000000ab1500000,0x0000000ab1600000)]
  0x0000011039c8d170 JavaThread "C1 CompilerThread0" daemon [_thread_blocked, id=2100, stack(0x0000000ab1600000,0x0000000ab1700000)]
  0x0000011039c8da80 JavaThread "Sweeper thread" daemon [_thread_blocked, id=6660, stack(0x0000000ab1700000,0x0000000ab1800000)]
  0x000001103e18c000 JavaThread "Common-Cleaner" daemon [_thread_blocked, id=11208, stack(0x0000000ab1800000,0x0000000ab1900000)]
  0x000001103e2dd590 JavaThread "Notification Thread" daemon [_thread_blocked, id=13364, stack(0x0000000ab1900000,0x0000000ab1a00000)]
  0x0000011040a55490 JavaThread "Daemon health stats" [_thread_blocked, id=12628, stack(0x0000000ab2100000,0x0000000ab2200000)]
  0x0000011040e05e10 JavaThread "Incoming local TCP Connector on port 53965" [_thread_in_native, id=14992, stack(0x0000000ab2200000,0x0000000ab2300000)]
  0x000001103fc77620 JavaThread "Daemon periodic checks" [_thread_blocked, id=3996, stack(0x0000000ab2300000,0x0000000ab2400000)]
  0x000001103ef5b080 JavaThread "Daemon" [_thread_blocked, id=14268, stack(0x0000000ab2400000,0x0000000ab2500000)]
  0x0000011040ad1f20 JavaThread "Handler for socket connection from /127.0.0.1:53965 to /127.0.0.1:53966" [_thread_in_native, id=15440, stack(0x0000000ab2500000,0x0000000ab2600000)]
  0x0000011040f96990 JavaThread "Cancel handler" [_thread_blocked, id=8764, stack(0x0000000ab2600000,0x0000000ab2700000)]
  0x000001104053c450 JavaThread "Daemon worker" [_thread_in_vm, id=548, stack(0x0000000ab2700000,0x0000000ab2800000)]
  0x000001103f3b8b40 JavaThread "Asynchronous log dispatcher for DefaultDaemonConnection: socket connection from /127.0.0.1:53965 to /127.0.0.1:53966" [_thread_blocked, id=15680, stack(0x0000000ab2800000,0x0000000ab2900000)]
  0x000001103f3b62c0 JavaThread "Stdin handler" [_thread_blocked, id=6612, stack(0x0000000ab2900000,0x0000000ab2a00000)]
  0x000001103f3b71f0 JavaThread "Daemon client event forwarder" [_thread_blocked, id=14892, stack(0x0000000ab2a00000,0x0000000ab2b00000)]
  0x000001103f3b6ce0 JavaThread "Cache worker for journal cache (C:\Users\PMLS\.gradle\caches\journal-1)" [_thread_blocked, id=10432, stack(0x0000000ab3200000,0x0000000ab3300000)]
  0x000001103f3b7c10 JavaThread "File lock request listener" [_thread_in_native, id=6652, stack(0x0000000ab3300000,0x0000000ab3400000)]
  0x000001103f3b8120 JavaThread "Cache worker for file hash cache (C:\Users\PMLS\.gradle\caches\8.7\fileHashes)" [_thread_blocked, id=12868, stack(0x0000000ab3400000,0x0000000ab3500000)]
  0x000001103f3b9050 JavaThread "File lock release action executor" [_thread_blocked, id=5188, stack(0x0000000ab1b00000,0x0000000ab1c00000)]
  0x000001103f8b3d20 JavaThread "Cache worker for file hash cache (C:\Users\PMLS\AndroidStudioProjects\TOODOOLISTAPP2\.gradle\8.7\fileHashes)" [_thread_blocked, id=9204, stack(0x0000000ab1c00000,0x0000000ab1d00000)]
  0x000001103f8b0a80 JavaThread "File watcher server" daemon [_thread_in_native, id=6376, stack(0x0000000ab3600000,0x0000000ab3700000)]
  0x000001103f8af640 JavaThread "File watcher consumer" daemon [_thread_blocked, id=8820, stack(0x0000000ab3700000,0x0000000ab3800000)]
  0x000001103f8aec20 JavaThread "jar transforms" [_thread_blocked, id=7080, stack(0x0000000ab3800000,0x0000000ab3900000)]
  0x000001103f8b1ec0 JavaThread "jar transforms Thread 2" [_thread_blocked, id=580, stack(0x0000000ab3900000,0x0000000ab3a00000)]
  0x000001103f8b0f90 JavaThread "jar transforms Thread 3" [_thread_blocked, id=13132, stack(0x0000000ab3a00000,0x0000000ab3b00000)]
  0x000001103f8b23d0 JavaThread "jar transforms Thread 4" [_thread_blocked, id=14088, stack(0x0000000ab3b00000,0x0000000ab3c00000)]
  0x000001103f8b3300 JavaThread "jar transforms Thread 5" [_thread_blocked, id=10352, stack(0x0000000ab3c00000,0x0000000ab3d00000)]
  0x000001103f8b0570 JavaThread "jar transforms Thread 6" [_thread_blocked, id=12616, stack(0x0000000ab3d00000,0x0000000ab3e00000)]
  0x000001103f8afb50 JavaThread "jar transforms Thread 7" [_thread_blocked, id=15912, stack(0x0000000ab3e00000,0x0000000ab3f00000)]
  0x000001103f8b0060 JavaThread "jar transforms Thread 8" [_thread_blocked, id=12684, stack(0x0000000ab3f00000,0x0000000ab4000000)]
  0x000001103f8b28e0 JavaThread "jar transforms Thread 9" [_thread_blocked, id=6716, stack(0x0000000ab4000000,0x0000000ab4100000)]
  0x000001103f8b2df0 JavaThread "jar transforms Thread 10" [_thread_blocked, id=9024, stack(0x0000000ab4100000,0x0000000ab4200000)]
  0x000001103f8adcf0 JavaThread "jar transforms Thread 11" [_thread_blocked, id=8876, stack(0x0000000ab4200000,0x0000000ab4300000)]
  0x000001103f8b4230 JavaThread "jar transforms Thread 12" [_thread_blocked, id=13704, stack(0x0000000ab4300000,0x0000000ab4400000)]
  0x000001103f8b3810 JavaThread "Cache worker for checksums cache (C:\Users\PMLS\AndroidStudioProjects\TOODOOLISTAPP2\.gradle\8.7\checksums)" [_thread_blocked, id=6244, stack(0x0000000ab4500000,0x0000000ab4600000)]
  0x000001103f8b19b0 JavaThread "Cache worker for cache directory md-supplier (C:\Users\PMLS\.gradle\caches\8.7\md-supplier)" [_thread_blocked, id=16140, stack(0x0000000ab4600000,0x0000000ab4700000)]
  0x000001103f8ad2d0 JavaThread "Cache worker for cache directory md-rule (C:\Users\PMLS\.gradle\caches\8.7\md-rule)" [_thread_blocked, id=4664, stack(0x0000000ab4700000,0x0000000ab4800000)]
  0x000001103f8b4740 JavaThread "Cache worker for file content cache (C:\Users\PMLS\.gradle\caches\8.7\fileContent)" [_thread_blocked, id=10088, stack(0x0000000ab4800000,0x0000000ab4900000)]
  0x0000011041a659d0 JavaThread "Unconstrained build operations" [_thread_blocked, id=13332, stack(0x0000000ab4900000,0x0000000ab4a00000)]
  0x0000011041a654c0 JavaThread "Unconstrained build operations Thread 2" [_thread_blocked, id=5316, stack(0x0000000ab4a00000,0x0000000ab4b00000)]
  0x0000011041a64aa0 JavaThread "Unconstrained build operations Thread 3" [_thread_blocked, id=11748, stack(0x0000000ab4b00000,0x0000000ab4c00000)]
  0x0000011041a5f9a0 JavaThread "Unconstrained build operations Thread 4" [_thread_blocked, id=9360, stack(0x0000000ab4c00000,0x0000000ab4d00000)]
  0x0000011041a64fb0 JavaThread "Unconstrained build operations Thread 5" [_thread_blocked, id=13088, stack(0x0000000ab4d00000,0x0000000ab4e00000)]
  0x0000011041a63b70 JavaThread "Unconstrained build operations Thread 6" [_thread_blocked, id=8044, stack(0x0000000ab4e00000,0x0000000ab4f00000)]
  0x0000011041a62220 JavaThread "Unconstrained build operations Thread 7" [_thread_blocked, id=12332, stack(0x0000000ab4f00000,0x0000000ab5000000)]
  0x0000011041a5feb0 JavaThread "Unconstrained build operations Thread 8" [_thread_blocked, id=13668, stack(0x0000000ab5000000,0x0000000ab5100000)]
  0x0000011041a603c0 JavaThread "Unconstrained build operations Thread 9" [_thread_blocked, id=7656, stack(0x0000000ab5100000,0x0000000ab5200000)]
  0x0000011041a62c40 JavaThread "Unconstrained build operations Thread 10" [_thread_blocked, id=3616, stack(0x0000000ab5200000,0x0000000ab5300000)]
  0x0000011041a64080 JavaThread "Cache worker for Build Output Cleanup Cache (C:\Users\PMLS\AndroidStudioProjects\TOODOOLISTAPP2\.gradle\buildOutputCleanup)" [_thread_blocked, id=13576, stack(0x0000000ab5300000,0x0000000ab5400000)]
  0x0000011041a5f490 JavaThread "Kotlin DSL Writer" [_thread_blocked, id=15700, stack(0x0000000ab5400000,0x0000000ab5500000)]

Other Threads:
  0x0000011039c7ce00 VMThread "VM Thread" [stack: 0x0000000ab0e00000,0x0000000ab0f00000] [id=2548]
  0x000001103e2dda70 WatcherThread [stack: 0x0000000ab1a00000,0x0000000ab1b00000] [id=4636]
  0x000001101fa1a040 GCTaskThread "GC Thread#0" [stack: 0x0000000ab0900000,0x0000000ab0a00000] [id=15784]
  0x000001103f1af9b0 GCTaskThread "GC Thread#1" [stack: 0x0000000ab1d00000,0x0000000ab1e00000] [id=3396]
  0x000001103f730840 GCTaskThread "GC Thread#2" [stack: 0x0000000ab1e00000,0x0000000ab1f00000] [id=4360]
  0x000001103ee17100 GCTaskThread "GC Thread#3" [stack: 0x0000000ab1f00000,0x0000000ab2000000] [id=4700]
  0x000001103e57fb00 GCTaskThread "GC Thread#4" [stack: 0x0000000ab2000000,0x0000000ab2100000] [id=2912]
  0x0000011040d740b0 GCTaskThread "GC Thread#5" [stack: 0x0000000ab2b00000,0x0000000ab2c00000] [id=6172]
  0x0000011040d74370 GCTaskThread "GC Thread#6" [stack: 0x0000000ab2c00000,0x0000000ab2d00000] [id=4656]
  0x0000011040d753f0 GCTaskThread "GC Thread#7" [stack: 0x0000000ab2d00000,0x0000000ab2e00000] [id=10428]
  0x0000011040d756b0 GCTaskThread "GC Thread#8" [stack: 0x0000000ab2e00000,0x0000000ab2f00000] [id=9016]
  0x0000011040d74630 GCTaskThread "GC Thread#9" [stack: 0x0000000ab2f00000,0x0000000ab3000000] [id=2868]
  0x000001101fa2aea0 ConcurrentGCThread "G1 Main Marker" [stack: 0x0000000ab0a00000,0x0000000ab0b00000] [id=12112]
  0x000001101fa2b7d0 ConcurrentGCThread "G1 Conc#0" [stack: 0x0000000ab0b00000,0x0000000ab0c00000] [id=9408]
  0x0000011040d74e70 ConcurrentGCThread "G1 Conc#1" [stack: 0x0000000ab3000000,0x0000000ab3100000] [id=2928]
  0x0000011040d748f0 ConcurrentGCThread "G1 Conc#2" [stack: 0x0000000ab3100000,0x0000000ab3200000] [id=12644]
  0x0000011039ad4cc0 ConcurrentGCThread "G1 Refine#0" [stack: 0x0000000ab0c00000,0x0000000ab0d00000] [id=5900]
  0x000001103eb3c390 ConcurrentGCThread "G1 Refine#1" [stack: 0x0000000ab4400000,0x0000000ab4500000] [id=4044]
  0x00000110425dddf0 ConcurrentGCThread "G1 Refine#2" [stack: 0x0000000ab3500000,0x0000000ab3600000] [id=12396]
  0x000001101fa79790 ConcurrentGCThread "G1 Service" [stack: 0x0000000ab0d00000,0x0000000ab0e00000] [id=13608]

Threads with active compile tasks:
C2 CompilerThread0    22318 8479       4       org.jetbrains.kotlin.metadata.ProtoBuf$Type::isInitialized (145 bytes)

VM state: not at safepoint (normal execution)

VM Mutex/Monitor currently owned by a thread: None

Heap address: 0x0000000080000000, size: 2048 MB, Compressed Oops mode: 32-bit

CDS archive(s) not mapped
Compressed class space mapped at: 0x0000000100000000-0x0000000140000000, reserved size: 1073741824
Narrow klass base: 0x0000000000000000, Narrow klass shift: 3, Narrow klass range: 0x140000000

GC Precious Log:
 CPUs: 12 total, 12 available
 Memory: 7916M
 Large Page Support: Disabled
 NUMA Support: Disabled
 Compressed Oops: Enabled (32-bit)
 Heap Region Size: 1M
 Heap Min Capacity: 8M
 Heap Initial Capacity: 124M
 Heap Max Capacity: 2G
 Pre-touch: Disabled
 Parallel Workers: 10
 Concurrent Workers: 3
 Concurrent Refinement Workers: 10
 Periodic GC: Disabled

Heap:
 garbage-first heap   total 196608K, used 114885K [0x0000000080000000, 0x0000000100000000)
  region size 1024K, 8 young (8192K), 1 survivors (1024K)
 Metaspace       used 109496K, committed 110272K, reserved 1179648K
  class space    used 14687K, committed 15040K, reserved 1048576K

Heap Regions: E=young(eden), S=young(survivor), O=old, HS=humongous(starts), HC=humongous(continues), CS=collection set, F=free, OA=open archive, CA=closed archive, TAMS=top-at-mark-start (previous, next)
|   0|0x0000000080000000, 0x0000000080100000, 0x0000000080100000|100%|HS|  |TAMS 0x0000000080100000, 0x0000000080000000| Complete 
|   1|0x0000000080100000, 0x0000000080200000, 0x0000000080200000|100%|HC|  |TAMS 0x0000000080200000, 0x0000000080100000| Complete 
|   2|0x0000000080200000, 0x0000000080300000, 0x0000000080300000|100%|HC|  |TAMS 0x0000000080300000, 0x0000000080200000| Complete 
|   3|0x0000000080300000, 0x0000000080400000, 0x0000000080400000|100%|HC|  |TAMS 0x0000000080400000, 0x0000000080300000| Complete 
|   4|0x0000000080400000, 0x0000000080500000, 0x0000000080500000|100%| O|  |TAMS 0x0000000080500000, 0x0000000080400000| Untracked 
|   5|0x0000000080500000, 0x0000000080600000, 0x0000000080600000|100%| O|  |TAMS 0x0000000080600000, 0x0000000080500000| Untracked 
|   6|0x0000000080600000, 0x0000000080700000, 0x0000000080700000|100%| O|  |TAMS 0x0000000080700000, 0x0000000080600000| Untracked 
|   7|0x0000000080700000, 0x0000000080800000, 0x0000000080800000|100%| O|  |TAMS 0x0000000080800000, 0x0000000080700000| Untracked 
|   8|0x0000000080800000, 0x0000000080900000, 0x0000000080900000|100%| O|  |TAMS 0x0000000080900000, 0x0000000080800000| Untracked 
|   9|0x0000000080900000, 0x0000000080a00000, 0x0000000080a00000|100%| O|  |TAMS 0x0000000080a00000, 0x0000000080900000| Untracked 
|  10|0x0000000080a00000, 0x0000000080b00000, 0x0000000080b00000|100%| O|  |TAMS 0x0000000080b00000, 0x0000000080a00000| Untracked 
|  11|0x0000000080b00000, 0x0000000080c00000, 0x0000000080c00000|100%| O|  |TAMS 0x0000000080c00000, 0x0000000080b00000| Untracked 
|  12|0x0000000080c00000, 0x0000000080d00000, 0x0000000080d00000|100%| O|  |TAMS 0x0000000080d00000, 0x0000000080c00000| Untracked 
|  13|0x0000000080d00000, 0x0000000080e00000, 0x0000000080e00000|100%| O|  |TAMS 0x0000000080e00000, 0x0000000080d00000| Untracked 
|  14|0x0000000080e00000, 0x0000000080f00000, 0x0000000080f00000|100%| O|  |TAMS 0x0000000080f00000, 0x0000000080e00000| Untracked 
|  15|0x0000000080f00000, 0x0000000081000000, 0x0000000081000000|100%| O|  |TAMS 0x0000000081000000, 0x0000000080f00000| Untracked 
|  16|0x0000000081000000, 0x0000000081100000, 0x0000000081100000|100%| O|  |TAMS 0x0000000081100000, 0x0000000081000000| Untracked 
|  17|0x0000000081100000, 0x0000000081200000, 0x0000000081200000|100%| O|  |TAMS 0x0000000081200000, 0x0000000081100000| Untracked 
|  18|0x0000000081200000, 0x0000000081300000, 0x0000000081300000|100%| O|  |TAMS 0x0000000081300000, 0x0000000081200000| Untracked 
|  19|0x0000000081300000, 0x0000000081400000, 0x0000000081400000|100%| O|  |TAMS 0x0000000081400000, 0x0000000081300000| Untracked 
|  20|0x0000000081400000, 0x0000000081500000, 0x0000000081500000|100%|HS|  |TAMS 0x0000000081500000, 0x0000000081400000| Complete 
|  21|0x0000000081500000, 0x0000000081600000, 0x0000000081600000|100%|HC|  |TAMS 0x0000000081600000, 0x0000000081500000| Complete 
|  22|0x0000000081600000, 0x0000000081700000, 0x0000000081700000|100%|HC|  |TAMS 0x0000000081700000, 0x0000000081600000| Complete 
|  23|0x0000000081700000, 0x0000000081800000, 0x0000000081800000|100%|HC|  |TAMS 0x0000000081800000, 0x0000000081700000| Complete 
|  24|0x0000000081800000, 0x0000000081900000, 0x0000000081900000|100%|HC|  |TAMS 0x0000000081900000, 0x0000000081800000| Complete 
|  25|0x0000000081900000, 0x0000000081a00000, 0x0000000081a00000|100%|HS|  |TAMS 0x0000000081a00000, 0x0000000081900000| Complete 
|  26|0x0000000081a00000, 0x0000000081b00000, 0x0000000081b00000|100%|HC|  |TAMS 0x0000000081b00000, 0x0000000081a00000| Complete 
|  27|0x0000000081b00000, 0x0000000081c00000, 0x0000000081c00000|100%|HC|  |TAMS 0x0000000081c00000, 0x0000000081b00000| Complete 
|  28|0x0000000081c00000, 0x0000000081d00000, 0x0000000081d00000|100%|HS|  |TAMS 0x0000000081d00000, 0x0000000081c00000| Complete 
|  29|0x0000000081d00000, 0x0000000081e00000, 0x0000000081e00000|100%|HC|  |TAMS 0x0000000081e00000, 0x0000000081d00000| Complete 
|  30|0x0000000081e00000, 0x0000000081f00000, 0x0000000081f00000|100%|HC|  |TAMS 0x0000000081f00000, 0x0000000081e00000| Complete 
|  31|0x0000000081f00000, 0x0000000082000000, 0x0000000082000000|100%| O|  |TAMS 0x0000000082000000, 0x0000000081f00000| Untracked 
|  32|0x0000000082000000, 0x0000000082100000, 0x0000000082100000|100%| O|  |TAMS 0x0000000082100000, 0x0000000082000000| Untracked 
|  33|0x0000000082100000, 0x0000000082200000, 0x0000000082200000|100%| O|  |TAMS 0x0000000082200000, 0x0000000082100000| Untracked 
|  34|0x0000000082200000, 0x0000000082300000, 0x0000000082300000|100%|HS|  |TAMS 0x0000000082300000, 0x0000000082200000| Complete 
|  35|0x0000000082300000, 0x0000000082400000, 0x0000000082400000|100%| O|  |TAMS 0x0000000082400000, 0x0000000082300000| Untracked 
|  36|0x0000000082400000, 0x0000000082500000, 0x0000000082500000|100%| O|  |TAMS 0x0000000082500000, 0x0000000082400000| Untracked 
|  37|0x0000000082500000, 0x0000000082600000, 0x0000000082600000|100%|HS|  |TAMS 0x0000000082600000, 0x0000000082500000| Complete 
|  38|0x0000000082600000, 0x0000000082700000, 0x0000000082700000|100%| O|  |TAMS 0x0000000082700000, 0x0000000082600000| Untracked 
|  39|0x0000000082700000, 0x0000000082800000, 0x0000000082800000|100%| O|  |TAMS 0x0000000082800000, 0x0000000082700000| Untracked 
|  40|0x0000000082800000, 0x0000000082900000, 0x0000000082900000|100%| O|  |TAMS 0x0000000082900000, 0x0000000082800000| Untracked 
|  41|0x0000000082900000, 0x0000000082a00000, 0x0000000082a00000|100%| O|  |TAMS 0x0000000082a00000, 0x0000000082900000| Untracked 
|  42|0x0000000082a00000, 0x0000000082b00000, 0x0000000082b00000|100%| O|  |TAMS 0x0000000082b00000, 0x0000000082a00000| Untracked 
|  43|0x0000000082b00000, 0x0000000082c00000, 0x0000000082c00000|100%| O|  |TAMS 0x0000000082c00000, 0x0000000082b00000| Untracked 
|  44|0x0000000082c00000, 0x0000000082d00000, 0x0000000082d00000|100%| O|  |TAMS 0x0000000082d00000, 0x0000000082c00000| Untracked 
|  45|0x0000000082d00000, 0x0000000082e00000, 0x0000000082e00000|100%| O|  |TAMS 0x0000000082e00000, 0x0000000082d00000| Untracked 
|  46|0x0000000082e00000, 0x0000000082f00000, 0x0000000082f00000|100%| O|  |TAMS 0x0000000082f00000, 0x0000000082e00000| Untracked 
|  47|0x0000000082f00000, 0x0000000083000000, 0x0000000083000000|100%| O|  |TAMS 0x0000000083000000, 0x0000000082f00000| Untracked 
|  48|0x0000000083000000, 0x0000000083100000, 0x0000000083100000|100%| O|  |TAMS 0x0000000083100000, 0x0000000083000000| Untracked 
|  49|0x0000000083100000, 0x0000000083200000, 0x0000000083200000|100%|HS|  |TAMS 0x0000000083200000, 0x0000000083100000| Complete 
|  50|0x0000000083200000, 0x0000000083300000, 0x0000000083300000|100%|HC|  |TAMS 0x0000000083300000, 0x0000000083200000| Complete 
|  51|0x0000000083300000, 0x0000000083400000, 0x0000000083400000|100%|HC|  |TAMS 0x0000000083400000, 0x0000000083300000| Complete 
|  52|0x0000000083400000, 0x0000000083500000, 0x0000000083500000|100%|HS|  |TAMS 0x0000000083500000, 0x0000000083400000| Complete 
|  53|0x0000000083500000, 0x0000000083600000, 0x0000000083600000|100%|HC|  |TAMS 0x0000000083600000, 0x0000000083500000| Complete 
|  54|0x0000000083600000, 0x0000000083700000, 0x0000000083700000|100%|HC|  |TAMS 0x0000000083700000, 0x0000000083600000| Complete 
|  55|0x0000000083700000, 0x0000000083800000, 0x0000000083800000|100%|HC|  |TAMS 0x0000000083800000, 0x0000000083700000| Complete 
|  56|0x0000000083800000, 0x0000000083900000, 0x0000000083900000|100%|HC|  |TAMS 0x0000000083900000, 0x0000000083800000| Complete 
|  57|0x0000000083900000, 0x0000000083a00000, 0x0000000083a00000|100%|HS|  |TAMS 0x0000000083a00000, 0x0000000083900000| Complete 
|  58|0x0000000083a00000, 0x0000000083b00000, 0x0000000083b00000|100%|HC|  |TAMS 0x0000000083b00000, 0x0000000083a00000| Complete 
|  59|0x0000000083b00000, 0x0000000083c00000, 0x0000000083c00000|100%|HC|  |TAMS 0x0000000083c00000, 0x0000000083b00000| Complete 
|  60|0x0000000083c00000, 0x0000000083d00000, 0x0000000083d00000|100%|HC|  |TAMS 0x0000000083d00000, 0x0000000083c00000| Complete 
|  61|0x0000000083d00000, 0x0000000083e00000, 0x0000000083e00000|100%|HC|  |TAMS 0x0000000083e00000, 0x0000000083d00000| Complete 
|  62|0x0000000083e00000, 0x0000000083f00000, 0x0000000083f00000|100%| O|  |TAMS 0x0000000083f00000, 0x0000000083e00000| Untracked 
|  63|0x0000000083f00000, 0x0000000084000000, 0x0000000084000000|100%| O|  |TAMS 0x0000000084000000, 0x0000000083f00000| Untracked 
|  64|0x0000000084000000, 0x0000000084100000, 0x0000000084100000|100%| O|  |TAMS 0x0000000084100000, 0x0000000084000000| Untracked 
|  65|0x0000000084100000, 0x0000000084200000, 0x0000000084200000|100%| O|  |TAMS 0x0000000084200000, 0x0000000084100000| Untracked 
|  66|0x0000000084200000, 0x0000000084300000, 0x0000000084300000|100%| O|  |TAMS 0x0000000084300000, 0x0000000084200000| Untracked 
|  67|0x0000000084300000, 0x0000000084400000, 0x0000000084400000|100%| O|  |TAMS 0x0000000084400000, 0x0000000084300000| Untracked 
|  68|0x0000000084400000, 0x0000000084500000, 0x0000000084500000|100%| O|  |TAMS 0x0000000084500000, 0x0000000084400000| Untracked 
|  69|0x0000000084500000, 0x0000000084500000, 0x0000000084600000|  0%| F|  |TAMS 0x0000000084500000, 0x0000000084500000| Untracked 
|  70|0x0000000084600000, 0x0000000084700000, 0x0000000084700000|100%| O|  |TAMS 0x0000000084700000, 0x0000000084600000| Untracked 
|  71|0x0000000084700000, 0x0000000084700000, 0x0000000084800000|  0%| F|  |TAMS 0x0000000084700000, 0x0000000084700000| Untracked 
|  72|0x0000000084800000, 0x0000000084900000, 0x0000000084900000|100%| O|  |TAMS 0x0000000084900000, 0x0000000084800000| Untracked 
|  73|0x0000000084900000, 0x0000000084a00000, 0x0000000084a00000|100%| O|  |TAMS 0x0000000084a00000, 0x0000000084900000| Untracked 
|  74|0x0000000084a00000, 0x0000000084b00000, 0x0000000084b00000|100%| O|  |TAMS 0x0000000084b00000, 0x0000000084a00000| Untracked 
|  75|0x0000000084b00000, 0x0000000084c00000, 0x0000000084c00000|100%| O|  |TAMS 0x0000000084c00000, 0x0000000084b00000| Untracked 
|  76|0x0000000084c00000, 0x0000000084d00000, 0x0000000084d00000|100%| O|  |TAMS 0x0000000084d00000, 0x0000000084c00000| Untracked 
|  77|0x0000000084d00000, 0x0000000084e00000, 0x0000000084e00000|100%|HS|  |TAMS 0x0000000084e00000, 0x0000000084d00000| Complete 
|  78|0x0000000084e00000, 0x0000000084f00000, 0x0000000084f00000|100%|HC|  |TAMS 0x0000000084f00000, 0x0000000084e00000| Complete 
|  79|0x0000000084f00000, 0x0000000085000000, 0x0000000085000000|100%|HC|  |TAMS 0x0000000085000000, 0x0000000084f00000| Complete 
|  80|0x0000000085000000, 0x0000000085100000, 0x0000000085100000|100%|HC|  |TAMS 0x0000000085100000, 0x0000000085000000| Complete 
|  81|0x0000000085100000, 0x0000000085200000, 0x0000000085200000|100%|HC|  |TAMS 0x0000000085200000, 0x0000000085100000| Complete 
|  82|0x0000000085200000, 0x0000000085300000, 0x0000000085300000|100%|HC|  |TAMS 0x0000000085300000, 0x0000000085200000| Complete 
|  83|0x0000000085300000, 0x0000000085400000, 0x0000000085400000|100%| O|  |TAMS 0x0000000085400000, 0x0000000085300000| Untracked 
|  84|0x0000000085400000, 0x0000000085500000, 0x0000000085500000|100%| O|  |TAMS 0x0000000085500000, 0x0000000085400000| Untracked 
|  85|0x0000000085500000, 0x0000000085600000, 0x0000000085600000|100%| O|  |TAMS 0x0000000085600000, 0x0000000085500000| Untracked 
|  86|0x0000000085600000, 0x0000000085700000, 0x0000000085700000|100%| O|  |TAMS 0x0000000085700000, 0x0000000085600000| Untracked 
|  87|0x0000000085700000, 0x0000000085800000, 0x0000000085800000|100%| O|  |TAMS 0x0000000085800000, 0x0000000085700000| Untracked 
|  88|0x0000000085800000, 0x0000000085900000, 0x0000000085900000|100%| O|  |TAMS 0x0000000085900000, 0x0000000085800000| Untracked 
|  89|0x0000000085900000, 0x0000000085a00000, 0x0000000085a00000|100%| O|  |TAMS 0x0000000085a00000, 0x0000000085900000| Untracked 
|  90|0x0000000085a00000, 0x0000000085b00000, 0x0000000085b00000|100%| O|  |TAMS 0x0000000085b00000, 0x0000000085a00000| Untracked 
|  91|0x0000000085b00000, 0x0000000085c00000, 0x0000000085c00000|100%| O|  |TAMS 0x0000000085c00000, 0x0000000085b00000| Untracked 
|  92|0x0000000085c00000, 0x0000000085d00000, 0x0000000085d00000|100%| O|  |TAMS 0x0000000085d00000, 0x0000000085c00000| Untracked 
|  93|0x0000000085d00000, 0x0000000085e00000, 0x0000000085e00000|100%| O|  |TAMS 0x0000000085e00000, 0x0000000085d00000| Untracked 
|  94|0x0000000085e00000, 0x0000000085f00000, 0x0000000085f00000|100%| O|  |TAMS 0x0000000085f00000, 0x0000000085e00000| Untracked 
|  95|0x0000000085f00000, 0x0000000086000000, 0x0000000086000000|100%| O|  |TAMS 0x0000000086000000, 0x0000000085f00000| Untracked 
|  96|0x0000000086000000, 0x0000000086100000, 0x0000000086100000|100%| O|  |TAMS 0x0000000086100000, 0x0000000086000000| Untracked 
|  97|0x0000000086100000, 0x0000000086200000, 0x0000000086200000|100%| O|  |TAMS 0x0000000086200000, 0x0000000086100000| Untracked 
|  98|0x0000000086200000, 0x0000000086300000, 0x0000000086300000|100%| O|  |TAMS 0x0000000086300000, 0x0000000086200000| Untracked 
|  99|0x0000000086300000, 0x0000000086400000, 0x0000000086400000|100%| O|  |TAMS 0x0000000086372400, 0x0000000086300000| Untracked 
| 100|0x0000000086400000, 0x0000000086500000, 0x0000000086500000|100%| O|  |TAMS 0x0000000086400000, 0x0000000086400000| Untracked 
| 101|0x0000000086500000, 0x0000000086600000, 0x0000000086600000|100%| O|  |TAMS 0x0000000086500000, 0x0000000086500000| Untracked 
| 102|0x0000000086600000, 0x0000000086700000, 0x0000000086700000|100%| O|  |TAMS 0x0000000086600000, 0x0000000086600000| Untracked 
| 103|0x0000000086700000, 0x0000000086800000, 0x0000000086800000|100%| O|  |TAMS 0x0000000086700000, 0x0000000086700000| Untracked 
| 104|0x0000000086800000, 0x0000000086900000, 0x0000000086900000|100%| O|  |TAMS 0x0000000086800000, 0x0000000086800000| Untracked 
| 105|0x0000000086900000, 0x0000000086a00000, 0x0000000086a00000|100%| O|  |TAMS 0x0000000086900000, 0x0000000086900000| Untracked 
| 106|0x0000000086a00000, 0x0000000086b00000, 0x0000000086b00000|100%| O|  |TAMS 0x0000000086a00000, 0x0000000086a00000| Untracked 
| 107|0x0000000086b00000, 0x0000000086b37a00, 0x0000000086c00000| 21%| O|  |TAMS 0x0000000086b00000, 0x0000000086b00000| Untracked 
| 108|0x0000000086c00000, 0x0000000086c00000, 0x0000000086d00000|  0%| F|  |TAMS 0x0000000086c00000, 0x0000000086c00000| Untracked 
| 109|0x0000000086d00000, 0x0000000086d00000, 0x0000000086e00000|  0%| F|  |TAMS 0x0000000086d00000, 0x0000000086d00000| Untracked 
| 110|0x0000000086e00000, 0x0000000086e00000, 0x0000000086f00000|  0%| F|  |TAMS 0x0000000086e00000, 0x0000000086e00000| Untracked 
| 111|0x0000000086f00000, 0x0000000086f00000, 0x0000000087000000|  0%| F|  |TAMS 0x0000000086f00000, 0x0000000086f00000| Untracked 
| 112|0x0000000087000000, 0x0000000087000000, 0x0000000087100000|  0%| F|  |TAMS 0x0000000087000000, 0x0000000087000000| Untracked 
| 113|0x0000000087100000, 0x0000000087100000, 0x0000000087200000|  0%| F|  |TAMS 0x0000000087100000, 0x0000000087100000| Untracked 
| 114|0x0000000087200000, 0x0000000087200000, 0x0000000087300000|  0%| F|  |TAMS 0x0000000087200000, 0x0000000087200000| Untracked 
| 115|0x0000000087300000, 0x0000000087300000, 0x0000000087400000|  0%| F|  |TAMS 0x0000000087300000, 0x0000000087300000| Untracked 
| 116|0x0000000087400000, 0x0000000087400000, 0x0000000087500000|  0%| F|  |TAMS 0x0000000087400000, 0x0000000087400000| Untracked 
| 117|0x0000000087500000, 0x0000000087500000, 0x0000000087600000|  0%| F|  |TAMS 0x0000000087500000, 0x0000000087500000| Untracked 
| 118|0x0000000087600000, 0x0000000087600000, 0x0000000087700000|  0%| F|  |TAMS 0x0000000087600000, 0x0000000087600000| Untracked 
| 119|0x0000000087700000, 0x0000000087700000, 0x0000000087800000|  0%| F|  |TAMS 0x0000000087700000, 0x0000000087700000| Untracked 
| 120|0x0000000087800000, 0x0000000087800000, 0x0000000087900000|  0%| F|  |TAMS 0x0000000087800000, 0x0000000087800000| Untracked 
| 121|0x0000000087900000, 0x0000000087900000, 0x0000000087a00000|  0%| F|  |TAMS 0x0000000087900000, 0x0000000087900000| Untracked 
| 122|0x0000000087a00000, 0x0000000087a00000, 0x0000000087b00000|  0%| F|  |TAMS 0x0000000087a00000, 0x0000000087a00000| Untracked 
| 123|0x0000000087b00000, 0x0000000087b00000, 0x0000000087c00000|  0%| F|  |TAMS 0x0000000087b00000, 0x0000000087b00000| Untracked 
| 124|0x0000000087c00000, 0x0000000087c00000, 0x0000000087d00000|  0%| F|  |TAMS 0x0000000087c00000, 0x0000000087c00000| Untracked 
| 125|0x0000000087d00000, 0x0000000087d00000, 0x0000000087e00000|  0%| F|  |TAMS 0x0000000087d00000, 0x0000000087d00000| Untracked 
| 126|0x0000000087e00000, 0x0000000087e00000, 0x0000000087f00000|  0%| F|  |TAMS 0x0000000087e00000, 0x0000000087e00000| Untracked 
| 127|0x0000000087f00000, 0x0000000087f00000, 0x0000000088000000|  0%| F|  |TAMS 0x0000000087f00000, 0x0000000087f00000| Untracked 
| 128|0x0000000088000000, 0x0000000088000000, 0x0000000088100000|  0%| F|  |TAMS 0x0000000088000000, 0x0000000088000000| Untracked 
| 129|0x0000000088100000, 0x0000000088100000, 0x0000000088200000|  0%| F|  |TAMS 0x0000000088100000, 0x0000000088100000| Untracked 
| 130|0x0000000088200000, 0x0000000088200000, 0x0000000088300000|  0%| F|  |TAMS 0x0000000088200000, 0x0000000088200000| Untracked 
| 131|0x0000000088300000, 0x0000000088300000, 0x0000000088400000|  0%| F|  |TAMS 0x0000000088300000, 0x0000000088300000| Untracked 
| 132|0x0000000088400000, 0x0000000088400000, 0x0000000088500000|  0%| F|  |TAMS 0x0000000088400000, 0x0000000088400000| Untracked 
| 133|0x0000000088500000, 0x0000000088500000, 0x0000000088600000|  0%| F|  |TAMS 0x0000000088500000, 0x0000000088500000| Untracked 
| 134|0x0000000088600000, 0x0000000088600000, 0x0000000088700000|  0%| F|  |TAMS 0x0000000088600000, 0x0000000088600000| Untracked 
| 135|0x0000000088700000, 0x0000000088700000, 0x0000000088800000|  0%| F|  |TAMS 0x0000000088700000, 0x0000000088700000| Untracked 
| 136|0x0000000088800000, 0x0000000088800000, 0x0000000088900000|  0%| F|  |TAMS 0x0000000088800000, 0x0000000088800000| Untracked 
| 137|0x0000000088900000, 0x0000000088900000, 0x0000000088a00000|  0%| F|  |TAMS 0x0000000088900000, 0x0000000088900000| Untracked 
| 138|0x0000000088a00000, 0x0000000088a00000, 0x0000000088b00000|  0%| F|  |TAMS 0x0000000088a00000, 0x0000000088a00000| Untracked 
| 139|0x0000000088b00000, 0x0000000088b00000, 0x0000000088c00000|  0%| F|  |TAMS 0x0000000088b00000, 0x0000000088b00000| Untracked 
| 140|0x0000000088c00000, 0x0000000088c00000, 0x0000000088d00000|  0%| F|  |TAMS 0x0000000088c00000, 0x0000000088c00000| Untracked 
| 141|0x0000000088d00000, 0x0000000088d00000, 0x0000000088e00000|  0%| F|  |TAMS 0x0000000088d00000, 0x0000000088d00000| Untracked 
| 142|0x0000000088e00000, 0x0000000088e00000, 0x0000000088f00000|  0%| F|  |TAMS 0x0000000088e00000, 0x0000000088e00000| Untracked 
| 143|0x0000000088f00000, 0x0000000088f00000, 0x0000000089000000|  0%| F|  |TAMS 0x0000000088f00000, 0x0000000088f00000| Untracked 
| 144|0x0000000089000000, 0x0000000089000000, 0x0000000089100000|  0%| F|  |TAMS 0x0000000089000000, 0x0000000089000000| Untracked 
| 145|0x0000000089100000, 0x0000000089100000, 0x0000000089200000|  0%| F|  |TAMS 0x0000000089100000, 0x0000000089100000| Untracked 
| 146|0x0000000089200000, 0x0000000089200000, 0x0000000089300000|  0%| F|  |TAMS 0x0000000089200000, 0x0000000089200000| Untracked 
| 147|0x0000000089300000, 0x0000000089300000, 0x0000000089400000|  0%| F|  |TAMS 0x0000000089300000, 0x0000000089300000| Untracked 
| 148|0x0000000089400000, 0x0000000089400000, 0x0000000089500000|  0%| F|  |TAMS 0x0000000089400000, 0x0000000089400000| Untracked 
| 149|0x0000000089500000, 0x0000000089500000, 0x0000000089600000|  0%| F|  |TAMS 0x0000000089500000, 0x0000000089500000| Untracked 
| 150|0x0000000089600000, 0x0000000089600000, 0x0000000089700000|  0%| F|  |TAMS 0x0000000089600000, 0x0000000089600000| Untracked 
| 151|0x0000000089700000, 0x0000000089700000, 0x0000000089800000|  0%| F|  |TAMS 0x0000000089700000, 0x0000000089700000| Untracked 
| 152|0x0000000089800000, 0x0000000089800000, 0x0000000089900000|  0%| F|  |TAMS 0x0000000089800000, 0x0000000089800000| Untracked 
| 153|0x0000000089900000, 0x0000000089900000, 0x0000000089a00000|  0%| F|  |TAMS 0x0000000089900000, 0x0000000089900000| Untracked 
| 154|0x0000000089a00000, 0x0000000089a00000, 0x0000000089b00000|  0%| F|  |TAMS 0x0000000089a00000, 0x0000000089a00000| Untracked 
| 155|0x0000000089b00000, 0x0000000089b00000, 0x0000000089c00000|  0%| F|  |TAMS 0x0000000089b00000, 0x0000000089b00000| Untracked 
| 156|0x0000000089c00000, 0x0000000089c00000, 0x0000000089d00000|  0%| F|  |TAMS 0x0000000089c00000, 0x0000000089c00000| Untracked 
| 157|0x0000000089d00000, 0x0000000089d00000, 0x0000000089e00000|  0%| F|  |TAMS 0x0000000089d00000, 0x0000000089d00000| Untracked 
| 158|0x0000000089e00000, 0x0000000089e00000, 0x0000000089f00000|  0%| F|  |TAMS 0x0000000089e00000, 0x0000000089e00000| Untracked 
| 159|0x0000000089f00000, 0x0000000089f00000, 0x000000008a000000|  0%| F|  |TAMS 0x0000000089f00000, 0x0000000089f00000| Untracked 
| 160|0x000000008a000000, 0x000000008a000000, 0x000000008a100000|  0%| F|  |TAMS 0x000000008a000000, 0x000000008a000000| Untracked 
| 161|0x000000008a100000, 0x000000008a100000, 0x000000008a200000|  0%| F|  |TAMS 0x000000008a100000, 0x000000008a100000| Untracked 
| 162|0x000000008a200000, 0x000000008a200000, 0x000000008a300000|  0%| F|  |TAMS 0x000000008a200000, 0x000000008a200000| Untracked 
| 163|0x000000008a300000, 0x000000008a300000, 0x000000008a400000|  0%| F|  |TAMS 0x000000008a300000, 0x000000008a300000| Untracked 
| 164|0x000000008a400000, 0x000000008a400000, 0x000000008a500000|  0%| F|  |TAMS 0x000000008a400000, 0x000000008a400000| Untracked 
| 165|0x000000008a500000, 0x000000008a500000, 0x000000008a600000|  0%| F|  |TAMS 0x000000008a500000, 0x000000008a500000| Untracked 
| 166|0x000000008a600000, 0x000000008a600000, 0x000000008a700000|  0%| F|  |TAMS 0x000000008a600000, 0x000000008a600000| Untracked 
| 167|0x000000008a700000, 0x000000008a700000, 0x000000008a800000|  0%| F|  |TAMS 0x000000008a700000, 0x000000008a700000| Untracked 
| 168|0x000000008a800000, 0x000000008a800000, 0x000000008a900000|  0%| F|  |TAMS 0x000000008a800000, 0x000000008a800000| Untracked 
| 169|0x000000008a900000, 0x000000008a900000, 0x000000008aa00000|  0%| F|  |TAMS 0x000000008a900000, 0x000000008a900000| Untracked 
| 170|0x000000008aa00000, 0x000000008aa00000, 0x000000008ab00000|  0%| F|  |TAMS 0x000000008aa00000, 0x000000008aa00000| Untracked 
| 171|0x000000008ab00000, 0x000000008ab00000, 0x000000008ac00000|  0%| F|  |TAMS 0x000000008ab00000, 0x000000008ab00000| Untracked 
| 172|0x000000008ac00000, 0x000000008ac00000, 0x000000008ad00000|  0%| F|  |TAMS 0x000000008ac00000, 0x000000008ac00000| Untracked 
| 173|0x000000008ad00000, 0x000000008ad00000, 0x000000008ae00000|  0%| F|  |TAMS 0x000000008ad00000, 0x000000008ad00000| Untracked 
| 174|0x000000008ae00000, 0x000000008ae00000, 0x000000008af00000|  0%| F|  |TAMS 0x000000008ae00000, 0x000000008ae00000| Untracked 
| 175|0x000000008af00000, 0x000000008af00000, 0x000000008b000000|  0%| F|  |TAMS 0x000000008af00000, 0x000000008af00000| Untracked 
| 176|0x000000008b000000, 0x000000008b000000, 0x000000008b100000|  0%| F|  |TAMS 0x000000008b000000, 0x000000008b000000| Untracked 
| 177|0x000000008b100000, 0x000000008b100000, 0x000000008b200000|  0%| F|  |TAMS 0x000000008b100000, 0x000000008b100000| Untracked 
| 178|0x000000008b200000, 0x000000008b200000, 0x000000008b300000|  0%| F|  |TAMS 0x000000008b200000, 0x000000008b200000| Untracked 
| 179|0x000000008b300000, 0x000000008b300000, 0x000000008b400000|  0%| F|  |TAMS 0x000000008b300000, 0x000000008b300000| Untracked 
| 180|0x000000008b400000, 0x000000008b400000, 0x000000008b500000|  0%| F|  |TAMS 0x000000008b400000, 0x000000008b400000| Untracked 
| 181|0x000000008b500000, 0x000000008b500000, 0x000000008b600000|  0%| F|  |TAMS 0x000000008b500000, 0x000000008b500000| Untracked 
| 182|0x000000008b600000, 0x000000008b600000, 0x000000008b700000|  0%| F|  |TAMS 0x000000008b600000, 0x000000008b600000| Untracked 
| 183|0x000000008b700000, 0x000000008b700000, 0x000000008b800000|  0%| F|  |TAMS 0x000000008b700000, 0x000000008b700000| Untracked 
| 184|0x000000008b800000, 0x000000008b900000, 0x000000008b900000|100%| E|  |TAMS 0x000000008b800000, 0x000000008b800000| Complete 
| 185|0x000000008b900000, 0x000000008ba00000, 0x000000008ba00000|100%| E|CS|TAMS 0x000000008b900000, 0x000000008b900000| Complete 
| 186|0x000000008ba00000, 0x000000008bb00000, 0x000000008bb00000|100%| E|CS|TAMS 0x000000008ba00000, 0x000000008ba00000| Complete 
| 187|0x000000008bb00000, 0x000000008bc00000, 0x000000008bc00000|100%| E|CS|TAMS 0x000000008bb00000, 0x000000008bb00000| Complete 
| 188|0x000000008bc00000, 0x000000008bd00000, 0x000000008bd00000|100%| E|CS|TAMS 0x000000008bc00000, 0x000000008bc00000| Complete 
| 189|0x000000008bd00000, 0x000000008be00000, 0x000000008be00000|100%| E|CS|TAMS 0x000000008bd00000, 0x000000008bd00000| Complete 
| 190|0x000000008be00000, 0x000000008bef9a00, 0x000000008bf00000| 97%| S|CS|TAMS 0x000000008be00000, 0x000000008be00000| Complete 
| 191|0x000000008bf00000, 0x000000008c000000, 0x000000008c000000|100%| E|CS|TAMS 0x000000008bf00000, 0x000000008bf00000| Complete 

Card table byte_map: [0x00000110327f0000,0x0000011032bf0000] _byte_map_base: 0x00000110323f0000

Marking Bits (Prev, Next): (CMBitMap*) 0x000001101fa1a570, (CMBitMap*) 0x000001101fa1a5b0
 Prev Bits: [0x0000011032ff0000, 0x0000011034ff0000)
 Next Bits: [0x0000011034ff0000, 0x0000011036ff0000)

Polling page: 0x000001101d9a0000

Metaspace:

Usage:
  Non-class:     92.62 MB used.
      Class:     14.35 MB used.
       Both:    106.96 MB used.

Virtual space:
  Non-class space:      128.00 MB reserved,      93.00 MB ( 73%) committed,  2 nodes.
      Class space:        1.00 GB reserved,      14.69 MB (  1%) committed,  1 nodes.
             Both:        1.12 GB reserved,     107.69 MB (  9%) committed. 

Chunk freelists:
   Non-Class:  2.89 MB
       Class:  1.36 MB
        Both:  4.25 MB

MaxMetaspaceSize: unlimited
CompressedClassSpaceSize: 1.00 GB
Initial GC threshold: 21.00 MB
Current GC threshold: 177.12 MB
CDS: off
MetaspaceReclaimPolicy: balanced
 - commit_granule_bytes: 65536.
 - commit_granule_words: 8192.
 - virtual_space_node_default_size: 8388608.
 - enlarge_chunks_in_place: 1.
 - new_chunks_are_fully_committed: 0.
 - uncommit_free_chunks: 1.
 - use_allocation_guard: 0.
 - handle_deallocations: 1.


Internal statistics:

num_allocs_failed_limit: 9.
num_arena_births: 846.
num_arena_deaths: 0.
num_vsnodes_births: 3.
num_vsnodes_deaths: 0.
num_space_committed: 1721.
num_space_uncommitted: 0.
num_chunks_returned_to_freelist: 9.
num_chunks_taken_from_freelist: 4591.
num_chunk_merges: 9.
num_chunk_splits: 3432.
num_chunks_enlarged: 2716.
num_inconsistent_stats: 0.

CodeHeap 'non-profiled nmethods': size=120000Kb used=4194Kb max_used=4194Kb free=115805Kb
 bounds [0x000001102a970000, 0x000001102ad90000, 0x0000011031ea0000]
CodeHeap 'profiled nmethods': size=120000Kb used=16485Kb max_used=16485Kb free=103514Kb
 bounds [0x0000011022ea0000, 0x0000011023ec0000, 0x000001102a3d0000]
CodeHeap 'non-nmethods': size=5760Kb used=2415Kb max_used=2448Kb free=3344Kb
 bounds [0x000001102a3d0000, 0x000001102a640000, 0x000001102a970000]
 total_blobs=8832 nmethods=7876 adapters=868
 compilation: enabled
              stopped_count=0, restarted_count=0
 full_count=0

Compilation events (20 events):
Event: 22.255 Thread 0x0000011039c8d170 8676       1       org.jetbrains.kotlin.com.intellij.psi.impl.source.SubstrateRef::getStub (2 bytes)
Event: 22.255 Thread 0x0000011039c8d170 nmethod 8676 0x000001102ad86010 code [0x000001102ad861a0, 0x000001102ad86278]
Event: 22.259 Thread 0x0000011039c8d170 8677       2       org.jetbrains.kotlin.utils.CollectionsKt::addIfNotNull (19 bytes)
Event: 22.260 Thread 0x0000011039c8d170 nmethod 8677 0x0000011023eb3e10 code [0x0000011023eb4000, 0x0000011023eb42a8]
Event: 22.260 Thread 0x0000011039c8d170 8678       1       org.jetbrains.kotlin.load.java.lazy.JavaResolverComponents::getLookupTracker (5 bytes)
Event: 22.260 Thread 0x0000011039c8d170 nmethod 8678 0x000001102ad86310 code [0x000001102ad864a0, 0x000001102ad86578]
Event: 22.260 Thread 0x0000011039c8d170 8679       2       kotlin.ranges.IntProgression::iterator (8 bytes)
Event: 22.261 Thread 0x0000011039c8d170 nmethod 8679 0x0000011023eb4490 code [0x0000011023eb4620, 0x0000011023eb4748]
Event: 22.261 Thread 0x0000011039c8d170 8680       2       kotlin.ranges.IntRange::<init> (8 bytes)
Event: 22.261 Thread 0x0000011039c8d170 nmethod 8680 0x0000011023eb4810 code [0x0000011023eb49a0, 0x0000011023eb4ac8]
Event: 22.261 Thread 0x0000011039c8d170 8681       2       kotlin.ranges.IntProgression::<init> (57 bytes)
Event: 22.261 Thread 0x0000011039c8d170 nmethod 8681 0x0000011023eb4b90 code [0x0000011023eb4d60, 0x0000011023eb5028]
Event: 22.261 Thread 0x0000011039c8d170 8682       2       kotlin.internal.ProgressionUtilKt::getProgressionLastElement (61 bytes)
Event: 22.261 Thread 0x0000011039c8d170 nmethod 8682 0x0000011023eb5190 code [0x0000011023eb5340, 0x0000011023eb5648]
Event: 22.266 Thread 0x0000011039c8d170 8683       1       org.jetbrains.kotlin.serialization.deserialization.ClassData::component1 (5 bytes)
Event: 22.266 Thread 0x0000011039c8d170 nmethod 8683 0x000001102ad86610 code [0x000001102ad867a0, 0x000001102ad86878]
Event: 22.266 Thread 0x0000011039c8d170 8684       1       org.jetbrains.kotlin.serialization.deserialization.ClassData::component2 (5 bytes)
Event: 22.266 Thread 0x0000011039c8d170 nmethod 8684 0x000001102ad86910 code [0x000001102ad86aa0, 0x000001102ad86b78]
Event: 22.269 Thread 0x0000011039c8d170 8685       1       org.jetbrains.kotlin.types.checker.NewKotlinTypeCheckerImpl::getKotlinTypeRefiner (5 bytes)
Event: 22.269 Thread 0x0000011039c8d170 nmethod 8685 0x000001102ad86c10 code [0x000001102ad86da0, 0x000001102ad86e78]

GC Heap History (20 events):
Event: 14.286 GC heap before
{Heap before GC invocations=25 (full 0):
 garbage-first heap   total 136192K, used 103940K [0x0000000080000000, 0x0000000100000000)
  region size 1024K, 34 young (34816K), 1 survivors (1024K)
 Metaspace       used 64345K, committed 64960K, reserved 1114112K
  class space    used 8676K, committed 8960K, reserved 1048576K
}
Event: 14.291 GC heap after
{Heap after GC invocations=26 (full 0):
 garbage-first heap   total 196608K, used 75742K [0x0000000080000000, 0x0000000100000000)
  region size 1024K, 5 young (5120K), 5 survivors (5120K)
 Metaspace       used 64345K, committed 64960K, reserved 1114112K
  class space    used 8676K, committed 8960K, reserved 1048576K
}
Event: 16.006 GC heap before
{Heap before GC invocations=27 (full 0):
 garbage-first heap   total 196608K, used 140254K [0x0000000080000000, 0x0000000100000000)
  region size 1024K, 68 young (69632K), 5 survivors (5120K)
 Metaspace       used 72477K, committed 73088K, reserved 1114112K
  class space    used 9723K, committed 9984K, reserved 1048576K
}
Event: 16.011 GC heap after
{Heap after GC invocations=28 (full 0):
 garbage-first heap   total 196608K, used 78447K [0x0000000080000000, 0x0000000100000000)
  region size 1024K, 4 young (4096K), 4 survivors (4096K)
 Metaspace       used 72477K, committed 73088K, reserved 1114112K
  class space    used 9723K, committed 9984K, reserved 1048576K
}
Event: 16.164 GC heap before
{Heap before GC invocations=28 (full 0):
 garbage-first heap   total 196608K, used 83567K [0x0000000080000000, 0x0000000100000000)
  region size 1024K, 9 young (9216K), 4 survivors (4096K)
 Metaspace       used 73867K, committed 74432K, reserved 1114112K
  class space    used 10173K, committed 10432K, reserved 1048576K
}
Event: 16.167 GC heap after
{Heap after GC invocations=29 (full 0):
 garbage-first heap   total 196608K, used 78046K [0x0000000080000000, 0x0000000100000000)
  region size 1024K, 1 young (1024K), 1 survivors (1024K)
 Metaspace       used 73867K, committed 74432K, reserved 1114112K
  class space    used 10173K, committed 10432K, reserved 1048576K
}
Event: 17.349 GC heap before
{Heap before GC invocations=29 (full 0):
 garbage-first heap   total 196608K, used 145630K [0x0000000080000000, 0x0000000100000000)
  region size 1024K, 67 young (68608K), 1 survivors (1024K)
 Metaspace       used 82697K, committed 83328K, reserved 1179648K
  class space    used 11543K, committed 11840K, reserved 1048576K
}
Event: 17.354 GC heap after
{Heap after GC invocations=30 (full 0):
 garbage-first heap   total 196608K, used 79076K [0x0000000080000000, 0x0000000100000000)
  region size 1024K, 2 young (2048K), 2 survivors (2048K)
 Metaspace       used 82697K, committed 83328K, reserved 1179648K
  class space    used 11543K, committed 11840K, reserved 1048576K
}
Event: 18.472 GC heap before
{Heap before GC invocations=30 (full 0):
 garbage-first heap   total 196608K, used 159972K [0x0000000080000000, 0x0000000100000000)
  region size 1024K, 74 young (75776K), 2 survivors (2048K)
 Metaspace       used 88359K, committed 89088K, reserved 1179648K
  class space    used 12248K, committed 12608K, reserved 1048576K
}
Event: 18.483 GC heap after
{Heap after GC invocations=31 (full 0):
 garbage-first heap   total 196608K, used 89783K [0x0000000080000000, 0x0000000100000000)
  region size 1024K, 10 young (10240K), 10 survivors (10240K)
 Metaspace       used 88359K, committed 89088K, reserved 1179648K
  class space    used 12248K, committed 12608K, reserved 1048576K
}
Event: 19.628 GC heap before
{Heap before GC invocations=31 (full 0):
 garbage-first heap   total 196608K, used 159415K [0x0000000080000000, 0x0000000100000000)
  region size 1024K, 71 young (72704K), 10 survivors (10240K)
 Metaspace       used 95321K, committed 96064K, reserved 1179648K
  class space    used 13046K, committed 13376K, reserved 1048576K
}
Event: 19.640 GC heap after
{Heap after GC invocations=32 (full 0):
 garbage-first heap   total 196608K, used 102062K [0x0000000080000000, 0x0000000100000000)
  region size 1024K, 5 young (5120K), 5 survivors (5120K)
 Metaspace       used 95321K, committed 96064K, reserved 1179648K
  class space    used 13046K, committed 13376K, reserved 1048576K
}
Event: 20.652 GC heap before
{Heap before GC invocations=32 (full 0):
 garbage-first heap   total 196608K, used 155310K [0x0000000080000000, 0x0000000100000000)
  region size 1024K, 57 young (58368K), 5 survivors (5120K)
 Metaspace       used 101897K, committed 102592K, reserved 1179648K
  class space    used 13732K, committed 14080K, reserved 1048576K
}
Event: 20.656 GC heap after
{Heap after GC invocations=33 (full 0):
 garbage-first heap   total 196608K, used 104071K [0x0000000080000000, 0x0000000100000000)
  region size 1024K, 3 young (3072K), 3 survivors (3072K)
 Metaspace       used 101897K, committed 102592K, reserved 1179648K
  class space    used 13732K, committed 14080K, reserved 1048576K
}
Event: 21.416 GC heap before
{Heap before GC invocations=33 (full 0):
 garbage-first heap   total 196608K, used 148103K [0x0000000080000000, 0x0000000100000000)
  region size 1024K, 47 young (48128K), 3 survivors (3072K)
 Metaspace       used 107733K, committed 108416K, reserved 1179648K
  class space    used 14480K, committed 14784K, reserved 1048576K
}
Event: 21.425 GC heap after
{Heap after GC invocations=34 (full 0):
 garbage-first heap   total 196608K, used 105733K [0x0000000080000000, 0x0000000100000000)
  region size 1024K, 4 young (4096K), 4 survivors (4096K)
 Metaspace       used 107733K, committed 108416K, reserved 1179648K
  class space    used 14480K, committed 14784K, reserved 1048576K
}
Event: 22.175 GC heap before
{Heap before GC invocations=35 (full 0):
 garbage-first heap   total 196608K, used 161029K [0x0000000080000000, 0x0000000100000000)
  region size 1024K, 57 young (58368K), 4 survivors (4096K)
 Metaspace       used 108783K, committed 109504K, reserved 1179648K
  class space    used 14608K, committed 14912K, reserved 1048576K
}
Event: 22.181 GC heap after
{Heap after GC invocations=36 (full 0):
 garbage-first heap   total 196608K, used 109405K [0x0000000080000000, 0x0000000100000000)
  region size 1024K, 8 young (8192K), 8 survivors (8192K)
 Metaspace       used 108783K, committed 109504K, reserved 1179648K
  class space    used 14608K, committed 14912K, reserved 1048576K
}
Event: 22.195 GC heap before
{Heap before GC invocations=36 (full 0):
 garbage-first heap   total 196608K, used 110429K [0x0000000080000000, 0x0000000100000000)
  region size 1024K, 9 young (9216K), 8 survivors (8192K)
 Metaspace       used 108812K, committed 109568K, reserved 1179648K
  class space    used 14610K, committed 14976K, reserved 1048576K
}
Event: 22.200 GC heap after
{Heap after GC invocations=37 (full 0):
 garbage-first heap   total 196608K, used 108741K [0x0000000080000000, 0x0000000100000000)
  region size 1024K, 1 young (1024K), 1 survivors (1024K)
 Metaspace       used 108812K, committed 109568K, reserved 1179648K
  class space    used 14610K, committed 14976K, reserved 1048576K
}

Dll operation events (3 events):
Event: 0.007 Loaded shared library C:\Program Files\Android\Android Studio\jbr\bin\java.dll
Event: 0.088 Loaded shared library C:\Program Files\Android\Android Studio\jbr\bin\zip.dll
Event: 0.327 Loaded shared library C:\Program Files\Android\Android Studio\jbr\bin\verify.dll

Deoptimization events (20 events):
Event: 20.574 Thread 0x000001104053c450 Uncommon trap: trap_request=0xffffffc6 fr.pc=0x000001102ad0a9d4 relative=0x0000000000000314
Event: 20.574 Thread 0x000001104053c450 Uncommon trap: reason=bimorphic_or_optimized_type_check action=maybe_recompile pc=0x000001102ad0a9d4 method=org.jetbrains.kotlin.protobuf.CodedInputStream.tryRefillBuffer(I)Z @ 177 c2
Event: 20.574 Thread 0x000001104053c450 DEOPT PACKING pc=0x000001102ad0a9d4 sp=0x0000000ab27f2fb0
Event: 20.574 Thread 0x000001104053c450 DEOPT UNPACKING pc=0x000001102a4269a3 sp=0x0000000ab27f2ee8 mode 2
Event: 21.619 Thread 0x000001104053c450 Uncommon trap: trap_request=0xffffffdc fr.pc=0x000001102ad5a444 relative=0x0000000000000224
Event: 21.619 Thread 0x000001104053c450 Uncommon trap: reason=class_check action=make_not_entrant pc=0x000001102ad5a444 method=java.util.ArrayList.toArray([Ljava/lang/Object;)[Ljava/lang/Object; @ 21 c2
Event: 21.619 Thread 0x000001104053c450 DEOPT PACKING pc=0x000001102ad5a444 sp=0x0000000ab27ec890
Event: 21.619 Thread 0x000001104053c450 DEOPT UNPACKING pc=0x000001102a4269a3 sp=0x0000000ab27ec860 mode 2
Event: 21.872 Thread 0x000001104053c450 Uncommon trap: trap_request=0xffffffcc fr.pc=0x000001102ad6d664 relative=0x0000000000000144
Event: 21.872 Thread 0x000001104053c450 Uncommon trap: reason=intrinsic_or_type_checked_inlining action=make_not_entrant pc=0x000001102ad6d664 method=java.util.ArrayList$SubList.toArray([Ljava/lang/Object;)[Ljava/lang/Object; @ 58 c2
Event: 21.872 Thread 0x000001104053c450 DEOPT PACKING pc=0x000001102ad6d664 sp=0x0000000ab27ee2b0
Event: 21.872 Thread 0x000001104053c450 DEOPT UNPACKING pc=0x000001102a4269a3 sp=0x0000000ab27ee250 mode 2
Event: 22.170 Thread 0x000001104053c450 Uncommon trap: trap_request=0xffffff3d fr.pc=0x000001102ad7cc50 relative=0x0000000000004230
Event: 22.170 Thread 0x000001104053c450 Uncommon trap: reason=unstable_fused_if action=reinterpret pc=0x000001102ad7cc50 method=org.jetbrains.kotlin.metadata.ProtoBuf$Type.<init>(Lorg/jetbrains/kotlin/protobuf/CodedInputStream;Lorg/jetbrains/kotlin/protobuf/ExtensionRegistryLite;)V @ 49 c2
Event: 22.170 Thread 0x000001104053c450 DEOPT PACKING pc=0x000001102ad7cc50 sp=0x0000000ab27ee0a0
Event: 22.170 Thread 0x000001104053c450 DEOPT UNPACKING pc=0x000001102a4269a3 sp=0x0000000ab27ee058 mode 2
Event: 22.264 Thread 0x000001104053c450 Uncommon trap: trap_request=0xffffff45 fr.pc=0x000001102ad57e4c relative=0x000000000000004c
Event: 22.264 Thread 0x000001104053c450 Uncommon trap: reason=unstable_if action=reinterpret pc=0x000001102ad57e4c method=kotlin.jvm.internal.Intrinsics.areEqual(Ljava/lang/Object;Ljava/lang/Object;)Z @ 5 c2
Event: 22.264 Thread 0x000001104053c450 DEOPT PACKING pc=0x000001102ad57e4c sp=0x0000000ab27efcc0
Event: 22.264 Thread 0x000001104053c450 DEOPT UNPACKING pc=0x000001102a4269a3 sp=0x0000000ab27efc50 mode 2

Classes unloaded (0 events):
No events

Classes redefined (0 events):
No events

Internal exceptions (20 events):
Event: 15.063 Thread 0x000001104053c450 Exception <a 'java/lang/NoSuchMethodError'{0x000000008a1bf7c8}: 'java.lang.Object java.lang.invoke.DelegatingMethodHandle$Holder.delegate(java.lang.Object, java.lang.Object, java.lang.Object, java.lang.Object, java.lang.Object, java.lang.Object, java.lang.Object, java.lang.Object, java.lang.Object, java.lang.Object, java.lang.Object, java.lang.Object, java.lang.Object, java.lang.Object, java.lang.Object, java.lang.Object, java.lang.Object, java.lang.Object, java.lang.Object, java.lang.Object, java.lang.Obj
Event: 15.075 Thread 0x000001104053c450 Exception <a 'java/lang/NoSuchMethodError'{0x000000008a08bae8}: 'java.lang.Object java.lang.invoke.DirectMethodHandle$Holder.invokeStatic(java.lang.Object, java.lang.Object, java.lang.Object, java.lang.Object, java.lang.Object, java.lang.Object, java.lang.Object, java.lang.Object, java.lang.Object, java.lang.Object, java.lang.Object, java.lang.Object, java.lang.Object, java.lang.Object, java.lang.Object, java.lang.Object, java.lang.Object, java.lang.Object, java.lang.Object, java.lang.Object, java.lang.Obj
Event: 15.868 Thread 0x000001104053c450 Exception <a 'java/lang/NoSuchMethodError'{0x00000000887bc788}: 'java.lang.Object java.lang.invoke.DirectMethodHandle$Holder.invokeStaticInit(java.lang.Object, int)'> (0x00000000887bc788) 
thrown [s\src\hotspot\share\interpreter\linkResolver.cpp, line 771]
Event: 16.442 Thread 0x000001104053c450 Implicit null exception at 0x000001102a9b3572 to 0x000001102a9b3b48
Event: 16.559 Thread 0x000001104053c450 Implicit null exception at 0x000001102a9d80f2 to 0x000001102a9d86d8
Event: 16.815 Thread 0x000001104053c450 Exception <a 'sun/nio/fs/WindowsException'{0x00000000899b6540}> (0x00000000899b6540) 
thrown [s\src\hotspot\share\prims\jni.cpp, line 531]
Event: 16.815 Thread 0x000001104053c450 Exception <a 'sun/nio/fs/WindowsException'{0x00000000899b82f8}> (0x00000000899b82f8) 
thrown [s\src\hotspot\share\prims\jni.cpp, line 531]
Event: 17.007 Thread 0x000001104053c450 Exception <a 'java/lang/NoSuchMethodError'{0x0000000088e6d478}: 'long java.lang.invoke.DirectMethodHandle$Holder.invokeStatic(java.lang.Object)'> (0x0000000088e6d478) 
thrown [s\src\hotspot\share\interpreter\linkResolver.cpp, line 771]
Event: 17.007 Thread 0x000001104053c450 Exception <a 'java/lang/NoSuchMethodError'{0x0000000088e72308}: 'long java.lang.invoke.DirectMethodHandle$Holder.invokeStaticInit(java.lang.Object)'> (0x0000000088e72308) 
thrown [s\src\hotspot\share\interpreter\linkResolver.cpp, line 771]
Event: 17.092 Thread 0x000001104053c450 Exception <a 'java/lang/NoSuchMethodError'{0x00000000889c8e48}: 'long java.lang.invoke.Invokers$Holder.invoke_MT(java.lang.Object, java.lang.Object, java.lang.Object, java.lang.Object)'> (0x00000000889c8e48) 
thrown [s\src\hotspot\share\interpreter\linkResolver.cpp, line 771]
Event: 17.093 Thread 0x000001104053c450 Exception <a 'java/lang/NoSuchMethodError'{0x00000000889d2498}: 'int java.lang.invoke.Invokers$Holder.invoke_MT(java.lang.Object, java.lang.Object, java.lang.Object, java.lang.Object)'> (0x00000000889d2498) 
thrown [s\src\hotspot\share\interpreter\linkResolver.cpp, line 771]
Event: 17.095 Thread 0x000001104053c450 Exception <a 'java/lang/NoSuchMethodError'{0x00000000889e2f00}: 'void java.lang.invoke.DelegatingMethodHandle$Holder.reinvoke_L(java.lang.Object, java.lang.Object, java.lang.Object, long, java.lang.Object)'> (0x00000000889e2f00) 
thrown [s\src\hotspot\share\interpreter\linkResolver.cpp, line 771]
Event: 17.096 Thread 0x000001104053c450 Exception <a 'java/lang/NoSuchMethodError'{0x00000000889eb9a8}: 'java.lang.Object java.lang.invoke.DirectMethodHandle$Holder.invokeSpecial(java.lang.Object, java.lang.Object, java.lang.Object, java.lang.Object, long)'> (0x00000000889eb9a8) 
thrown [s\src\hotspot\share\interpreter\linkResolver.cpp, line 771]
Event: 17.097 Thread 0x000001104053c450 Exception <a 'java/lang/NoSuchMethodError'{0x00000000889fc838}: 'int java.lang.invoke.DelegatingMethodHandle$Holder.reinvoke_L(java.lang.Object, java.lang.Object, java.lang.Object, long, java.lang.Object, java.lang.Object)'> (0x00000000889fc838) 
thrown [s\src\hotspot\share\interpreter\linkResolver.cpp, line 771]
Event: 17.098 Thread 0x000001104053c450 Exception <a 'java/lang/NoSuchMethodError'{0x000000008880d070}: 'int java.lang.invoke.DelegatingMethodHandle$Holder.reinvoke_L(java.lang.Object, java.lang.Object, java.lang.Object, long, int, int)'> (0x000000008880d070) 
thrown [s\src\hotspot\share\interpreter\linkResolver.cpp, line 771]
Event: 17.099 Thread 0x000001104053c450 Exception <a 'java/lang/NoSuchMethodError'{0x000000008881d190}: 'int java.lang.invoke.DelegatingMethodHandle$Holder.reinvoke_L(java.lang.Object, java.lang.Object, java.lang.Object, long, long, long)'> (0x000000008881d190) 
thrown [s\src\hotspot\share\interpreter\linkResolver.cpp, line 771]
Event: 17.100 Thread 0x000001104053c450 Exception <a 'java/lang/NoSuchMethodError'{0x000000008882cf90}: 'int java.lang.invoke.DelegatingMethodHandle$Holder.reinvoke_L(java.lang.Object, java.lang.Object, java.lang.Object, long, int)'> (0x000000008882cf90) 
thrown [s\src\hotspot\share\interpreter\linkResolver.cpp, line 771]
Event: 17.934 Thread 0x000001104053c450 Exception <a 'java/lang/NoSuchMethodError'{0x000000008a214420}: 'java.lang.Object java.lang.invoke.Invokers$Holder.invokeExact_MT(java.lang.Object, java.lang.Object, long, java.lang.Object)'> (0x000000008a214420) 
thrown [s\src\hotspot\share\interpreter\linkResolver.cpp, line 771]
Event: 17.997 Thread 0x000001104053c450 Exception <a 'java/lang/NoSuchMethodError'{0x000000008a0905c0}: 'java.lang.Object java.lang.invoke.Invokers$Holder.invoke_MT(java.lang.Object, java.lang.Object, java.lang.Object)'> (0x000000008a0905c0) 
thrown [s\src\hotspot\share\interpreter\linkResolver.cpp, line 771]
Event: 21.456 Thread 0x000001104053c450 Exception <a 'java/lang/NoSuchMethodError'{0x000000008be550b8}: 'java.lang.Object java.lang.invoke.DirectMethodHandle$Holder.invokeStatic(java.lang.Object, java.lang.Object, java.lang.Object, java.lang.Object, int)'> (0x000000008be550b8) 
thrown [s\src\hotspot\share\interpreter\linkResolver.cpp, line 771]

VM Operations (20 events):
Event: 20.543 Executing VM operation: HandshakeAllThreads
Event: 20.544 Executing VM operation: HandshakeAllThreads done
Event: 20.652 Executing VM operation: G1CollectForAllocation
Event: 20.656 Executing VM operation: G1CollectForAllocation done
Event: 20.790 Executing VM operation: HandshakeAllThreads
Event: 20.791 Executing VM operation: HandshakeAllThreads done
Event: 21.416 Executing VM operation: CollectForMetadataAllocation
Event: 21.426 Executing VM operation: CollectForMetadataAllocation done
Event: 21.478 Executing VM operation: CollectForMetadataAllocation
Event: 21.478 Executing VM operation: CollectForMetadataAllocation done
Event: 21.505 Executing VM operation: G1PauseRemark
Event: 21.512 Executing VM operation: G1PauseRemark done
Event: 21.546 Executing VM operation: G1PauseCleanup
Event: 21.546 Executing VM operation: G1PauseCleanup done
Event: 21.932 Executing VM operation: ICBufferFull
Event: 21.933 Executing VM operation: ICBufferFull done
Event: 22.175 Executing VM operation: G1CollectForAllocation
Event: 22.181 Executing VM operation: G1CollectForAllocation done
Event: 22.195 Executing VM operation: G1CollectForAllocation
Event: 22.200 Executing VM operation: G1CollectForAllocation done

Events (20 events):
Event: 17.999 loading class java/io/UTFDataFormatException
Event: 17.999 loading class java/io/UTFDataFormatException done
Event: 18.409 loading class java/nio/channels/NonWritableChannelException
Event: 18.409 loading class java/nio/channels/NonWritableChannelException done
Event: 20.595 loading class java/text/StringCharacterIterator
Event: 20.595 loading class java/text/CharacterIterator
Event: 20.596 loading class java/text/CharacterIterator done
Event: 20.596 loading class java/text/StringCharacterIterator done
Event: 20.651 loading class java/io/NotSerializableException
Event: 20.651 loading class java/io/NotSerializableException done
Event: 20.789 loading class java/util/AbstractList$ListItr
Event: 20.789 loading class java/util/AbstractList$ListItr done
Event: 20.911 loading class java/util/function/IntUnaryOperator
Event: 20.911 loading class java/util/function/IntUnaryOperator done
Event: 21.090 loading class java/util/AbstractList$RandomAccessSubList
Event: 21.090 loading class java/util/AbstractList$SubList
Event: 21.091 loading class java/util/AbstractList$SubList done
Event: 21.091 loading class java/util/AbstractList$RandomAccessSubList done
Event: 21.396 loading class java/util/AbstractList$SubList$1
Event: 21.396 loading class java/util/AbstractList$SubList$1 done


Dynamic libraries:
0x00007ff6775c0000 - 0x00007ff6775ca000 	C:\Program Files\Android\Android Studio\jbr\bin\java.exe
0x00007ff85c550000 - 0x00007ff85c748000 	C:\WINDOWS\SYSTEM32\ntdll.dll
0x00007ff85bd60000 - 0x00007ff85be21000 	C:\WINDOWS\System32\KERNEL32.DLL
0x00007ff85a180000 - 0x00007ff85a47d000 	C:\WINDOWS\System32\KERNELBASE.dll
0x00007ff85a480000 - 0x00007ff85a580000 	C:\WINDOWS\System32\ucrtbase.dll
0x00007ff837c70000 - 0x00007ff837c87000 	C:\Program Files\Android\Android Studio\jbr\bin\jli.dll
0x00007ff85be30000 - 0x00007ff85bfcd000 	C:\WINDOWS\System32\USER32.dll
0x00007ff859e20000 - 0x00007ff859e42000 	C:\WINDOWS\System32\win32u.dll
0x00007ff85aad0000 - 0x00007ff85aafb000 	C:\WINDOWS\System32\GDI32.dll
0x00007ff84f3c0000 - 0x00007ff84f3db000 	C:\Program Files\Android\Android Studio\jbr\bin\VCRUNTIME140.dll
0x00007ff859ff0000 - 0x00007ff85a107000 	C:\WINDOWS\System32\gdi32full.dll
0x00007ff859f00000 - 0x00007ff859f9d000 	C:\WINDOWS\System32\msvcp_win.dll
0x00007ff834fa0000 - 0x00007ff83523a000 	C:\WINDOWS\WinSxS\amd64_microsoft.windows.common-controls_6595b64144ccf1df_6.0.19041.4355_none_60b8b9eb71f62e16\COMCTL32.dll
0x00007ff85c310000 - 0x00007ff85c3ae000 	C:\WINDOWS\System32\msvcrt.dll
0x00007ff85c410000 - 0x00007ff85c43f000 	C:\WINDOWS\System32\IMM32.DLL
0x00007ff8545b0000 - 0x00007ff8545bc000 	C:\Program Files\Android\Android Studio\jbr\bin\vcruntime140_1.dll
0x00007ff83dc20000 - 0x00007ff83dcad000 	C:\Program Files\Android\Android Studio\jbr\bin\msvcp140.dll
0x00007ff81bd30000 - 0x00007ff81c9b3000 	C:\Program Files\Android\Android Studio\jbr\bin\server\jvm.dll
0x00007ff85c460000 - 0x00007ff85c510000 	C:\WINDOWS\System32\ADVAPI32.dll
0x00007ff85c270000 - 0x00007ff85c310000 	C:\WINDOWS\System32\sechost.dll
0x00007ff85bbb0000 - 0x00007ff85bcd3000 	C:\WINDOWS\System32\RPCRT4.dll
0x00007ff859df0000 - 0x00007ff859e17000 	C:\WINDOWS\System32\bcrypt.dll
0x00007ff84f360000 - 0x00007ff84f369000 	C:\WINDOWS\SYSTEM32\WSOCK32.dll
0x00007ff85c0f0000 - 0x00007ff85c15b000 	C:\WINDOWS\System32\WS2_32.dll
0x00007ff84ccb0000 - 0x00007ff84ccd7000 	C:\WINDOWS\SYSTEM32\WINMM.dll
0x00007ff8431b0000 - 0x00007ff8431ba000 	C:\WINDOWS\SYSTEM32\VERSION.dll
0x00007ff859680000 - 0x00007ff8596cb000 	C:\WINDOWS\SYSTEM32\POWRPROF.dll
0x00007ff8595f0000 - 0x00007ff859602000 	C:\WINDOWS\SYSTEM32\UMPDC.dll
0x00007ff858420000 - 0x00007ff858432000 	C:\WINDOWS\SYSTEM32\kernel.appcore.dll
0x00007ff84f140000 - 0x00007ff84f14a000 	C:\Program Files\Android\Android Studio\jbr\bin\jimage.dll
0x00007ff857990000 - 0x00007ff857b74000 	C:\WINDOWS\SYSTEM32\DBGHELP.DLL
0x00007ff83d880000 - 0x00007ff83d8b4000 	C:\WINDOWS\SYSTEM32\dbgcore.DLL
0x00007ff859c00000 - 0x00007ff859c82000 	C:\WINDOWS\System32\bcryptPrimitives.dll
0x00007ff843ef0000 - 0x00007ff843efe000 	C:\Program Files\Android\Android Studio\jbr\bin\instrument.dll
0x00007ff84ea30000 - 0x00007ff84ea55000 	C:\Program Files\Android\Android Studio\jbr\bin\java.dll
0x00007ff84e6e0000 - 0x00007ff84e6f8000 	C:\Program Files\Android\Android Studio\jbr\bin\zip.dll
0x00007ff85b310000 - 0x00007ff85ba7f000 	C:\WINDOWS\System32\SHELL32.dll
0x00007ff857b80000 - 0x00007ff858323000 	C:\WINDOWS\SYSTEM32\windows.storage.dll
0x00007ff85a590000 - 0x00007ff85a8e3000 	C:\WINDOWS\System32\combase.dll
0x00007ff8595c0000 - 0x00007ff8595ee000 	C:\WINDOWS\SYSTEM32\Wldp.dll
0x00007ff85a9e0000 - 0x00007ff85aaad000 	C:\WINDOWS\System32\OLEAUT32.dll
0x00007ff85adf0000 - 0x00007ff85ae9d000 	C:\WINDOWS\System32\SHCORE.dll
0x00007ff85c3b0000 - 0x00007ff85c405000 	C:\WINDOWS\System32\shlwapi.dll
0x00007ff859b30000 - 0x00007ff859b54000 	C:\WINDOWS\SYSTEM32\profapi.dll
0x00007ff84e330000 - 0x00007ff84e349000 	C:\Program Files\Android\Android Studio\jbr\bin\net.dll
0x00007ff853570000 - 0x00007ff85367d000 	C:\WINDOWS\SYSTEM32\WINHTTP.dll
0x00007ff859320000 - 0x00007ff85938a000 	C:\WINDOWS\system32\mswsock.dll
0x00007ff84cbc0000 - 0x00007ff84cbd6000 	C:\Program Files\Android\Android Studio\jbr\bin\nio.dll
0x00007ff845d30000 - 0x00007ff845d40000 	C:\Program Files\Android\Android Studio\jbr\bin\verify.dll
0x00007ff84f3e0000 - 0x00007ff84f407000 	C:\Users\PMLS\.gradle\native\c067742578af261105cb4f569cf0c3c89f3d7b1fecec35dd04571415982c5e48\windows-amd64\native-platform.dll
0x00007ff836a30000 - 0x00007ff836b74000 	C:\Users\PMLS\.gradle\native\38dada09dfb8b06ba9b0570ebf7e218e3eb74d4ef43ca46872605cf95ebc2f47\windows-amd64\native-platform-file-events.dll
0x00007ff84e6d0000 - 0x00007ff84e6d9000 	C:\Program Files\Android\Android Studio\jbr\bin\management.dll
0x00007ff845d40000 - 0x00007ff845d4b000 	C:\Program Files\Android\Android Studio\jbr\bin\management_ext.dll
0x00007ff85aac0000 - 0x00007ff85aac8000 	C:\WINDOWS\System32\PSAPI.DLL
0x00007ff859510000 - 0x00007ff859528000 	C:\WINDOWS\SYSTEM32\CRYPTSP.dll
0x00007ff858be0000 - 0x00007ff858c14000 	C:\WINDOWS\system32\rsaenh.dll
0x00007ff859af0000 - 0x00007ff859b1e000 	C:\WINDOWS\SYSTEM32\USERENV.dll
0x00007ff859530000 - 0x00007ff85953c000 	C:\WINDOWS\SYSTEM32\CRYPTBASE.dll
0x00007ff859000000 - 0x00007ff85903b000 	C:\WINDOWS\SYSTEM32\IPHLPAPI.DLL
0x00007ff85aab0000 - 0x00007ff85aab8000 	C:\WINDOWS\System32\NSI.dll
0x00007ff84fec0000 - 0x00007ff84fed7000 	C:\WINDOWS\SYSTEM32\dhcpcsvc6.DLL
0x00007ff850480000 - 0x00007ff85049d000 	C:\WINDOWS\SYSTEM32\dhcpcsvc.DLL
0x00007ff859040000 - 0x00007ff85910a000 	C:\WINDOWS\SYSTEM32\DNSAPI.dll
0x00007ff84ec50000 - 0x00007ff84ec59000 	C:\Program Files\Android\Android Studio\jbr\bin\extnet.dll
0x00007ff82f500000 - 0x00007ff82f507000 	C:\WINDOWS\system32\wshunix.dll

dbghelp: loaded successfully - version: 4.0.5 - missing functions: none
symbol engine: initialized successfully - sym options: 0x614 - pdb path: .;C:\Program Files\Android\Android Studio\jbr\bin;C:\WINDOWS\SYSTEM32;C:\WINDOWS\WinSxS\amd64_microsoft.windows.common-controls_6595b64144ccf1df_6.0.19041.4355_none_60b8b9eb71f62e16;C:\Program Files\Android\Android Studio\jbr\bin\server;C:\Users\PMLS\.gradle\native\c067742578af261105cb4f569cf0c3c89f3d7b1fecec35dd04571415982c5e48\windows-amd64;C:\Users\PMLS\.gradle\native\38dada09dfb8b06ba9b0570ebf7e218e3eb74d4ef43ca46872605cf95ebc2f47\windows-amd64

VM Arguments:
jvm_args: --add-opens=java.base/java.util=ALL-UNNAMED --add-opens=java.base/java.lang=ALL-UNNAMED --add-opens=java.base/java.lang.invoke=ALL-UNNAMED --add-opens=java.prefs/java.util.prefs=ALL-UNNAMED --add-opens=java.base/java.nio.charset=ALL-UNNAMED --add-opens=java.base/java.net=ALL-UNNAMED --add-opens=java.base/java.util.concurrent.atomic=ALL-UNNAMED -Xmx2048m -Dfile.encoding=UTF-8 -Duser.country=US -Duser.language=en -Duser.variant -javaagent:C:\Users\PMLS\.gradle\wrapper\dists\gradle-8.7-bin\bhs2wmbdwecv87pi65oeuq5iu\gradle-8.7\lib\agents\gradle-instrumentation-agent-8.7.jar 
java_command: org.gradle.launcher.daemon.bootstrap.GradleDaemon 8.7
java_class_path (initial): C:\Users\PMLS\.gradle\wrapper\dists\gradle-8.7-bin\bhs2wmbdwecv87pi65oeuq5iu\gradle-8.7\lib\gradle-launcher-8.7.jar
Launcher Type: SUN_STANDARD

[Global flags]
     intx CICompilerCount                          = 4                                         {product} {ergonomic}
     uint ConcGCThreads                            = 3                                         {product} {ergonomic}
     uint G1ConcRefinementThreads                  = 10                                        {product} {ergonomic}
   size_t G1HeapRegionSize                         = 1048576                                   {product} {ergonomic}
    uintx GCDrainStackTargetSize                   = 64                                        {product} {ergonomic}
   size_t InitialHeapSize                          = 130023424                                 {product} {ergonomic}
   size_t MarkStackSize                            = 4194304                                   {product} {ergonomic}
   size_t MaxHeapSize                              = 2147483648                                {product} {command line}
   size_t MaxNewSize                               = 1287651328                                {product} {ergonomic}
   size_t MinHeapDeltaBytes                        = 1048576                                   {product} {ergonomic}
   size_t MinHeapSize                              = 8388608                                   {product} {ergonomic}
    uintx NonNMethodCodeHeapSize                   = 5839372                                {pd product} {ergonomic}
    uintx NonProfiledCodeHeapSize                  = 122909434                              {pd product} {ergonomic}
    uintx ProfiledCodeHeapSize                     = 122909434                              {pd product} {ergonomic}
    uintx ReservedCodeCacheSize                    = 251658240                              {pd product} {ergonomic}
     bool SegmentedCodeCache                       = true                                      {product} {ergonomic}
   size_t SoftMaxHeapSize                          = 2147483648                             {manageable} {ergonomic}
     bool UseCompressedClassPointers               = true                           {product lp64_product} {ergonomic}
     bool UseCompressedOops                        = true                           {product lp64_product} {ergonomic}
     bool UseG1GC                                  = true                                      {product} {ergonomic}
     bool UseLargePagesIndividualAllocation        = false                                  {pd product} {ergonomic}

Logging:
Log output configuration:
 #0: stdout all=warning uptime,level,tags
 #1: stderr all=off uptime,level,tags

Environment Variables:
PATH=C:\Program Files\Common Files\Oracle\Java\javapath;C:\WINDOWS\system32;C:\WINDOWS;C:\WINDOWS\System32\Wbem;C:\WINDOWS\System32\WindowsPowerShell\v1.0\;C:\WINDOWS\System32\OpenSSH\;C:\Users\PMLS\AppData\Local\Microsoft\WindowsApps;C:\Users\PMLS\AppData\Local\Programs\Microsoft VS Code\bin
USERNAME=PMYLS
OS=Windows_NT
PROCESSOR_IDENTIFIER=Intel64 Family 6 Model 154 Stepping 4, GenuineIntel
TMP=C:\Users\PMLS\AppData\Local\Temp
TEMP=C:\Users\PMLS\AppData\Local\Temp



Periodic native trim disabled

JNI global refs:
JNI global refs: 27, weak refs: 30

JNI global refs memory usage: 843, weak refs: 841

Process memory usage:
Resident Set Size: 444672K (5% of 8106488K total physical memory with 370676K free physical memory)

OOME stack traces (most recent first):
Classloader memory used:
Loader org.gradle.internal.classloader.VisitableURLClassLoader                         : 8827K
Loader bootstrap                                                                       : 2546K
Loader jdk.internal.loader.ClassLoaders$AppClassLoader                                 : 984K
Loader org.gradle.initialization.MixInLegacyTypesClassLoader                           : 967K
Loader org.gradle.internal.classloader.VisitableURLClassLoader                         : 109K
Loader org.gradle.internal.classloader.VisitableURLClassLoader$InstrumentingVisitableURLClassLoader: 91428B
Loader jdk.internal.loader.ClassLoaders$PlatformClassLoader                            : 89056B
Loader jdk.internal.jrtfs.JrtFileSystemProvider$JrtFsLoader                            : 39978B
Loader jdk.internal.reflect.DelegatingClassLoader                                      : 27708B
Loader org.gradle.groovy.scripts.internal.DefaultScriptCompilationHandler$ScriptClassLoader: 10897B
Loader org.codehaus.groovy.runtime.callsite.CallSiteClassLoader                        : 6077B

Classes loaded by more than one classloader:
Class org.gradle.internal.Cast                                                        : loaded 3 times (x 69B)
Class org.gradle.api.GradleException                                                  : loaded 3 times (x 80B)
Class sync_studio_tooling8_2jyu2t47zb3xdxdjg1m9epne1                                  : loaded 2 times (x 177B)
Class org.jetbrains.plugins.gradle.model.MavenRepositoryModel                         : loaded 2 times (x 68B)
Class org.gradle.internal.classpath.ClassPath                                         : loaded 2 times (x 68B)
Class org.gradle.api.internal.classpath.DefaultModuleRegistry                         : loaded 2 times (x 84B)
Class org.gradle.internal.exceptions.NonGradleCauseExceptionsHolder                   : loaded 2 times (x 68B)
Class Settings_gradle$1$1                                                             : loaded 2 times (x 72B)
Class jdk.internal.jimage.BasicImageReader$1                                          : loaded 2 times (x 75B)
Class org.gradle.api.Action                                                           : loaded 2 times (x 68B)
Class org.jetbrains.kotlin.idea.gradleTooling.model.samWithReceiver.SamWithReceiverModel: loaded 2 times (x 68B)
Class org.jetbrains.plugins.gradle.model.ExternalProject                              : loaded 2 times (x 68B)
Class org.jetbrains.plugins.gradle.model.IntelliJSettings                             : loaded 2 times (x 68B)
Class jdk.internal.jimage.ImageBufferCache$1                                          : loaded 2 times (x 78B)
Class jdk.internal.jimage.ImageBufferCache$2                                          : loaded 2 times (x 89B)
Class ijInit1_a6eqhmp0i9ztyx1sql8o9y4z0                                               : loaded 2 times (x 177B)
Class org.jetbrains.kotlin.idea.gradleTooling.KotlinMPPGradleModel                    : loaded 2 times (x 68B)
Class org.gradle.api.internal.DefaultClassPathProvider                                : loaded 2 times (x 74B)
Class org.gradle.internal.installation.GradleInstallation$1                           : loaded 2 times (x 73B)
Class jdk.internal.jrtfs.SystemImage$1                                                : loaded 2 times (x 76B)
Class jdk.internal.jrtfs.SystemImage$2                                                : loaded 2 times (x 74B)
Class org.gradle.internal.exceptions.DefaultMultiCauseException                       : loaded 2 times (x 93B)
Class org.gradle.util.GradleVersion                                                   : loaded 2 times (x 81B)
Class org.gradle.internal.time.MonotonicClock                                         : loaded 2 times (x 75B)
Class org.gradle.internal.classloader.FilteringClassLoader                            : loaded 2 times (x 103B)
Class jdk.internal.jimage.ImageReader$Resource                                        : loaded 2 times (x 82B)
Class jdk.internal.jrtfs.SystemImage                                                  : loaded 2 times (x 72B)
Class org.gradle.tooling.model.Model                                                  : loaded 2 times (x 68B)
Class org.gradle.internal.classpath.DefaultClassPath$ImmutableUniqueList$Builder      : loaded 2 times (x 73B)
Class org.jetbrains.kotlin.idea.gradleTooling.KotlinSourceSetContainer                : loaded 2 times (x 68B)
Class jdk.internal.jrtfs.JrtDirectoryStream$1                                         : loaded 2 times (x 81B)
Class org.gradle.internal.classloader.ClassLoaderVisitor                              : loaded 2 times (x 74B)
Class org.gradle.internal.time.DefaultCountdownTimer                                  : loaded 2 times (x 86B)
Class org.gradle.internal.service.DefaultServiceLocator                               : loaded 2 times (x 81B)
Class org.jetbrains.plugins.gradle.model.jar.JarTaskManifestConfiguration             : loaded 2 times (x 68B)
Class org.gradle.internal.service.UnknownServiceException                             : loaded 2 times (x 81B)
Class org.jetbrains.plugins.gradle.model.DependencyAccessorsModel                     : loaded 2 times (x 68B)
Class org.gradle.internal.classloader.DefaultClassLoaderFactory                       : loaded 2 times (x 80B)
Class jdk.internal.jimage.ImageReader$SharedImageReader                               : loaded 2 times (x 93B)
Class org.jetbrains.plugins.gradle.model.GradleExtensions                             : loaded 2 times (x 68B)
Class jdk.internal.jimage.decompressor.ZipDecompressorFactory                         : loaded 2 times (x 72B)
Class org.jetbrains.plugins.gradle.model.VersionCatalogsModel                         : loaded 2 times (x 68B)
Class org.gradle.internal.classloader.VisitableURLClassLoader$Spec                    : loaded 2 times (x 72B)
Class org.gradle.tooling.model.ProjectModel                                           : loaded 2 times (x 68B)
Class org.gradle.tooling.model.UnsupportedMethodException                             : loaded 2 times (x 80B)
Class org.gradle.tooling.internal.gradle.DefaultProjectIdentifier                     : loaded 2 times (x 84B)
Class org.gradle.api.internal.classpath.ModuleRegistry                                : loaded 2 times (x 68B)
Class org.jetbrains.plugins.gradle.model.RepositoriesModel                            : loaded 2 times (x 68B)
Class kotlin.jvm.internal.markers.KMappedMarker                                       : loaded 2 times (x 68B)
Class org.gradle.api.internal.ClassPathProvider                                       : loaded 2 times (x 68B)
Class org.gradle.internal.classloader.ClasspathUtil$1                                 : loaded 2 times (x 74B)
Class org.gradle.internal.classloader.ClassLoaderFactory                              : loaded 2 times (x 68B)
Class jdk.internal.jimage.ImageHeader                                                 : loaded 2 times (x 69B)
Class org.gradle.api.internal.classpath.ManifestUtil                                  : loaded 2 times (x 69B)
Class org.gradle.api.specs.Spec                                                       : loaded 2 times (x 68B)
Class org.gradle.tooling.internal.gradle.GradleBuildIdentity                          : loaded 2 times (x 68B)
Class org.gradle.internal.IoActions                                                   : loaded 2 times (x 69B)
Class jdk.internal.jimage.decompressor.StringSharingDecompressorFactory               : loaded 2 times (x 72B)
Class org.gradle.api.internal.classpath.EffectiveClassPath                            : loaded 2 times (x 88B)
Class kotlin.jvm.internal.DefaultConstructorMarker                                    : loaded 2 times (x 69B)
Class jdk.internal.jimage.ImageReader$LinkNode                                        : loaded 2 times (x 82B)
Class org.gradle.internal.exceptions.ResolutionProvider                               : loaded 2 times (x 68B)
Class org.jetbrains.kotlin.idea.gradleTooling.model.annotation.AnnotationBasedPluginModel: loaded 2 times (x 68B)
Class org.jetbrains.kotlin.idea.gradleTooling.model.assignment.AssignmentModel        : loaded 2 times (x 68B)
Class org.gradle.internal.installation.CurrentGradleInstallation                      : loaded 2 times (x 71B)
Class org.gradle.internal.agents.InstrumentingClassLoader                             : loaded 2 times (x 68B)
Class org.gradle.internal.installation.CurrentGradleInstallationLocator               : loaded 2 times (x 69B)
Class org.gradle.api.internal.classpath.Module                                        : loaded 2 times (x 68B)
Class org.gradle.internal.service.CachingServiceLocator                               : loaded 2 times (x 80B)
Class org.gradle.internal.time.Timer                                                  : loaded 2 times (x 68B)
Class org.jetbrains.plugins.gradle.model.tests.ExternalTestsModel                     : loaded 2 times (x 68B)
Class org.jetbrains.kotlin.idea.gradleTooling.KotlinDslScriptAdditionalTask           : loaded 2 times (x 68B)
Class org.gradle.internal.classpath.DefaultClassPath                                  : loaded 2 times (x 88B)
Class jdk.internal.jimage.BasicImageReader                                            : loaded 2 times (x 93B)
Class com.intellij.openapi.externalSystem.model.project.dependencies.ProjectDependencies: loaded 2 times (x 68B)
Class org.jetbrains.kotlin.idea.gradleTooling.PrepareKotlinIdeImportTaskModel         : loaded 2 times (x 68B)
Class jdk.internal.jimage.ImageLocation                                               : loaded 2 times (x 88B)
Class org.gradle.internal.impldep.com.google.common.base.Preconditions                : loaded 2 times (x 69B)
Class kotlin.jvm.functions.Function1                                                  : loaded 2 times (x 68B)
Class jdk.internal.jimage.ImageReader$Node                                            : loaded 2 times (x 82B)
Class org.gradle.internal.time.Time                                                   : loaded 2 times (x 69B)
Class jdk.internal.jimage.decompressor.CompressedResourceHeader                       : loaded 2 times (x 69B)
Class org.gradle.internal.time.TimeSource$1                                           : loaded 2 times (x 75B)
Class jdk.internal.jrtfs.JrtPath                                                      : loaded 2 times (x 116B)
Class jdk.internal.jimage.ImageStrings                                                : loaded 2 times (x 68B)
Class sync_studio_tooling8_2jyu2t47zb3xdxdjg1m9epne1$_run_closure1                    : loaded 2 times (x 137B)
Class jdk.internal.jrtfs.JrtFileAttributes                                            : loaded 2 times (x 81B)
Class org.gradle.internal.classloader.SystemClassLoaderSpec                           : loaded 2 times (x 69B)
Class jdk.internal.jimage.decompressor.ResourceDecompressorRepository                 : loaded 2 times (x 69B)
Class kotlin.Function                                                                 : loaded 2 times (x 68B)
Class org.gradle.api.UncheckedIOException                                             : loaded 2 times (x 80B)
Class jdk.internal.jimage.decompressor.ResourceDecompressor$StringsProvider           : loaded 2 times (x 68B)
Class Program                                                                         : loaded 2 times (x 70B)
Class jdk.internal.jimage.decompressor.Decompressor                                   : loaded 2 times (x 70B)
Class jdk.internal.jrtfs.JrtFileSystem                                                : loaded 2 times (x 100B)
Class org.gradle.tooling.internal.gradle.GradleProjectIdentity                        : loaded 2 times (x 68B)
Class jdk.internal.jrtfs.JrtFileSystemProvider                                        : loaded 2 times (x 97B)
Class org.gradle.internal.time.CountdownTimer                                         : loaded 2 times (x 68B)
Class org.gradle.internal.time.Clock                                                  : loaded 2 times (x 68B)
Class org.gradle.internal.classloader.ClasspathUtil                                   : loaded 2 times (x 69B)
Class jdk.internal.jrtfs.JrtDirectoryStream                                           : loaded 2 times (x 87B)
Class org.gradle.tooling.model.BuildIdentifier                                        : loaded 2 times (x 68B)
Class jdk.internal.jimage.decompressor.ResourceDecompressor                           : loaded 2 times (x 68B)
Class org.gradle.api.internal.DefaultClassPathRegistry                                : loaded 2 times (x 74B)
Class org.gradle.api.internal.classpath.DefaultModuleRegistry$DefaultModule           : loaded 2 times (x 84B)
Class org.gradle.internal.time.TimeSource                                             : loaded 2 times (x 68B)
Class org.jetbrains.kotlin.android.synthetic.idea.AndroidExtensionsGradleModel        : loaded 2 times (x 68B)
Class org.gradle.api.internal.classpath.UnknownModuleException                        : loaded 2 times (x 80B)
Class org.jetbrains.plugins.gradle.model.IntelliJProjectSettings                      : loaded 2 times (x 68B)
Class org.gradle.internal.service.ServiceLookupException                              : loaded 2 times (x 80B)
Class jdk.internal.jimage.ImageStringsReader                                          : loaded 2 times (x 78B)
Class org.gradle.cache.GlobalCache                                                    : loaded 2 times (x 68B)
Class jdk.internal.jimage.decompressor.ResourceDecompressorFactory                    : loaded 2 times (x 72B)
Class org.jetbrains.kotlin.idea.gradleTooling.model.lombok.LombokModel                : loaded 2 times (x 68B)
Class org.gradle.tooling.model.ProjectIdentifier                                      : loaded 2 times (x 68B)
Class [Lorg.gradle.api.internal.ClassPathProvider;                                    : loaded 2 times (x 67B)
Class jdk.internal.jimage.ImageReader$SharedImageReader$LocationVisitor               : loaded 2 times (x 68B)
Class org.gradle.internal.operations.MultipleBuildOperationFailures                   : loaded 2 times (x 93B)
Class org.gradle.util.internal.GUtil                                                  : loaded 2 times (x 69B)
Class jdk.internal.jimage.decompressor.ZipDecompressor                                : loaded 2 times (x 73B)
Class org.jetbrains.plugins.gradle.model.AnnotationProcessingModel                    : loaded 2 times (x 68B)
Class org.gradle.internal.classloader.ClassLoaderSpec                                 : loaded 2 times (x 69B)
Class org.gradle.internal.classloader.VisitableURLClassLoader                         : loaded 2 times (x 115B)
Class org.gradle.internal.installation.GradleInstallation                             : loaded 2 times (x 73B)
Class org.gradle.api.internal.ClassPathRegistry                                       : loaded 2 times (x 68B)
Class org.gradle.internal.classloader.VisitableURLClassLoader$InstrumentingVisitableURLClassLoader: loaded 2 times (x 121B)
Class org.gradle.internal.classloader.ClassLoaderHierarchy                            : loaded 2 times (x 68B)
Class org.gradle.internal.exceptions.MultiCauseException                              : loaded 2 times (x 68B)
Class jdk.internal.jimage.ImageReader                                                 : loaded 2 times (x 73B)
Class org.jetbrains.kotlin.idea.gradleTooling.model.parcelize.ParcelizeGradleModel    : loaded 2 times (x 68B)
Class org.gradle.internal.InternalTransformer                                         : loaded 2 times (x 68B)
Class org.jetbrains.kotlin.idea.gradleTooling.model.noarg.NoArgModel                  : loaded 2 times (x 68B)
Class org.jetbrains.kotlin.idea.gradleTooling.KotlinGradleModel                       : loaded 2 times (x 68B)
Class org.gradle.tooling.internal.gradle.DefaultBuildIdentifier                       : loaded 2 times (x 77B)
Class org.gradle.internal.service.ServiceLocator                                      : loaded 2 times (x 68B)
Class Settings_gradle$1                                                               : loaded 2 times (x 72B)
Class org.jetbrains.kotlin.idea.gradleTooling.model.allopen.AllOpenModel              : loaded 2 times (x 68B)
Class org.gradle.internal.classpath.DefaultClassPath$ImmutableUniqueList              : loaded 2 times (x 159B)
Class jdk.internal.jimage.ImageBufferCache                                            : loaded 2 times (x 69B)
Class org.gradle.internal.time.DefaultTimer                                           : loaded 2 times (x 78B)
Class org.gradle.internal.classpath.TransformedClassPath                              : loaded 2 times (x 94B)
Class Settings_gradle                                                                 : loaded 2 times (x 126B)
Class jdk.internal.jimage.ImageReader$Directory                                       : loaded 2 times (x 82B)


---------------  S Y S T E M  ---------------

OS:
 Windows 10 , 64 bit Build 19041 (10.0.19041.4842)
OS uptime: 0 days 9:28 hours

CPU: total 12 (initial active 12) (6 cores per cpu, 2 threads per core) family 6 model 154 stepping 4 microcode 0x424, cx8, cmov, fxsr, ht, mmx, 3dnowpref, sse, sse2, sse3, ssse3, sse4.1, sse4.2, popcnt, lzcnt, tsc, tscinvbit, avx, avx2, aes, erms, clmul, bmi1, bmi2, adx, sha, fma, vzeroupper, clflush, clflushopt, clwb
Processor Information for processor 0
  Max Mhz: 1300, Current Mhz: 1300, Mhz Limit: 1300
Processor Information for processor 1
  Max Mhz: 1300, Current Mhz: 1300, Mhz Limit: 1300
Processor Information for processor 2
  Max Mhz: 1300, Current Mhz: 1300, Mhz Limit: 1300
Processor Information for processor 3
  Max Mhz: 1300, Current Mhz: 1300, Mhz Limit: 1300
Processor Information for processor 4
  Max Mhz: 900, Current Mhz: 900, Mhz Limit: 900
Processor Information for processor 5
  Max Mhz: 900, Current Mhz: 900, Mhz Limit: 900
Processor Information for processor 6
  Max Mhz: 900, Current Mhz: 900, Mhz Limit: 900
Processor Information for processor 7
  Max Mhz: 900, Current Mhz: 900, Mhz Limit: 900
Processor Information for processor 8
  Max Mhz: 900, Current Mhz: 900, Mhz Limit: 900
Processor Information for processor 9
  Max Mhz: 900, Current Mhz: 900, Mhz Limit: 900
Processor Information for processor 10
  Max Mhz: 900, Current Mhz: 900, Mhz Limit: 900
Processor Information for processor 11
  Max Mhz: 900, Current Mhz: 900, Mhz Limit: 900

Memory: 4k page, system-wide physical 7916M (434M free)
TotalPageFile size 12012M (AvailPageFile size 236M)
current process WorkingSet (physical memory assigned to process): 434M, peak: 434M
current process commit charge ("private bytes"): 489M, peak: 491M

vm_info: OpenJDK 64-Bit Server VM (17.0.11+0--11852314) for windows-amd64 JRE (17.0.11+0--11852314), built on May 16 2024 21:29:20 by "androidbuild" with MS VC++ 16.10 / 16.11 (VS2019)

END.
